[2.866s] Invoking command in '/home/group1/dd2419_ws/build/display': DEBUGINFOD_URLS=https://debuginfod.ubuntu.com PYTHONPATH=/home/group1/dd2419_ws/build/display/prefix_override:/usr/lib/python3/dist-packages/colcon_core/task/python/colcon_distutils_commands:/home/group1/dd2419_ws/install/display/lib/python3.12/site-packages:${PYTHONPATH} /usr/bin/python3 -W ignore:setup.py install is deprecated -W ignore:easy_install command is deprecated setup.py develop --editable --build-directory /home/group1/dd2419_ws/build/display/build --no-deps symlink_data
[3.520s] running develop
[3.923s] running egg_info
[3.923s] creating display.egg-info
[3.962s] writing display.egg-info/PKG-INFO
[3.964s] writing dependency_links to display.egg-info/dependency_links.txt
[3.964s] writing entry points to display.egg-info/entry_points.txt
[3.965s] writing requirements to display.egg-info/requires.txt
[3.969s] writing top-level names to display.egg-info/top_level.txt
[3.969s] writing manifest file 'display.egg-info/SOURCES.txt'
[4.055s] reading manifest file 'display.egg-info/SOURCES.txt'
[4.057s] writing manifest file 'display.egg-info/SOURCES.txt'
[4.100s] running build_ext
[4.100s] Creating /home/group1/dd2419_ws/install/display/lib/python3.12/site-packages/display.egg-link (link to .)
[4.103s] Installing display script to /home/group1/dd2419_ws/install/display/lib/display
[4.103s] 
[4.103s] Installed /home/group1/dd2419_ws/build/display
[4.104s] running symlink_data
[4.104s] creating /home/group1/dd2419_ws/install/display/share/ament_index
[4.104s] creating /home/group1/dd2419_ws/install/display/share/ament_index/resource_index
[4.104s] creating /home/group1/dd2419_ws/install/display/share/ament_index/resource_index/packages
[4.104s] symbolically linking /home/group1/dd2419_ws/build/display/resource/display -> /home/group1/dd2419_ws/install/display/share/ament_index/resource_index/packages
[4.104s] symbolically linking /home/group1/dd2419_ws/build/display/package.xml -> /home/group1/dd2419_ws/install/display/share/display
[4.198s] Invoked command in '/home/group1/dd2419_ws/build/display' returned '0': DEBUGINFOD_URLS=https://debuginfod.ubuntu.com PYTHONPATH=/home/group1/dd2419_ws/build/display/prefix_override:/usr/lib/python3/dist-packages/colcon_core/task/python/colcon_distutils_commands:/home/group1/dd2419_ws/install/display/lib/python3.12/site-packages:${PYTHONPATH} /usr/bin/python3 -W ignore:setup.py install is deprecated -W ignore:easy_install command is deprecated setup.py develop --editable --build-directory /home/group1/dd2419_ws/build/display/build --no-deps symlink_data
