[0.145s] Invoking command in '/home/robot/dd2419_ws/build/robp_interfaces': CMAKE_PREFIX_PATH=${CMAKE_PREFIX_PATH}:/home/robot/dd2419_ws/install/robp_launch:/home/robot/dd2419_ws/install/robot_odometry:/home/robot/dd2419_ws/install/pickup:/home/robot/dd2419_ws/install/odometry:/home/robot/dd2419_ws/install/lidar:/home/robot/dd2419_ws/install/display:/home/robot/dd2419_ws/install/detection:/home/robot/dd2419_ws/install/controller:/home/robot/dd2419_ws/install/arm_servos_pubs_subs:/opt/ros/jazzy DEBUGINFOD_URLS=https://debuginfod.ubuntu.com /usr/bin/cmake /home/robot/dd2419_ws/src/robp_robot/robp_interfaces -DAMENT_CMAKE_SYMLINK_INSTALL=1 -DCMAKE_INSTALL_PREFIX=/home/robot/dd2419_ws/install/robp_interfaces
[3.451s] -- Found ament_cmake: 2.5.3 (/opt/ros/jazzy/share/ament_cmake/cmake)
[3.451s] -- Found Python3: /usr/bin/python3 (found version "3.12.3") found components: Interpreter 
[3.451s] -- Override CMake install command with custom implementation using symlinks instead of copying resources
[3.451s] -- Found rosidl_default_generators: 1.6.0 (/opt/ros/jazzy/share/rosidl_default_generators/cmake)
[3.452s] -- Using all available rosidl_typesupport_c: rosidl_typesupport_fastrtps_c;rosidl_typesupport_introspection_c
[3.454s] -- Using all available rosidl_typesupport_cpp: rosidl_typesupport_fastrtps_cpp;rosidl_typesupport_introspection_cpp
[3.454s] -- Found rosidl_adapter: 4.6.5 (/opt/ros/jazzy/share/rosidl_adapter/cmake)
[3.454s] -- Found std_msgs: 5.3.5 (/opt/ros/jazzy/share/std_msgs/cmake)
[3.454s] -- Found ament_cmake_ros: 0.12.0 (/opt/ros/jazzy/share/ament_cmake_ros/cmake)
[3.454s] -- Using all available rosidl_typesupport_c: rosidl_typesupport_fastrtps_c;rosidl_typesupport_introspection_c
[3.454s] -- Using all available rosidl_typesupport_cpp: rosidl_typesupport_fastrtps_cpp;rosidl_typesupport_introspection_cpp
[3.454s] -- Found python_cmake_module: 0.11.1 (/opt/ros/jazzy/share/python_cmake_module/cmake)
[3.454s] -- Found Python3: /usr/bin/python3 (found version "3.12.3") found components: Interpreter Development NumPy Development.Module Development.Embed 
[3.455s] -- Found ament_lint_auto: 0.17.1 (/opt/ros/jazzy/share/ament_lint_auto/cmake)
[3.455s] -- Added test 'lint_cmake' to check CMake code style
[3.455s] -- Added test 'xmllint' to check XML markup files
[3.455s] -- Configuring done (2.6s)
[3.455s] -- Generating done (0.1s)
[3.455s] -- Build files have been written to: /home/robot/dd2419_ws/build/robp_interfaces
[3.459s] Invoked command in '/home/robot/dd2419_ws/build/robp_interfaces' returned '0': CMAKE_PREFIX_PATH=${CMAKE_PREFIX_PATH}:/home/robot/dd2419_ws/install/robp_launch:/home/robot/dd2419_ws/install/robot_odometry:/home/robot/dd2419_ws/install/pickup:/home/robot/dd2419_ws/install/odometry:/home/robot/dd2419_ws/install/lidar:/home/robot/dd2419_ws/install/display:/home/robot/dd2419_ws/install/detection:/home/robot/dd2419_ws/install/controller:/home/robot/dd2419_ws/install/arm_servos_pubs_subs:/opt/ros/jazzy DEBUGINFOD_URLS=https://debuginfod.ubuntu.com /usr/bin/cmake /home/robot/dd2419_ws/src/robp_robot/robp_interfaces -DAMENT_CMAKE_SYMLINK_INSTALL=1 -DCMAKE_INSTALL_PREFIX=/home/robot/dd2419_ws/install/robp_interfaces
[3.461s] Invoking command in '/home/robot/dd2419_ws/build/robp_interfaces': CMAKE_PREFIX_PATH=${CMAKE_PREFIX_PATH}:/home/robot/dd2419_ws/install/robp_launch:/home/robot/dd2419_ws/install/robot_odometry:/home/robot/dd2419_ws/install/pickup:/home/robot/dd2419_ws/install/odometry:/home/robot/dd2419_ws/install/lidar:/home/robot/dd2419_ws/install/display:/home/robot/dd2419_ws/install/detection:/home/robot/dd2419_ws/install/controller:/home/robot/dd2419_ws/install/arm_servos_pubs_subs:/opt/ros/jazzy DEBUGINFOD_URLS=https://debuginfod.ubuntu.com /usr/bin/cmake --build /home/robot/dd2419_ws/build/robp_interfaces -- -j12 -l12
[3.897s] [  2%] Built target robp_interfaces__rosidl_generator_type_description
[3.897s] [  2%] Built target ament_cmake_python_symlink_robp_interfaces
[3.897s] [  4%] Built target robp_interfaces__cpp
[3.898s] [  6%] [32mBuilding C object CMakeFiles/robp_interfaces__rosidl_generator_c.dir/rosidl_generator_c/robp_interfaces/msg/detail/encoders__description.c.o[0m
[3.898s] [  9%] [32mBuilding C object CMakeFiles/robp_interfaces__rosidl_generator_c.dir/rosidl_generator_c/robp_interfaces/msg/detail/encoders__type_support.c.o[0m
[3.898s] [ 11%] [32mBuilding C object CMakeFiles/robp_interfaces__rosidl_generator_c.dir/rosidl_generator_c/robp_interfaces/msg/detail/duty_cycles__type_support.c.o[0m
[3.898s] [ 13%] [32mBuilding C object CMakeFiles/robp_interfaces__rosidl_generator_c.dir/rosidl_generator_c/robp_interfaces/msg/detail/duty_cycles__description.c.o[0m
[3.898s] [ 15%] [32m[1mLinking C shared library librobp_interfaces__rosidl_generator_c.so[0m
[3.899s] [ 22%] Built target robp_interfaces__rosidl_generator_c
[3.909s] [ 25%] [32mBuilding CXX object CMakeFiles/robp_interfaces__rosidl_typesupport_c.dir/rosidl_typesupport_c/robp_interfaces/msg/encoders__type_support.cpp.o[0m
[3.910s] [ 27%] [32mBuilding C object CMakeFiles/robp_interfaces__rosidl_typesupport_introspection_c.dir/rosidl_typesupport_introspection_c/robp_interfaces/msg/detail/duty_cycles__type_support.c.o[0m
[3.910s] [ 29%] [32mBuilding CXX object CMakeFiles/robp_interfaces__rosidl_typesupport_c.dir/rosidl_typesupport_c/robp_interfaces/msg/duty_cycles__type_support.cpp.o[0m
[3.911s] [ 31%] [32mBuilding C object CMakeFiles/robp_interfaces__rosidl_typesupport_introspection_c.dir/rosidl_typesupport_introspection_c/robp_interfaces/msg/detail/encoders__type_support.c.o[0m
[3.924s] [ 36%] [32mBuilding CXX object CMakeFiles/robp_interfaces__rosidl_typesupport_introspection_cpp.dir/rosidl_typesupport_introspection_cpp/robp_interfaces/msg/detail/duty_cycles__type_support.cpp.o[0m
[3.924s] [ 38%] [32mBuilding CXX object CMakeFiles/robp_interfaces__rosidl_typesupport_cpp.dir/rosidl_typesupport_cpp/robp_interfaces/msg/encoders__type_support.cpp.o[0m
[3.924s] [ 36%] [32mBuilding CXX object CMakeFiles/robp_interfaces__rosidl_typesupport_introspection_cpp.dir/rosidl_typesupport_introspection_cpp/robp_interfaces/msg/detail/encoders__type_support.cpp.o[0m
[3.925s] [ 40%] [32mBuilding CXX object CMakeFiles/robp_interfaces__rosidl_typesupport_fastrtps_c.dir/rosidl_typesupport_fastrtps_c/robp_interfaces/msg/detail/duty_cycles__type_support_c.cpp.o[0m
[3.926s] [ 43%] [32mBuilding CXX object CMakeFiles/robp_interfaces__rosidl_typesupport_fastrtps_cpp.dir/rosidl_typesupport_fastrtps_cpp/robp_interfaces/msg/detail/dds_fastrtps/duty_cycles__type_support.cpp.o[0m
[3.931s] [ 45%] [32mBuilding CXX object CMakeFiles/robp_interfaces__rosidl_typesupport_cpp.dir/rosidl_typesupport_cpp/robp_interfaces/msg/duty_cycles__type_support.cpp.o[0m
[3.943s] [ 47%] [32mBuilding CXX object CMakeFiles/robp_interfaces__rosidl_typesupport_fastrtps_c.dir/rosidl_typesupport_fastrtps_c/robp_interfaces/msg/detail/encoders__type_support_c.cpp.o[0m
[4.068s] running egg_info
[4.143s] writing robp_interfaces.egg-info/PKG-INFO
[4.144s] writing dependency_links to robp_interfaces.egg-info/dependency_links.txt
[4.150s] writing top-level names to robp_interfaces.egg-info/top_level.txt
[4.165s] [ 50%] [32m[1mLinking C shared library librobp_interfaces__rosidl_typesupport_introspection_c.so[0m
[4.165s] [ 52%] [32mBuilding CXX object CMakeFiles/robp_interfaces__rosidl_typesupport_fastrtps_cpp.dir/rosidl_typesupport_fastrtps_cpp/robp_interfaces/msg/detail/dds_fastrtps/encoders__type_support.cpp.o[0m
[4.322s] [ 54%] [32m[1mLinking CXX shared library librobp_interfaces__rosidl_typesupport_c.so[0m
[4.345s] [ 56%] Built target robp_interfaces__rosidl_typesupport_introspection_c
[4.365s] reading manifest file 'robp_interfaces.egg-info/SOURCES.txt'
[4.365s] writing manifest file 'robp_interfaces.egg-info/SOURCES.txt'
[4.547s] [ 56%] Built target ament_cmake_python_build_robp_interfaces_egg
[4.646s] [ 59%] Built target robp_interfaces__rosidl_typesupport_c
[5.475s] [ 61%] [32m[1mLinking CXX shared library librobp_interfaces__rosidl_typesupport_cpp.so[0m
[5.572s] [ 63%] [32m[1mLinking CXX shared library librobp_interfaces__rosidl_typesupport_introspection_cpp.so[0m
[5.602s] [ 65%] Built target robp_interfaces__rosidl_typesupport_cpp
[5.763s] [ 68%] [32m[1mLinking CXX shared library librobp_interfaces__rosidl_typesupport_fastrtps_cpp.so[0m
[5.847s] [ 70%] Built target robp_interfaces__rosidl_typesupport_introspection_cpp
[5.904s] [ 72%] [32m[1mLinking CXX shared library librobp_interfaces__rosidl_typesupport_fastrtps_c.so[0m
[5.947s] [ 75%] Built target robp_interfaces__rosidl_typesupport_fastrtps_cpp
[6.054s] [ 77%] Built target robp_interfaces__rosidl_typesupport_fastrtps_c
[6.115s] [ 77%] Built target robp_interfaces
[6.171s] [ 79%] Built target robp_interfaces__py
[6.262s] [ 81%] [32m[1mLinking C shared library librobp_interfaces__rosidl_generator_py.so[0m
[6.506s] [ 86%] Built target robp_interfaces__rosidl_generator_py
[6.609s] [ 88%] [32mBuilding C object CMakeFiles/robp_interfaces_s__rosidl_typesupport_fastrtps_c.dir/rosidl_generator_py/robp_interfaces/_robp_interfaces_s.ep.rosidl_typesupport_fastrtps_c.c.o[0m
[6.616s] [ 90%] [32mBuilding C object CMakeFiles/robp_interfaces_s__rosidl_typesupport_c.dir/rosidl_generator_py/robp_interfaces/_robp_interfaces_s.ep.rosidl_typesupport_c.c.o[0m
[6.617s] [ 93%] [32mBuilding C object CMakeFiles/robp_interfaces_s__rosidl_typesupport_introspection_c.dir/rosidl_generator_py/robp_interfaces/_robp_interfaces_s.ep.rosidl_typesupport_introspection_c.c.o[0m
[6.973s] [ 95%] [32m[1mLinking C shared module rosidl_generator_py/robp_interfaces/robp_interfaces_s__rosidl_typesupport_introspection_c.so[0m
[7.006s] [ 97%] [32m[1mLinking C shared module rosidl_generator_py/robp_interfaces/robp_interfaces_s__rosidl_typesupport_c.so[0m
[7.026s] [100%] [32m[1mLinking C shared module rosidl_generator_py/robp_interfaces/robp_interfaces_s__rosidl_typesupport_fastrtps_c.so[0m
[7.115s] [100%] Built target robp_interfaces_s__rosidl_typesupport_introspection_c
[7.150s] [100%] Built target robp_interfaces_s__rosidl_typesupport_c
[7.150s] [100%] Built target robp_interfaces_s__rosidl_typesupport_fastrtps_c
[7.209s] Invoked command in '/home/robot/dd2419_ws/build/robp_interfaces' returned '0': CMAKE_PREFIX_PATH=${CMAKE_PREFIX_PATH}:/home/robot/dd2419_ws/install/robp_launch:/home/robot/dd2419_ws/install/robot_odometry:/home/robot/dd2419_ws/install/pickup:/home/robot/dd2419_ws/install/odometry:/home/robot/dd2419_ws/install/lidar:/home/robot/dd2419_ws/install/display:/home/robot/dd2419_ws/install/detection:/home/robot/dd2419_ws/install/controller:/home/robot/dd2419_ws/install/arm_servos_pubs_subs:/opt/ros/jazzy DEBUGINFOD_URLS=https://debuginfod.ubuntu.com /usr/bin/cmake --build /home/robot/dd2419_ws/build/robp_interfaces -- -j12 -l12
[7.213s] Invoking command in '/home/robot/dd2419_ws/build/robp_interfaces': CMAKE_PREFIX_PATH=${CMAKE_PREFIX_PATH}:/home/robot/dd2419_ws/install/robp_launch:/home/robot/dd2419_ws/install/robot_odometry:/home/robot/dd2419_ws/install/pickup:/home/robot/dd2419_ws/install/odometry:/home/robot/dd2419_ws/install/lidar:/home/robot/dd2419_ws/install/display:/home/robot/dd2419_ws/install/detection:/home/robot/dd2419_ws/install/controller:/home/robot/dd2419_ws/install/arm_servos_pubs_subs:/opt/ros/jazzy DEBUGINFOD_URLS=https://debuginfod.ubuntu.com /usr/bin/cmake --install /home/robot/dd2419_ws/build/robp_interfaces
[8.223s] -- Install configuration: ""
[8.223s] -- Execute custom install script
[8.223s] -- Up-to-date symlink: /home/robot/dd2419_ws/install/robp_interfaces/share/ament_index/resource_index/rosidl_interfaces/robp_interfaces
[8.224s] -- Up-to-date symlink: /home/robot/dd2419_ws/install/robp_interfaces/share/robp_interfaces/msg/DutyCycles.json
[8.224s] -- Up-to-date symlink: /home/robot/dd2419_ws/install/robp_interfaces/share/robp_interfaces/msg/Encoders.json
[8.224s] -- Up-to-date symlink: /home/robot/dd2419_ws/install/robp_interfaces/include/robp_interfaces/robp_interfaces/msg/detail/duty_cycles__functions.h
[8.224s] -- Up-to-date symlink: /home/robot/dd2419_ws/install/robp_interfaces/include/robp_interfaces/robp_interfaces/msg/detail/duty_cycles__struct.h
[8.224s] -- Up-to-date symlink: /home/robot/dd2419_ws/install/robp_interfaces/include/robp_interfaces/robp_interfaces/msg/detail/duty_cycles__type_support.h
[8.224s] -- Up-to-date symlink: /home/robot/dd2419_ws/install/robp_interfaces/include/robp_interfaces/robp_interfaces/msg/detail/encoders__functions.h
[8.224s] -- Up-to-date symlink: /home/robot/dd2419_ws/install/robp_interfaces/include/robp_interfaces/robp_interfaces/msg/detail/encoders__struct.h
[8.224s] -- Up-to-date symlink: /home/robot/dd2419_ws/install/robp_interfaces/include/robp_interfaces/robp_interfaces/msg/detail/encoders__type_support.h
[8.224s] -- Up-to-date symlink: /home/robot/dd2419_ws/install/robp_interfaces/include/robp_interfaces/robp_interfaces/msg/duty_cycles.h
[8.225s] -- Up-to-date symlink: /home/robot/dd2419_ws/install/robp_interfaces/include/robp_interfaces/robp_interfaces/msg/encoders.h
[8.226s] -- Up-to-date symlink: /home/robot/dd2419_ws/install/robp_interfaces/include/robp_interfaces/robp_interfaces/msg/rosidl_generator_c__visibility_control.h
[8.226s] -- Up-to-date symlink: /home/robot/dd2419_ws/install/robp_interfaces/share/robp_interfaces/environment/library_path.sh
[8.226s] -- Up-to-date symlink: /home/robot/dd2419_ws/install/robp_interfaces/share/robp_interfaces/environment/library_path.dsv
[8.226s] -- Up-to-date symlink: /home/robot/dd2419_ws/install/robp_interfaces/include/robp_interfaces/robp_interfaces/msg/detail/duty_cycles__rosidl_typesupport_fastrtps_c.h
[8.226s] -- Up-to-date symlink: /home/robot/dd2419_ws/install/robp_interfaces/include/robp_interfaces/robp_interfaces/msg/detail/encoders__rosidl_typesupport_fastrtps_c.h
[8.226s] -- Up-to-date symlink: /home/robot/dd2419_ws/install/robp_interfaces/include/robp_interfaces/robp_interfaces/msg/rosidl_typesupport_fastrtps_c__visibility_control.h
[8.227s] -- Up-to-date symlink: /home/robot/dd2419_ws/install/robp_interfaces/include/robp_interfaces/robp_interfaces/msg/detail/duty_cycles__rosidl_typesupport_introspection_c.h
[8.227s] -- Up-to-date symlink: /home/robot/dd2419_ws/install/robp_interfaces/include/robp_interfaces/robp_interfaces/msg/detail/encoders__rosidl_typesupport_introspection_c.h
[8.227s] -- Up-to-date symlink: /home/robot/dd2419_ws/install/robp_interfaces/include/robp_interfaces/robp_interfaces/msg/rosidl_typesupport_introspection_c__visibility_control.h
[8.227s] -- Up-to-date symlink: /home/robot/dd2419_ws/install/robp_interfaces/include/robp_interfaces/robp_interfaces/msg/detail/duty_cycles__builder.hpp
[8.227s] -- Up-to-date symlink: /home/robot/dd2419_ws/install/robp_interfaces/include/robp_interfaces/robp_interfaces/msg/detail/duty_cycles__struct.hpp
[8.227s] -- Up-to-date symlink: /home/robot/dd2419_ws/install/robp_interfaces/include/robp_interfaces/robp_interfaces/msg/detail/duty_cycles__traits.hpp
[8.227s] -- Up-to-date symlink: /home/robot/dd2419_ws/install/robp_interfaces/include/robp_interfaces/robp_interfaces/msg/detail/duty_cycles__type_support.hpp
[8.227s] -- Up-to-date symlink: /home/robot/dd2419_ws/install/robp_interfaces/include/robp_interfaces/robp_interfaces/msg/detail/encoders__builder.hpp
[8.228s] -- Up-to-date symlink: /home/robot/dd2419_ws/install/robp_interfaces/include/robp_interfaces/robp_interfaces/msg/detail/encoders__struct.hpp
[8.228s] -- Up-to-date symlink: /home/robot/dd2419_ws/install/robp_interfaces/include/robp_interfaces/robp_interfaces/msg/detail/encoders__traits.hpp
[8.228s] -- Up-to-date symlink: /home/robot/dd2419_ws/install/robp_interfaces/include/robp_interfaces/robp_interfaces/msg/detail/encoders__type_support.hpp
[8.228s] -- Up-to-date symlink: /home/robot/dd2419_ws/install/robp_interfaces/include/robp_interfaces/robp_interfaces/msg/duty_cycles.hpp
[8.228s] -- Up-to-date symlink: /home/robot/dd2419_ws/install/robp_interfaces/include/robp_interfaces/robp_interfaces/msg/encoders.hpp
[8.228s] -- Up-to-date symlink: /home/robot/dd2419_ws/install/robp_interfaces/include/robp_interfaces/robp_interfaces/msg/rosidl_generator_cpp__visibility_control.hpp
[8.229s] -- Up-to-date symlink: /home/robot/dd2419_ws/install/robp_interfaces/include/robp_interfaces/robp_interfaces/msg/detail/duty_cycles__rosidl_typesupport_fastrtps_cpp.hpp
[8.229s] -- Up-to-date symlink: /home/robot/dd2419_ws/install/robp_interfaces/include/robp_interfaces/robp_interfaces/msg/detail/encoders__rosidl_typesupport_fastrtps_cpp.hpp
[8.229s] -- Up-to-date symlink: /home/robot/dd2419_ws/install/robp_interfaces/include/robp_interfaces/robp_interfaces/msg/rosidl_typesupport_fastrtps_cpp__visibility_control.h
[8.229s] -- Up-to-date symlink: /home/robot/dd2419_ws/install/robp_interfaces/include/robp_interfaces/robp_interfaces/msg/detail/duty_cycles__rosidl_typesupport_introspection_cpp.hpp
[8.229s] -- Up-to-date symlink: /home/robot/dd2419_ws/install/robp_interfaces/include/robp_interfaces/robp_interfaces/msg/detail/encoders__rosidl_typesupport_introspection_cpp.hpp
[8.229s] -- Up-to-date symlink: /home/robot/dd2419_ws/install/robp_interfaces/share/robp_interfaces/environment/pythonpath.sh
[8.229s] -- Up-to-date symlink: /home/robot/dd2419_ws/install/robp_interfaces/share/robp_interfaces/environment/pythonpath.dsv
[8.230s] -- Up-to-date symlink: /home/robot/dd2419_ws/install/robp_interfaces/lib/python3.12/site-packages/robp_interfaces-1.0.0-py3.12.egg-info/PKG-INFO
[8.230s] -- Up-to-date symlink: /home/robot/dd2419_ws/install/robp_interfaces/lib/python3.12/site-packages/robp_interfaces-1.0.0-py3.12.egg-info/SOURCES.txt
[8.230s] -- Up-to-date symlink: /home/robot/dd2419_ws/install/robp_interfaces/lib/python3.12/site-packages/robp_interfaces-1.0.0-py3.12.egg-info/dependency_links.txt
[8.230s] -- Up-to-date symlink: /home/robot/dd2419_ws/install/robp_interfaces/lib/python3.12/site-packages/robp_interfaces-1.0.0-py3.12.egg-info/top_level.txt
[8.230s] -- Up-to-date symlink: /home/robot/dd2419_ws/install/robp_interfaces/lib/python3.12/site-packages/robp_interfaces/__init__.py
[8.230s] -- Up-to-date symlink: /home/robot/dd2419_ws/install/robp_interfaces/lib/python3.12/site-packages/robp_interfaces/_robp_interfaces_s.ep.rosidl_typesupport_c.c
[8.230s] -- Up-to-date symlink: /home/robot/dd2419_ws/install/robp_interfaces/lib/python3.12/site-packages/robp_interfaces/_robp_interfaces_s.ep.rosidl_typesupport_fastrtps_c.c
[8.230s] -- Up-to-date symlink: /home/robot/dd2419_ws/install/robp_interfaces/lib/python3.12/site-packages/robp_interfaces/_robp_interfaces_s.ep.rosidl_typesupport_introspection_c.c
[8.230s] -- Up-to-date symlink: /home/robot/dd2419_ws/install/robp_interfaces/lib/python3.12/site-packages/robp_interfaces/msg/__init__.py
[8.230s] -- Up-to-date symlink: /home/robot/dd2419_ws/install/robp_interfaces/lib/python3.12/site-packages/robp_interfaces/msg/_duty_cycles.py
[8.230s] -- Up-to-date symlink: /home/robot/dd2419_ws/install/robp_interfaces/lib/python3.12/site-packages/robp_interfaces/msg/_duty_cycles_s.c
[8.230s] -- Up-to-date symlink: /home/robot/dd2419_ws/install/robp_interfaces/lib/python3.12/site-packages/robp_interfaces/msg/_encoders.py
[8.231s] -- Up-to-date symlink: /home/robot/dd2419_ws/install/robp_interfaces/lib/python3.12/site-packages/robp_interfaces/msg/_encoders_s.c
[8.231s] -- Up-to-date symlink: /home/robot/dd2419_ws/install/robp_interfaces/lib/python3.12/site-packages/robp_interfaces/robp_interfaces_s__rosidl_typesupport_c.so
[8.231s] -- Up-to-date symlink: /home/robot/dd2419_ws/install/robp_interfaces/lib/python3.12/site-packages/robp_interfaces/robp_interfaces_s__rosidl_typesupport_fastrtps_c.so
[8.231s] -- Up-to-date symlink: /home/robot/dd2419_ws/install/robp_interfaces/lib/python3.12/site-packages/robp_interfaces/robp_interfaces_s__rosidl_typesupport_introspection_c.so
[8.231s] -- Up-to-date symlink: /home/robot/dd2419_ws/install/robp_interfaces/lib/python3.12/site-packages/robp_interfaces/robp_interfaces_s__rosidl_typesupport_fastrtps_c.so
[8.231s] -- Up-to-date symlink: /home/robot/dd2419_ws/install/robp_interfaces/lib/python3.12/site-packages/robp_interfaces/robp_interfaces_s__rosidl_typesupport_introspection_c.so
[8.231s] -- Up-to-date symlink: /home/robot/dd2419_ws/install/robp_interfaces/lib/python3.12/site-packages/robp_interfaces/robp_interfaces_s__rosidl_typesupport_c.so
[8.231s] -- Up-to-date symlink: /home/robot/dd2419_ws/install/robp_interfaces/share/robp_interfaces/msg/DutyCycles.idl
[8.232s] -- Up-to-date symlink: /home/robot/dd2419_ws/install/robp_interfaces/share/robp_interfaces/msg/Encoders.idl
[8.232s] -- Up-to-date symlink: /home/robot/dd2419_ws/install/robp_interfaces/share/robp_interfaces/msg/DutyCycles.msg
[8.232s] -- Up-to-date symlink: /home/robot/dd2419_ws/install/robp_interfaces/share/robp_interfaces/msg/Encoders.msg
[8.232s] -- Up-to-date symlink: /home/robot/dd2419_ws/install/robp_interfaces/share/ament_index/resource_index/package_run_dependencies/robp_interfaces
[8.232s] -- Up-to-date symlink: /home/robot/dd2419_ws/install/robp_interfaces/share/ament_index/resource_index/parent_prefix_path/robp_interfaces
[8.232s] -- Up-to-date symlink: /home/robot/dd2419_ws/install/robp_interfaces/share/robp_interfaces/environment/ament_prefix_path.sh
[8.232s] -- Up-to-date symlink: /home/robot/dd2419_ws/install/robp_interfaces/share/robp_interfaces/environment/ament_prefix_path.dsv
[8.232s] -- Up-to-date symlink: /home/robot/dd2419_ws/install/robp_interfaces/share/robp_interfaces/environment/path.sh
[8.232s] -- Up-to-date symlink: /home/robot/dd2419_ws/install/robp_interfaces/share/robp_interfaces/environment/path.dsv
[8.232s] -- Up-to-date symlink: /home/robot/dd2419_ws/install/robp_interfaces/share/robp_interfaces/local_setup.bash
[8.232s] -- Up-to-date symlink: /home/robot/dd2419_ws/install/robp_interfaces/share/robp_interfaces/local_setup.sh
[8.233s] -- Up-to-date symlink: /home/robot/dd2419_ws/install/robp_interfaces/share/robp_interfaces/local_setup.zsh
[8.233s] -- Up-to-date symlink: /home/robot/dd2419_ws/install/robp_interfaces/share/robp_interfaces/local_setup.dsv
[8.233s] -- Symlinking: /home/robot/dd2419_ws/install/robp_interfaces/share/robp_interfaces/package.dsv
[8.233s] -- Up-to-date symlink: /home/robot/dd2419_ws/install/robp_interfaces/share/ament_index/resource_index/packages/robp_interfaces
[8.233s] -- Up-to-date symlink: /home/robot/dd2419_ws/install/robp_interfaces/share/robp_interfaces/cmake/rosidl_cmake-extras.cmake
[8.233s] -- Up-to-date symlink: /home/robot/dd2419_ws/install/robp_interfaces/share/robp_interfaces/cmake/ament_cmake_export_dependencies-extras.cmake
[8.233s] -- Up-to-date symlink: /home/robot/dd2419_ws/install/robp_interfaces/share/robp_interfaces/cmake/ament_cmake_export_include_directories-extras.cmake
[8.233s] -- Up-to-date symlink: /home/robot/dd2419_ws/install/robp_interfaces/share/robp_interfaces/cmake/ament_cmake_export_libraries-extras.cmake
[8.234s] -- Up-to-date symlink: /home/robot/dd2419_ws/install/robp_interfaces/share/robp_interfaces/cmake/ament_cmake_export_targets-extras.cmake
[8.234s] -- Up-to-date symlink: /home/robot/dd2419_ws/install/robp_interfaces/share/robp_interfaces/cmake/rosidl_cmake_export_typesupport_targets-extras.cmake
[8.234s] -- Up-to-date symlink: /home/robot/dd2419_ws/install/robp_interfaces/share/robp_interfaces/cmake/rosidl_cmake_export_typesupport_libraries-extras.cmake
[8.234s] -- Up-to-date symlink: /home/robot/dd2419_ws/install/robp_interfaces/share/robp_interfaces/cmake/robp_interfacesConfig.cmake
[8.234s] -- Up-to-date symlink: /home/robot/dd2419_ws/install/robp_interfaces/share/robp_interfaces/cmake/robp_interfacesConfig-version.cmake
[8.234s] -- Up-to-date symlink: /home/robot/dd2419_ws/install/robp_interfaces/share/robp_interfaces/package.xml
[8.234s] -- Installing: /home/robot/dd2419_ws/install/robp_interfaces/lib/librobp_interfaces__rosidl_generator_c.so
[8.235s] -- Set non-toolchain portion of runtime path of "/home/robot/dd2419_ws/install/robp_interfaces/lib/librobp_interfaces__rosidl_generator_c.so" to ""
[8.235s] -- Installing: /home/robot/dd2419_ws/install/robp_interfaces/lib/librobp_interfaces__rosidl_typesupport_fastrtps_c.so
[8.235s] -- Set non-toolchain portion of runtime path of "/home/robot/dd2419_ws/install/robp_interfaces/lib/librobp_interfaces__rosidl_typesupport_fastrtps_c.so" to ""
[8.235s] -- Installing: /home/robot/dd2419_ws/install/robp_interfaces/lib/librobp_interfaces__rosidl_typesupport_introspection_c.so
[8.235s] -- Set non-toolchain portion of runtime path of "/home/robot/dd2419_ws/install/robp_interfaces/lib/librobp_interfaces__rosidl_typesupport_introspection_c.so" to ""
[8.235s] -- Installing: /home/robot/dd2419_ws/install/robp_interfaces/lib/librobp_interfaces__rosidl_typesupport_c.so
[8.235s] -- Set non-toolchain portion of runtime path of "/home/robot/dd2419_ws/install/robp_interfaces/lib/librobp_interfaces__rosidl_typesupport_c.so" to ""
[8.235s] -- Installing: /home/robot/dd2419_ws/install/robp_interfaces/lib/librobp_interfaces__rosidl_typesupport_fastrtps_cpp.so
[8.235s] -- Set non-toolchain portion of runtime path of "/home/robot/dd2419_ws/install/robp_interfaces/lib/librobp_interfaces__rosidl_typesupport_fastrtps_cpp.so" to ""
[8.235s] -- Installing: /home/robot/dd2419_ws/install/robp_interfaces/lib/librobp_interfaces__rosidl_typesupport_introspection_cpp.so
[8.236s] -- Set non-toolchain portion of runtime path of "/home/robot/dd2419_ws/install/robp_interfaces/lib/librobp_interfaces__rosidl_typesupport_introspection_cpp.so" to ""
[8.236s] -- Installing: /home/robot/dd2419_ws/install/robp_interfaces/lib/librobp_interfaces__rosidl_typesupport_cpp.so
[8.236s] -- Set non-toolchain portion of runtime path of "/home/robot/dd2419_ws/install/robp_interfaces/lib/librobp_interfaces__rosidl_typesupport_cpp.so" to ""
[8.236s] Listing '/home/robot/dd2419_ws/install/robp_interfaces/lib/python3.12/site-packages/robp_interfaces'...
[8.236s] Compiling '/home/robot/dd2419_ws/install/robp_interfaces/lib/python3.12/site-packages/robp_interfaces/__init__.py'...
[8.236s] Listing '/home/robot/dd2419_ws/install/robp_interfaces/lib/python3.12/site-packages/robp_interfaces/msg'...
[8.236s] -- Installing: /home/robot/dd2419_ws/install/robp_interfaces/lib/librobp_interfaces__rosidl_generator_py.so
[8.236s] -- Set non-toolchain portion of runtime path of "/home/robot/dd2419_ws/install/robp_interfaces/lib/librobp_interfaces__rosidl_generator_py.so" to ""
[8.237s] -- Up-to-date: /home/robot/dd2419_ws/install/robp_interfaces/share/robp_interfaces/cmake/export_robp_interfaces__rosidl_generator_cExport.cmake
[8.237s] -- Up-to-date: /home/robot/dd2419_ws/install/robp_interfaces/share/robp_interfaces/cmake/export_robp_interfaces__rosidl_generator_cExport-noconfig.cmake
[8.237s] -- Up-to-date: /home/robot/dd2419_ws/install/robp_interfaces/share/robp_interfaces/cmake/export_robp_interfaces__rosidl_typesupport_fastrtps_cExport.cmake
[8.237s] -- Up-to-date: /home/robot/dd2419_ws/install/robp_interfaces/share/robp_interfaces/cmake/export_robp_interfaces__rosidl_typesupport_fastrtps_cExport-noconfig.cmake
[8.237s] -- Up-to-date: /home/robot/dd2419_ws/install/robp_interfaces/share/robp_interfaces/cmake/robp_interfaces__rosidl_typesupport_introspection_cExport.cmake
[8.237s] -- Up-to-date: /home/robot/dd2419_ws/install/robp_interfaces/share/robp_interfaces/cmake/robp_interfaces__rosidl_typesupport_introspection_cExport-noconfig.cmake
[8.237s] -- Up-to-date: /home/robot/dd2419_ws/install/robp_interfaces/share/robp_interfaces/cmake/robp_interfaces__rosidl_typesupport_cExport.cmake
[8.237s] -- Up-to-date: /home/robot/dd2419_ws/install/robp_interfaces/share/robp_interfaces/cmake/robp_interfaces__rosidl_typesupport_cExport-noconfig.cmake
[8.237s] -- Up-to-date: /home/robot/dd2419_ws/install/robp_interfaces/share/robp_interfaces/cmake/export_robp_interfaces__rosidl_generator_cppExport.cmake
[8.237s] -- Up-to-date: /home/robot/dd2419_ws/install/robp_interfaces/share/robp_interfaces/cmake/export_robp_interfaces__rosidl_typesupport_fastrtps_cppExport.cmake
[8.237s] -- Up-to-date: /home/robot/dd2419_ws/install/robp_interfaces/share/robp_interfaces/cmake/export_robp_interfaces__rosidl_typesupport_fastrtps_cppExport-noconfig.cmake
[8.238s] -- Up-to-date: /home/robot/dd2419_ws/install/robp_interfaces/share/robp_interfaces/cmake/robp_interfaces__rosidl_typesupport_introspection_cppExport.cmake
[8.238s] -- Up-to-date: /home/robot/dd2419_ws/install/robp_interfaces/share/robp_interfaces/cmake/robp_interfaces__rosidl_typesupport_introspection_cppExport-noconfig.cmake
[8.238s] -- Up-to-date: /home/robot/dd2419_ws/install/robp_interfaces/share/robp_interfaces/cmake/robp_interfaces__rosidl_typesupport_cppExport.cmake
[8.238s] -- Up-to-date: /home/robot/dd2419_ws/install/robp_interfaces/share/robp_interfaces/cmake/robp_interfaces__rosidl_typesupport_cppExport-noconfig.cmake
[8.238s] -- Up-to-date: /home/robot/dd2419_ws/install/robp_interfaces/share/robp_interfaces/cmake/export_robp_interfaces__rosidl_generator_pyExport.cmake
[8.238s] -- Up-to-date: /home/robot/dd2419_ws/install/robp_interfaces/share/robp_interfaces/cmake/export_robp_interfaces__rosidl_generator_pyExport-noconfig.cmake
[8.251s] Invoked command in '/home/robot/dd2419_ws/build/robp_interfaces' returned '0': CMAKE_PREFIX_PATH=${CMAKE_PREFIX_PATH}:/home/robot/dd2419_ws/install/robp_launch:/home/robot/dd2419_ws/install/robot_odometry:/home/robot/dd2419_ws/install/pickup:/home/robot/dd2419_ws/install/odometry:/home/robot/dd2419_ws/install/lidar:/home/robot/dd2419_ws/install/display:/home/robot/dd2419_ws/install/detection:/home/robot/dd2419_ws/install/controller:/home/robot/dd2419_ws/install/arm_servos_pubs_subs:/opt/ros/jazzy DEBUGINFOD_URLS=https://debuginfod.ubuntu.com /usr/bin/cmake --install /home/robot/dd2419_ws/build/robp_interfaces
