[3.079s] Invoking command in '/home/group1/dd2419_ws/build/mapping': DEBUGINFOD_URLS=https://debuginfod.ubuntu.com PYTHONPATH=/home/group1/dd2419_ws/build/mapping/prefix_override:/usr/lib/python3/dist-packages/colcon_core/task/python/colcon_distutils_commands:/home/group1/dd2419_ws/install/mapping/lib/python3.12/site-packages:${PYTHONPATH} /usr/bin/python3 -W ignore:setup.py install is deprecated -W ignore:easy_install command is deprecated setup.py develop --editable --build-directory /home/group1/dd2419_ws/build/mapping/build --no-deps symlink_data
[3.818s] running develop
[4.273s] running egg_info
[4.273s] creating mapping.egg-info
[4.318s] writing mapping.egg-info/PKG-INFO
[4.318s] writing dependency_links to mapping.egg-info/dependency_links.txt
[4.319s] writing entry points to mapping.egg-info/entry_points.txt
[4.319s] writing requirements to mapping.egg-info/requires.txt
[4.320s] writing top-level names to mapping.egg-info/top_level.txt
[4.320s] writing manifest file 'mapping.egg-info/SOURCES.txt'
[4.412s] reading manifest file 'mapping.egg-info/SOURCES.txt'
[4.413s] writing manifest file 'mapping.egg-info/SOURCES.txt'
[4.463s] running build_ext
[4.463s] Creating /home/group1/dd2419_ws/install/mapping/lib/python3.12/site-packages/mapping.egg-link (link to .)
[4.464s] Installing mapping script to /home/group1/dd2419_ws/install/mapping/lib/mapping
[4.464s] 
[4.465s] Installed /home/group1/dd2419_ws/build/mapping
[4.465s] running symlink_data
[4.465s] creating /home/group1/dd2419_ws/install/mapping/share/ament_index
[4.465s] creating /home/group1/dd2419_ws/install/mapping/share/ament_index/resource_index
[4.467s] creating /home/group1/dd2419_ws/install/mapping/share/ament_index/resource_index/packages
[4.467s] symbolically linking /home/group1/dd2419_ws/build/mapping/resource/mapping -> /home/group1/dd2419_ws/install/mapping/share/ament_index/resource_index/packages
[4.467s] symbolically linking /home/group1/dd2419_ws/build/mapping/package.xml -> /home/group1/dd2419_ws/install/mapping/share/mapping
[4.541s] Invoked command in '/home/group1/dd2419_ws/build/mapping' returned '0': DEBUGINFOD_URLS=https://debuginfod.ubuntu.com PYTHONPATH=/home/group1/dd2419_ws/build/mapping/prefix_override:/usr/lib/python3/dist-packages/colcon_core/task/python/colcon_distutils_commands:/home/group1/dd2419_ws/install/mapping/lib/python3.12/site-packages:${PYTHONPATH} /usr/bin/python3 -W ignore:setup.py install is deprecated -W ignore:easy_install command is deprecated setup.py develop --editable --build-directory /home/group1/dd2419_ws/build/mapping/build --no-deps symlink_data
