[2.041s] Invoking command in '/home/group1/dd2419_ws/build/pickup': DEBUGINFOD_URLS=https://debuginfod.ubuntu.com PYTHONPATH=/home/group1/dd2419_ws/build/pickup/prefix_override:/usr/lib/python3/dist-packages/colcon_core/task/python/colcon_distutils_commands:/home/group1/dd2419_ws/install/pickup/lib/python3.12/site-packages:${PYTHONPATH} /usr/bin/python3 -W ignore:setup.py install is deprecated -W ignore:easy_install command is deprecated setup.py develop --editable --build-directory /home/group1/dd2419_ws/build/pickup/build --no-deps symlink_data
[3.439s] running develop
[4.046s] running egg_info
[4.046s] creating pickup.egg-info
[4.106s] writing pickup.egg-info/PKG-INFO
[4.108s] writing dependency_links to pickup.egg-info/dependency_links.txt
[4.108s] writing entry points to pickup.egg-info/entry_points.txt
[4.108s] writing requirements to pickup.egg-info/requires.txt
[4.108s] writing top-level names to pickup.egg-info/top_level.txt
[4.108s] writing manifest file 'pickup.egg-info/SOURCES.txt'
[4.255s] reading manifest file 'pickup.egg-info/SOURCES.txt'
[4.255s] writing manifest file 'pickup.egg-info/SOURCES.txt'
[4.323s] running build_ext
[4.324s] Creating /home/group1/dd2419_ws/install/pickup/lib/python3.12/site-packages/pickup.egg-link (link to .)
[4.325s] Installing pickup script to /home/group1/dd2419_ws/install/pickup/lib/pickup
[4.327s] 
[4.327s] Installed /home/group1/dd2419_ws/build/pickup
[4.328s] running symlink_data
[4.328s] creating /home/group1/dd2419_ws/install/pickup/share/ament_index
[4.329s] creating /home/group1/dd2419_ws/install/pickup/share/ament_index/resource_index
[4.329s] creating /home/group1/dd2419_ws/install/pickup/share/ament_index/resource_index/packages
[4.330s] symbolically linking /home/group1/dd2419_ws/build/pickup/resource/pickup -> /home/group1/dd2419_ws/install/pickup/share/ament_index/resource_index/packages
[4.331s] symbolically linking /home/group1/dd2419_ws/build/pickup/package.xml -> /home/group1/dd2419_ws/install/pickup/share/pickup
[4.426s] Invoked command in '/home/group1/dd2419_ws/build/pickup' returned '0': DEBUGINFOD_URLS=https://debuginfod.ubuntu.com PYTHONPATH=/home/group1/dd2419_ws/build/pickup/prefix_override:/usr/lib/python3/dist-packages/colcon_core/task/python/colcon_distutils_commands:/home/group1/dd2419_ws/install/pickup/lib/python3.12/site-packages:${PYTHONPATH} /usr/bin/python3 -W ignore:setup.py install is deprecated -W ignore:easy_install command is deprecated setup.py develop --editable --build-directory /home/group1/dd2419_ws/build/pickup/build --no-deps symlink_data
