[0.024s] Invoking command in '/home/group1/dd2419_ws/build/robp_phidgets_spatial': CMAKE_PREFIX_PATH=/home/group1/dd2419_ws/install/robp_interfaces:/home/group1/dd2419_ws/install/usb_cam:/home/group1/dd2419_ws/install/sllidar_ros2:/home/group1/dd2419_ws/install/robp_phidgets_temperature:/home/group1/dd2419_ws/install/robp_phidgets_spatial:/home/group1/dd2419_ws/install/robp_phidgets_motors:/home/group1/dd2419_ws/install/robp_phidgets_encoders:/home/group1/dd2419_ws/install/micro_ros_setup:/home/group1/dd2419_ws/install/micro_ros_agent:/home/group1/dd2419_ws/install/micro_ros_msgs:/home/group1/dd2419_ws/install/drive_base_msgs:/opt/ros/jazzy/opt/gz_math_vendor:/opt/ros/jazzy/opt/gz_utils_vendor:/opt/ros/jazzy/opt/gz_cmake_vendor:/home/group1/dd2419_ws/install/robp_launch:/home/group1/dd2419_ws/install/robot_odometry:/home/group1/dd2419_ws/install/pickup:/home/group1/dd2419_ws/install/arm_servos_pubs_subs:/opt/ros/jazzy DEBUGINFOD_URLS=https://debuginfod.ubuntu.com LD_LIBRARY_PATH=/home/group1/dd2419_ws/install/robp_interfaces/lib:/home/group1/dd2419_ws/install/usb_cam/lib:/home/group1/dd2419_ws/install/robp_phidgets_temperature/lib:/home/group1/dd2419_ws/install/robp_phidgets_spatial/lib:/home/group1/dd2419_ws/install/robp_phidgets_motors/lib:/home/group1/dd2419_ws/install/robp_phidgets_encoders/lib:/home/group1/dd2419_ws/install/micro_ros_agent/lib:/home/group1/dd2419_ws/install/micro_ros_msgs/lib:/home/group1/dd2419_ws/install/drive_base_msgs/lib:/opt/ros/jazzy/opt/rviz_ogre_vendor/lib:/opt/ros/jazzy/lib/x86_64-linux-gnu:/opt/ros/jazzy/opt/libphidget22/lib:/opt/ros/jazzy/opt/gz_math_vendor/lib:/opt/ros/jazzy/opt/gz_utils_vendor/lib:/opt/ros/jazzy/opt/gz_cmake_vendor/lib:/opt/ros/jazzy/lib PYTHONPATH=/home/group1/dd2419_ws/install/robp_interfaces/lib/python3.12/site-packages:/home/group1/dd2419_ws/build/robp_launch:/home/group1/dd2419_ws/install/robp_launch/lib/python3.12/site-packages:/home/group1/dd2419_ws/build/robot_odometry:/home/group1/dd2419_ws/install/robot_odometry/lib/python3.12/site-packages:/home/group1/dd2419_ws/build/pickup:/home/group1/dd2419_ws/install/pickup/lib/python3.12/site-packages:/home/group1/dd2419_ws/install/micro_ros_msgs/lib/python3.12/site-packages:/home/group1/dd2419_ws/install/drive_base_msgs/lib/python3.12/site-packages:/home/group1/dd2419_ws/build/arm_servos_pubs_subs:/home/group1/dd2419_ws/install/arm_servos_pubs_subs/lib/python3.12/site-packages:/opt/ros/jazzy/lib/python3.12/site-packages /usr/bin/cmake /home/group1/dd2419_ws/src/robp_robot/robp_phidgets/robp_phidgets_spatial -DCMAKE_INSTALL_PREFIX=/home/group1/dd2419_ws/install/robp_phidgets_spatial
[0.403s] -- Found ament_cmake_ros: 0.12.0 (/opt/ros/jazzy/share/ament_cmake_ros/cmake)
[0.485s] -- Override CMake install command with custom implementation using symlinks instead of copying resources
[0.519s] -- Found angles: 1.16.0 (/opt/ros/jazzy/share/angles/cmake)
[0.523s] -- Found libphidget22: 2.3.3 (/opt/ros/jazzy/share/libphidget22/cmake)
[0.531s] -- Found phidgets_api: 2.3.3 (/opt/ros/jazzy/share/phidgets_api/cmake)
[0.537s] -- Found rclcpp: 28.1.6 (/opt/ros/jazzy/share/rclcpp/cmake)
[0.595s] -- Found rosidl_generator_c: 4.6.5 (/opt/ros/jazzy/share/rosidl_generator_c/cmake)
[0.617s] -- Found rosidl_generator_cpp: 4.6.5 (/opt/ros/jazzy/share/rosidl_generator_cpp/cmake)
[0.645s] -- Using all available rosidl_typesupport_c: rosidl_typesupport_fastrtps_c;rosidl_typesupport_introspection_c
[0.678s] -- Using all available rosidl_typesupport_cpp: rosidl_typesupport_fastrtps_cpp;rosidl_typesupport_introspection_cpp
[0.815s] -- Found rmw_implementation_cmake: 7.3.1 (/opt/ros/jazzy/share/rmw_implementation_cmake/cmake)
[0.819s] -- Found rmw_fastrtps_cpp: 8.4.1 (/opt/ros/jazzy/share/rmw_fastrtps_cpp/cmake)
[0.932s] -- Using RMW implementation 'rmw_fastrtps_cpp' as default
[1.067s] -- Found rclcpp_components: 28.1.6 (/opt/ros/jazzy/share/rclcpp_components/cmake)
[1.124s] -- Found robp_interfaces: 1.0.0 (/home/group1/dd2419_ws/install/robp_interfaces/share/robp_interfaces/cmake)
[1.189s] -- Found sensor_msgs: 5.3.5 (/opt/ros/jazzy/share/sensor_msgs/cmake)
[1.269s] -- Found std_srvs: 5.3.5 (/opt/ros/jazzy/share/std_srvs/cmake)
[1.290s] -- Found tf2: 0.36.8 (/opt/ros/jazzy/share/tf2/cmake)
[1.307s] [31mCMake Error at CMakeLists.txt:33 (find_package):
[1.307s]   By not providing "Findtf2_geometry_msgs.cmake" in CMAKE_MODULE_PATH this
[1.308s]   project has asked CMake to find a package configuration file provided by
[1.308s]   "tf2_geometry_msgs", but CMake did not find one.
[1.308s] 
[1.308s]   Could not find a package configuration file provided by "tf2_geometry_msgs"
[1.308s]   with any of the following names:
[1.308s] 
[1.308s]     tf2_geometry_msgsConfig.cmake
[1.309s]     tf2_geometry_msgs-config.cmake
[1.309s] 
[1.309s]   Add the installation prefix of "tf2_geometry_msgs" to CMAKE_PREFIX_PATH or
[1.311s]   set "tf2_geometry_msgs_DIR" to a directory containing one of the above
[1.311s]   files.  If "tf2_geometry_msgs" provides a separate development package or
[1.311s]   SDK, be sure it has been installed.
[1.312s] 
[1.312s] [0m
[1.312s] -- Configuring incomplete, errors occurred!
[1.320s] Invoked command in '/home/group1/dd2419_ws/build/robp_phidgets_spatial' returned '1': CMAKE_PREFIX_PATH=/home/group1/dd2419_ws/install/robp_interfaces:/home/group1/dd2419_ws/install/usb_cam:/home/group1/dd2419_ws/install/sllidar_ros2:/home/group1/dd2419_ws/install/robp_phidgets_temperature:/home/group1/dd2419_ws/install/robp_phidgets_spatial:/home/group1/dd2419_ws/install/robp_phidgets_motors:/home/group1/dd2419_ws/install/robp_phidgets_encoders:/home/group1/dd2419_ws/install/micro_ros_setup:/home/group1/dd2419_ws/install/micro_ros_agent:/home/group1/dd2419_ws/install/micro_ros_msgs:/home/group1/dd2419_ws/install/drive_base_msgs:/opt/ros/jazzy/opt/gz_math_vendor:/opt/ros/jazzy/opt/gz_utils_vendor:/opt/ros/jazzy/opt/gz_cmake_vendor:/home/group1/dd2419_ws/install/robp_launch:/home/group1/dd2419_ws/install/robot_odometry:/home/group1/dd2419_ws/install/pickup:/home/group1/dd2419_ws/install/arm_servos_pubs_subs:/opt/ros/jazzy DEBUGINFOD_URLS=https://debuginfod.ubuntu.com LD_LIBRARY_PATH=/home/group1/dd2419_ws/install/robp_interfaces/lib:/home/group1/dd2419_ws/install/usb_cam/lib:/home/group1/dd2419_ws/install/robp_phidgets_temperature/lib:/home/group1/dd2419_ws/install/robp_phidgets_spatial/lib:/home/group1/dd2419_ws/install/robp_phidgets_motors/lib:/home/group1/dd2419_ws/install/robp_phidgets_encoders/lib:/home/group1/dd2419_ws/install/micro_ros_agent/lib:/home/group1/dd2419_ws/install/micro_ros_msgs/lib:/home/group1/dd2419_ws/install/drive_base_msgs/lib:/opt/ros/jazzy/opt/rviz_ogre_vendor/lib:/opt/ros/jazzy/lib/x86_64-linux-gnu:/opt/ros/jazzy/opt/libphidget22/lib:/opt/ros/jazzy/opt/gz_math_vendor/lib:/opt/ros/jazzy/opt/gz_utils_vendor/lib:/opt/ros/jazzy/opt/gz_cmake_vendor/lib:/opt/ros/jazzy/lib PYTHONPATH=/home/group1/dd2419_ws/install/robp_interfaces/lib/python3.12/site-packages:/home/group1/dd2419_ws/build/robp_launch:/home/group1/dd2419_ws/install/robp_launch/lib/python3.12/site-packages:/home/group1/dd2419_ws/build/robot_odometry:/home/group1/dd2419_ws/install/robot_odometry/lib/python3.12/site-packages:/home/group1/dd2419_ws/build/pickup:/home/group1/dd2419_ws/install/pickup/lib/python3.12/site-packages:/home/group1/dd2419_ws/install/micro_ros_msgs/lib/python3.12/site-packages:/home/group1/dd2419_ws/install/drive_base_msgs/lib/python3.12/site-packages:/home/group1/dd2419_ws/build/arm_servos_pubs_subs:/home/group1/dd2419_ws/install/arm_servos_pubs_subs/lib/python3.12/site-packages:/opt/ros/jazzy/lib/python3.12/site-packages /usr/bin/cmake /home/group1/dd2419_ws/src/robp_robot/robp_phidgets/robp_phidgets_spatial -DCMAKE_INSTALL_PREFIX=/home/group1/dd2419_ws/install/robp_phidgets_spatial
