[2.163s] Invoking command in '/home/robot/dd2419_ws/src/odometry': DEBUGINFOD_URLS=https://debuginfod.ubuntu.com PYTHONPATH=/home/robot/dd2419_ws/src/build/odometry/prefix_override:/usr/lib/python3/dist-packages/colcon_core/task/python/colcon_distutils_commands:/home/robot/dd2419_ws/src/install/odometry/lib/python3.12/site-packages:${PYTHONPATH} /usr/bin/python3 -W ignore:setup.py install is deprecated -W ignore:easy_install command is deprecated setup.py egg_info --egg-base ../build/odometry build --build-base /home/robot/dd2419_ws/src/build/odometry/build install --record /home/robot/dd2419_ws/src/build/odometry/install.log --single-version-externally-managed install_data
[2.866s] running egg_info
[2.866s] creating ../build/odometry/odometry.egg-info
[2.866s] writing ../build/odometry/odometry.egg-info/PKG-INFO
[2.866s] writing dependency_links to ../build/odometry/odometry.egg-info/dependency_links.txt
[2.866s] writing entry points to ../build/odometry/odometry.egg-info/entry_points.txt
[2.866s] writing requirements to ../build/odometry/odometry.egg-info/requires.txt
[2.866s] writing top-level names to ../build/odometry/odometry.egg-info/top_level.txt
[2.866s] writing manifest file '../build/odometry/odometry.egg-info/SOURCES.txt'
[2.866s] reading manifest file '../build/odometry/odometry.egg-info/SOURCES.txt'
[2.866s] writing manifest file '../build/odometry/odometry.egg-info/SOURCES.txt'
[2.866s] running build
[2.866s] running build_py
[2.866s] creating /home/robot/dd2419_ws/src/build/odometry/build
[2.866s] creating /home/robot/dd2419_ws/src/build/odometry/build/lib
[2.867s] creating /home/robot/dd2419_ws/src/build/odometry/build/lib/odometry
[2.867s] copying odometry/__init__.py -> /home/robot/dd2419_ws/src/build/odometry/build/lib/odometry
[2.867s] copying odometry/odometry.py -> /home/robot/dd2419_ws/src/build/odometry/build/lib/odometry
[2.867s] running install
[2.867s] running install_lib
[2.867s] creating /home/robot/dd2419_ws/src/install/odometry/lib/python3.12/site-packages/odometry
[2.867s] copying /home/robot/dd2419_ws/src/build/odometry/build/lib/odometry/__init__.py -> /home/robot/dd2419_ws/src/install/odometry/lib/python3.12/site-packages/odometry
[2.867s] copying /home/robot/dd2419_ws/src/build/odometry/build/lib/odometry/odometry.py -> /home/robot/dd2419_ws/src/install/odometry/lib/python3.12/site-packages/odometry
[2.867s] byte-compiling /home/robot/dd2419_ws/src/install/odometry/lib/python3.12/site-packages/odometry/__init__.py to __init__.cpython-312.pyc
[2.867s] byte-compiling /home/robot/dd2419_ws/src/install/odometry/lib/python3.12/site-packages/odometry/odometry.py to odometry.cpython-312.pyc
[2.867s] running install_data
[2.867s] creating /home/robot/dd2419_ws/src/install/odometry/share/ament_index
[2.867s] creating /home/robot/dd2419_ws/src/install/odometry/share/ament_index/resource_index
[2.867s] creating /home/robot/dd2419_ws/src/install/odometry/share/ament_index/resource_index/packages
[2.867s] copying resource/odometry -> /home/robot/dd2419_ws/src/install/odometry/share/ament_index/resource_index/packages
[2.867s] copying package.xml -> /home/robot/dd2419_ws/src/install/odometry/share/odometry
[2.867s] running install_egg_info
[2.867s] Copying ../build/odometry/odometry.egg-info to /home/robot/dd2419_ws/src/install/odometry/lib/python3.12/site-packages/odometry-0.0.0-py3.12.egg-info
[2.868s] running install_scripts
[2.946s] Installing odometry script to /home/robot/dd2419_ws/src/install/odometry/lib/odometry
[2.946s] writing list of installed files to '/home/robot/dd2419_ws/src/build/odometry/install.log'
[3.031s] Invoked command in '/home/robot/dd2419_ws/src/odometry' returned '0': DEBUGINFOD_URLS=https://debuginfod.ubuntu.com PYTHONPATH=/home/robot/dd2419_ws/src/build/odometry/prefix_override:/usr/lib/python3/dist-packages/colcon_core/task/python/colcon_distutils_commands:/home/robot/dd2419_ws/src/install/odometry/lib/python3.12/site-packages:${PYTHONPATH} /usr/bin/python3 -W ignore:setup.py install is deprecated -W ignore:easy_install command is deprecated setup.py egg_info --egg-base ../build/odometry build --build-base /home/robot/dd2419_ws/src/build/odometry/build install --record /home/robot/dd2419_ws/src/build/odometry/install.log --single-version-externally-managed install_data
