[0.057s] Invoking command in '/home/group1/dd2419_ws/build/usb_cam': CMAKE_PREFIX_PATH=${CMAKE_PREFIX_PATH}:/home/group1/dd2419_ws/install/robp_launch:/home/group1/dd2419_ws/install/robot_odometry:/home/group1/dd2419_ws/install/pickup:/home/group1/dd2419_ws/install/odometry:/home/group1/dd2419_ws/install/lidar:/home/group1/dd2419_ws/install/display:/home/group1/dd2419_ws/install/detection:/home/group1/dd2419_ws/install/controller:/home/group1/dd2419_ws/install/arm_servos_pubs_subs:/opt/ros/jazzy DEBUGINFOD_URLS=https://debuginfod.ubuntu.com /usr/bin/cmake --build /home/group1/dd2419_ws/build/usb_cam -- -j8 -l8
[0.418s] -- Found ament_cmake_auto: 2.5.3 (/opt/ros/jazzy/share/ament_cmake_auto/cmake)
[0.419s] -- Override CMake install command with custom implementation using symlinks instead of copying resources
[0.575s] -- Found rosidl_generator_c: 4.6.5 (/opt/ros/jazzy/share/rosidl_generator_c/cmake)
[0.595s] -- Found rosidl_generator_cpp: 4.6.5 (/opt/ros/jazzy/share/rosidl_generator_cpp/cmake)
[0.613s] -- Using all available rosidl_typesupport_c: rosidl_typesupport_fastrtps_c;rosidl_typesupport_introspection_c
[0.631s] -- Using all available rosidl_typesupport_cpp: rosidl_typesupport_fastrtps_cpp;rosidl_typesupport_introspection_cpp
[0.711s] -- Found rmw_implementation_cmake: 7.3.1 (/opt/ros/jazzy/share/rmw_implementation_cmake/cmake)
[0.714s] -- Found rmw_fastrtps_cpp: 8.4.1 (/opt/ros/jazzy/share/rmw_fastrtps_cpp/cmake)
[0.795s] -- Using RMW implementation 'rmw_fastrtps_cpp' as default
[1.069s] -- Setting yaml-cpp_DIR to: '/opt/ros/jazzy/share/yaml_cpp_vendor/cmake/../../../opt/yaml_cpp_vendor/share/cmake/yaml-cpp'
[1.205s] -- Found rosidl_adapter: 4.6.5 (/opt/ros/jazzy/share/rosidl_adapter/cmake)
[1.249s] -- Found ament_lint_auto: 0.17.1 (/opt/ros/jazzy/share/ament_lint_auto/cmake)
[1.269s] -- Found gtest sources under '/opt/ros/jazzy/src/gtest_vendor': C++ tests using 'Google Test' will be built
[1.290s] -- Added test 'copyright' to check source files copyright and LICENSE
[1.295s] -- Added test 'cppcheck' to perform static code analysis on C / C++ code
[1.296s] -- Configured cppcheck include dirs: /home/group1/dd2419_ws/src/robp_robot/usb_cam/include
[1.296s] -- Configured cppcheck exclude dirs and/or files: 
[1.301s] -- Added test 'cpplint' to check C / C++ code against the Google style
[1.301s] -- Configured cpplint exclude dirs and/or files: 
[1.303s] -- Added test 'flake8' to check Python code syntax and style conventions
[1.303s] -- Configured 'flake8' exclude dirs and/or files: 
[1.305s] -- Added test 'lint_cmake' to check CMake code style
[1.306s] -- Added test 'pep257' to check Python code against some of the docstring style conventions in PEP 257
[1.311s] -- Added test 'uncrustify' to check C / C++ code style
[1.311s] -- Configured uncrustify additional arguments: 
[1.312s] -- Added test 'xmllint' to check XML markup files
[1.317s] -- Configuring done (1.2s)
[1.369s] -- Generating done (0.0s)
[1.379s] -- Build files have been written to: /home/group1/dd2419_ws/build/usb_cam
[1.433s] [ 14%] Built target gtest
[1.433s] [ 28%] Built target usb_cam
[1.435s] [ 42%] Built target gtest_main
[1.439s] [ 57%] Built target usb_cam_node_exe
[1.465s] [ 71%] Built target test_pixel_formats
[1.466s] [ 85%] Built target test_usb_cam_utils
[1.481s] [100%] Built target usb_cam_node
[1.494s] Invoked command in '/home/group1/dd2419_ws/build/usb_cam' returned '0': CMAKE_PREFIX_PATH=${CMAKE_PREFIX_PATH}:/home/group1/dd2419_ws/install/robp_launch:/home/group1/dd2419_ws/install/robot_odometry:/home/group1/dd2419_ws/install/pickup:/home/group1/dd2419_ws/install/odometry:/home/group1/dd2419_ws/install/lidar:/home/group1/dd2419_ws/install/display:/home/group1/dd2419_ws/install/detection:/home/group1/dd2419_ws/install/controller:/home/group1/dd2419_ws/install/arm_servos_pubs_subs:/opt/ros/jazzy DEBUGINFOD_URLS=https://debuginfod.ubuntu.com /usr/bin/cmake --build /home/group1/dd2419_ws/build/usb_cam -- -j8 -l8
[1.495s] Invoking command in '/home/group1/dd2419_ws/build/usb_cam': CMAKE_PREFIX_PATH=${CMAKE_PREFIX_PATH}:/home/group1/dd2419_ws/install/robp_launch:/home/group1/dd2419_ws/install/robot_odometry:/home/group1/dd2419_ws/install/pickup:/home/group1/dd2419_ws/install/odometry:/home/group1/dd2419_ws/install/lidar:/home/group1/dd2419_ws/install/display:/home/group1/dd2419_ws/install/detection:/home/group1/dd2419_ws/install/controller:/home/group1/dd2419_ws/install/arm_servos_pubs_subs:/opt/ros/jazzy DEBUGINFOD_URLS=https://debuginfod.ubuntu.com /usr/bin/cmake --install /home/group1/dd2419_ws/build/usb_cam
[1.504s] -- Install configuration: ""
[1.504s] -- Execute custom install script
[1.505s] -- Up-to-date symlink: /home/group1/dd2419_ws/install/usb_cam/share/usb_cam/environment/library_path.sh
[1.505s] -- Up-to-date symlink: /home/group1/dd2419_ws/install/usb_cam/share/usb_cam/environment/library_path.dsv
[1.505s] -- Up-to-date symlink: /home/group1/dd2419_ws/install/usb_cam/lib/usb_cam/usb_cam_node_exe
[1.506s] -- Up-to-date symlink: /home/group1/dd2419_ws/install/usb_cam/lib/usb_cam/show_image.py
[1.506s] -- Up-to-date symlink: /home/group1/dd2419_ws/install/usb_cam/lib/libusb_cam.so
[1.506s] -- Up-to-date symlink: /home/group1/dd2419_ws/install/usb_cam/lib/libusb_cam_node.so
[1.507s] -- Up-to-date symlink: /home/group1/dd2419_ws/install/usb_cam/include/usb_cam/constants.hpp
[1.507s] -- Up-to-date symlink: /home/group1/dd2419_ws/install/usb_cam/include/usb_cam/conversions.hpp
[1.507s] -- Up-to-date symlink: /home/group1/dd2419_ws/install/usb_cam/include/usb_cam/formats/av_pixel_format_helper.hpp
[1.508s] -- Up-to-date symlink: /home/group1/dd2419_ws/install/usb_cam/include/usb_cam/formats/m420.hpp
[1.508s] -- Up-to-date symlink: /home/group1/dd2419_ws/install/usb_cam/include/usb_cam/formats/mjpeg.hpp
[1.508s] -- Up-to-date symlink: /home/group1/dd2419_ws/install/usb_cam/include/usb_cam/formats/mono.hpp
[1.508s] -- Up-to-date symlink: /home/group1/dd2419_ws/install/usb_cam/include/usb_cam/formats/pixel_format_base.hpp
[1.509s] -- Up-to-date symlink: /home/group1/dd2419_ws/install/usb_cam/include/usb_cam/formats/rgb.hpp
[1.509s] -- Up-to-date symlink: /home/group1/dd2419_ws/install/usb_cam/include/usb_cam/formats/utils.hpp
[1.509s] -- Up-to-date symlink: /home/group1/dd2419_ws/install/usb_cam/include/usb_cam/formats/uyvy.hpp
[1.509s] -- Up-to-date symlink: /home/group1/dd2419_ws/install/usb_cam/include/usb_cam/formats/yuyv.hpp
[1.510s] -- Up-to-date symlink: /home/group1/dd2419_ws/install/usb_cam/include/usb_cam/usb_cam.hpp
[1.510s] -- Up-to-date symlink: /home/group1/dd2419_ws/install/usb_cam/include/usb_cam/usb_cam_node.hpp
[1.510s] -- Up-to-date symlink: /home/group1/dd2419_ws/install/usb_cam/include/usb_cam/utils.hpp
[1.510s] -- Up-to-date symlink: /home/group1/dd2419_ws/install/usb_cam/lib/libusb_cam_node.so
[1.511s] -- Up-to-date symlink: /home/group1/dd2419_ws/install/usb_cam/share/usb_cam/launch/__init__.py
[1.511s] -- Up-to-date symlink: /home/group1/dd2419_ws/install/usb_cam/share/usb_cam/launch/__pycache__/camera_config.cpython-312.pyc
[1.511s] -- Up-to-date symlink: /home/group1/dd2419_ws/install/usb_cam/share/usb_cam/launch/camera.launch.py
[1.511s] -- Up-to-date symlink: /home/group1/dd2419_ws/install/usb_cam/share/usb_cam/launch/camera_config.py
[1.512s] -- Up-to-date symlink: /home/group1/dd2419_ws/install/usb_cam/share/usb_cam/config/camera_info.yaml
[1.512s] -- Up-to-date symlink: /home/group1/dd2419_ws/install/usb_cam/share/usb_cam/config/params_1.yaml
[1.512s] -- Up-to-date symlink: /home/group1/dd2419_ws/install/usb_cam/share/usb_cam/config/params_2.yaml
[1.513s] -- Up-to-date symlink: /home/group1/dd2419_ws/install/usb_cam/share/ament_index/resource_index/package_run_dependencies/usb_cam
[1.513s] -- Up-to-date symlink: /home/group1/dd2419_ws/install/usb_cam/share/ament_index/resource_index/parent_prefix_path/usb_cam
[1.513s] -- Up-to-date symlink: /home/group1/dd2419_ws/install/usb_cam/share/usb_cam/environment/ament_prefix_path.sh
[1.513s] -- Up-to-date symlink: /home/group1/dd2419_ws/install/usb_cam/share/usb_cam/environment/ament_prefix_path.dsv
[1.514s] -- Up-to-date symlink: /home/group1/dd2419_ws/install/usb_cam/share/usb_cam/environment/path.sh
[1.514s] -- Up-to-date symlink: /home/group1/dd2419_ws/install/usb_cam/share/usb_cam/environment/path.dsv
[1.514s] -- Up-to-date symlink: /home/group1/dd2419_ws/install/usb_cam/share/usb_cam/local_setup.bash
[1.515s] -- Up-to-date symlink: /home/group1/dd2419_ws/install/usb_cam/share/usb_cam/local_setup.sh
[1.515s] -- Up-to-date symlink: /home/group1/dd2419_ws/install/usb_cam/share/usb_cam/local_setup.zsh
[1.515s] -- Up-to-date symlink: /home/group1/dd2419_ws/install/usb_cam/share/usb_cam/local_setup.dsv
[1.515s] -- Symlinking: /home/group1/dd2419_ws/install/usb_cam/share/usb_cam/package.dsv
[1.526s] -- Up-to-date symlink: /home/group1/dd2419_ws/install/usb_cam/share/ament_index/resource_index/packages/usb_cam
[1.526s] -- Up-to-date symlink: /home/group1/dd2419_ws/install/usb_cam/share/ament_index/resource_index/rclcpp_components/usb_cam
[1.526s] -- Up-to-date symlink: /home/group1/dd2419_ws/install/usb_cam/share/usb_cam/cmake/ament_cmake_export_libraries-extras.cmake
[1.526s] -- Up-to-date symlink: /home/group1/dd2419_ws/install/usb_cam/share/usb_cam/cmake/ament_cmake_export_dependencies-extras.cmake
[1.527s] -- Up-to-date symlink: /home/group1/dd2419_ws/install/usb_cam/share/usb_cam/cmake/ament_cmake_export_include_directories-extras.cmake
[1.527s] -- Up-to-date symlink: /home/group1/dd2419_ws/install/usb_cam/share/usb_cam/cmake/usb_camConfig.cmake
[1.527s] -- Up-to-date symlink: /home/group1/dd2419_ws/install/usb_cam/share/usb_cam/cmake/usb_camConfig-version.cmake
[1.527s] -- Up-to-date symlink: /home/group1/dd2419_ws/install/usb_cam/share/usb_cam/package.xml
[1.529s] Invoked command in '/home/group1/dd2419_ws/build/usb_cam' returned '0': CMAKE_PREFIX_PATH=${CMAKE_PREFIX_PATH}:/home/group1/dd2419_ws/install/robp_launch:/home/group1/dd2419_ws/install/robot_odometry:/home/group1/dd2419_ws/install/pickup:/home/group1/dd2419_ws/install/odometry:/home/group1/dd2419_ws/install/lidar:/home/group1/dd2419_ws/install/display:/home/group1/dd2419_ws/install/detection:/home/group1/dd2419_ws/install/controller:/home/group1/dd2419_ws/install/arm_servos_pubs_subs:/opt/ros/jazzy DEBUGINFOD_URLS=https://debuginfod.ubuntu.com /usr/bin/cmake --install /home/group1/dd2419_ws/build/usb_cam
