[0.060s] Invoking command in '/home/group1/dd2419_ws/build/robp_interfaces': CMAKE_PREFIX_PATH=${CMAKE_PREFIX_PATH}:/home/group1/dd2419_ws/install/robp_launch:/home/group1/dd2419_ws/install/robot_odometry:/home/group1/dd2419_ws/install/pickup:/home/group1/dd2419_ws/install/odometry:/home/group1/dd2419_ws/install/lidar:/home/group1/dd2419_ws/install/display:/home/group1/dd2419_ws/install/detection:/home/group1/dd2419_ws/install/controller:/home/group1/dd2419_ws/install/arm_servos_pubs_subs:/opt/ros/jazzy DEBUGINFOD_URLS=https://debuginfod.ubuntu.com /usr/bin/cmake --build /home/group1/dd2419_ws/build/robp_interfaces -- -j8 -l8
[1.475s] -- Found ament_cmake: 2.5.3 (/opt/ros/jazzy/share/ament_cmake/cmake)
[1.475s] -- Found Python3: /usr/bin/python3 (found version "3.12.3") found components: Interpreter 
[1.475s] -- Override CMake install command with custom implementation using symlinks instead of copying resources
[1.475s] -- Found rosidl_default_generators: 1.6.0 (/opt/ros/jazzy/share/rosidl_default_generators/cmake)
[1.475s] -- Using all available rosidl_typesupport_c: rosidl_typesupport_fastrtps_c;rosidl_typesupport_introspection_c
[1.475s] -- Using all available rosidl_typesupport_cpp: rosidl_typesupport_fastrtps_cpp;rosidl_typesupport_introspection_cpp
[1.475s] -- Found rosidl_adapter: 4.6.5 (/opt/ros/jazzy/share/rosidl_adapter/cmake)
[1.475s] -- Found std_msgs: 5.3.5 (/opt/ros/jazzy/share/std_msgs/cmake)
[1.475s] -- Found ament_cmake_ros: 0.12.0 (/opt/ros/jazzy/share/ament_cmake_ros/cmake)
[1.476s] -- Using all available rosidl_typesupport_c: rosidl_typesupport_fastrtps_c;rosidl_typesupport_introspection_c
[1.476s] -- Using all available rosidl_typesupport_cpp: rosidl_typesupport_fastrtps_cpp;rosidl_typesupport_introspection_cpp
[1.476s] -- Found python_cmake_module: 0.11.1 (/opt/ros/jazzy/share/python_cmake_module/cmake)
[1.515s] -- Found Python3: /usr/bin/python3 (found version "3.12.3") found components: Interpreter Development NumPy Development.Module Development.Embed 
[1.548s] -- Found ament_lint_auto: 0.17.1 (/opt/ros/jazzy/share/ament_lint_auto/cmake)
[1.561s] -- Added test 'lint_cmake' to check CMake code style
[1.562s] -- Added test 'xmllint' to check XML markup files
[1.565s] -- Configuring done (1.5s)
[1.611s] -- Generating done (0.0s)
[1.624s] -- Build files have been written to: /home/group1/dd2419_ws/build/robp_interfaces
[1.661s] [  2%] Built target robp_interfaces__rosidl_generator_type_description
[1.671s] [  2%] Built target ament_cmake_python_symlink_robp_interfaces
[1.691s] [  6%] Built target robp_interfaces__cpp
[1.691s] [  6%] [32mBuilding C object CMakeFiles/robp_interfaces__rosidl_generator_c.dir/rosidl_generator_c/robp_interfaces/msg/detail/duty_cycles__description.c.o[0m
[1.692s] [  9%] [32mBuilding C object CMakeFiles/robp_interfaces__rosidl_generator_c.dir/rosidl_generator_c/robp_interfaces/msg/detail/duty_cycles__functions.c.o[0m
[1.692s] [ 11%] [32mBuilding C object CMakeFiles/robp_interfaces__rosidl_generator_c.dir/rosidl_generator_c/robp_interfaces/msg/detail/duty_cycles__type_support.c.o[0m
[1.693s] [ 13%] [32mBuilding C object CMakeFiles/robp_interfaces__rosidl_generator_c.dir/rosidl_generator_c/robp_interfaces/msg/detail/encoders__description.c.o[0m
[1.694s] [ 15%] [32mBuilding C object CMakeFiles/robp_interfaces__rosidl_generator_c.dir/rosidl_generator_c/robp_interfaces/msg/detail/encoders__type_support.c.o[0m
[1.698s] [ 18%] [32mBuilding C object CMakeFiles/robp_interfaces__rosidl_generator_c.dir/rosidl_generator_c/robp_interfaces/msg/detail/encoders__functions.c.o[0m
[1.889s] [ 20%] [32m[1mLinking C shared library librobp_interfaces__rosidl_generator_c.so[0m
[2.031s] [ 22%] Built target robp_interfaces__rosidl_generator_c
[2.118s] [ 25%] [32mBuilding CXX object CMakeFiles/robp_interfaces__rosidl_typesupport_cpp.dir/rosidl_typesupport_cpp/robp_interfaces/msg/encoders__type_support.cpp.o[0m
[2.119s] [ 27%] [32mBuilding CXX object CMakeFiles/robp_interfaces__rosidl_typesupport_cpp.dir/rosidl_typesupport_cpp/robp_interfaces/msg/duty_cycles__type_support.cpp.o[0m
[2.131s] [ 29%] [32mBuilding CXX object CMakeFiles/robp_interfaces__rosidl_typesupport_c.dir/rosidl_typesupport_c/robp_interfaces/msg/duty_cycles__type_support.cpp.o[0m
[2.132s] [ 31%] [32mBuilding C object CMakeFiles/robp_interfaces__rosidl_typesupport_introspection_c.dir/rosidl_typesupport_introspection_c/robp_interfaces/msg/detail/duty_cycles__type_support.c.o[0m
[2.143s] [ 34%] [32mBuilding CXX object CMakeFiles/robp_interfaces__rosidl_typesupport_fastrtps_c.dir/rosidl_typesupport_fastrtps_c/robp_interfaces/msg/detail/duty_cycles__type_support_c.cpp.o[0m
[2.146s] [ 36%] [32mBuilding CXX object CMakeFiles/robp_interfaces__rosidl_typesupport_fastrtps_cpp.dir/rosidl_typesupport_fastrtps_cpp/robp_interfaces/msg/detail/dds_fastrtps/duty_cycles__type_support.cpp.o[0m
[2.148s] [ 38%] [32mBuilding CXX object CMakeFiles/robp_interfaces__rosidl_typesupport_introspection_cpp.dir/rosidl_typesupport_introspection_cpp/robp_interfaces/msg/detail/duty_cycles__type_support.cpp.o[0m
[2.151s] running egg_info
[2.240s] writing robp_interfaces.egg-info/PKG-INFO
[2.240s] writing dependency_links to robp_interfaces.egg-info/dependency_links.txt
[2.240s] writing top-level names to robp_interfaces.egg-info/top_level.txt
[2.279s] [ 40%] [32mBuilding C object CMakeFiles/robp_interfaces__rosidl_typesupport_introspection_c.dir/rosidl_typesupport_introspection_c/robp_interfaces/msg/detail/encoders__type_support.c.o[0m
[2.392s] reading manifest file 'robp_interfaces.egg-info/SOURCES.txt'
[2.394s] writing manifest file 'robp_interfaces.egg-info/SOURCES.txt'
[2.450s] [ 43%] [32m[1mLinking C shared library librobp_interfaces__rosidl_typesupport_introspection_c.so[0m
[2.458s] [ 45%] [32mBuilding CXX object CMakeFiles/robp_interfaces__rosidl_typesupport_c.dir/rosidl_typesupport_c/robp_interfaces/msg/encoders__type_support.cpp.o[0m
[2.471s] [ 45%] Built target ament_cmake_python_build_robp_interfaces_egg
[2.525s] [ 47%] [32mBuilding CXX object CMakeFiles/robp_interfaces__rosidl_typesupport_fastrtps_c.dir/rosidl_typesupport_fastrtps_c/robp_interfaces/msg/detail/encoders__type_support_c.cpp.o[0m
[2.571s] [ 50%] Built target robp_interfaces__rosidl_typesupport_introspection_c
[2.588s] [ 52%] [32mBuilding CXX object CMakeFiles/robp_interfaces__rosidl_typesupport_introspection_cpp.dir/rosidl_typesupport_introspection_cpp/robp_interfaces/msg/detail/encoders__type_support.cpp.o[0m
[2.605s] [ 54%] [32m[1mLinking CXX shared library librobp_interfaces__rosidl_typesupport_c.so[0m
[2.759s] [ 56%] Built target robp_interfaces__rosidl_typesupport_c
[2.789s] [ 59%] [32mBuilding CXX object CMakeFiles/robp_interfaces__rosidl_typesupport_fastrtps_cpp.dir/rosidl_typesupport_fastrtps_cpp/robp_interfaces/msg/detail/dds_fastrtps/encoders__type_support.cpp.o[0m
[3.582s] [ 61%] [32m[1mLinking CXX shared library librobp_interfaces__rosidl_typesupport_introspection_cpp.so[0m
[3.640s] [ 63%] [32m[1mLinking CXX shared library librobp_interfaces__rosidl_typesupport_cpp.so[0m
[3.792s] [ 65%] Built target robp_interfaces__rosidl_typesupport_cpp
[3.840s] [ 68%] Built target robp_interfaces__rosidl_typesupport_introspection_cpp
[4.092s] [ 70%] [32m[1mLinking CXX shared library librobp_interfaces__rosidl_typesupport_fastrtps_cpp.so[0m
[4.198s] [ 72%] Built target robp_interfaces__rosidl_typesupport_fastrtps_cpp
[4.246s] [ 75%] [32m[1mLinking CXX shared library librobp_interfaces__rosidl_typesupport_fastrtps_c.so[0m
[4.333s] [ 77%] Built target robp_interfaces__rosidl_typesupport_fastrtps_c
[4.370s] [ 77%] Built target robp_interfaces
[4.411s] [ 79%] Built target robp_interfaces__py
[4.458s] [ 81%] [32mBuilding C object CMakeFiles/robp_interfaces__rosidl_generator_py.dir/rosidl_generator_py/robp_interfaces/msg/_duty_cycles_s.c.o[0m
[4.464s] [ 84%] [32mBuilding C object CMakeFiles/robp_interfaces__rosidl_generator_py.dir/rosidl_generator_py/robp_interfaces/msg/_encoders_s.c.o[0m
[4.887s] [ 86%] [32m[1mLinking C shared library librobp_interfaces__rosidl_generator_py.so[0m
[4.958s] [ 86%] Built target robp_interfaces__rosidl_generator_py
[5.029s] [ 88%] [32mBuilding C object CMakeFiles/robp_interfaces_s__rosidl_typesupport_c.dir/rosidl_generator_py/robp_interfaces/_robp_interfaces_s.ep.rosidl_typesupport_c.c.o[0m
[5.047s] [ 90%] [32mBuilding C object CMakeFiles/robp_interfaces_s__rosidl_typesupport_fastrtps_c.dir/rosidl_generator_py/robp_interfaces/_robp_interfaces_s.ep.rosidl_typesupport_fastrtps_c.c.o[0m
[5.050s] [ 93%] [32mBuilding C object CMakeFiles/robp_interfaces_s__rosidl_typesupport_introspection_c.dir/rosidl_generator_py/robp_interfaces/_robp_interfaces_s.ep.rosidl_typesupport_introspection_c.c.o[0m
[5.249s] [ 95%] [32m[1mLinking C shared module rosidl_generator_py/robp_interfaces/robp_interfaces_s__rosidl_typesupport_c.so[0m
[5.331s] [ 95%] Built target robp_interfaces_s__rosidl_typesupport_c
[5.335s] [ 97%] [32m[1mLinking C shared module rosidl_generator_py/robp_interfaces/robp_interfaces_s__rosidl_typesupport_fastrtps_c.so[0m
[5.390s] [ 97%] Built target robp_interfaces_s__rosidl_typesupport_fastrtps_c
[5.398s] [100%] [32m[1mLinking C shared module rosidl_generator_py/robp_interfaces/robp_interfaces_s__rosidl_typesupport_introspection_c.so[0m
[5.455s] [100%] Built target robp_interfaces_s__rosidl_typesupport_introspection_c
[5.717s] Invoked command in '/home/group1/dd2419_ws/build/robp_interfaces' returned '0': CMAKE_PREFIX_PATH=${CMAKE_PREFIX_PATH}:/home/group1/dd2419_ws/install/robp_launch:/home/group1/dd2419_ws/install/robot_odometry:/home/group1/dd2419_ws/install/pickup:/home/group1/dd2419_ws/install/odometry:/home/group1/dd2419_ws/install/lidar:/home/group1/dd2419_ws/install/display:/home/group1/dd2419_ws/install/detection:/home/group1/dd2419_ws/install/controller:/home/group1/dd2419_ws/install/arm_servos_pubs_subs:/opt/ros/jazzy DEBUGINFOD_URLS=https://debuginfod.ubuntu.com /usr/bin/cmake --build /home/group1/dd2419_ws/build/robp_interfaces -- -j8 -l8
[5.718s] Invoking command in '/home/group1/dd2419_ws/build/robp_interfaces': CMAKE_PREFIX_PATH=${CMAKE_PREFIX_PATH}:/home/group1/dd2419_ws/install/robp_launch:/home/group1/dd2419_ws/install/robot_odometry:/home/group1/dd2419_ws/install/pickup:/home/group1/dd2419_ws/install/odometry:/home/group1/dd2419_ws/install/lidar:/home/group1/dd2419_ws/install/display:/home/group1/dd2419_ws/install/detection:/home/group1/dd2419_ws/install/controller:/home/group1/dd2419_ws/install/arm_servos_pubs_subs:/opt/ros/jazzy DEBUGINFOD_URLS=https://debuginfod.ubuntu.com /usr/bin/cmake --install /home/group1/dd2419_ws/build/robp_interfaces
[5.728s] -- Install configuration: ""
[5.730s] -- Execute custom install script
[5.730s] -- Up-to-date symlink: /home/group1/dd2419_ws/install/robp_interfaces/share/ament_index/resource_index/rosidl_interfaces/robp_interfaces
[5.730s] -- Up-to-date symlink: /home/group1/dd2419_ws/install/robp_interfaces/share/robp_interfaces/msg/DutyCycles.json
[5.731s] -- Up-to-date symlink: /home/group1/dd2419_ws/install/robp_interfaces/share/robp_interfaces/msg/Encoders.json
[5.731s] -- Up-to-date symlink: /home/group1/dd2419_ws/install/robp_interfaces/include/robp_interfaces/robp_interfaces/msg/detail/duty_cycles__functions.h
[5.731s] -- Up-to-date symlink: /home/group1/dd2419_ws/install/robp_interfaces/include/robp_interfaces/robp_interfaces/msg/detail/duty_cycles__struct.h
[5.732s] -- Up-to-date symlink: /home/group1/dd2419_ws/install/robp_interfaces/include/robp_interfaces/robp_interfaces/msg/detail/duty_cycles__type_support.h
[5.732s] -- Up-to-date symlink: /home/group1/dd2419_ws/install/robp_interfaces/include/robp_interfaces/robp_interfaces/msg/detail/encoders__functions.h
[5.732s] -- Up-to-date symlink: /home/group1/dd2419_ws/install/robp_interfaces/include/robp_interfaces/robp_interfaces/msg/detail/encoders__struct.h
[5.732s] -- Up-to-date symlink: /home/group1/dd2419_ws/install/robp_interfaces/include/robp_interfaces/robp_interfaces/msg/detail/encoders__type_support.h
[5.732s] -- Up-to-date symlink: /home/group1/dd2419_ws/install/robp_interfaces/include/robp_interfaces/robp_interfaces/msg/duty_cycles.h
[5.732s] -- Up-to-date symlink: /home/group1/dd2419_ws/install/robp_interfaces/include/robp_interfaces/robp_interfaces/msg/encoders.h
[5.733s] -- Up-to-date symlink: /home/group1/dd2419_ws/install/robp_interfaces/include/robp_interfaces/robp_interfaces/msg/rosidl_generator_c__visibility_control.h
[5.733s] -- Up-to-date symlink: /home/group1/dd2419_ws/install/robp_interfaces/share/robp_interfaces/environment/library_path.sh
[5.733s] -- Up-to-date symlink: /home/group1/dd2419_ws/install/robp_interfaces/share/robp_interfaces/environment/library_path.dsv
[5.733s] -- Up-to-date symlink: /home/group1/dd2419_ws/install/robp_interfaces/include/robp_interfaces/robp_interfaces/msg/detail/duty_cycles__rosidl_typesupport_fastrtps_c.h
[5.734s] -- Up-to-date symlink: /home/group1/dd2419_ws/install/robp_interfaces/include/robp_interfaces/robp_interfaces/msg/detail/encoders__rosidl_typesupport_fastrtps_c.h
[5.734s] -- Up-to-date symlink: /home/group1/dd2419_ws/install/robp_interfaces/include/robp_interfaces/robp_interfaces/msg/rosidl_typesupport_fastrtps_c__visibility_control.h
[5.734s] -- Up-to-date symlink: /home/group1/dd2419_ws/install/robp_interfaces/include/robp_interfaces/robp_interfaces/msg/detail/duty_cycles__rosidl_typesupport_introspection_c.h
[5.734s] -- Up-to-date symlink: /home/group1/dd2419_ws/install/robp_interfaces/include/robp_interfaces/robp_interfaces/msg/detail/encoders__rosidl_typesupport_introspection_c.h
[5.734s] -- Up-to-date symlink: /home/group1/dd2419_ws/install/robp_interfaces/include/robp_interfaces/robp_interfaces/msg/rosidl_typesupport_introspection_c__visibility_control.h
[5.734s] -- Up-to-date symlink: /home/group1/dd2419_ws/install/robp_interfaces/include/robp_interfaces/robp_interfaces/msg/detail/duty_cycles__builder.hpp
[5.735s] -- Up-to-date symlink: /home/group1/dd2419_ws/install/robp_interfaces/include/robp_interfaces/robp_interfaces/msg/detail/duty_cycles__struct.hpp
[5.735s] -- Up-to-date symlink: /home/group1/dd2419_ws/install/robp_interfaces/include/robp_interfaces/robp_interfaces/msg/detail/duty_cycles__traits.hpp
[5.735s] -- Up-to-date symlink: /home/group1/dd2419_ws/install/robp_interfaces/include/robp_interfaces/robp_interfaces/msg/detail/duty_cycles__type_support.hpp
[5.735s] -- Up-to-date symlink: /home/group1/dd2419_ws/install/robp_interfaces/include/robp_interfaces/robp_interfaces/msg/detail/encoders__builder.hpp
[5.735s] -- Up-to-date symlink: /home/group1/dd2419_ws/install/robp_interfaces/include/robp_interfaces/robp_interfaces/msg/detail/encoders__struct.hpp
[5.736s] -- Up-to-date symlink: /home/group1/dd2419_ws/install/robp_interfaces/include/robp_interfaces/robp_interfaces/msg/detail/encoders__traits.hpp
[5.736s] -- Up-to-date symlink: /home/group1/dd2419_ws/install/robp_interfaces/include/robp_interfaces/robp_interfaces/msg/detail/encoders__type_support.hpp
[5.736s] -- Up-to-date symlink: /home/group1/dd2419_ws/install/robp_interfaces/include/robp_interfaces/robp_interfaces/msg/duty_cycles.hpp
[5.736s] -- Up-to-date symlink: /home/group1/dd2419_ws/install/robp_interfaces/include/robp_interfaces/robp_interfaces/msg/encoders.hpp
[5.736s] -- Up-to-date symlink: /home/group1/dd2419_ws/install/robp_interfaces/include/robp_interfaces/robp_interfaces/msg/rosidl_generator_cpp__visibility_control.hpp
[5.736s] -- Up-to-date symlink: /home/group1/dd2419_ws/install/robp_interfaces/include/robp_interfaces/robp_interfaces/msg/detail/duty_cycles__rosidl_typesupport_fastrtps_cpp.hpp
[5.737s] -- Up-to-date symlink: /home/group1/dd2419_ws/install/robp_interfaces/include/robp_interfaces/robp_interfaces/msg/detail/encoders__rosidl_typesupport_fastrtps_cpp.hpp
[5.737s] -- Up-to-date symlink: /home/group1/dd2419_ws/install/robp_interfaces/include/robp_interfaces/robp_interfaces/msg/rosidl_typesupport_fastrtps_cpp__visibility_control.h
[5.738s] -- Up-to-date symlink: /home/group1/dd2419_ws/install/robp_interfaces/include/robp_interfaces/robp_interfaces/msg/detail/duty_cycles__rosidl_typesupport_introspection_cpp.hpp
[5.738s] -- Up-to-date symlink: /home/group1/dd2419_ws/install/robp_interfaces/include/robp_interfaces/robp_interfaces/msg/detail/encoders__rosidl_typesupport_introspection_cpp.hpp
[5.738s] -- Up-to-date symlink: /home/group1/dd2419_ws/install/robp_interfaces/share/robp_interfaces/environment/pythonpath.sh
[5.738s] -- Up-to-date symlink: /home/group1/dd2419_ws/install/robp_interfaces/share/robp_interfaces/environment/pythonpath.dsv
[5.738s] -- Up-to-date symlink: /home/group1/dd2419_ws/install/robp_interfaces/lib/python3.12/site-packages/robp_interfaces-1.0.0-py3.12.egg-info/PKG-INFO
[5.739s] -- Up-to-date symlink: /home/group1/dd2419_ws/install/robp_interfaces/lib/python3.12/site-packages/robp_interfaces-1.0.0-py3.12.egg-info/SOURCES.txt
[5.739s] -- Up-to-date symlink: /home/group1/dd2419_ws/install/robp_interfaces/lib/python3.12/site-packages/robp_interfaces-1.0.0-py3.12.egg-info/dependency_links.txt
[5.739s] -- Up-to-date symlink: /home/group1/dd2419_ws/install/robp_interfaces/lib/python3.12/site-packages/robp_interfaces-1.0.0-py3.12.egg-info/top_level.txt
[5.739s] -- Up-to-date symlink: /home/group1/dd2419_ws/install/robp_interfaces/lib/python3.12/site-packages/robp_interfaces/__init__.py
[5.739s] -- Up-to-date symlink: /home/group1/dd2419_ws/install/robp_interfaces/lib/python3.12/site-packages/robp_interfaces/_robp_interfaces_s.ep.rosidl_typesupport_c.c
[5.739s] -- Up-to-date symlink: /home/group1/dd2419_ws/install/robp_interfaces/lib/python3.12/site-packages/robp_interfaces/_robp_interfaces_s.ep.rosidl_typesupport_fastrtps_c.c
[5.740s] -- Up-to-date symlink: /home/group1/dd2419_ws/install/robp_interfaces/lib/python3.12/site-packages/robp_interfaces/_robp_interfaces_s.ep.rosidl_typesupport_introspection_c.c
[5.740s] -- Up-to-date symlink: /home/group1/dd2419_ws/install/robp_interfaces/lib/python3.12/site-packages/robp_interfaces/msg/__init__.py
[5.741s] -- Up-to-date symlink: /home/group1/dd2419_ws/install/robp_interfaces/lib/python3.12/site-packages/robp_interfaces/msg/_duty_cycles.py
[5.741s] -- Up-to-date symlink: /home/group1/dd2419_ws/install/robp_interfaces/lib/python3.12/site-packages/robp_interfaces/msg/_duty_cycles_s.c
[5.741s] -- Up-to-date symlink: /home/group1/dd2419_ws/install/robp_interfaces/lib/python3.12/site-packages/robp_interfaces/msg/_encoders.py
[5.741s] -- Up-to-date symlink: /home/group1/dd2419_ws/install/robp_interfaces/lib/python3.12/site-packages/robp_interfaces/msg/_encoders_s.c
[5.741s] -- Up-to-date symlink: /home/group1/dd2419_ws/install/robp_interfaces/lib/python3.12/site-packages/robp_interfaces/robp_interfaces_s__rosidl_typesupport_c.so
[5.741s] -- Up-to-date symlink: /home/group1/dd2419_ws/install/robp_interfaces/lib/python3.12/site-packages/robp_interfaces/robp_interfaces_s__rosidl_typesupport_fastrtps_c.so
[5.742s] -- Up-to-date symlink: /home/group1/dd2419_ws/install/robp_interfaces/lib/python3.12/site-packages/robp_interfaces/robp_interfaces_s__rosidl_typesupport_introspection_c.so
[5.742s] -- Up-to-date symlink: /home/group1/dd2419_ws/install/robp_interfaces/lib/python3.12/site-packages/robp_interfaces/robp_interfaces_s__rosidl_typesupport_fastrtps_c.so
[5.743s] -- Up-to-date symlink: /home/group1/dd2419_ws/install/robp_interfaces/lib/python3.12/site-packages/robp_interfaces/robp_interfaces_s__rosidl_typesupport_introspection_c.so
[5.743s] -- Up-to-date symlink: /home/group1/dd2419_ws/install/robp_interfaces/lib/python3.12/site-packages/robp_interfaces/robp_interfaces_s__rosidl_typesupport_c.so
[5.743s] -- Up-to-date symlink: /home/group1/dd2419_ws/install/robp_interfaces/share/robp_interfaces/msg/DutyCycles.idl
[5.744s] -- Up-to-date symlink: /home/group1/dd2419_ws/install/robp_interfaces/share/robp_interfaces/msg/Encoders.idl
[5.744s] -- Up-to-date symlink: /home/group1/dd2419_ws/install/robp_interfaces/share/robp_interfaces/msg/DutyCycles.msg
[5.744s] -- Up-to-date symlink: /home/group1/dd2419_ws/install/robp_interfaces/share/robp_interfaces/msg/Encoders.msg
[5.744s] -- Up-to-date symlink: /home/group1/dd2419_ws/install/robp_interfaces/share/ament_index/resource_index/package_run_dependencies/robp_interfaces
[5.744s] -- Up-to-date symlink: /home/group1/dd2419_ws/install/robp_interfaces/share/ament_index/resource_index/parent_prefix_path/robp_interfaces
[5.744s] -- Up-to-date symlink: /home/group1/dd2419_ws/install/robp_interfaces/share/robp_interfaces/environment/ament_prefix_path.sh
[5.745s] -- Up-to-date symlink: /home/group1/dd2419_ws/install/robp_interfaces/share/robp_interfaces/environment/ament_prefix_path.dsv
[5.745s] -- Up-to-date symlink: /home/group1/dd2419_ws/install/robp_interfaces/share/robp_interfaces/environment/path.sh
[5.745s] -- Up-to-date symlink: /home/group1/dd2419_ws/install/robp_interfaces/share/robp_interfaces/environment/path.dsv
[5.745s] -- Up-to-date symlink: /home/group1/dd2419_ws/install/robp_interfaces/share/robp_interfaces/local_setup.bash
[5.745s] -- Up-to-date symlink: /home/group1/dd2419_ws/install/robp_interfaces/share/robp_interfaces/local_setup.sh
[5.745s] -- Up-to-date symlink: /home/group1/dd2419_ws/install/robp_interfaces/share/robp_interfaces/local_setup.zsh
[5.746s] -- Up-to-date symlink: /home/group1/dd2419_ws/install/robp_interfaces/share/robp_interfaces/local_setup.dsv
[5.746s] -- Symlinking: /home/group1/dd2419_ws/install/robp_interfaces/share/robp_interfaces/package.dsv
[5.755s] -- Up-to-date symlink: /home/group1/dd2419_ws/install/robp_interfaces/share/ament_index/resource_index/packages/robp_interfaces
[5.756s] -- Up-to-date symlink: /home/group1/dd2419_ws/install/robp_interfaces/share/robp_interfaces/cmake/rosidl_cmake-extras.cmake
[5.756s] -- Up-to-date symlink: /home/group1/dd2419_ws/install/robp_interfaces/share/robp_interfaces/cmake/ament_cmake_export_dependencies-extras.cmake
[5.756s] -- Up-to-date symlink: /home/group1/dd2419_ws/install/robp_interfaces/share/robp_interfaces/cmake/ament_cmake_export_include_directories-extras.cmake
[5.756s] -- Up-to-date symlink: /home/group1/dd2419_ws/install/robp_interfaces/share/robp_interfaces/cmake/ament_cmake_export_libraries-extras.cmake
[5.756s] -- Up-to-date symlink: /home/group1/dd2419_ws/install/robp_interfaces/share/robp_interfaces/cmake/ament_cmake_export_targets-extras.cmake
[5.756s] -- Up-to-date symlink: /home/group1/dd2419_ws/install/robp_interfaces/share/robp_interfaces/cmake/rosidl_cmake_export_typesupport_targets-extras.cmake
[5.757s] -- Up-to-date symlink: /home/group1/dd2419_ws/install/robp_interfaces/share/robp_interfaces/cmake/rosidl_cmake_export_typesupport_libraries-extras.cmake
[5.757s] -- Up-to-date symlink: /home/group1/dd2419_ws/install/robp_interfaces/share/robp_interfaces/cmake/robp_interfacesConfig.cmake
[5.757s] -- Up-to-date symlink: /home/group1/dd2419_ws/install/robp_interfaces/share/robp_interfaces/cmake/robp_interfacesConfig-version.cmake
[5.757s] -- Up-to-date symlink: /home/group1/dd2419_ws/install/robp_interfaces/share/robp_interfaces/package.xml
[5.757s] -- Installing: /home/group1/dd2419_ws/install/robp_interfaces/lib/librobp_interfaces__rosidl_generator_c.so
[5.758s] -- Set non-toolchain portion of runtime path of "/home/group1/dd2419_ws/install/robp_interfaces/lib/librobp_interfaces__rosidl_generator_c.so" to ""
[5.758s] -- Installing: /home/group1/dd2419_ws/install/robp_interfaces/lib/librobp_interfaces__rosidl_typesupport_fastrtps_c.so
[5.758s] -- Set non-toolchain portion of runtime path of "/home/group1/dd2419_ws/install/robp_interfaces/lib/librobp_interfaces__rosidl_typesupport_fastrtps_c.so" to ""
[5.758s] -- Installing: /home/group1/dd2419_ws/install/robp_interfaces/lib/librobp_interfaces__rosidl_typesupport_introspection_c.so
[5.759s] -- Set non-toolchain portion of runtime path of "/home/group1/dd2419_ws/install/robp_interfaces/lib/librobp_interfaces__rosidl_typesupport_introspection_c.so" to ""
[5.759s] -- Installing: /home/group1/dd2419_ws/install/robp_interfaces/lib/librobp_interfaces__rosidl_typesupport_c.so
[5.759s] -- Set non-toolchain portion of runtime path of "/home/group1/dd2419_ws/install/robp_interfaces/lib/librobp_interfaces__rosidl_typesupport_c.so" to ""
[5.759s] -- Installing: /home/group1/dd2419_ws/install/robp_interfaces/lib/librobp_interfaces__rosidl_typesupport_fastrtps_cpp.so
[5.760s] -- Set non-toolchain portion of runtime path of "/home/group1/dd2419_ws/install/robp_interfaces/lib/librobp_interfaces__rosidl_typesupport_fastrtps_cpp.so" to ""
[5.760s] -- Installing: /home/group1/dd2419_ws/install/robp_interfaces/lib/librobp_interfaces__rosidl_typesupport_introspection_cpp.so
[5.760s] -- Set non-toolchain portion of runtime path of "/home/group1/dd2419_ws/install/robp_interfaces/lib/librobp_interfaces__rosidl_typesupport_introspection_cpp.so" to ""
[5.760s] -- Installing: /home/group1/dd2419_ws/install/robp_interfaces/lib/librobp_interfaces__rosidl_typesupport_cpp.so
[5.761s] -- Set non-toolchain portion of runtime path of "/home/group1/dd2419_ws/install/robp_interfaces/lib/librobp_interfaces__rosidl_typesupport_cpp.so" to ""
[5.833s] Listing '/home/group1/dd2419_ws/install/robp_interfaces/lib/python3.12/site-packages/robp_interfaces'...
[5.834s] Compiling '/home/group1/dd2419_ws/install/robp_interfaces/lib/python3.12/site-packages/robp_interfaces/__init__.py'...
[5.834s] Listing '/home/group1/dd2419_ws/install/robp_interfaces/lib/python3.12/site-packages/robp_interfaces/msg'...
[5.841s] -- Installing: /home/group1/dd2419_ws/install/robp_interfaces/lib/librobp_interfaces__rosidl_generator_py.so
[5.842s] -- Set non-toolchain portion of runtime path of "/home/group1/dd2419_ws/install/robp_interfaces/lib/librobp_interfaces__rosidl_generator_py.so" to ""
[5.842s] -- Installing: /home/group1/dd2419_ws/install/robp_interfaces/share/robp_interfaces/cmake/export_robp_interfaces__rosidl_generator_cExport.cmake
[5.842s] -- Installing: /home/group1/dd2419_ws/install/robp_interfaces/share/robp_interfaces/cmake/export_robp_interfaces__rosidl_generator_cExport-noconfig.cmake
[5.842s] -- Installing: /home/group1/dd2419_ws/install/robp_interfaces/share/robp_interfaces/cmake/export_robp_interfaces__rosidl_typesupport_fastrtps_cExport.cmake
[5.842s] -- Installing: /home/group1/dd2419_ws/install/robp_interfaces/share/robp_interfaces/cmake/export_robp_interfaces__rosidl_typesupport_fastrtps_cExport-noconfig.cmake
[5.843s] -- Installing: /home/group1/dd2419_ws/install/robp_interfaces/share/robp_interfaces/cmake/robp_interfaces__rosidl_typesupport_introspection_cExport.cmake
[5.843s] -- Installing: /home/group1/dd2419_ws/install/robp_interfaces/share/robp_interfaces/cmake/robp_interfaces__rosidl_typesupport_introspection_cExport-noconfig.cmake
[5.843s] -- Installing: /home/group1/dd2419_ws/install/robp_interfaces/share/robp_interfaces/cmake/robp_interfaces__rosidl_typesupport_cExport.cmake
[5.843s] -- Installing: /home/group1/dd2419_ws/install/robp_interfaces/share/robp_interfaces/cmake/robp_interfaces__rosidl_typesupport_cExport-noconfig.cmake
[5.843s] -- Installing: /home/group1/dd2419_ws/install/robp_interfaces/share/robp_interfaces/cmake/export_robp_interfaces__rosidl_generator_cppExport.cmake
[5.843s] -- Installing: /home/group1/dd2419_ws/install/robp_interfaces/share/robp_interfaces/cmake/export_robp_interfaces__rosidl_typesupport_fastrtps_cppExport.cmake
[5.844s] -- Installing: /home/group1/dd2419_ws/install/robp_interfaces/share/robp_interfaces/cmake/export_robp_interfaces__rosidl_typesupport_fastrtps_cppExport-noconfig.cmake
[5.844s] -- Installing: /home/group1/dd2419_ws/install/robp_interfaces/share/robp_interfaces/cmake/robp_interfaces__rosidl_typesupport_introspection_cppExport.cmake
[5.844s] -- Installing: /home/group1/dd2419_ws/install/robp_interfaces/share/robp_interfaces/cmake/robp_interfaces__rosidl_typesupport_introspection_cppExport-noconfig.cmake
[5.844s] -- Installing: /home/group1/dd2419_ws/install/robp_interfaces/share/robp_interfaces/cmake/robp_interfaces__rosidl_typesupport_cppExport.cmake
[5.844s] -- Installing: /home/group1/dd2419_ws/install/robp_interfaces/share/robp_interfaces/cmake/robp_interfaces__rosidl_typesupport_cppExport-noconfig.cmake
[5.845s] -- Installing: /home/group1/dd2419_ws/install/robp_interfaces/share/robp_interfaces/cmake/export_robp_interfaces__rosidl_generator_pyExport.cmake
[5.845s] -- Installing: /home/group1/dd2419_ws/install/robp_interfaces/share/robp_interfaces/cmake/export_robp_interfaces__rosidl_generator_pyExport-noconfig.cmake
[5.847s] Invoked command in '/home/group1/dd2419_ws/build/robp_interfaces' returned '0': CMAKE_PREFIX_PATH=${CMAKE_PREFIX_PATH}:/home/group1/dd2419_ws/install/robp_launch:/home/group1/dd2419_ws/install/robot_odometry:/home/group1/dd2419_ws/install/pickup:/home/group1/dd2419_ws/install/odometry:/home/group1/dd2419_ws/install/lidar:/home/group1/dd2419_ws/install/display:/home/group1/dd2419_ws/install/detection:/home/group1/dd2419_ws/install/controller:/home/group1/dd2419_ws/install/arm_servos_pubs_subs:/opt/ros/jazzy DEBUGINFOD_URLS=https://debuginfod.ubuntu.com /usr/bin/cmake --install /home/group1/dd2419_ws/build/robp_interfaces
