[3.937s] Invoking command in '/home/group1/dd2419_ws/build/detection': DEBUGINFOD_URLS=https://debuginfod.ubuntu.com PYTHONPATH=/home/group1/dd2419_ws/build/detection/prefix_override:/usr/lib/python3/dist-packages/colcon_core/task/python/colcon_distutils_commands:/home/group1/dd2419_ws/install/detection/lib/python3.12/site-packages:${PYTHONPATH} /usr/bin/python3 -W ignore:setup.py install is deprecated -W ignore:easy_install command is deprecated setup.py develop --editable --build-directory /home/group1/dd2419_ws/build/detection/build --no-deps symlink_data
[4.670s] running develop
[5.235s] running egg_info
[5.286s] writing detection.egg-info/PKG-INFO
[5.286s] writing dependency_links to detection.egg-info/dependency_links.txt
[5.286s] writing entry points to detection.egg-info/entry_points.txt
[5.286s] writing requirements to detection.egg-info/requires.txt
[5.287s] writing top-level names to detection.egg-info/top_level.txt
[5.380s] reading manifest file 'detection.egg-info/SOURCES.txt'
[5.383s] writing manifest file 'detection.egg-info/SOURCES.txt'
[5.467s] running build_ext
[5.468s] Creating /home/group1/dd2419_ws/install/detection/lib/python3.12/site-packages/detection.egg-link (link to .)
[5.469s] Installing detection script to /home/group1/dd2419_ws/install/detection/lib/detection
[5.470s] Installing obj_detection script to /home/group1/dd2419_ws/install/detection/lib/detection
[5.471s] 
[5.471s] Installed /home/group1/dd2419_ws/build/detection
[5.471s] running symlink_data
[5.472s] creating /home/group1/dd2419_ws/install/detection/share/ament_index
[5.472s] creating /home/group1/dd2419_ws/install/detection/share/ament_index/resource_index
[5.473s] creating /home/group1/dd2419_ws/install/detection/share/ament_index/resource_index/packages
[5.473s] symbolically linking /home/group1/dd2419_ws/build/detection/resource/detection -> /home/group1/dd2419_ws/install/detection/share/ament_index/resource_index/packages
[5.473s] symbolically linking /home/group1/dd2419_ws/build/detection/package.xml -> /home/group1/dd2419_ws/install/detection/share/detection
[5.551s] Invoked command in '/home/group1/dd2419_ws/build/detection' returned '0': DEBUGINFOD_URLS=https://debuginfod.ubuntu.com PYTHONPATH=/home/group1/dd2419_ws/build/detection/prefix_override:/usr/lib/python3/dist-packages/colcon_core/task/python/colcon_distutils_commands:/home/group1/dd2419_ws/install/detection/lib/python3.12/site-packages:${PYTHONPATH} /usr/bin/python3 -W ignore:setup.py install is deprecated -W ignore:easy_install command is deprecated setup.py develop --editable --build-directory /home/group1/dd2419_ws/build/detection/build --no-deps symlink_data
