[2.151s] Invoking command in '/home/group1/dd2419_ws/build/stearing': DEBUGINFOD_URLS=https://debuginfod.ubuntu.com PYTHONPATH=/home/group1/dd2419_ws/build/stearing/prefix_override:/usr/lib/python3/dist-packages/colcon_core/task/python/colcon_distutils_commands:/home/group1/dd2419_ws/install/stearing/lib/python3.12/site-packages:${PYTHONPATH} /usr/bin/python3 -W ignore:setup.py install is deprecated -W ignore:easy_install command is deprecated setup.py develop --editable --build-directory /home/group1/dd2419_ws/build/stearing/build --no-deps symlink_data
[2.903s] running develop
[3.390s] running egg_info
[3.390s] creating stearing.egg-info
[3.434s] writing stearing.egg-info/PKG-INFO
[3.435s] writing dependency_links to stearing.egg-info/dependency_links.txt
[3.435s] writing entry points to stearing.egg-info/entry_points.txt
[3.436s] writing requirements to stearing.egg-info/requires.txt
[3.437s] writing top-level names to stearing.egg-info/top_level.txt
[3.437s] writing manifest file 'stearing.egg-info/SOURCES.txt'
[3.516s] reading manifest file 'stearing.egg-info/SOURCES.txt'
[3.516s] writing manifest file 'stearing.egg-info/SOURCES.txt'
[3.558s] running build_ext
[3.558s] Creating /home/group1/dd2419_ws/install/stearing/lib/python3.12/site-packages/stearing.egg-link (link to .)
[3.559s] Installing auto_controll script to /home/group1/dd2419_ws/install/stearing/lib/stearing
[3.559s] Installing wheel_controll script to /home/group1/dd2419_ws/install/stearing/lib/stearing
[3.561s] 
[3.563s] Installed /home/group1/dd2419_ws/build/stearing
[3.564s] running symlink_data
[3.564s] creating /home/group1/dd2419_ws/install/stearing/share/ament_index
[3.565s] creating /home/group1/dd2419_ws/install/stearing/share/ament_index/resource_index
[3.568s] creating /home/group1/dd2419_ws/install/stearing/share/ament_index/resource_index/packages
[3.569s] symbolically linking /home/group1/dd2419_ws/build/stearing/resource/stearing -> /home/group1/dd2419_ws/install/stearing/share/ament_index/resource_index/packages
[3.569s] symbolically linking /home/group1/dd2419_ws/build/stearing/package.xml -> /home/group1/dd2419_ws/install/stearing/share/stearing
[3.635s] Invoked command in '/home/group1/dd2419_ws/build/stearing' returned '0': DEBUGINFOD_URLS=https://debuginfod.ubuntu.com PYTHONPATH=/home/group1/dd2419_ws/build/stearing/prefix_override:/usr/lib/python3/dist-packages/colcon_core/task/python/colcon_distutils_commands:/home/group1/dd2419_ws/install/stearing/lib/python3.12/site-packages:${PYTHONPATH} /usr/bin/python3 -W ignore:setup.py install is deprecated -W ignore:easy_install command is deprecated setup.py develop --editable --build-directory /home/group1/dd2419_ws/build/stearing/build --no-deps symlink_data
