[1.304s] Invoking command in '/home/group1/dd2419_ws/build/pickup': DEBUGINFOD_URLS=https://debuginfod.ubuntu.com PYTHONPATH=/home/group1/dd2419_ws/build/pickup/prefix_override:/usr/lib/python3/dist-packages/colcon_core/task/python/colcon_distutils_commands:/home/group1/dd2419_ws/install/pickup/lib/python3.12/site-packages:${PYTHONPATH} /usr/bin/python3 -W ignore:setup.py install is deprecated -W ignore:easy_install command is deprecated setup.py develop --editable --build-directory /home/group1/dd2419_ws/build/pickup/build --no-deps symlink_data
[1.992s] running develop
[2.449s] running egg_info
[2.450s] creating pickup.egg-info
[2.488s] writing pickup.egg-info/PKG-INFO
[2.491s] writing dependency_links to pickup.egg-info/dependency_links.txt
[2.492s] writing entry points to pickup.egg-info/entry_points.txt
[2.492s] writing requirements to pickup.egg-info/requires.txt
[2.492s] writing top-level names to pickup.egg-info/top_level.txt
[2.492s] writing manifest file 'pickup.egg-info/SOURCES.txt'
[2.587s] reading manifest file 'pickup.egg-info/SOURCES.txt'
[2.588s] writing manifest file 'pickup.egg-info/SOURCES.txt'
[2.634s] running build_ext
[2.634s] Creating /home/group1/dd2419_ws/install/pickup/lib/python3.12/site-packages/pickup.egg-link (link to .)
[2.634s] Installing pickup script to /home/group1/dd2419_ws/install/pickup/lib/pickup
[2.634s] 
[2.634s] Installed /home/group1/dd2419_ws/build/pickup
[2.635s] running symlink_data
[2.635s] creating /home/group1/dd2419_ws/install/pickup/share/ament_index
[2.636s] creating /home/group1/dd2419_ws/install/pickup/share/ament_index/resource_index
[2.636s] creating /home/group1/dd2419_ws/install/pickup/share/ament_index/resource_index/packages
[2.637s] symbolically linking /home/group1/dd2419_ws/build/pickup/resource/pickup -> /home/group1/dd2419_ws/install/pickup/share/ament_index/resource_index/packages
[2.637s] symbolically linking /home/group1/dd2419_ws/build/pickup/package.xml -> /home/group1/dd2419_ws/install/pickup/share/pickup
[2.710s] Invoked command in '/home/group1/dd2419_ws/build/pickup' returned '0': DEBUGINFOD_URLS=https://debuginfod.ubuntu.com PYTHONPATH=/home/group1/dd2419_ws/build/pickup/prefix_override:/usr/lib/python3/dist-packages/colcon_core/task/python/colcon_distutils_commands:/home/group1/dd2419_ws/install/pickup/lib/python3.12/site-packages:${PYTHONPATH} /usr/bin/python3 -W ignore:setup.py install is deprecated -W ignore:easy_install command is deprecated setup.py develop --editable --build-directory /home/group1/dd2419_ws/build/pickup/build --no-deps symlink_data
