[0.166s] Invoking command in '/home/robot/dd2419_ws/build/robp_interfaces': CMAKE_PREFIX_PATH=${CMAKE_PREFIX_PATH}:/home/robot/dd2419_ws/install/stearing:/home/robot/dd2419_ws/install/robp_launch:/home/robot/dd2419_ws/install/robot_odometry:/home/robot/dd2419_ws/install/pickup:/home/robot/dd2419_ws/install/odometry:/home/robot/dd2419_ws/install/lidar:/home/robot/dd2419_ws/install/display:/home/robot/dd2419_ws/install/detection:/home/robot/dd2419_ws/install/controller:/home/robot/dd2419_ws/install/arm_servos_pubs_subs:/opt/ros/jazzy DEBUGINFOD_URLS=https://debuginfod.ubuntu.com /usr/bin/cmake --build /home/robot/dd2419_ws/build/robp_interfaces -- -j12 -l12
[3.629s] [  2%] Built target robp_interfaces__rosidl_generator_type_description
[3.629s] [  2%] Built target ament_cmake_python_symlink_robp_interfaces
[3.630s] [  4%] Built target robp_interfaces__cpp
[3.630s] [ 22%] Built target robp_interfaces__rosidl_generator_c
[3.630s] [ 31%] Built target robp_interfaces__rosidl_typesupport_introspection_c
[3.631s] [ 40%] Built target robp_interfaces__rosidl_typesupport_introspection_cpp
[3.631s] [ 50%] Built target robp_interfaces__rosidl_typesupport_c
[3.631s] [ 59%] Built target robp_interfaces__rosidl_typesupport_cpp
[3.631s] [ 75%] Built target robp_interfaces__rosidl_typesupport_fastrtps_c
[3.631s] [ 77%] Built target robp_interfaces__rosidl_typesupport_fastrtps_cpp
[3.631s] [ 77%] Built target robp_interfaces
[3.632s] [ 79%] Built target robp_interfaces__py
[3.632s] [ 86%] Built target robp_interfaces__rosidl_generator_py
[3.632s] [ 95%] Built target robp_interfaces_s__rosidl_typesupport_c
[3.632s] [ 95%] Built target robp_interfaces_s__rosidl_typesupport_fastrtps_c
[3.632s] [100%] Built target robp_interfaces_s__rosidl_typesupport_introspection_c
[3.632s] running egg_info
[3.632s] writing robp_interfaces.egg-info/PKG-INFO
[3.632s] writing dependency_links to robp_interfaces.egg-info/dependency_links.txt
[3.632s] writing top-level names to robp_interfaces.egg-info/top_level.txt
[3.633s] reading manifest file 'robp_interfaces.egg-info/SOURCES.txt'
[3.633s] writing manifest file 'robp_interfaces.egg-info/SOURCES.txt'
[3.633s] [100%] Built target ament_cmake_python_build_robp_interfaces_egg
[3.635s] Invoked command in '/home/robot/dd2419_ws/build/robp_interfaces' returned '0': CMAKE_PREFIX_PATH=${CMAKE_PREFIX_PATH}:/home/robot/dd2419_ws/install/stearing:/home/robot/dd2419_ws/install/robp_launch:/home/robot/dd2419_ws/install/robot_odometry:/home/robot/dd2419_ws/install/pickup:/home/robot/dd2419_ws/install/odometry:/home/robot/dd2419_ws/install/lidar:/home/robot/dd2419_ws/install/display:/home/robot/dd2419_ws/install/detection:/home/robot/dd2419_ws/install/controller:/home/robot/dd2419_ws/install/arm_servos_pubs_subs:/opt/ros/jazzy DEBUGINFOD_URLS=https://debuginfod.ubuntu.com /usr/bin/cmake --build /home/robot/dd2419_ws/build/robp_interfaces -- -j12 -l12
[3.655s] Invoking command in '/home/robot/dd2419_ws/build/robp_interfaces': CMAKE_PREFIX_PATH=${CMAKE_PREFIX_PATH}:/home/robot/dd2419_ws/install/stearing:/home/robot/dd2419_ws/install/robp_launch:/home/robot/dd2419_ws/install/robot_odometry:/home/robot/dd2419_ws/install/pickup:/home/robot/dd2419_ws/install/odometry:/home/robot/dd2419_ws/install/lidar:/home/robot/dd2419_ws/install/display:/home/robot/dd2419_ws/install/detection:/home/robot/dd2419_ws/install/controller:/home/robot/dd2419_ws/install/arm_servos_pubs_subs:/opt/ros/jazzy DEBUGINFOD_URLS=https://debuginfod.ubuntu.com /usr/bin/cmake --install /home/robot/dd2419_ws/build/robp_interfaces
[4.069s] -- Install configuration: ""
[4.069s] -- Execute custom install script
[4.069s] -- Up-to-date symlink: /home/robot/dd2419_ws/install/robp_interfaces/share/ament_index/resource_index/rosidl_interfaces/robp_interfaces
[4.070s] -- Up-to-date symlink: /home/robot/dd2419_ws/install/robp_interfaces/share/robp_interfaces/msg/DutyCycles.json
[4.070s] -- Up-to-date symlink: /home/robot/dd2419_ws/install/robp_interfaces/share/robp_interfaces/msg/Encoders.json
[4.070s] -- Up-to-date symlink: /home/robot/dd2419_ws/install/robp_interfaces/include/robp_interfaces/robp_interfaces/msg/detail/duty_cycles__functions.h
[4.070s] -- Up-to-date symlink: /home/robot/dd2419_ws/install/robp_interfaces/include/robp_interfaces/robp_interfaces/msg/detail/duty_cycles__struct.h
[4.070s] -- Up-to-date symlink: /home/robot/dd2419_ws/install/robp_interfaces/include/robp_interfaces/robp_interfaces/msg/detail/duty_cycles__type_support.h
[4.070s] -- Up-to-date symlink: /home/robot/dd2419_ws/install/robp_interfaces/include/robp_interfaces/robp_interfaces/msg/detail/encoders__functions.h
[4.071s] -- Up-to-date symlink: /home/robot/dd2419_ws/install/robp_interfaces/include/robp_interfaces/robp_interfaces/msg/detail/encoders__struct.h
[4.071s] -- Up-to-date symlink: /home/robot/dd2419_ws/install/robp_interfaces/include/robp_interfaces/robp_interfaces/msg/detail/encoders__type_support.h
[4.071s] -- Up-to-date symlink: /home/robot/dd2419_ws/install/robp_interfaces/include/robp_interfaces/robp_interfaces/msg/duty_cycles.h
[4.071s] -- Up-to-date symlink: /home/robot/dd2419_ws/install/robp_interfaces/include/robp_interfaces/robp_interfaces/msg/encoders.h
[4.071s] -- Up-to-date symlink: /home/robot/dd2419_ws/install/robp_interfaces/include/robp_interfaces/robp_interfaces/msg/rosidl_generator_c__visibility_control.h
[4.071s] -- Up-to-date symlink: /home/robot/dd2419_ws/install/robp_interfaces/share/robp_interfaces/environment/library_path.sh
[4.071s] -- Up-to-date symlink: /home/robot/dd2419_ws/install/robp_interfaces/share/robp_interfaces/environment/library_path.dsv
[4.072s] -- Up-to-date symlink: /home/robot/dd2419_ws/install/robp_interfaces/include/robp_interfaces/robp_interfaces/msg/detail/duty_cycles__rosidl_typesupport_fastrtps_c.h
[4.072s] -- Up-to-date symlink: /home/robot/dd2419_ws/install/robp_interfaces/include/robp_interfaces/robp_interfaces/msg/detail/encoders__rosidl_typesupport_fastrtps_c.h
[4.072s] -- Up-to-date symlink: /home/robot/dd2419_ws/install/robp_interfaces/include/robp_interfaces/robp_interfaces/msg/rosidl_typesupport_fastrtps_c__visibility_control.h
[4.072s] -- Up-to-date symlink: /home/robot/dd2419_ws/install/robp_interfaces/include/robp_interfaces/robp_interfaces/msg/detail/duty_cycles__rosidl_typesupport_introspection_c.h
[4.073s] -- Up-to-date symlink: /home/robot/dd2419_ws/install/robp_interfaces/include/robp_interfaces/robp_interfaces/msg/detail/encoders__rosidl_typesupport_introspection_c.h
[4.073s] -- Up-to-date symlink: /home/robot/dd2419_ws/install/robp_interfaces/include/robp_interfaces/robp_interfaces/msg/rosidl_typesupport_introspection_c__visibility_control.h
[4.073s] -- Up-to-date symlink: /home/robot/dd2419_ws/install/robp_interfaces/include/robp_interfaces/robp_interfaces/msg/detail/duty_cycles__builder.hpp
[4.073s] -- Up-to-date symlink: /home/robot/dd2419_ws/install/robp_interfaces/include/robp_interfaces/robp_interfaces/msg/detail/duty_cycles__struct.hpp
[4.074s] -- Up-to-date symlink: /home/robot/dd2419_ws/install/robp_interfaces/include/robp_interfaces/robp_interfaces/msg/detail/duty_cycles__traits.hpp
[4.074s] -- Up-to-date symlink: /home/robot/dd2419_ws/install/robp_interfaces/include/robp_interfaces/robp_interfaces/msg/detail/duty_cycles__type_support.hpp
[4.074s] -- Up-to-date symlink: /home/robot/dd2419_ws/install/robp_interfaces/include/robp_interfaces/robp_interfaces/msg/detail/encoders__builder.hpp
[4.074s] -- Up-to-date symlink: /home/robot/dd2419_ws/install/robp_interfaces/include/robp_interfaces/robp_interfaces/msg/detail/encoders__struct.hpp
[4.074s] -- Up-to-date symlink: /home/robot/dd2419_ws/install/robp_interfaces/include/robp_interfaces/robp_interfaces/msg/detail/encoders__traits.hpp
[4.074s] -- Up-to-date symlink: /home/robot/dd2419_ws/install/robp_interfaces/include/robp_interfaces/robp_interfaces/msg/detail/encoders__type_support.hpp
[4.074s] -- Up-to-date symlink: /home/robot/dd2419_ws/install/robp_interfaces/include/robp_interfaces/robp_interfaces/msg/duty_cycles.hpp
[4.075s] -- Up-to-date symlink: /home/robot/dd2419_ws/install/robp_interfaces/include/robp_interfaces/robp_interfaces/msg/encoders.hpp
[4.075s] -- Up-to-date symlink: /home/robot/dd2419_ws/install/robp_interfaces/include/robp_interfaces/robp_interfaces/msg/rosidl_generator_cpp__visibility_control.hpp
[4.075s] -- Up-to-date symlink: /home/robot/dd2419_ws/install/robp_interfaces/include/robp_interfaces/robp_interfaces/msg/detail/duty_cycles__rosidl_typesupport_fastrtps_cpp.hpp
[4.075s] -- Up-to-date symlink: /home/robot/dd2419_ws/install/robp_interfaces/include/robp_interfaces/robp_interfaces/msg/detail/encoders__rosidl_typesupport_fastrtps_cpp.hpp
[4.075s] -- Up-to-date symlink: /home/robot/dd2419_ws/install/robp_interfaces/include/robp_interfaces/robp_interfaces/msg/rosidl_typesupport_fastrtps_cpp__visibility_control.h
[4.075s] -- Up-to-date symlink: /home/robot/dd2419_ws/install/robp_interfaces/include/robp_interfaces/robp_interfaces/msg/detail/duty_cycles__rosidl_typesupport_introspection_cpp.hpp
[4.076s] -- Up-to-date symlink: /home/robot/dd2419_ws/install/robp_interfaces/include/robp_interfaces/robp_interfaces/msg/detail/encoders__rosidl_typesupport_introspection_cpp.hpp
[4.076s] -- Up-to-date symlink: /home/robot/dd2419_ws/install/robp_interfaces/share/robp_interfaces/environment/pythonpath.sh
[4.076s] -- Up-to-date symlink: /home/robot/dd2419_ws/install/robp_interfaces/share/robp_interfaces/environment/pythonpath.dsv
[4.076s] -- Up-to-date symlink: /home/robot/dd2419_ws/install/robp_interfaces/lib/python3.12/site-packages/robp_interfaces-1.0.0-py3.12.egg-info/PKG-INFO
[4.076s] -- Up-to-date symlink: /home/robot/dd2419_ws/install/robp_interfaces/lib/python3.12/site-packages/robp_interfaces-1.0.0-py3.12.egg-info/SOURCES.txt
[4.077s] -- Up-to-date symlink: /home/robot/dd2419_ws/install/robp_interfaces/lib/python3.12/site-packages/robp_interfaces-1.0.0-py3.12.egg-info/dependency_links.txt
[4.077s] -- Up-to-date symlink: /home/robot/dd2419_ws/install/robp_interfaces/lib/python3.12/site-packages/robp_interfaces-1.0.0-py3.12.egg-info/top_level.txt
[4.077s] -- Up-to-date symlink: /home/robot/dd2419_ws/install/robp_interfaces/lib/python3.12/site-packages/robp_interfaces/__init__.py
[4.077s] -- Up-to-date symlink: /home/robot/dd2419_ws/install/robp_interfaces/lib/python3.12/site-packages/robp_interfaces/_robp_interfaces_s.ep.rosidl_typesupport_c.c
[4.077s] -- Up-to-date symlink: /home/robot/dd2419_ws/install/robp_interfaces/lib/python3.12/site-packages/robp_interfaces/_robp_interfaces_s.ep.rosidl_typesupport_fastrtps_c.c
[4.077s] -- Up-to-date symlink: /home/robot/dd2419_ws/install/robp_interfaces/lib/python3.12/site-packages/robp_interfaces/_robp_interfaces_s.ep.rosidl_typesupport_introspection_c.c
[4.077s] -- Up-to-date symlink: /home/robot/dd2419_ws/install/robp_interfaces/lib/python3.12/site-packages/robp_interfaces/msg/__init__.py
[4.078s] -- Up-to-date symlink: /home/robot/dd2419_ws/install/robp_interfaces/lib/python3.12/site-packages/robp_interfaces/msg/_duty_cycles.py
[4.078s] -- Up-to-date symlink: /home/robot/dd2419_ws/install/robp_interfaces/lib/python3.12/site-packages/robp_interfaces/msg/_duty_cycles_s.c
[4.078s] -- Up-to-date symlink: /home/robot/dd2419_ws/install/robp_interfaces/lib/python3.12/site-packages/robp_interfaces/msg/_encoders.py
[4.078s] -- Up-to-date symlink: /home/robot/dd2419_ws/install/robp_interfaces/lib/python3.12/site-packages/robp_interfaces/msg/_encoders_s.c
[4.078s] -- Up-to-date symlink: /home/robot/dd2419_ws/install/robp_interfaces/lib/python3.12/site-packages/robp_interfaces/robp_interfaces_s__rosidl_typesupport_c.so
[4.078s] -- Up-to-date symlink: /home/robot/dd2419_ws/install/robp_interfaces/lib/python3.12/site-packages/robp_interfaces/robp_interfaces_s__rosidl_typesupport_fastrtps_c.so
[4.078s] -- Up-to-date symlink: /home/robot/dd2419_ws/install/robp_interfaces/lib/python3.12/site-packages/robp_interfaces/robp_interfaces_s__rosidl_typesupport_introspection_c.so
[4.079s] -- Up-to-date symlink: /home/robot/dd2419_ws/install/robp_interfaces/lib/python3.12/site-packages/robp_interfaces/robp_interfaces_s__rosidl_typesupport_fastrtps_c.so
[4.079s] -- Up-to-date symlink: /home/robot/dd2419_ws/install/robp_interfaces/lib/python3.12/site-packages/robp_interfaces/robp_interfaces_s__rosidl_typesupport_introspection_c.so
[4.079s] -- Up-to-date symlink: /home/robot/dd2419_ws/install/robp_interfaces/lib/python3.12/site-packages/robp_interfaces/robp_interfaces_s__rosidl_typesupport_c.so
[4.079s] -- Up-to-date symlink: /home/robot/dd2419_ws/install/robp_interfaces/share/robp_interfaces/msg/DutyCycles.idl
[4.080s] -- Up-to-date symlink: /home/robot/dd2419_ws/install/robp_interfaces/share/robp_interfaces/msg/Encoders.idl
[4.080s] -- Up-to-date symlink: /home/robot/dd2419_ws/install/robp_interfaces/share/robp_interfaces/msg/DutyCycles.msg
[4.080s] -- Up-to-date symlink: /home/robot/dd2419_ws/install/robp_interfaces/share/robp_interfaces/msg/Encoders.msg
[4.080s] -- Up-to-date symlink: /home/robot/dd2419_ws/install/robp_interfaces/share/ament_index/resource_index/package_run_dependencies/robp_interfaces
[4.080s] -- Up-to-date symlink: /home/robot/dd2419_ws/install/robp_interfaces/share/ament_index/resource_index/parent_prefix_path/robp_interfaces
[4.080s] -- Up-to-date symlink: /home/robot/dd2419_ws/install/robp_interfaces/share/robp_interfaces/environment/ament_prefix_path.sh
[4.080s] -- Up-to-date symlink: /home/robot/dd2419_ws/install/robp_interfaces/share/robp_interfaces/environment/ament_prefix_path.dsv
[4.081s] -- Up-to-date symlink: /home/robot/dd2419_ws/install/robp_interfaces/share/robp_interfaces/environment/path.sh
[4.081s] -- Up-to-date symlink: /home/robot/dd2419_ws/install/robp_interfaces/share/robp_interfaces/environment/path.dsv
[4.081s] -- Up-to-date symlink: /home/robot/dd2419_ws/install/robp_interfaces/share/robp_interfaces/local_setup.bash
[4.081s] -- Up-to-date symlink: /home/robot/dd2419_ws/install/robp_interfaces/share/robp_interfaces/local_setup.sh
[4.081s] -- Up-to-date symlink: /home/robot/dd2419_ws/install/robp_interfaces/share/robp_interfaces/local_setup.zsh
[4.081s] -- Up-to-date symlink: /home/robot/dd2419_ws/install/robp_interfaces/share/robp_interfaces/local_setup.dsv
[4.081s] -- Symlinking: /home/robot/dd2419_ws/install/robp_interfaces/share/robp_interfaces/package.dsv
[4.082s] -- Up-to-date symlink: /home/robot/dd2419_ws/install/robp_interfaces/share/ament_index/resource_index/packages/robp_interfaces
[4.082s] -- Up-to-date symlink: /home/robot/dd2419_ws/install/robp_interfaces/share/robp_interfaces/cmake/rosidl_cmake-extras.cmake
[4.082s] -- Up-to-date symlink: /home/robot/dd2419_ws/install/robp_interfaces/share/robp_interfaces/cmake/ament_cmake_export_dependencies-extras.cmake
[4.082s] -- Up-to-date symlink: /home/robot/dd2419_ws/install/robp_interfaces/share/robp_interfaces/cmake/ament_cmake_export_include_directories-extras.cmake
[4.082s] -- Up-to-date symlink: /home/robot/dd2419_ws/install/robp_interfaces/share/robp_interfaces/cmake/ament_cmake_export_libraries-extras.cmake
[4.083s] -- Up-to-date symlink: /home/robot/dd2419_ws/install/robp_interfaces/share/robp_interfaces/cmake/ament_cmake_export_targets-extras.cmake
[4.083s] -- Up-to-date symlink: /home/robot/dd2419_ws/install/robp_interfaces/share/robp_interfaces/cmake/rosidl_cmake_export_typesupport_targets-extras.cmake
[4.083s] -- Up-to-date symlink: /home/robot/dd2419_ws/install/robp_interfaces/share/robp_interfaces/cmake/rosidl_cmake_export_typesupport_libraries-extras.cmake
[4.083s] -- Up-to-date symlink: /home/robot/dd2419_ws/install/robp_interfaces/share/robp_interfaces/cmake/robp_interfacesConfig.cmake
[4.083s] -- Up-to-date symlink: /home/robot/dd2419_ws/install/robp_interfaces/share/robp_interfaces/cmake/robp_interfacesConfig-version.cmake
[4.083s] -- Up-to-date symlink: /home/robot/dd2419_ws/install/robp_interfaces/share/robp_interfaces/package.xml
[4.084s] -- Up-to-date: /home/robot/dd2419_ws/install/robp_interfaces/lib/librobp_interfaces__rosidl_generator_c.so
[4.084s] -- Up-to-date: /home/robot/dd2419_ws/install/robp_interfaces/lib/librobp_interfaces__rosidl_typesupport_fastrtps_c.so
[4.084s] -- Up-to-date: /home/robot/dd2419_ws/install/robp_interfaces/lib/librobp_interfaces__rosidl_typesupport_introspection_c.so
[4.084s] -- Up-to-date: /home/robot/dd2419_ws/install/robp_interfaces/lib/librobp_interfaces__rosidl_typesupport_c.so
[4.084s] -- Up-to-date: /home/robot/dd2419_ws/install/robp_interfaces/lib/librobp_interfaces__rosidl_typesupport_fastrtps_cpp.so
[4.085s] -- Up-to-date: /home/robot/dd2419_ws/install/robp_interfaces/lib/librobp_interfaces__rosidl_typesupport_introspection_cpp.so
[4.085s] -- Up-to-date: /home/robot/dd2419_ws/install/robp_interfaces/lib/librobp_interfaces__rosidl_typesupport_cpp.so
[4.085s] Listing '/home/robot/dd2419_ws/install/robp_interfaces/lib/python3.12/site-packages/robp_interfaces'...
[4.085s] Listing '/home/robot/dd2419_ws/install/robp_interfaces/lib/python3.12/site-packages/robp_interfaces/msg'...
[4.085s] -- Up-to-date: /home/robot/dd2419_ws/install/robp_interfaces/lib/librobp_interfaces__rosidl_generator_py.so
[4.085s] -- Up-to-date: /home/robot/dd2419_ws/install/robp_interfaces/share/robp_interfaces/cmake/export_robp_interfaces__rosidl_generator_cExport.cmake
[4.086s] -- Up-to-date: /home/robot/dd2419_ws/install/robp_interfaces/share/robp_interfaces/cmake/export_robp_interfaces__rosidl_generator_cExport-noconfig.cmake
[4.086s] -- Up-to-date: /home/robot/dd2419_ws/install/robp_interfaces/share/robp_interfaces/cmake/export_robp_interfaces__rosidl_typesupport_fastrtps_cExport.cmake
[4.086s] -- Up-to-date: /home/robot/dd2419_ws/install/robp_interfaces/share/robp_interfaces/cmake/export_robp_interfaces__rosidl_typesupport_fastrtps_cExport-noconfig.cmake
[4.086s] -- Up-to-date: /home/robot/dd2419_ws/install/robp_interfaces/share/robp_interfaces/cmake/robp_interfaces__rosidl_typesupport_introspection_cExport.cmake
[4.086s] -- Up-to-date: /home/robot/dd2419_ws/install/robp_interfaces/share/robp_interfaces/cmake/robp_interfaces__rosidl_typesupport_introspection_cExport-noconfig.cmake
[4.086s] -- Up-to-date: /home/robot/dd2419_ws/install/robp_interfaces/share/robp_interfaces/cmake/robp_interfaces__rosidl_typesupport_cExport.cmake
[4.086s] -- Up-to-date: /home/robot/dd2419_ws/install/robp_interfaces/share/robp_interfaces/cmake/robp_interfaces__rosidl_typesupport_cExport-noconfig.cmake
[4.087s] -- Up-to-date: /home/robot/dd2419_ws/install/robp_interfaces/share/robp_interfaces/cmake/export_robp_interfaces__rosidl_generator_cppExport.cmake
[4.087s] -- Up-to-date: /home/robot/dd2419_ws/install/robp_interfaces/share/robp_interfaces/cmake/export_robp_interfaces__rosidl_typesupport_fastrtps_cppExport.cmake
[4.087s] -- Up-to-date: /home/robot/dd2419_ws/install/robp_interfaces/share/robp_interfaces/cmake/export_robp_interfaces__rosidl_typesupport_fastrtps_cppExport-noconfig.cmake
[4.087s] -- Up-to-date: /home/robot/dd2419_ws/install/robp_interfaces/share/robp_interfaces/cmake/robp_interfaces__rosidl_typesupport_introspection_cppExport.cmake
[4.088s] -- Up-to-date: /home/robot/dd2419_ws/install/robp_interfaces/share/robp_interfaces/cmake/robp_interfaces__rosidl_typesupport_introspection_cppExport-noconfig.cmake
[4.088s] -- Up-to-date: /home/robot/dd2419_ws/install/robp_interfaces/share/robp_interfaces/cmake/robp_interfaces__rosidl_typesupport_cppExport.cmake
[4.088s] -- Up-to-date: /home/robot/dd2419_ws/install/robp_interfaces/share/robp_interfaces/cmake/robp_interfaces__rosidl_typesupport_cppExport-noconfig.cmake
[4.088s] -- Up-to-date: /home/robot/dd2419_ws/install/robp_interfaces/share/robp_interfaces/cmake/export_robp_interfaces__rosidl_generator_pyExport.cmake
[4.089s] -- Up-to-date: /home/robot/dd2419_ws/install/robp_interfaces/share/robp_interfaces/cmake/export_robp_interfaces__rosidl_generator_pyExport-noconfig.cmake
[4.115s] Invoked command in '/home/robot/dd2419_ws/build/robp_interfaces' returned '0': CMAKE_PREFIX_PATH=${CMAKE_PREFIX_PATH}:/home/robot/dd2419_ws/install/stearing:/home/robot/dd2419_ws/install/robp_launch:/home/robot/dd2419_ws/install/robot_odometry:/home/robot/dd2419_ws/install/pickup:/home/robot/dd2419_ws/install/odometry:/home/robot/dd2419_ws/install/lidar:/home/robot/dd2419_ws/install/display:/home/robot/dd2419_ws/install/detection:/home/robot/dd2419_ws/install/controller:/home/robot/dd2419_ws/install/arm_servos_pubs_subs:/opt/ros/jazzy DEBUGINFOD_URLS=https://debuginfod.ubuntu.com /usr/bin/cmake --install /home/robot/dd2419_ws/build/robp_interfaces
