[2.953s] Invoking command in '/home/group1/dd2419_ws/build/odometry': DEBUGINFOD_URLS=https://debuginfod.ubuntu.com PYTHONPATH=/home/group1/dd2419_ws/build/odometry/prefix_override:/usr/lib/python3/dist-packages/colcon_core/task/python/colcon_distutils_commands:/home/group1/dd2419_ws/install/odometry/lib/python3.12/site-packages:${PYTHONPATH} /usr/bin/python3 -W ignore:setup.py install is deprecated -W ignore:easy_install command is deprecated setup.py develop --editable --build-directory /home/group1/dd2419_ws/build/odometry/build --no-deps symlink_data
[4.238s] running develop
[4.238s] running egg_info
[4.238s] creating odometry.egg-info
[4.238s] writing odometry.egg-info/PKG-INFO
[4.238s] writing dependency_links to odometry.egg-info/dependency_links.txt
[4.243s] writing entry points to odometry.egg-info/entry_points.txt
[4.243s] writing requirements to odometry.egg-info/requires.txt
[4.243s] writing top-level names to odometry.egg-info/top_level.txt
[4.244s] writing manifest file 'odometry.egg-info/SOURCES.txt'
[4.244s] reading manifest file 'odometry.egg-info/SOURCES.txt'
[4.244s] writing manifest file 'odometry.egg-info/SOURCES.txt'
[4.244s] running build_ext
[4.244s] Creating /home/group1/dd2419_ws/install/odometry/lib/python3.12/site-packages/odometry.egg-link (link to .)
[4.245s] error: [Errno 17] File exists: '/home/group1/dd2419_ws/build/odometry/resource/odometry' -> '/home/group1/dd2419_ws/install/odometry/share/ament_index/resource_index/packages/odometry'
[4.245s] Installing odometry script to /home/group1/dd2419_ws/install/odometry/lib/odometry
[4.245s] 
[4.245s] Installed /home/group1/dd2419_ws/build/odometry
[4.245s] running symlink_data
[4.246s] symbolically linking /home/group1/dd2419_ws/build/odometry/resource/odometry -> /home/group1/dd2419_ws/install/odometry/share/ament_index/resource_index/packages
