-- Found ament_cmake_ros: 0.12.0 (/opt/ros/jazzy/share/ament_cmake_ros/cmake)
-- Override CMake install command with custom implementation using symlinks instead of copying resources
-- Found angles: 1.16.0 (/opt/ros/jazzy/share/angles/cmake)
-- Found libphidget22: 2.3.3 (/opt/ros/jazzy/share/libphidget22/cmake)
-- Found phidgets_api: 2.3.3 (/opt/ros/jazzy/share/phidgets_api/cmake)
-- Found rclcpp: 28.1.6 (/opt/ros/jazzy/share/rclcpp/cmake)
-- Found rosidl_generator_c: 4.6.5 (/opt/ros/jazzy/share/rosidl_generator_c/cmake)
-- Found rosidl_generator_cpp: 4.6.5 (/opt/ros/jazzy/share/rosidl_generator_cpp/cmake)
-- Using all available rosidl_typesupport_c: rosidl_typesupport_fastrtps_c;rosidl_typesupport_introspection_c
-- Using all available rosidl_typesupport_cpp: rosidl_typesupport_fastrtps_cpp;rosidl_typesupport_introspection_cpp
-- Found rmw_implementation_cmake: 7.3.1 (/opt/ros/jazzy/share/rmw_implementation_cmake/cmake)
-- Found rmw_fastrtps_cpp: 8.4.1 (/opt/ros/jazzy/share/rmw_fastrtps_cpp/cmake)
-- Using RMW implementation 'rmw_fastrtps_cpp' as default
-- Found rclcpp_components: 28.1.6 (/opt/ros/jazzy/share/rclcpp_components/cmake)
-- Found robp_interfaces: 1.0.0 (/home/group1/dd2419_ws/install/robp_interfaces/share/robp_interfaces/cmake)
-- Found sensor_msgs: 5.3.5 (/opt/ros/jazzy/share/sensor_msgs/cmake)
-- Found std_srvs: 5.3.5 (/opt/ros/jazzy/share/std_srvs/cmake)
-- Found tf2: 0.36.8 (/opt/ros/jazzy/share/tf2/cmake)
-- Found tf2_geometry_msgs: 0.36.8 (/opt/ros/jazzy/share/tf2_geometry_msgs/cmake)
-- Found eigen3_cmake_module: 0.3.0 (/opt/ros/jazzy/share/eigen3_cmake_module/cmake)
-- Ensuring Eigen3 include directory is part of orocos-kdl CMake target
-- Configuring done (1.0s)
-- Generating done (0.0s)
-- Build files have been written to: /home/group1/dd2419_ws/build/robp_phidgets_spatial
[100%] Built target robp_phidgets_spatial
-- Install configuration: "Release"
-- Execute custom install script
-- Up-to-date symlink: /home/group1/dd2419_ws/install/robp_phidgets_spatial/lib/librobp_phidgets_spatial.so
-- Up-to-date symlink: /home/group1/dd2419_ws/install/robp_phidgets_spatial/include/robp_phidgets_spatial/spatial.hpp
-- Up-to-date symlink: /home/group1/dd2419_ws/install/robp_phidgets_spatial/share/robp_phidgets_spatial/launch/spatial_launch.py
-- Up-to-date symlink: /home/group1/dd2419_ws/install/robp_phidgets_spatial/share/ament_index/resource_index/package_run_dependencies/robp_phidgets_spatial
-- Up-to-date symlink: /home/group1/dd2419_ws/install/robp_phidgets_spatial/share/ament_index/resource_index/parent_prefix_path/robp_phidgets_spatial
-- Up-to-date symlink: /home/group1/dd2419_ws/install/robp_phidgets_spatial/share/robp_phidgets_spatial/environment/ament_prefix_path.sh
-- Up-to-date symlink: /home/group1/dd2419_ws/install/robp_phidgets_spatial/share/robp_phidgets_spatial/environment/ament_prefix_path.dsv
-- Up-to-date symlink: /home/group1/dd2419_ws/install/robp_phidgets_spatial/share/robp_phidgets_spatial/environment/path.sh
-- Up-to-date symlink: /home/group1/dd2419_ws/install/robp_phidgets_spatial/share/robp_phidgets_spatial/environment/path.dsv
-- Up-to-date symlink: /home/group1/dd2419_ws/install/robp_phidgets_spatial/share/robp_phidgets_spatial/local_setup.bash
-- Up-to-date symlink: /home/group1/dd2419_ws/install/robp_phidgets_spatial/share/robp_phidgets_spatial/local_setup.sh
-- Up-to-date symlink: /home/group1/dd2419_ws/install/robp_phidgets_spatial/share/robp_phidgets_spatial/local_setup.zsh
-- Up-to-date symlink: /home/group1/dd2419_ws/install/robp_phidgets_spatial/share/robp_phidgets_spatial/local_setup.dsv
-- Symlinking: /home/group1/dd2419_ws/install/robp_phidgets_spatial/share/robp_phidgets_spatial/package.dsv
-- Up-to-date symlink: /home/group1/dd2419_ws/install/robp_phidgets_spatial/share/ament_index/resource_index/packages/robp_phidgets_spatial
-- Up-to-date symlink: /home/group1/dd2419_ws/install/robp_phidgets_spatial/share/ament_index/resource_index/rclcpp_components/robp_phidgets_spatial
-- Up-to-date symlink: /home/group1/dd2419_ws/install/robp_phidgets_spatial/share/robp_phidgets_spatial/cmake/robp_phidgets_spatialConfig.cmake
-- Up-to-date symlink: /home/group1/dd2419_ws/install/robp_phidgets_spatial/share/robp_phidgets_spatial/cmake/robp_phidgets_spatialConfig-version.cmake
-- Up-to-date symlink: /home/group1/dd2419_ws/install/robp_phidgets_spatial/share/robp_phidgets_spatial/package.xml
