[2.162s] Invoking command in '/home/group1/dd2419_ws/build/steering': DEBUGINFOD_URLS=https://debuginfod.ubuntu.com PYTHONPATH=/home/group1/dd2419_ws/build/steering/prefix_override:/usr/lib/python3/dist-packages/colcon_core/task/python/colcon_distutils_commands:/home/group1/dd2419_ws/install/steering/lib/python3.12/site-packages:${PYTHONPATH} /usr/bin/python3 -W ignore:setup.py install is deprecated -W ignore:easy_install command is deprecated setup.py develop --editable --build-directory /home/group1/dd2419_ws/build/steering/build --no-deps symlink_data
[2.972s] running develop
[3.440s] running egg_info
[3.441s] creating steering.egg-info
[3.488s] writing steering.egg-info/PKG-INFO
[3.489s] writing dependency_links to steering.egg-info/dependency_links.txt
[3.489s] writing entry points to steering.egg-info/entry_points.txt
[3.490s] writing requirements to steering.egg-info/requires.txt
[3.490s] writing top-level names to steering.egg-info/top_level.txt
[3.490s] writing manifest file 'steering.egg-info/SOURCES.txt'
[3.583s] reading manifest file 'steering.egg-info/SOURCES.txt'
[3.585s] writing manifest file 'steering.egg-info/SOURCES.txt'
[3.629s] running build_ext
[3.630s] Creating /home/group1/dd2419_ws/install/steering/lib/python3.12/site-packages/steering.egg-link (link to .)
[3.631s] Installing auto_control script to /home/group1/dd2419_ws/install/steering/lib/steering
[3.632s] Installing wheel_control script to /home/group1/dd2419_ws/install/steering/lib/steering
[3.632s] 
[3.632s] Installed /home/group1/dd2419_ws/build/steering
[3.633s] running symlink_data
[3.633s] creating /home/group1/dd2419_ws/install/steering/share/ament_index
[3.634s] creating /home/group1/dd2419_ws/install/steering/share/ament_index/resource_index
[3.634s] creating /home/group1/dd2419_ws/install/steering/share/ament_index/resource_index/packages
[3.635s] symbolically linking /home/group1/dd2419_ws/build/steering/resource/steering -> /home/group1/dd2419_ws/install/steering/share/ament_index/resource_index/packages
[3.635s] symbolically linking /home/group1/dd2419_ws/build/steering/package.xml -> /home/group1/dd2419_ws/install/steering/share/steering
[3.721s] Invoked command in '/home/group1/dd2419_ws/build/steering' returned '0': DEBUGINFOD_URLS=https://debuginfod.ubuntu.com PYTHONPATH=/home/group1/dd2419_ws/build/steering/prefix_override:/usr/lib/python3/dist-packages/colcon_core/task/python/colcon_distutils_commands:/home/group1/dd2419_ws/install/steering/lib/python3.12/site-packages:${PYTHONPATH} /usr/bin/python3 -W ignore:setup.py install is deprecated -W ignore:easy_install command is deprecated setup.py develop --editable --build-directory /home/group1/dd2419_ws/build/steering/build --no-deps symlink_data
