[0.035s] Invoking command in '/home/robot/dd2419_ws/src/build/robp_phidgets_temperature': CMAKE_PREFIX_PATH=${CMAKE_PREFIX_PATH}:/home/robot/dd2419_ws/install/robp_launch:/home/robot/dd2419_ws/install/robot_odometry:/home/robot/dd2419_ws/install/pickup:/home/robot/dd2419_ws/install/odometry:/home/robot/dd2419_ws/install/lidar:/home/robot/dd2419_ws/install/display:/home/robot/dd2419_ws/install/detection:/home/robot/dd2419_ws/install/controller:/home/robot/dd2419_ws/install/arm_servos_pubs_subs:/opt/ros/jazzy DEBUGINFOD_URLS=https://debuginfod.ubuntu.com /usr/bin/cmake /home/robot/dd2419_ws/src/robp_robot/robp_phidgets/robp_phidgets_temperature -DCMAKE_INSTALL_PREFIX=/home/robot/dd2419_ws/src/install/robp_phidgets_temperature
[1.193s] -- robp_phidgets_temperature: You did not request a specific build type: Choosing 'Release' for maximum performance
[1.193s] -- The C compiler identification is GNU 13.3.0
[1.193s] -- The CXX compiler identification is GNU 13.3.0
[1.193s] -- Detecting C compiler ABI info
[1.193s] -- Detecting C compiler ABI info - done
[1.193s] -- Check for working C compiler: /usr/bin/cc - skipped
[1.193s] -- Detecting C compile features
[1.193s] -- Detecting C compile features - done
[1.193s] -- Detecting CXX compiler ABI info
[1.193s] -- Detecting CXX compiler ABI info - done
[1.193s] -- Check for working CXX compiler: /usr/bin/c++ - skipped
[1.193s] -- Detecting CXX compile features
[1.194s] -- Detecting CXX compile features - done
[1.194s] -- Found ament_cmake_ros: 0.12.0 (/opt/ros/jazzy/share/ament_cmake_ros/cmake)
[1.194s] -- Found Python3: /usr/bin/python3 (found version "3.12.3") found components: Interpreter 
[1.194s] -- Found libphidget22: 2.3.3 (/opt/ros/jazzy/share/libphidget22/cmake)
[1.194s] -- Found phidgets_api: 2.3.3 (/opt/ros/jazzy/share/phidgets_api/cmake)
[1.194s] -- Found rclcpp: 28.1.6 (/opt/ros/jazzy/share/rclcpp/cmake)
[1.194s] -- Found rosidl_generator_c: 4.6.5 (/opt/ros/jazzy/share/rosidl_generator_c/cmake)
[1.194s] -- Found rosidl_generator_cpp: 4.6.5 (/opt/ros/jazzy/share/rosidl_generator_cpp/cmake)
[1.194s] -- Using all available rosidl_typesupport_c: rosidl_typesupport_fastrtps_c;rosidl_typesupport_introspection_c
[1.194s] -- Using all available rosidl_typesupport_cpp: rosidl_typesupport_fastrtps_cpp;rosidl_typesupport_introspection_cpp
[1.194s] -- Found rmw_implementation_cmake: 7.3.1 (/opt/ros/jazzy/share/rmw_implementation_cmake/cmake)
[1.194s] -- Found rmw_fastrtps_cpp: 8.4.1 (/opt/ros/jazzy/share/rmw_fastrtps_cpp/cmake)
[1.194s] -- Found OpenSSL: /usr/lib/x86_64-linux-gnu/libcrypto.so (found version "3.0.13")  
[1.194s] -- Found FastRTPS: /opt/ros/jazzy/include (Required is at least version "2.13") 
[1.194s] -- Using RMW implementation 'rmw_fastrtps_cpp' as default
[1.194s] -- Found rclcpp_components: 28.1.6 (/opt/ros/jazzy/share/rclcpp_components/cmake)
[1.194s] -- Found sensor_msgs: 5.3.5 (/opt/ros/jazzy/share/sensor_msgs/cmake)
[1.194s] -- Configuring done (1.0s)
[1.194s] -- Generating done (0.0s)
[1.194s] -- Build files have been written to: /home/robot/dd2419_ws/src/build/robp_phidgets_temperature
[1.195s] Invoked command in '/home/robot/dd2419_ws/src/build/robp_phidgets_temperature' returned '0': CMAKE_PREFIX_PATH=${CMAKE_PREFIX_PATH}:/home/robot/dd2419_ws/install/robp_launch:/home/robot/dd2419_ws/install/robot_odometry:/home/robot/dd2419_ws/install/pickup:/home/robot/dd2419_ws/install/odometry:/home/robot/dd2419_ws/install/lidar:/home/robot/dd2419_ws/install/display:/home/robot/dd2419_ws/install/detection:/home/robot/dd2419_ws/install/controller:/home/robot/dd2419_ws/install/arm_servos_pubs_subs:/opt/ros/jazzy DEBUGINFOD_URLS=https://debuginfod.ubuntu.com /usr/bin/cmake /home/robot/dd2419_ws/src/robp_robot/robp_phidgets/robp_phidgets_temperature -DCMAKE_INSTALL_PREFIX=/home/robot/dd2419_ws/src/install/robp_phidgets_temperature
[1.196s] Invoking command in '/home/robot/dd2419_ws/src/build/robp_phidgets_temperature': CMAKE_PREFIX_PATH=${CMAKE_PREFIX_PATH}:/home/robot/dd2419_ws/install/robp_launch:/home/robot/dd2419_ws/install/robot_odometry:/home/robot/dd2419_ws/install/pickup:/home/robot/dd2419_ws/install/odometry:/home/robot/dd2419_ws/install/lidar:/home/robot/dd2419_ws/install/display:/home/robot/dd2419_ws/install/detection:/home/robot/dd2419_ws/install/controller:/home/robot/dd2419_ws/install/arm_servos_pubs_subs:/opt/ros/jazzy DEBUGINFOD_URLS=https://debuginfod.ubuntu.com /usr/bin/cmake --build /home/robot/dd2419_ws/src/build/robp_phidgets_temperature -- -j12 -l12
[1.245s] [ 50%] [32mBuilding CXX object CMakeFiles/robp_phidgets_temperature.dir/src/temperature.cpp.o[0m
[6.989s] [100%] [32m[1mLinking CXX shared library librobp_phidgets_temperature.so[0m
[7.395s] [100%] Built target robp_phidgets_temperature
