running develop
running egg_info
creating steering.egg-info
writing steering.egg-info/PKG-INFO
writing dependency_links to steering.egg-info/dependency_links.txt
writing entry points to steering.egg-info/entry_points.txt
writing requirements to steering.egg-info/requires.txt
writing top-level names to steering.egg-info/top_level.txt
writing manifest file 'steering.egg-info/SOURCES.txt'
reading manifest file 'steering.egg-info/SOURCES.txt'
writing manifest file 'steering.egg-info/SOURCES.txt'
running build_ext
Creating /home/robot/dd2419_ws/install/steering/lib/python3.12/site-packages/steering.egg-link (link to .)
Installing auto_control script to /home/robot/dd2419_ws/install/steering/lib/steering
Installing wheel_control script to /home/robot/dd2419_ws/install/steering/lib/steering

Installed /home/robot/dd2419_ws/build/steering
running symlink_data
creating /home/robot/dd2419_ws/install/steering/share/ament_index
creating /home/robot/dd2419_ws/install/steering/share/ament_index/resource_index
creating /home/robot/dd2419_ws/install/steering/share/ament_index/resource_index/packages
symbolically linking /home/robot/dd2419_ws/build/steering/resource/steering -> /home/robot/dd2419_ws/install/steering/share/ament_index/resource_index/packages
symbolically linking /home/robot/dd2419_ws/build/steering/package.xml -> /home/robot/dd2419_ws/install/steering/share/steering
