[3.487s] Invoking command in '/home/robot/dd2419_ws/build/steering': DEBUGINFOD_URLS=https://debuginfod.ubuntu.com PYTHONPATH=/home/robot/dd2419_ws/build/steering/prefix_override:/usr/lib/python3/dist-packages/colcon_core/task/python/colcon_distutils_commands:/home/robot/dd2419_ws/install/steering/lib/python3.12/site-packages:${PYTHONPATH} /usr/bin/python3 -W ignore:setup.py install is deprecated -W ignore:easy_install command is deprecated setup.py develop --editable --build-directory /home/robot/dd2419_ws/build/steering/build --no-deps symlink_data
[4.179s] running develop
[4.577s] running egg_info
[4.577s] creating steering.egg-info
[4.614s] writing steering.egg-info/PKG-INFO
[4.614s] writing dependency_links to steering.egg-info/dependency_links.txt
[4.614s] writing entry points to steering.egg-info/entry_points.txt
[4.614s] writing requirements to steering.egg-info/requires.txt
[4.614s] writing top-level names to steering.egg-info/top_level.txt
[4.614s] writing manifest file 'steering.egg-info/SOURCES.txt'
[4.669s] reading manifest file 'steering.egg-info/SOURCES.txt'
[4.671s] writing manifest file 'steering.egg-info/SOURCES.txt'
[4.697s] running build_ext
[4.698s] Creating /home/robot/dd2419_ws/install/steering/lib/python3.12/site-packages/steering.egg-link (link to .)
[4.699s] Installing auto_control script to /home/robot/dd2419_ws/install/steering/lib/steering
[4.699s] Installing wheel_control script to /home/robot/dd2419_ws/install/steering/lib/steering
[4.699s] 
[4.699s] Installed /home/robot/dd2419_ws/build/steering
[4.699s] running symlink_data
[4.699s] creating /home/robot/dd2419_ws/install/steering/share/ament_index
[4.700s] creating /home/robot/dd2419_ws/install/steering/share/ament_index/resource_index
[4.700s] creating /home/robot/dd2419_ws/install/steering/share/ament_index/resource_index/packages
[4.700s] symbolically linking /home/robot/dd2419_ws/build/steering/resource/steering -> /home/robot/dd2419_ws/install/steering/share/ament_index/resource_index/packages
[4.700s] symbolically linking /home/robot/dd2419_ws/build/steering/package.xml -> /home/robot/dd2419_ws/install/steering/share/steering
[4.972s] Invoked command in '/home/robot/dd2419_ws/build/steering' returned '0': DEBUGINFOD_URLS=https://debuginfod.ubuntu.com PYTHONPATH=/home/robot/dd2419_ws/build/steering/prefix_override:/usr/lib/python3/dist-packages/colcon_core/task/python/colcon_distutils_commands:/home/robot/dd2419_ws/install/steering/lib/python3.12/site-packages:${PYTHONPATH} /usr/bin/python3 -W ignore:setup.py install is deprecated -W ignore:easy_install command is deprecated setup.py develop --editable --build-directory /home/robot/dd2419_ws/build/steering/build --no-deps symlink_data
