[0.009s] Invoking command in '/home/robot/dd2419_ws/src/build/robp_phidgets_spatial': AMENT_PREFIX_PATH=/home/robot/dd2419_ws/src/install/robp_interfaces:${AMENT_PREFIX_PATH} CMAKE_PREFIX_PATH=/home/robot/dd2419_ws/src/install/robp_interfaces:/home/robot/esp32_microros_ws/install/micro_ros_agent:/home/robot/esp32_microros_ws/install/micro_ros_msgs:/home/robot/esp32_microros_ws/install/micro_ros_setup:/home/robot/dd2419_ws/install/usb_cam:/home/robot/dd2419_ws/install/sllidar_ros2:/home/robot/dd2419_ws/install/robp_phidgets_temperature:/home/robot/dd2419_ws/install/robp_phidgets_spatial:/home/robot/dd2419_ws/install/robp_phidgets_motors:/home/robot/dd2419_ws/install/robp_phidgets_encoders:/home/robot/dd2419_ws/install/robp_interfaces:/home/robot/dd2419_ws/install/micro_ros_setup:/home/robot/dd2419_ws/install/micro_ros_agent:/home/robot/dd2419_ws/install/micro_ros_msgs:/home/robot/dd2419_ws/install/drive_base_msgs:/opt/ros/jazzy/opt/gz_math_vendor:/opt/ros/jazzy/opt/gz_utils_vendor:/opt/ros/jazzy/opt/gz_cmake_vendor:/home/robot/dd2419_ws/install/robp_launch:/home/robot/dd2419_ws/install/robot_odometry:/home/robot/dd2419_ws/install/pickup:/home/robot/dd2419_ws/install/odometry:/home/robot/dd2419_ws/install/lidar:/home/robot/dd2419_ws/install/display:/home/robot/dd2419_ws/install/detection:/home/robot/dd2419_ws/install/controller:/home/robot/dd2419_ws/install/arm_servos_pubs_subs:/opt/ros/jazzy DEBUGINFOD_URLS=https://debuginfod.ubuntu.com LD_LIBRARY_PATH=/home/robot/dd2419_ws/src/install/robp_interfaces/lib:${LD_LIBRARY_PATH} PYTHONPATH=/home/robot/dd2419_ws/src/install/robp_interfaces/lib/python3.12/site-packages:${PYTHONPATH} /usr/bin/cmake /home/robot/dd2419_ws/src/robp_robot/robp_phidgets/robp_phidgets_spatial -DCMAKE_INSTALL_PREFIX=/home/robot/dd2419_ws/src/install/robp_phidgets_spatial
[0.016s] -- robp_phidgets_spatial: You did not request a specific build type: Choosing 'Release' for maximum performance
[0.055s] -- The C compiler identification is GNU 13.3.0
[0.099s] -- The CXX compiler identification is GNU 13.3.0
[0.112s] -- Detecting C compiler ABI info
[0.173s] -- Detecting C compiler ABI info - done
[0.180s] -- Check for working C compiler: /usr/bin/cc - skipped
[0.180s] -- Detecting C compile features
[0.180s] -- Detecting C compile features - done
[0.187s] -- Detecting CXX compiler ABI info
[0.266s] -- Detecting CXX compiler ABI info - done
[0.277s] -- Check for working CXX compiler: /usr/bin/c++ - skipped
[0.277s] -- Detecting CXX compile features
[0.278s] -- Detecting CXX compile features - done
[0.281s] -- Found ament_cmake_ros: 0.12.0 (/opt/ros/jazzy/share/ament_cmake_ros/cmake)
[0.432s] -- Found Python3: /usr/bin/python3 (found version "3.12.3") found components: Interpreter 
[0.546s] -- Found angles: 1.16.0 (/opt/ros/jazzy/share/angles/cmake)
[0.552s] -- Found libphidget22: 2.3.3 (/opt/ros/jazzy/share/libphidget22/cmake)
[0.555s] -- Found phidgets_api: 2.3.3 (/opt/ros/jazzy/share/phidgets_api/cmake)
[0.560s] -- Found rclcpp: 28.1.6 (/opt/ros/jazzy/share/rclcpp/cmake)
[0.612s] -- Found rosidl_generator_c: 4.6.5 (/opt/ros/jazzy/share/rosidl_generator_c/cmake)
[0.631s] -- Found rosidl_generator_cpp: 4.6.5 (/opt/ros/jazzy/share/rosidl_generator_cpp/cmake)
[0.652s] -- Using all available rosidl_typesupport_c: rosidl_typesupport_fastrtps_c;rosidl_typesupport_introspection_c
[0.676s] -- Using all available rosidl_typesupport_cpp: rosidl_typesupport_fastrtps_cpp;rosidl_typesupport_introspection_cpp
[0.768s] -- Found rmw_implementation_cmake: 7.3.1 (/opt/ros/jazzy/share/rmw_implementation_cmake/cmake)
[0.772s] -- Found rmw_fastrtps_cpp: 8.4.1 (/opt/ros/jazzy/share/rmw_fastrtps_cpp/cmake)
[0.844s] -- Found OpenSSL: /usr/lib/x86_64-linux-gnu/libcrypto.so (found version "3.0.13")  
[0.865s] -- Found FastRTPS: /opt/ros/jazzy/include (Required is at least version "2.13") 
[0.889s] -- Using RMW implementation 'rmw_fastrtps_cpp' as default
[0.970s] -- Found rclcpp_components: 28.1.6 (/opt/ros/jazzy/share/rclcpp_components/cmake)
[0.997s] -- Found robp_interfaces: 1.0.0 (/home/robot/dd2419_ws/src/install/robp_interfaces/share/robp_interfaces/cmake)
[1.022s] -- Found sensor_msgs: 5.3.5 (/opt/ros/jazzy/share/sensor_msgs/cmake)
[1.053s] -- Found std_srvs: 5.3.5 (/opt/ros/jazzy/share/std_srvs/cmake)
[1.071s] -- Found tf2: 0.36.7 (/opt/ros/jazzy/share/tf2/cmake)
[1.084s] -- Found tf2_geometry_msgs: 0.36.7 (/opt/ros/jazzy/share/tf2_geometry_msgs/cmake)
[1.139s] -- Found eigen3_cmake_module: 0.3.0 (/opt/ros/jazzy/share/eigen3_cmake_module/cmake)
[1.142s] -- Found Eigen3: TRUE (found version "3.4.0") 
[1.142s] -- Ensuring Eigen3 include directory is part of orocos-kdl CMake target
[1.561s] -- Configuring done (1.5s)
[1.578s] -- Generating done (0.0s)
[1.583s] -- Build files have been written to: /home/robot/dd2419_ws/src/build/robp_phidgets_spatial
