[2.836s] Invoking command in '/home/group1/dd2419_ws/build/lidar': DEBUGINFOD_URLS=https://debuginfod.ubuntu.com PYTHONPATH=/home/group1/dd2419_ws/build/lidar/prefix_override:/usr/lib/python3/dist-packages/colcon_core/task/python/colcon_distutils_commands:/home/group1/dd2419_ws/install/lidar/lib/python3.12/site-packages:${PYTHONPATH} /usr/bin/python3 -W ignore:setup.py install is deprecated -W ignore:easy_install command is deprecated setup.py develop --editable --build-directory /home/group1/dd2419_ws/build/lidar/build --no-deps symlink_data
[3.486s] running develop
[3.945s] running egg_info
[3.946s] creating lidar.egg-info
[3.989s] writing lidar.egg-info/PKG-INFO
[3.990s] writing dependency_links to lidar.egg-info/dependency_links.txt
[3.991s] writing entry points to lidar.egg-info/entry_points.txt
[3.991s] writing requirements to lidar.egg-info/requires.txt
[3.992s] writing top-level names to lidar.egg-info/top_level.txt
[3.992s] writing manifest file 'lidar.egg-info/SOURCES.txt'
[4.079s] reading manifest file 'lidar.egg-info/SOURCES.txt'
[4.080s] writing manifest file 'lidar.egg-info/SOURCES.txt'
[4.124s] running build_ext
[4.126s] Creating /home/group1/dd2419_ws/install/lidar/lib/python3.12/site-packages/lidar.egg-link (link to .)
[4.126s] Installing lidar script to /home/group1/dd2419_ws/install/lidar/lib/lidar
[4.126s] 
[4.126s] Installed /home/group1/dd2419_ws/build/lidar
[4.127s] running symlink_data
[4.129s] creating /home/group1/dd2419_ws/install/lidar/share/ament_index
[4.130s] creating /home/group1/dd2419_ws/install/lidar/share/ament_index/resource_index
[4.130s] creating /home/group1/dd2419_ws/install/lidar/share/ament_index/resource_index/packages
[4.131s] symbolically linking /home/group1/dd2419_ws/build/lidar/resource/lidar -> /home/group1/dd2419_ws/install/lidar/share/ament_index/resource_index/packages
[4.131s] symbolically linking /home/group1/dd2419_ws/build/lidar/package.xml -> /home/group1/dd2419_ws/install/lidar/share/lidar
[4.507s] Invoked command in '/home/group1/dd2419_ws/build/lidar' returned '0': DEBUGINFOD_URLS=https://debuginfod.ubuntu.com PYTHONPATH=/home/group1/dd2419_ws/build/lidar/prefix_override:/usr/lib/python3/dist-packages/colcon_core/task/python/colcon_distutils_commands:/home/group1/dd2419_ws/install/lidar/lib/python3.12/site-packages:${PYTHONPATH} /usr/bin/python3 -W ignore:setup.py install is deprecated -W ignore:easy_install command is deprecated setup.py develop --editable --build-directory /home/group1/dd2419_ws/build/lidar/build --no-deps symlink_data
