[3.444s] Invoking command in '/home/robot/dd2419_ws/build/detection': DEBUGINFOD_URLS=https://debuginfod.ubuntu.com PYTHONPATH=/home/robot/dd2419_ws/build/detection/prefix_override:/usr/lib/python3/dist-packages/colcon_core/task/python/colcon_distutils_commands:/home/robot/dd2419_ws/install/detection/lib/python3.12/site-packages:${PYTHONPATH} /usr/bin/python3 -W ignore:setup.py install is deprecated -W ignore:easy_install command is deprecated setup.py develop --editable --build-directory /home/robot/dd2419_ws/build/detection/build --no-deps symlink_data
[4.162s] running develop
[4.567s] running egg_info
[4.613s] writing detection.egg-info/PKG-INFO
[4.613s] writing dependency_links to detection.egg-info/dependency_links.txt
[4.613s] writing entry points to detection.egg-info/entry_points.txt
[4.613s] writing requirements to detection.egg-info/requires.txt
[4.614s] writing top-level names to detection.egg-info/top_level.txt
[4.678s] reading manifest file 'detection.egg-info/SOURCES.txt'
[4.679s] writing manifest file 'detection.egg-info/SOURCES.txt'
[4.709s] running build_ext
[4.710s] Creating /home/robot/dd2419_ws/install/detection/lib/python3.12/site-packages/detection.egg-link (link to .)
[4.711s] Installing detection script to /home/robot/dd2419_ws/install/detection/lib/detection
[4.711s] Installing obj_detection script to /home/robot/dd2419_ws/install/detection/lib/detection
[4.711s] 
[4.712s] Installed /home/robot/dd2419_ws/build/detection
[4.712s] running symlink_data
[4.712s] creating /home/robot/dd2419_ws/install/detection/share/ament_index
[4.712s] creating /home/robot/dd2419_ws/install/detection/share/ament_index/resource_index
[4.712s] creating /home/robot/dd2419_ws/install/detection/share/ament_index/resource_index/packages
[4.712s] symbolically linking /home/robot/dd2419_ws/build/detection/resource/detection -> /home/robot/dd2419_ws/install/detection/share/ament_index/resource_index/packages
[4.713s] symbolically linking /home/robot/dd2419_ws/build/detection/package.xml -> /home/robot/dd2419_ws/install/detection/share/detection
[4.988s] Invoked command in '/home/robot/dd2419_ws/build/detection' returned '0': DEBUGINFOD_URLS=https://debuginfod.ubuntu.com PYTHONPATH=/home/robot/dd2419_ws/build/detection/prefix_override:/usr/lib/python3/dist-packages/colcon_core/task/python/colcon_distutils_commands:/home/robot/dd2419_ws/install/detection/lib/python3.12/site-packages:${PYTHONPATH} /usr/bin/python3 -W ignore:setup.py install is deprecated -W ignore:easy_install command is deprecated setup.py develop --editable --build-directory /home/robot/dd2419_ws/build/detection/build --no-deps symlink_data
