[6.570s] Invoking command in '/home/robot/dd2419_ws/build/stearing': DEBUGINFOD_URLS=https://debuginfod.ubuntu.com PYTHONPATH=/home/robot/dd2419_ws/build/stearing/prefix_override:/usr/lib/python3/dist-packages/colcon_core/task/python/colcon_distutils_commands:/home/robot/dd2419_ws/install/stearing/lib/python3.12/site-packages:${PYTHONPATH} /usr/bin/python3 -W ignore:setup.py install is deprecated -W ignore:easy_install command is deprecated setup.py develop --editable --build-directory /home/robot/dd2419_ws/build/stearing/build --no-deps symlink_data
[7.913s] running develop
[7.913s] running egg_info
[7.913s] creating stearing.egg-info
[7.913s] writing stearing.egg-info/PKG-INFO
[7.913s] writing dependency_links to stearing.egg-info/dependency_links.txt
[7.913s] writing entry points to stearing.egg-info/entry_points.txt
[7.913s] writing requirements to stearing.egg-info/requires.txt
[7.913s] writing top-level names to stearing.egg-info/top_level.txt
[7.913s] writing manifest file 'stearing.egg-info/SOURCES.txt'
[7.913s] reading manifest file 'stearing.egg-info/SOURCES.txt'
[7.913s] writing manifest file 'stearing.egg-info/SOURCES.txt'
[7.914s] running build_ext
[7.914s] Creating /home/robot/dd2419_ws/install/stearing/lib/python3.12/site-packages/stearing.egg-link (link to .)
[7.914s] Installing auto_controll script to /home/robot/dd2419_ws/install/stearing/lib/stearing
[7.914s] Installing wheel_controll script to /home/robot/dd2419_ws/install/stearing/lib/stearing
[7.914s] 
[7.914s] Installed /home/robot/dd2419_ws/build/stearing
[7.914s] running symlink_data
[7.914s] creating /home/robot/dd2419_ws/install/stearing/share/ament_index
[7.914s] creating /home/robot/dd2419_ws/install/stearing/share/ament_index/resource_index
[7.914s] creating /home/robot/dd2419_ws/install/stearing/share/ament_index/resource_index/packages
[7.914s] symbolically linking /home/robot/dd2419_ws/build/stearing/resource/stearing -> /home/robot/dd2419_ws/install/stearing/share/ament_index/resource_index/packages
[7.914s] symbolically linking /home/robot/dd2419_ws/build/stearing/package.xml -> /home/robot/dd2419_ws/install/stearing/share/stearing
[7.978s] Invoked command in '/home/robot/dd2419_ws/build/stearing' returned '0': DEBUGINFOD_URLS=https://debuginfod.ubuntu.com PYTHONPATH=/home/robot/dd2419_ws/build/stearing/prefix_override:/usr/lib/python3/dist-packages/colcon_core/task/python/colcon_distutils_commands:/home/robot/dd2419_ws/install/stearing/lib/python3.12/site-packages:${PYTHONPATH} /usr/bin/python3 -W ignore:setup.py install is deprecated -W ignore:easy_install command is deprecated setup.py develop --editable --build-directory /home/robot/dd2419_ws/build/stearing/build --no-deps symlink_data
