[0.040s] Invoking command in '/home/group1/dd2419_ws/build/usb_cam': CMAKE_PREFIX_PATH=${CMAKE_PREFIX_PATH}:/home/group1/dd2419_ws/install/robp_launch:/home/group1/dd2419_ws/install/robot_odometry:/home/group1/dd2419_ws/install/pickup:/home/group1/dd2419_ws/install/arm_servos_pubs_subs:/opt/ros/jazzy DEBUGINFOD_URLS=https://debuginfod.ubuntu.com /usr/bin/cmake /home/group1/dd2419_ws/src/robp_robot/usb_cam -DCMAKE_INSTALL_PREFIX=/home/group1/dd2419_ws/install/usb_cam
[0.067s] -- Found ament_cmake_auto: 2.5.3 (/opt/ros/jazzy/share/ament_cmake_auto/cmake)
[0.492s] -- Override CMake install command with custom implementation using symlinks instead of copying resources
[0.807s] -- Found rosidl_generator_c: 4.6.5 (/opt/ros/jazzy/share/rosidl_generator_c/cmake)
[0.835s] -- Found rosidl_generator_cpp: 4.6.5 (/opt/ros/jazzy/share/rosidl_generator_cpp/cmake)
[0.862s] -- Using all available rosidl_typesupport_c: rosidl_typesupport_fastrtps_c;rosidl_typesupport_introspection_c
[0.898s] -- Using all available rosidl_typesupport_cpp: rosidl_typesupport_fastrtps_cpp;rosidl_typesupport_introspection_cpp
[1.044s] -- Found rmw_implementation_cmake: 7.3.1 (/opt/ros/jazzy/share/rmw_implementation_cmake/cmake)
[1.048s] -- Found rmw_fastrtps_cpp: 8.4.1 (/opt/ros/jazzy/share/rmw_fastrtps_cpp/cmake)
[1.181s] -- Using RMW implementation 'rmw_fastrtps_cpp' as default
[1.588s] -- Setting yaml-cpp_DIR to: '/opt/ros/jazzy/share/yaml_cpp_vendor/cmake/../../../opt/yaml_cpp_vendor/share/cmake/yaml-cpp'
[1.787s] -- Found rosidl_adapter: 4.6.5 (/opt/ros/jazzy/share/rosidl_adapter/cmake)
[1.841s] -- Found ament_lint_auto: 0.17.1 (/opt/ros/jazzy/share/ament_lint_auto/cmake)
[1.853s] -- Found gtest sources under '/opt/ros/jazzy/src/gtest_vendor': C++ tests using 'Google Test' will be built
[1.881s] -- Added test 'copyright' to check source files copyright and LICENSE
[1.887s] -- Added test 'cppcheck' to perform static code analysis on C / C++ code
[1.887s] -- Configured cppcheck include dirs: /home/group1/dd2419_ws/src/robp_robot/usb_cam/include
[1.888s] -- Configured cppcheck exclude dirs and/or files: 
[1.893s] -- Added test 'cpplint' to check C / C++ code against the Google style
[1.893s] -- Configured cpplint exclude dirs and/or files: 
[1.894s] -- Added test 'flake8' to check Python code syntax and style conventions
[1.894s] -- Configured 'flake8' exclude dirs and/or files: 
[1.899s] -- Added test 'lint_cmake' to check CMake code style
[1.899s] -- Added test 'pep257' to check Python code against some of the docstring style conventions in PEP 257
[1.902s] -- Added test 'uncrustify' to check C / C++ code style
[1.902s] -- Configured uncrustify additional arguments: 
[1.903s] -- Added test 'xmllint' to check XML markup files
[1.909s] -- Configuring done (1.9s)
[1.993s] -- Generating done (0.1s)
[2.015s] -- Build files have been written to: /home/group1/dd2419_ws/build/usb_cam
[2.037s] Invoked command in '/home/group1/dd2419_ws/build/usb_cam' returned '0': CMAKE_PREFIX_PATH=${CMAKE_PREFIX_PATH}:/home/group1/dd2419_ws/install/robp_launch:/home/group1/dd2419_ws/install/robot_odometry:/home/group1/dd2419_ws/install/pickup:/home/group1/dd2419_ws/install/arm_servos_pubs_subs:/opt/ros/jazzy DEBUGINFOD_URLS=https://debuginfod.ubuntu.com /usr/bin/cmake /home/group1/dd2419_ws/src/robp_robot/usb_cam -DCMAKE_INSTALL_PREFIX=/home/group1/dd2419_ws/install/usb_cam
[2.039s] Invoking command in '/home/group1/dd2419_ws/build/usb_cam': CMAKE_PREFIX_PATH=${CMAKE_PREFIX_PATH}:/home/group1/dd2419_ws/install/robp_launch:/home/group1/dd2419_ws/install/robot_odometry:/home/group1/dd2419_ws/install/pickup:/home/group1/dd2419_ws/install/arm_servos_pubs_subs:/opt/ros/jazzy DEBUGINFOD_URLS=https://debuginfod.ubuntu.com /usr/bin/cmake --build /home/group1/dd2419_ws/build/usb_cam -- -j8 -l8
[2.928s] [ 14%] Built target gtest
[2.928s] [ 28%] Built target gtest_main
[2.929s] [ 42%] Built target usb_cam
[2.929s] [ 57%] Built target usb_cam_node_exe
[2.929s] [ 71%] Built target test_pixel_formats
[2.929s] [ 85%] Built target test_usb_cam_utils
[2.929s] [100%] Built target usb_cam_node
[2.931s] Invoked command in '/home/group1/dd2419_ws/build/usb_cam' returned '0': CMAKE_PREFIX_PATH=${CMAKE_PREFIX_PATH}:/home/group1/dd2419_ws/install/robp_launch:/home/group1/dd2419_ws/install/robot_odometry:/home/group1/dd2419_ws/install/pickup:/home/group1/dd2419_ws/install/arm_servos_pubs_subs:/opt/ros/jazzy DEBUGINFOD_URLS=https://debuginfod.ubuntu.com /usr/bin/cmake --build /home/group1/dd2419_ws/build/usb_cam -- -j8 -l8
[2.932s] Invoking command in '/home/group1/dd2419_ws/build/usb_cam': CMAKE_PREFIX_PATH=${CMAKE_PREFIX_PATH}:/home/group1/dd2419_ws/install/robp_launch:/home/group1/dd2419_ws/install/robot_odometry:/home/group1/dd2419_ws/install/pickup:/home/group1/dd2419_ws/install/arm_servos_pubs_subs:/opt/ros/jazzy DEBUGINFOD_URLS=https://debuginfod.ubuntu.com /usr/bin/cmake --install /home/group1/dd2419_ws/build/usb_cam
[2.952s] -- Install configuration: ""
[2.952s] -- Execute custom install script
[2.953s] -- Up-to-date symlink: /home/group1/dd2419_ws/install/usb_cam/share/usb_cam/environment/library_path.sh
[2.953s] -- Up-to-date symlink: /home/group1/dd2419_ws/install/usb_cam/share/usb_cam/environment/library_path.dsv
[2.955s] -- Up-to-date symlink: /home/group1/dd2419_ws/install/usb_cam/lib/usb_cam/usb_cam_node_exe
[2.956s] -- Up-to-date symlink: /home/group1/dd2419_ws/install/usb_cam/lib/usb_cam/show_image.py
[2.956s] -- Up-to-date symlink: /home/group1/dd2419_ws/install/usb_cam/lib/libusb_cam.so
[2.956s] -- Up-to-date symlink: /home/group1/dd2419_ws/install/usb_cam/lib/libusb_cam_node.so
[2.956s] -- Up-to-date symlink: /home/group1/dd2419_ws/install/usb_cam/include/usb_cam/constants.hpp
[2.956s] -- Up-to-date symlink: /home/group1/dd2419_ws/install/usb_cam/include/usb_cam/conversions.hpp
[2.956s] -- Up-to-date symlink: /home/group1/dd2419_ws/install/usb_cam/include/usb_cam/formats/av_pixel_format_helper.hpp
[2.956s] -- Up-to-date symlink: /home/group1/dd2419_ws/install/usb_cam/include/usb_cam/formats/m420.hpp
[2.957s] -- Up-to-date symlink: /home/group1/dd2419_ws/install/usb_cam/include/usb_cam/formats/mjpeg.hpp
[2.957s] -- Up-to-date symlink: /home/group1/dd2419_ws/install/usb_cam/include/usb_cam/formats/mono.hpp
[2.957s] -- Up-to-date symlink: /home/group1/dd2419_ws/install/usb_cam/include/usb_cam/formats/pixel_format_base.hpp
[2.957s] -- Up-to-date symlink: /home/group1/dd2419_ws/install/usb_cam/include/usb_cam/formats/rgb.hpp
[2.957s] -- Up-to-date symlink: /home/group1/dd2419_ws/install/usb_cam/include/usb_cam/formats/utils.hpp
[2.957s] -- Up-to-date symlink: /home/group1/dd2419_ws/install/usb_cam/include/usb_cam/formats/uyvy.hpp
[2.957s] -- Up-to-date symlink: /home/group1/dd2419_ws/install/usb_cam/include/usb_cam/formats/yuyv.hpp
[2.958s] -- Up-to-date symlink: /home/group1/dd2419_ws/install/usb_cam/include/usb_cam/usb_cam.hpp
[2.958s] -- Up-to-date symlink: /home/group1/dd2419_ws/install/usb_cam/include/usb_cam/usb_cam_node.hpp
[2.961s] -- Up-to-date symlink: /home/group1/dd2419_ws/install/usb_cam/include/usb_cam/utils.hpp
[2.961s] -- Up-to-date symlink: /home/group1/dd2419_ws/install/usb_cam/lib/libusb_cam_node.so
[2.961s] -- Up-to-date symlink: /home/group1/dd2419_ws/install/usb_cam/share/usb_cam/launch/__init__.py
[2.962s] -- Up-to-date symlink: /home/group1/dd2419_ws/install/usb_cam/share/usb_cam/launch/camera.launch.py
[2.962s] -- Up-to-date symlink: /home/group1/dd2419_ws/install/usb_cam/share/usb_cam/launch/camera_config.py
[2.962s] -- Up-to-date symlink: /home/group1/dd2419_ws/install/usb_cam/share/usb_cam/config/camera_info.yaml
[2.962s] -- Up-to-date symlink: /home/group1/dd2419_ws/install/usb_cam/share/usb_cam/config/params_1.yaml
[2.963s] -- Up-to-date symlink: /home/group1/dd2419_ws/install/usb_cam/share/usb_cam/config/params_2.yaml
[2.963s] -- Up-to-date symlink: /home/group1/dd2419_ws/install/usb_cam/share/ament_index/resource_index/package_run_dependencies/usb_cam
[2.963s] -- Up-to-date symlink: /home/group1/dd2419_ws/install/usb_cam/share/ament_index/resource_index/parent_prefix_path/usb_cam
[2.963s] -- Up-to-date symlink: /home/group1/dd2419_ws/install/usb_cam/share/usb_cam/environment/ament_prefix_path.sh
[2.963s] -- Up-to-date symlink: /home/group1/dd2419_ws/install/usb_cam/share/usb_cam/environment/ament_prefix_path.dsv
[2.963s] -- Up-to-date symlink: /home/group1/dd2419_ws/install/usb_cam/share/usb_cam/environment/path.sh
[2.963s] -- Up-to-date symlink: /home/group1/dd2419_ws/install/usb_cam/share/usb_cam/environment/path.dsv
[2.963s] -- Up-to-date symlink: /home/group1/dd2419_ws/install/usb_cam/share/usb_cam/local_setup.bash
[2.964s] -- Up-to-date symlink: /home/group1/dd2419_ws/install/usb_cam/share/usb_cam/local_setup.sh
[2.964s] -- Up-to-date symlink: /home/group1/dd2419_ws/install/usb_cam/share/usb_cam/local_setup.zsh
[2.964s] -- Up-to-date symlink: /home/group1/dd2419_ws/install/usb_cam/share/usb_cam/local_setup.dsv
[2.964s] -- Symlinking: /home/group1/dd2419_ws/install/usb_cam/share/usb_cam/package.dsv
[2.972s] -- Up-to-date symlink: /home/group1/dd2419_ws/install/usb_cam/share/ament_index/resource_index/packages/usb_cam
[2.972s] -- Up-to-date symlink: /home/group1/dd2419_ws/install/usb_cam/share/ament_index/resource_index/rclcpp_components/usb_cam
[2.973s] -- Up-to-date symlink: /home/group1/dd2419_ws/install/usb_cam/share/usb_cam/cmake/ament_cmake_export_libraries-extras.cmake
[2.973s] -- Up-to-date symlink: /home/group1/dd2419_ws/install/usb_cam/share/usb_cam/cmake/ament_cmake_export_dependencies-extras.cmake
[2.973s] -- Up-to-date symlink: /home/group1/dd2419_ws/install/usb_cam/share/usb_cam/cmake/ament_cmake_export_include_directories-extras.cmake
[2.974s] -- Up-to-date symlink: /home/group1/dd2419_ws/install/usb_cam/share/usb_cam/cmake/usb_camConfig.cmake
[2.974s] -- Up-to-date symlink: /home/group1/dd2419_ws/install/usb_cam/share/usb_cam/cmake/usb_camConfig-version.cmake
[2.974s] -- Up-to-date symlink: /home/group1/dd2419_ws/install/usb_cam/share/usb_cam/package.xml
