[2.153s] Invoking command in '/home/robot/dd2419_ws/src/robot_odometry': DEBUGINFOD_URLS=https://debuginfod.ubuntu.com PYTHONPATH=/home/robot/dd2419_ws/src/build/robot_odometry/prefix_override:/usr/lib/python3/dist-packages/colcon_core/task/python/colcon_distutils_commands:/home/robot/dd2419_ws/src/install/robot_odometry/lib/python3.12/site-packages:${PYTHONPATH} /usr/bin/python3 -W ignore:setup.py install is deprecated -W ignore:easy_install command is deprecated setup.py egg_info --egg-base ../build/robot_odometry build --build-base /home/robot/dd2419_ws/src/build/robot_odometry/build install --record /home/robot/dd2419_ws/src/build/robot_odometry/install.log --single-version-externally-managed install_data
[2.432s] running egg_info
[2.433s] creating ../build/robot_odometry/robot_odometry.egg-info
[2.455s] writing ../build/robot_odometry/robot_odometry.egg-info/PKG-INFO
[2.455s] writing dependency_links to ../build/robot_odometry/robot_odometry.egg-info/dependency_links.txt
[2.455s] writing entry points to ../build/robot_odometry/robot_odometry.egg-info/entry_points.txt
[2.455s] writing requirements to ../build/robot_odometry/robot_odometry.egg-info/requires.txt
[2.455s] writing top-level names to ../build/robot_odometry/robot_odometry.egg-info/top_level.txt
[2.455s] writing manifest file '../build/robot_odometry/robot_odometry.egg-info/SOURCES.txt'
[2.509s] reading manifest file '../build/robot_odometry/robot_odometry.egg-info/SOURCES.txt'
[2.510s] writing manifest file '../build/robot_odometry/robot_odometry.egg-info/SOURCES.txt'
[2.510s] running build
[2.510s] running build_py
[2.510s] creating /home/robot/dd2419_ws/src/build/robot_odometry/build
[2.510s] creating /home/robot/dd2419_ws/src/build/robot_odometry/build/lib
[2.510s] creating /home/robot/dd2419_ws/src/build/robot_odometry/build/lib/robot_odometry
[2.510s] copying robot_odometry/__init__.py -> /home/robot/dd2419_ws/src/build/robot_odometry/build/lib/robot_odometry
[2.511s] copying robot_odometry/robot_odometry.py -> /home/robot/dd2419_ws/src/build/robot_odometry/build/lib/robot_odometry
[2.512s] running install
[2.531s] running install_lib
[2.567s] creating /home/robot/dd2419_ws/src/install/robot_odometry/lib/python3.12/site-packages/robot_odometry
[2.567s] copying /home/robot/dd2419_ws/src/build/robot_odometry/build/lib/robot_odometry/__init__.py -> /home/robot/dd2419_ws/src/install/robot_odometry/lib/python3.12/site-packages/robot_odometry
[2.567s] copying /home/robot/dd2419_ws/src/build/robot_odometry/build/lib/robot_odometry/robot_odometry.py -> /home/robot/dd2419_ws/src/install/robot_odometry/lib/python3.12/site-packages/robot_odometry
[2.568s] byte-compiling /home/robot/dd2419_ws/src/install/robot_odometry/lib/python3.12/site-packages/robot_odometry/__init__.py to __init__.cpython-312.pyc
[2.568s] byte-compiling /home/robot/dd2419_ws/src/install/robot_odometry/lib/python3.12/site-packages/robot_odometry/robot_odometry.py to robot_odometry.cpython-312.pyc
[2.569s] running install_data
[2.569s] creating /home/robot/dd2419_ws/src/install/robot_odometry/share/ament_index
[2.569s] creating /home/robot/dd2419_ws/src/install/robot_odometry/share/ament_index/resource_index
[2.569s] creating /home/robot/dd2419_ws/src/install/robot_odometry/share/ament_index/resource_index/packages
[2.569s] copying resource/robot_odometry -> /home/robot/dd2419_ws/src/install/robot_odometry/share/ament_index/resource_index/packages
[2.569s] copying package.xml -> /home/robot/dd2419_ws/src/install/robot_odometry/share/robot_odometry
[2.569s] running install_egg_info
[2.612s] Copying ../build/robot_odometry/robot_odometry.egg-info to /home/robot/dd2419_ws/src/install/robot_odometry/lib/python3.12/site-packages/robot_odometry-0.0.0-py3.12.egg-info
[2.618s] running install_scripts
[2.895s] Installing robot_odometry script to /home/robot/dd2419_ws/src/install/robot_odometry/lib/robot_odometry
[2.895s] writing list of installed files to '/home/robot/dd2419_ws/src/build/robot_odometry/install.log'
[3.014s] Invoked command in '/home/robot/dd2419_ws/src/robot_odometry' returned '0': DEBUGINFOD_URLS=https://debuginfod.ubuntu.com PYTHONPATH=/home/robot/dd2419_ws/src/build/robot_odometry/prefix_override:/usr/lib/python3/dist-packages/colcon_core/task/python/colcon_distutils_commands:/home/robot/dd2419_ws/src/install/robot_odometry/lib/python3.12/site-packages:${PYTHONPATH} /usr/bin/python3 -W ignore:setup.py install is deprecated -W ignore:easy_install command is deprecated setup.py egg_info --egg-base ../build/robot_odometry build --build-base /home/robot/dd2419_ws/src/build/robot_odometry/build install --record /home/robot/dd2419_ws/src/build/robot_odometry/install.log --single-version-externally-managed install_data
