[2.868s] Invoking command in '/home/group1/dd2419_ws/build/lidar': DEBUGINFOD_URLS=https://debuginfod.ubuntu.com PYTHONPATH=/home/group1/dd2419_ws/build/lidar/prefix_override:/usr/lib/python3/dist-packages/colcon_core/task/python/colcon_distutils_commands:/home/group1/dd2419_ws/install/lidar/lib/python3.12/site-packages:${PYTHONPATH} /usr/bin/python3 -W ignore:setup.py install is deprecated -W ignore:easy_install command is deprecated setup.py develop --editable --build-directory /home/group1/dd2419_ws/build/lidar/build --no-deps symlink_data
[3.538s] running develop
[3.943s] running egg_info
[3.943s] creating lidar.egg-info
[3.988s] writing lidar.egg-info/PKG-INFO
[3.988s] writing dependency_links to lidar.egg-info/dependency_links.txt
[3.989s] writing entry points to lidar.egg-info/entry_points.txt
[3.989s] writing requirements to lidar.egg-info/requires.txt
[3.989s] writing top-level names to lidar.egg-info/top_level.txt
[3.990s] writing manifest file 'lidar.egg-info/SOURCES.txt'
[4.070s] reading manifest file 'lidar.egg-info/SOURCES.txt'
[4.071s] writing manifest file 'lidar.egg-info/SOURCES.txt'
[4.114s] running build_ext
[4.114s] Creating /home/group1/dd2419_ws/install/lidar/lib/python3.12/site-packages/lidar.egg-link (link to .)
[4.116s] Installing lidar script to /home/group1/dd2419_ws/install/lidar/lib/lidar
[4.117s] 
[4.117s] Installed /home/group1/dd2419_ws/build/lidar
[4.117s] running symlink_data
[4.117s] creating /home/group1/dd2419_ws/install/lidar/share/ament_index
[4.117s] creating /home/group1/dd2419_ws/install/lidar/share/ament_index/resource_index
[4.118s] creating /home/group1/dd2419_ws/install/lidar/share/ament_index/resource_index/packages
[4.122s] symbolically linking /home/group1/dd2419_ws/build/lidar/resource/lidar -> /home/group1/dd2419_ws/install/lidar/share/ament_index/resource_index/packages
[4.122s] symbolically linking /home/group1/dd2419_ws/build/lidar/package.xml -> /home/group1/dd2419_ws/install/lidar/share/lidar
[4.244s] Invoked command in '/home/group1/dd2419_ws/build/lidar' returned '0': DEBUGINFOD_URLS=https://debuginfod.ubuntu.com PYTHONPATH=/home/group1/dd2419_ws/build/lidar/prefix_override:/usr/lib/python3/dist-packages/colcon_core/task/python/colcon_distutils_commands:/home/group1/dd2419_ws/install/lidar/lib/python3.12/site-packages:${PYTHONPATH} /usr/bin/python3 -W ignore:setup.py install is deprecated -W ignore:easy_install command is deprecated setup.py develop --editable --build-directory /home/group1/dd2419_ws/build/lidar/build --no-deps symlink_data
