[2.411s] Invoking command in '/home/group1/dd2419_ws/build/odometry': DEBUGINFOD_URLS=https://debuginfod.ubuntu.com PYTHONPATH=/home/group1/dd2419_ws/build/odometry/prefix_override:/usr/lib/python3/dist-packages/colcon_core/task/python/colcon_distutils_commands:/home/group1/dd2419_ws/install/odometry/lib/python3.12/site-packages:${PYTHONPATH} /usr/bin/python3 -W ignore:setup.py install is deprecated -W ignore:easy_install command is deprecated setup.py develop --uninstall --editable --build-directory /home/group1/dd2419_ws/build/odometry/build
[2.919s] running develop
[3.330s] Removing /home/group1/dd2419_ws/install/odometry/lib/python3.12/site-packages/odometry.egg-link (link to .)
[3.405s] Invoked command in '/home/group1/dd2419_ws/build/odometry' returned '0': DEBUGINFOD_URLS=https://debuginfod.ubuntu.com PYTHONPATH=/home/group1/dd2419_ws/build/odometry/prefix_override:/usr/lib/python3/dist-packages/colcon_core/task/python/colcon_distutils_commands:/home/group1/dd2419_ws/install/odometry/lib/python3.12/site-packages:${PYTHONPATH} /usr/bin/python3 -W ignore:setup.py install is deprecated -W ignore:easy_install command is deprecated setup.py develop --uninstall --editable --build-directory /home/group1/dd2419_ws/build/odometry/build
[3.405s] Invoking command in '/home/group1/dd2419_ws/src/odometry': DEBUGINFOD_URLS=https://debuginfod.ubuntu.com PYTHONPATH=/home/group1/dd2419_ws/build/odometry/prefix_override:/usr/lib/python3/dist-packages/colcon_core/task/python/colcon_distutils_commands:/home/group1/dd2419_ws/install/odometry/lib/python3.12/site-packages:${PYTHONPATH} /usr/bin/python3 -W ignore:setup.py install is deprecated -W ignore:easy_install command is deprecated setup.py egg_info --egg-base ../../build/odometry build --build-base /home/group1/dd2419_ws/build/odometry/build install --record /home/group1/dd2419_ws/build/odometry/install.log --single-version-externally-managed install_data --force
[4.039s] running egg_info
[4.039s] writing ../../build/odometry/odometry.egg-info/PKG-INFO
[4.039s] writing dependency_links to ../../build/odometry/odometry.egg-info/dependency_links.txt
[4.039s] writing entry points to ../../build/odometry/odometry.egg-info/entry_points.txt
[4.039s] writing requirements to ../../build/odometry/odometry.egg-info/requires.txt
[4.039s] writing top-level names to ../../build/odometry/odometry.egg-info/top_level.txt
[4.102s] reading manifest file '../../build/odometry/odometry.egg-info/SOURCES.txt'
[4.104s] writing manifest file '../../build/odometry/odometry.egg-info/SOURCES.txt'
[4.104s] running build
[4.104s] running build_py
[4.104s] creating /home/group1/dd2419_ws/build/odometry/build
[4.104s] creating /home/group1/dd2419_ws/build/odometry/build/lib
[4.104s] creating /home/group1/dd2419_ws/build/odometry/build/lib/odometry
[4.104s] copying odometry/odometry.py -> /home/group1/dd2419_ws/build/odometry/build/lib/odometry
[4.105s] copying odometry/__init__.py -> /home/group1/dd2419_ws/build/odometry/build/lib/odometry
[4.105s] running install
[4.121s] running install_lib
[4.161s] creating /home/group1/dd2419_ws/install/odometry/lib/python3.12/site-packages/odometry
[4.161s] copying /home/group1/dd2419_ws/build/odometry/build/lib/odometry/odometry.py -> /home/group1/dd2419_ws/install/odometry/lib/python3.12/site-packages/odometry
[4.161s] copying /home/group1/dd2419_ws/build/odometry/build/lib/odometry/__init__.py -> /home/group1/dd2419_ws/install/odometry/lib/python3.12/site-packages/odometry
[4.162s] byte-compiling /home/group1/dd2419_ws/install/odometry/lib/python3.12/site-packages/odometry/odometry.py to odometry.cpython-312.pyc
[4.164s] byte-compiling /home/group1/dd2419_ws/install/odometry/lib/python3.12/site-packages/odometry/__init__.py to __init__.cpython-312.pyc
[4.164s] running install_data
[4.164s] copying resource/odometry -> /home/group1/dd2419_ws/install/odometry/share/ament_index/resource_index/packages
[4.165s] copying package.xml -> /home/group1/dd2419_ws/install/odometry/share/odometry
[4.165s] running install_egg_info
[4.207s] Copying ../../build/odometry/odometry.egg-info to /home/group1/dd2419_ws/install/odometry/lib/python3.12/site-packages/odometry-0.0.0-py3.12.egg-info
[4.209s] running install_scripts
[4.441s] Installing odometry script to /home/group1/dd2419_ws/install/odometry/lib/odometry
[4.441s] writing list of installed files to '/home/group1/dd2419_ws/build/odometry/install.log'
