running develop
running egg_info
creating pickup.egg-info
writing pickup.egg-info/PKG-INFO
writing dependency_links to pickup.egg-info/dependency_links.txt
writing entry points to pickup.egg-info/entry_points.txt
writing requirements to pickup.egg-info/requires.txt
writing top-level names to pickup.egg-info/top_level.txt
writing manifest file 'pickup.egg-info/SOURCES.txt'
reading manifest file 'pickup.egg-info/SOURCES.txt'
writing manifest file 'pickup.egg-info/SOURCES.txt'
running build_ext
Creating /home/group1/dd2419_ws/install/pickup/lib/python3.12/site-packages/pickup.egg-link (link to .)
Installing pickup script to /home/group1/dd2419_ws/install/pickup/lib/pickup

Installed /home/group1/dd2419_ws/build/pickup
running symlink_data
creating /home/group1/dd2419_ws/install/pickup/share/ament_index
creating /home/group1/dd2419_ws/install/pickup/share/ament_index/resource_index
creating /home/group1/dd2419_ws/install/pickup/share/ament_index/resource_index/packages
symbolically linking /home/group1/dd2419_ws/build/pickup/resource/pickup -> /home/group1/dd2419_ws/install/pickup/share/ament_index/resource_index/packages
symbolically linking /home/group1/dd2419_ws/build/pickup/package.xml -> /home/group1/dd2419_ws/install/pickup/share/pickup
