[2.080s] Invoking command in '/home/group1/dd2419_ws/build/pickup': DEBUGINFOD_URLS=https://debuginfod.ubuntu.com PYTHONPATH=/home/group1/dd2419_ws/build/pickup/prefix_override:/usr/lib/python3/dist-packages/colcon_core/task/python/colcon_distutils_commands:/home/group1/dd2419_ws/install/pickup/lib/python3.12/site-packages:${PYTHONPATH} /usr/bin/python3 -W ignore:setup.py install is deprecated -W ignore:easy_install command is deprecated setup.py develop --editable --build-directory /home/group1/dd2419_ws/build/pickup/build --no-deps symlink_data
[2.729s] running develop
[3.180s] running egg_info
[3.180s] creating pickup.egg-info
[3.230s] writing pickup.egg-info/PKG-INFO
[3.235s] writing dependency_links to pickup.egg-info/dependency_links.txt
[3.235s] writing entry points to pickup.egg-info/entry_points.txt
[3.235s] writing requirements to pickup.egg-info/requires.txt
[3.235s] writing top-level names to pickup.egg-info/top_level.txt
[3.236s] writing manifest file 'pickup.egg-info/SOURCES.txt'
[3.373s] reading manifest file 'pickup.egg-info/SOURCES.txt'
[3.373s] writing manifest file 'pickup.egg-info/SOURCES.txt'
[3.465s] running build_ext
[3.466s] Creating /home/group1/dd2419_ws/install/pickup/lib/python3.12/site-packages/pickup.egg-link (link to .)
[3.471s] Installing pickup script to /home/group1/dd2419_ws/install/pickup/lib/pickup
[3.472s] 
[3.476s] Installed /home/group1/dd2419_ws/build/pickup
[3.476s] running symlink_data
[3.476s] creating /home/group1/dd2419_ws/install/pickup/share/ament_index
[3.476s] creating /home/group1/dd2419_ws/install/pickup/share/ament_index/resource_index
[3.477s] creating /home/group1/dd2419_ws/install/pickup/share/ament_index/resource_index/packages
[3.477s] symbolically linking /home/group1/dd2419_ws/build/pickup/resource/pickup -> /home/group1/dd2419_ws/install/pickup/share/ament_index/resource_index/packages
[3.477s] symbolically linking /home/group1/dd2419_ws/build/pickup/package.xml -> /home/group1/dd2419_ws/install/pickup/share/pickup
[3.600s] Invoked command in '/home/group1/dd2419_ws/build/pickup' returned '0': DEBUGINFOD_URLS=https://debuginfod.ubuntu.com PYTHONPATH=/home/group1/dd2419_ws/build/pickup/prefix_override:/usr/lib/python3/dist-packages/colcon_core/task/python/colcon_distutils_commands:/home/group1/dd2419_ws/install/pickup/lib/python3.12/site-packages:${PYTHONPATH} /usr/bin/python3 -W ignore:setup.py install is deprecated -W ignore:easy_install command is deprecated setup.py develop --editable --build-directory /home/group1/dd2419_ws/build/pickup/build --no-deps symlink_data
