[3.471s] Invoking command in '/home/robot/dd2419_ws/build/odometry': DEBUGINFOD_URLS=https://debuginfod.ubuntu.com PYTHONPATH=/home/robot/dd2419_ws/build/odometry/prefix_override:/usr/lib/python3/dist-packages/colcon_core/task/python/colcon_distutils_commands:/home/robot/dd2419_ws/install/odometry/lib/python3.12/site-packages:${PYTHONPATH} /usr/bin/python3 -W ignore:setup.py install is deprecated -W ignore:easy_install command is deprecated setup.py develop --editable --build-directory /home/robot/dd2419_ws/build/odometry/build --no-deps symlink_data
[4.108s] running develop
[4.505s] running egg_info
[4.542s] writing odometry.egg-info/PKG-INFO
[4.542s] writing dependency_links to odometry.egg-info/dependency_links.txt
[4.542s] writing entry points to odometry.egg-info/entry_points.txt
[4.542s] writing requirements to odometry.egg-info/requires.txt
[4.543s] writing top-level names to odometry.egg-info/top_level.txt
[4.618s] reading manifest file 'odometry.egg-info/SOURCES.txt'
[4.619s] writing manifest file 'odometry.egg-info/SOURCES.txt'
[4.659s] running build_ext
[4.659s] Creating /home/robot/dd2419_ws/install/odometry/lib/python3.12/site-packages/odometry.egg-link (link to .)
[4.660s] Installing odometry script to /home/robot/dd2419_ws/install/odometry/lib/odometry
[4.661s] 
[4.661s] Installed /home/robot/dd2419_ws/build/odometry
[4.661s] running symlink_data
[4.661s] creating /home/robot/dd2419_ws/install/odometry/share/ament_index
[4.661s] creating /home/robot/dd2419_ws/install/odometry/share/ament_index/resource_index
[4.661s] creating /home/robot/dd2419_ws/install/odometry/share/ament_index/resource_index/packages
[4.661s] symbolically linking /home/robot/dd2419_ws/build/odometry/resource/odometry -> /home/robot/dd2419_ws/install/odometry/share/ament_index/resource_index/packages
[4.662s] symbolically linking /home/robot/dd2419_ws/build/odometry/package.xml -> /home/robot/dd2419_ws/install/odometry/share/odometry
[4.988s] Invoked command in '/home/robot/dd2419_ws/build/odometry' returned '0': DEBUGINFOD_URLS=https://debuginfod.ubuntu.com PYTHONPATH=/home/robot/dd2419_ws/build/odometry/prefix_override:/usr/lib/python3/dist-packages/colcon_core/task/python/colcon_distutils_commands:/home/robot/dd2419_ws/install/odometry/lib/python3.12/site-packages:${PYTHONPATH} /usr/bin/python3 -W ignore:setup.py install is deprecated -W ignore:easy_install command is deprecated setup.py develop --editable --build-directory /home/robot/dd2419_ws/build/odometry/build --no-deps symlink_data
