[0.047s] Invoking command in '/home/group1/dd2419_ws/build/micro_ros_msgs': CMAKE_PREFIX_PATH=${CMAKE_PREFIX_PATH}:/home/group1/dd2419_ws/install/robp_launch:/home/group1/dd2419_ws/install/arm_servos_pubs_subs:/opt/ros/jazzy DEBUGINFOD_URLS=https://debuginfod.ubuntu.com /usr/bin/cmake --build /home/group1/dd2419_ws/build/micro_ros_msgs -- -j8 -l8
[0.707s] [  1%] Built target micro_ros_msgs__rosidl_generator_type_description
[0.707s] [  1%] Built target ament_cmake_python_copy_micro_ros_msgs
[0.707s] [  3%] Built target micro_ros_msgs__cpp
[0.707s] [ 24%] Built target micro_ros_msgs__rosidl_generator_c
[0.707s] [ 33%] Built target micro_ros_msgs__rosidl_typesupport_fastrtps_c
[0.707s] [ 42%] Built target micro_ros_msgs__rosidl_typesupport_introspection_cpp
[0.707s] [ 61%] Built target micro_ros_msgs__rosidl_typesupport_introspection_c
[0.707s] [ 61%] Built target micro_ros_msgs__rosidl_typesupport_c
[0.707s] [ 79%] Built target micro_ros_msgs__rosidl_typesupport_fastrtps_cpp
[0.707s] [ 79%] Built target micro_ros_msgs__rosidl_typesupport_cpp
[0.708s] [ 79%] Built target micro_ros_msgs
[0.708s] [ 81%] Built target micro_ros_msgs__py
[0.708s] [ 88%] Built target micro_ros_msgs__rosidl_generator_py
[0.708s] [ 96%] Built target micro_ros_msgs_s__rosidl_typesupport_introspection_c
[0.708s] [ 96%] Built target micro_ros_msgs_s__rosidl_typesupport_fastrtps_c
[0.708s] [100%] Built target micro_ros_msgs_s__rosidl_typesupport_c
[0.708s] running egg_info
[0.708s] writing micro_ros_msgs.egg-info/PKG-INFO
[0.708s] writing dependency_links to micro_ros_msgs.egg-info/dependency_links.txt
[0.708s] writing top-level names to micro_ros_msgs.egg-info/top_level.txt
[0.778s] reading manifest file 'micro_ros_msgs.egg-info/SOURCES.txt'
[0.779s] writing manifest file 'micro_ros_msgs.egg-info/SOURCES.txt'
[0.815s] [100%] Built target ament_cmake_python_build_micro_ros_msgs_egg
[0.991s] Invoked command in '/home/group1/dd2419_ws/build/micro_ros_msgs' returned '0': CMAKE_PREFIX_PATH=${CMAKE_PREFIX_PATH}:/home/group1/dd2419_ws/install/robp_launch:/home/group1/dd2419_ws/install/arm_servos_pubs_subs:/opt/ros/jazzy DEBUGINFOD_URLS=https://debuginfod.ubuntu.com /usr/bin/cmake --build /home/group1/dd2419_ws/build/micro_ros_msgs -- -j8 -l8
[0.993s] Invoking command in '/home/group1/dd2419_ws/build/micro_ros_msgs': CMAKE_PREFIX_PATH=${CMAKE_PREFIX_PATH}:/home/group1/dd2419_ws/install/robp_launch:/home/group1/dd2419_ws/install/arm_servos_pubs_subs:/opt/ros/jazzy DEBUGINFOD_URLS=https://debuginfod.ubuntu.com /usr/bin/cmake --install /home/group1/dd2419_ws/build/micro_ros_msgs
[1.043s] -- Install configuration: ""
[1.043s] -- Up-to-date: /home/group1/dd2419_ws/install/micro_ros_msgs/share/ament_index/resource_index/rosidl_interfaces/micro_ros_msgs
[1.043s] -- Up-to-date: /home/group1/dd2419_ws/install/micro_ros_msgs/share/micro_ros_msgs/msg/Graph.json
[1.043s] -- Up-to-date: /home/group1/dd2419_ws/install/micro_ros_msgs/share/micro_ros_msgs/msg/Node.json
[1.044s] -- Up-to-date: /home/group1/dd2419_ws/install/micro_ros_msgs/share/micro_ros_msgs/msg/Entity.json
[1.044s] -- Up-to-date: /home/group1/dd2419_ws/install/micro_ros_msgs/include/micro_ros_msgs/micro_ros_msgs
[1.044s] -- Up-to-date: /home/group1/dd2419_ws/install/micro_ros_msgs/include/micro_ros_msgs/micro_ros_msgs/msg
[1.044s] -- Up-to-date: /home/group1/dd2419_ws/install/micro_ros_msgs/include/micro_ros_msgs/micro_ros_msgs/msg/graph.h
[1.044s] -- Up-to-date: /home/group1/dd2419_ws/install/micro_ros_msgs/include/micro_ros_msgs/micro_ros_msgs/msg/detail
[1.044s] -- Up-to-date: /home/group1/dd2419_ws/install/micro_ros_msgs/include/micro_ros_msgs/micro_ros_msgs/msg/detail/node__type_support.c
[1.044s] -- Up-to-date: /home/group1/dd2419_ws/install/micro_ros_msgs/include/micro_ros_msgs/micro_ros_msgs/msg/detail/entity__description.c
[1.045s] -- Up-to-date: /home/group1/dd2419_ws/install/micro_ros_msgs/include/micro_ros_msgs/micro_ros_msgs/msg/detail/entity__type_support.c
[1.045s] -- Up-to-date: /home/group1/dd2419_ws/install/micro_ros_msgs/include/micro_ros_msgs/micro_ros_msgs/msg/detail/node__struct.h
[1.045s] -- Up-to-date: /home/group1/dd2419_ws/install/micro_ros_msgs/include/micro_ros_msgs/micro_ros_msgs/msg/detail/graph__type_support.c
[1.045s] -- Up-to-date: /home/group1/dd2419_ws/install/micro_ros_msgs/include/micro_ros_msgs/micro_ros_msgs/msg/detail/graph__struct.h
[1.045s] -- Up-to-date: /home/group1/dd2419_ws/install/micro_ros_msgs/include/micro_ros_msgs/micro_ros_msgs/msg/detail/node__description.c
[1.045s] -- Up-to-date: /home/group1/dd2419_ws/install/micro_ros_msgs/include/micro_ros_msgs/micro_ros_msgs/msg/detail/graph__functions.h
[1.045s] -- Up-to-date: /home/group1/dd2419_ws/install/micro_ros_msgs/include/micro_ros_msgs/micro_ros_msgs/msg/detail/entity__functions.h
[1.045s] -- Up-to-date: /home/group1/dd2419_ws/install/micro_ros_msgs/include/micro_ros_msgs/micro_ros_msgs/msg/detail/entity__functions.c
[1.046s] -- Up-to-date: /home/group1/dd2419_ws/install/micro_ros_msgs/include/micro_ros_msgs/micro_ros_msgs/msg/detail/entity__struct.h
[1.046s] -- Up-to-date: /home/group1/dd2419_ws/install/micro_ros_msgs/include/micro_ros_msgs/micro_ros_msgs/msg/detail/node__type_support.h
[1.046s] -- Up-to-date: /home/group1/dd2419_ws/install/micro_ros_msgs/include/micro_ros_msgs/micro_ros_msgs/msg/detail/graph__description.c
[1.046s] -- Up-to-date: /home/group1/dd2419_ws/install/micro_ros_msgs/include/micro_ros_msgs/micro_ros_msgs/msg/detail/node__functions.c
[1.048s] -- Up-to-date: /home/group1/dd2419_ws/install/micro_ros_msgs/include/micro_ros_msgs/micro_ros_msgs/msg/detail/graph__functions.c
[1.049s] -- Up-to-date: /home/group1/dd2419_ws/install/micro_ros_msgs/include/micro_ros_msgs/micro_ros_msgs/msg/detail/graph__type_support.h
[1.049s] -- Up-to-date: /home/group1/dd2419_ws/install/micro_ros_msgs/include/micro_ros_msgs/micro_ros_msgs/msg/detail/entity__type_support.h
[1.049s] -- Up-to-date: /home/group1/dd2419_ws/install/micro_ros_msgs/include/micro_ros_msgs/micro_ros_msgs/msg/detail/node__functions.h
[1.049s] -- Up-to-date: /home/group1/dd2419_ws/install/micro_ros_msgs/include/micro_ros_msgs/micro_ros_msgs/msg/entity.h
[1.049s] -- Up-to-date: /home/group1/dd2419_ws/install/micro_ros_msgs/include/micro_ros_msgs/micro_ros_msgs/msg/rosidl_generator_c__visibility_control.h
[1.050s] -- Up-to-date: /home/group1/dd2419_ws/install/micro_ros_msgs/include/micro_ros_msgs/micro_ros_msgs/msg/node.h
[1.050s] -- Up-to-date: /home/group1/dd2419_ws/install/micro_ros_msgs/share/micro_ros_msgs/environment/library_path.sh
[1.050s] -- Up-to-date: /home/group1/dd2419_ws/install/micro_ros_msgs/share/micro_ros_msgs/environment/library_path.dsv
[1.050s] -- Up-to-date: /home/group1/dd2419_ws/install/micro_ros_msgs/lib/libmicro_ros_msgs__rosidl_generator_c.so
[1.050s] -- Up-to-date: /home/group1/dd2419_ws/install/micro_ros_msgs/include/micro_ros_msgs/micro_ros_msgs
[1.052s] -- Up-to-date: /home/group1/dd2419_ws/install/micro_ros_msgs/include/micro_ros_msgs/micro_ros_msgs/msg
[1.052s] -- Up-to-date: /home/group1/dd2419_ws/install/micro_ros_msgs/include/micro_ros_msgs/micro_ros_msgs/msg/rosidl_typesupport_fastrtps_c__visibility_control.h
[1.052s] -- Up-to-date: /home/group1/dd2419_ws/install/micro_ros_msgs/include/micro_ros_msgs/micro_ros_msgs/msg/detail
[1.052s] -- Up-to-date: /home/group1/dd2419_ws/install/micro_ros_msgs/include/micro_ros_msgs/micro_ros_msgs/msg/detail/node__rosidl_typesupport_fastrtps_c.h
[1.052s] -- Up-to-date: /home/group1/dd2419_ws/install/micro_ros_msgs/include/micro_ros_msgs/micro_ros_msgs/msg/detail/entity__rosidl_typesupport_fastrtps_c.h
[1.052s] -- Up-to-date: /home/group1/dd2419_ws/install/micro_ros_msgs/include/micro_ros_msgs/micro_ros_msgs/msg/detail/graph__rosidl_typesupport_fastrtps_c.h
[1.052s] -- Up-to-date: /home/group1/dd2419_ws/install/micro_ros_msgs/lib/libmicro_ros_msgs__rosidl_typesupport_fastrtps_c.so
[1.052s] -- Up-to-date: /home/group1/dd2419_ws/install/micro_ros_msgs/include/micro_ros_msgs/micro_ros_msgs
[1.052s] -- Up-to-date: /home/group1/dd2419_ws/install/micro_ros_msgs/include/micro_ros_msgs/micro_ros_msgs/msg
[1.053s] -- Up-to-date: /home/group1/dd2419_ws/install/micro_ros_msgs/include/micro_ros_msgs/micro_ros_msgs/msg/detail
[1.053s] -- Up-to-date: /home/group1/dd2419_ws/install/micro_ros_msgs/include/micro_ros_msgs/micro_ros_msgs/msg/detail/node__type_support.c
[1.053s] -- Up-to-date: /home/group1/dd2419_ws/install/micro_ros_msgs/include/micro_ros_msgs/micro_ros_msgs/msg/detail/entity__type_support.c
[1.053s] -- Up-to-date: /home/group1/dd2419_ws/install/micro_ros_msgs/include/micro_ros_msgs/micro_ros_msgs/msg/detail/graph__type_support.c
[1.053s] -- Up-to-date: /home/group1/dd2419_ws/install/micro_ros_msgs/include/micro_ros_msgs/micro_ros_msgs/msg/detail/graph__rosidl_typesupport_introspection_c.h
[1.053s] -- Up-to-date: /home/group1/dd2419_ws/install/micro_ros_msgs/include/micro_ros_msgs/micro_ros_msgs/msg/detail/entity__rosidl_typesupport_introspection_c.h
[1.053s] -- Up-to-date: /home/group1/dd2419_ws/install/micro_ros_msgs/include/micro_ros_msgs/micro_ros_msgs/msg/detail/node__rosidl_typesupport_introspection_c.h
[1.053s] -- Up-to-date: /home/group1/dd2419_ws/install/micro_ros_msgs/include/micro_ros_msgs/micro_ros_msgs/msg/rosidl_typesupport_introspection_c__visibility_control.h
[1.054s] -- Up-to-date: /home/group1/dd2419_ws/install/micro_ros_msgs/lib/libmicro_ros_msgs__rosidl_typesupport_introspection_c.so
[1.054s] -- Up-to-date: /home/group1/dd2419_ws/install/micro_ros_msgs/lib/libmicro_ros_msgs__rosidl_typesupport_c.so
[1.054s] -- Up-to-date: /home/group1/dd2419_ws/install/micro_ros_msgs/include/micro_ros_msgs/micro_ros_msgs
[1.054s] -- Up-to-date: /home/group1/dd2419_ws/install/micro_ros_msgs/include/micro_ros_msgs/micro_ros_msgs/msg
[1.054s] -- Up-to-date: /home/group1/dd2419_ws/install/micro_ros_msgs/include/micro_ros_msgs/micro_ros_msgs/msg/graph.hpp
[1.054s] -- Up-to-date: /home/group1/dd2419_ws/install/micro_ros_msgs/include/micro_ros_msgs/micro_ros_msgs/msg/detail
[1.054s] -- Up-to-date: /home/group1/dd2419_ws/install/micro_ros_msgs/include/micro_ros_msgs/micro_ros_msgs/msg/detail/graph__type_support.hpp
[1.054s] -- Up-to-date: /home/group1/dd2419_ws/install/micro_ros_msgs/include/micro_ros_msgs/micro_ros_msgs/msg/detail/entity__builder.hpp
[1.054s] -- Up-to-date: /home/group1/dd2419_ws/install/micro_ros_msgs/include/micro_ros_msgs/micro_ros_msgs/msg/detail/node__builder.hpp
[1.055s] -- Up-to-date: /home/group1/dd2419_ws/install/micro_ros_msgs/include/micro_ros_msgs/micro_ros_msgs/msg/detail/entity__type_support.hpp
[1.055s] -- Up-to-date: /home/group1/dd2419_ws/install/micro_ros_msgs/include/micro_ros_msgs/micro_ros_msgs/msg/detail/entity__traits.hpp
[1.055s] -- Up-to-date: /home/group1/dd2419_ws/install/micro_ros_msgs/include/micro_ros_msgs/micro_ros_msgs/msg/detail/graph__builder.hpp
[1.055s] -- Up-to-date: /home/group1/dd2419_ws/install/micro_ros_msgs/include/micro_ros_msgs/micro_ros_msgs/msg/detail/graph__struct.hpp
[1.055s] -- Up-to-date: /home/group1/dd2419_ws/install/micro_ros_msgs/include/micro_ros_msgs/micro_ros_msgs/msg/detail/node__struct.hpp
[1.055s] -- Up-to-date: /home/group1/dd2419_ws/install/micro_ros_msgs/include/micro_ros_msgs/micro_ros_msgs/msg/detail/entity__struct.hpp
[1.056s] -- Up-to-date: /home/group1/dd2419_ws/install/micro_ros_msgs/include/micro_ros_msgs/micro_ros_msgs/msg/detail/graph__traits.hpp
[1.056s] -- Up-to-date: /home/group1/dd2419_ws/install/micro_ros_msgs/include/micro_ros_msgs/micro_ros_msgs/msg/detail/node__type_support.hpp
[1.056s] -- Up-to-date: /home/group1/dd2419_ws/install/micro_ros_msgs/include/micro_ros_msgs/micro_ros_msgs/msg/detail/node__traits.hpp
[1.056s] -- Up-to-date: /home/group1/dd2419_ws/install/micro_ros_msgs/include/micro_ros_msgs/micro_ros_msgs/msg/rosidl_generator_cpp__visibility_control.hpp
[1.056s] -- Up-to-date: /home/group1/dd2419_ws/install/micro_ros_msgs/include/micro_ros_msgs/micro_ros_msgs/msg/entity.hpp
[1.056s] -- Up-to-date: /home/group1/dd2419_ws/install/micro_ros_msgs/include/micro_ros_msgs/micro_ros_msgs/msg/node.hpp
[1.056s] -- Up-to-date: /home/group1/dd2419_ws/install/micro_ros_msgs/include/micro_ros_msgs/micro_ros_msgs
[1.056s] -- Up-to-date: /home/group1/dd2419_ws/install/micro_ros_msgs/include/micro_ros_msgs/micro_ros_msgs/msg
[1.057s] -- Up-to-date: /home/group1/dd2419_ws/install/micro_ros_msgs/include/micro_ros_msgs/micro_ros_msgs/msg/detail
[1.057s] -- Up-to-date: /home/group1/dd2419_ws/install/micro_ros_msgs/include/micro_ros_msgs/micro_ros_msgs/msg/detail/graph__rosidl_typesupport_fastrtps_cpp.hpp
[1.057s] -- Up-to-date: /home/group1/dd2419_ws/install/micro_ros_msgs/include/micro_ros_msgs/micro_ros_msgs/msg/detail/entity__rosidl_typesupport_fastrtps_cpp.hpp
[1.057s] -- Up-to-date: /home/group1/dd2419_ws/install/micro_ros_msgs/include/micro_ros_msgs/micro_ros_msgs/msg/detail/dds_fastrtps
[1.057s] -- Up-to-date: /home/group1/dd2419_ws/install/micro_ros_msgs/include/micro_ros_msgs/micro_ros_msgs/msg/detail/node__rosidl_typesupport_fastrtps_cpp.hpp
[1.057s] -- Up-to-date: /home/group1/dd2419_ws/install/micro_ros_msgs/include/micro_ros_msgs/micro_ros_msgs/msg/rosidl_typesupport_fastrtps_cpp__visibility_control.h
[1.057s] -- Up-to-date: /home/group1/dd2419_ws/install/micro_ros_msgs/lib/libmicro_ros_msgs__rosidl_typesupport_fastrtps_cpp.so
[1.057s] -- Up-to-date: /home/group1/dd2419_ws/install/micro_ros_msgs/include/micro_ros_msgs/micro_ros_msgs
[1.057s] -- Up-to-date: /home/group1/dd2419_ws/install/micro_ros_msgs/include/micro_ros_msgs/micro_ros_msgs/msg
[1.057s] -- Up-to-date: /home/group1/dd2419_ws/install/micro_ros_msgs/include/micro_ros_msgs/micro_ros_msgs/msg/detail
[1.058s] -- Up-to-date: /home/group1/dd2419_ws/install/micro_ros_msgs/include/micro_ros_msgs/micro_ros_msgs/msg/detail/entity__rosidl_typesupport_introspection_cpp.hpp
[1.058s] -- Up-to-date: /home/group1/dd2419_ws/install/micro_ros_msgs/include/micro_ros_msgs/micro_ros_msgs/msg/detail/graph__type_support.cpp
[1.058s] -- Up-to-date: /home/group1/dd2419_ws/install/micro_ros_msgs/include/micro_ros_msgs/micro_ros_msgs/msg/detail/graph__rosidl_typesupport_introspection_cpp.hpp
[1.058s] -- Up-to-date: /home/group1/dd2419_ws/install/micro_ros_msgs/include/micro_ros_msgs/micro_ros_msgs/msg/detail/node__type_support.cpp
[1.058s] -- Up-to-date: /home/group1/dd2419_ws/install/micro_ros_msgs/include/micro_ros_msgs/micro_ros_msgs/msg/detail/node__rosidl_typesupport_introspection_cpp.hpp
[1.058s] -- Up-to-date: /home/group1/dd2419_ws/install/micro_ros_msgs/include/micro_ros_msgs/micro_ros_msgs/msg/detail/entity__type_support.cpp
[1.059s] -- Up-to-date: /home/group1/dd2419_ws/install/micro_ros_msgs/lib/libmicro_ros_msgs__rosidl_typesupport_introspection_cpp.so
[1.059s] -- Up-to-date: /home/group1/dd2419_ws/install/micro_ros_msgs/lib/libmicro_ros_msgs__rosidl_typesupport_cpp.so
[1.059s] -- Up-to-date: /home/group1/dd2419_ws/install/micro_ros_msgs/share/micro_ros_msgs/environment/pythonpath.sh
[1.059s] -- Up-to-date: /home/group1/dd2419_ws/install/micro_ros_msgs/share/micro_ros_msgs/environment/pythonpath.dsv
[1.059s] -- Up-to-date: /home/group1/dd2419_ws/install/micro_ros_msgs/lib/python3.12/site-packages/micro_ros_msgs-5.0.2-py3.12.egg-info
[1.059s] -- Installing: /home/group1/dd2419_ws/install/micro_ros_msgs/lib/python3.12/site-packages/micro_ros_msgs-5.0.2-py3.12.egg-info/SOURCES.txt
[1.059s] -- Installing: /home/group1/dd2419_ws/install/micro_ros_msgs/lib/python3.12/site-packages/micro_ros_msgs-5.0.2-py3.12.egg-info/dependency_links.txt
[1.060s] -- Installing: /home/group1/dd2419_ws/install/micro_ros_msgs/lib/python3.12/site-packages/micro_ros_msgs-5.0.2-py3.12.egg-info/PKG-INFO
[1.060s] -- Installing: /home/group1/dd2419_ws/install/micro_ros_msgs/lib/python3.12/site-packages/micro_ros_msgs-5.0.2-py3.12.egg-info/top_level.txt
[1.060s] -- Up-to-date: /home/group1/dd2419_ws/install/micro_ros_msgs/lib/python3.12/site-packages/micro_ros_msgs
[1.060s] -- Up-to-date: /home/group1/dd2419_ws/install/micro_ros_msgs/lib/python3.12/site-packages/micro_ros_msgs/micro_ros_msgs_s__rosidl_typesupport_c.so
[1.060s] -- Up-to-date: /home/group1/dd2419_ws/install/micro_ros_msgs/lib/python3.12/site-packages/micro_ros_msgs/_micro_ros_msgs_s.ep.rosidl_typesupport_fastrtps_c.c
[1.060s] -- Up-to-date: /home/group1/dd2419_ws/install/micro_ros_msgs/lib/python3.12/site-packages/micro_ros_msgs/__init__.py
[1.061s] -- Up-to-date: /home/group1/dd2419_ws/install/micro_ros_msgs/lib/python3.12/site-packages/micro_ros_msgs/msg
[1.061s] -- Up-to-date: /home/group1/dd2419_ws/install/micro_ros_msgs/lib/python3.12/site-packages/micro_ros_msgs/msg/_node_s.c
[1.061s] -- Up-to-date: /home/group1/dd2419_ws/install/micro_ros_msgs/lib/python3.12/site-packages/micro_ros_msgs/msg/_entity.py
[1.061s] -- Up-to-date: /home/group1/dd2419_ws/install/micro_ros_msgs/lib/python3.12/site-packages/micro_ros_msgs/msg/_node.py
[1.061s] -- Up-to-date: /home/group1/dd2419_ws/install/micro_ros_msgs/lib/python3.12/site-packages/micro_ros_msgs/msg/__init__.py
[1.061s] -- Up-to-date: /home/group1/dd2419_ws/install/micro_ros_msgs/lib/python3.12/site-packages/micro_ros_msgs/msg/_graph.py
[1.061s] -- Up-to-date: /home/group1/dd2419_ws/install/micro_ros_msgs/lib/python3.12/site-packages/micro_ros_msgs/msg/_entity_s.c
[1.061s] -- Up-to-date: /home/group1/dd2419_ws/install/micro_ros_msgs/lib/python3.12/site-packages/micro_ros_msgs/msg/_graph_s.c
[1.061s] -- Up-to-date: /home/group1/dd2419_ws/install/micro_ros_msgs/lib/python3.12/site-packages/micro_ros_msgs/micro_ros_msgs_s__rosidl_typesupport_fastrtps_c.so
[1.061s] -- Up-to-date: /home/group1/dd2419_ws/install/micro_ros_msgs/lib/python3.12/site-packages/micro_ros_msgs/_micro_ros_msgs_s.ep.rosidl_typesupport_introspection_c.c
[1.062s] -- Up-to-date: /home/group1/dd2419_ws/install/micro_ros_msgs/lib/python3.12/site-packages/micro_ros_msgs/_micro_ros_msgs_s.ep.rosidl_typesupport_c.c
[1.062s] -- Up-to-date: /home/group1/dd2419_ws/install/micro_ros_msgs/lib/python3.12/site-packages/micro_ros_msgs/micro_ros_msgs_s__rosidl_typesupport_introspection_c.so
[1.091s] Listing '/home/group1/dd2419_ws/install/micro_ros_msgs/lib/python3.12/site-packages/micro_ros_msgs'...
[1.091s] Listing '/home/group1/dd2419_ws/install/micro_ros_msgs/lib/python3.12/site-packages/micro_ros_msgs/msg'...
[1.105s] -- Up-to-date: /home/group1/dd2419_ws/install/micro_ros_msgs/lib/python3.12/site-packages/micro_ros_msgs/micro_ros_msgs_s__rosidl_typesupport_fastrtps_c.so
[1.106s] -- Up-to-date: /home/group1/dd2419_ws/install/micro_ros_msgs/lib/python3.12/site-packages/micro_ros_msgs/micro_ros_msgs_s__rosidl_typesupport_introspection_c.so
[1.107s] -- Up-to-date: /home/group1/dd2419_ws/install/micro_ros_msgs/lib/python3.12/site-packages/micro_ros_msgs/micro_ros_msgs_s__rosidl_typesupport_c.so
[1.107s] -- Up-to-date: /home/group1/dd2419_ws/install/micro_ros_msgs/lib/libmicro_ros_msgs__rosidl_generator_py.so
[1.108s] -- Up-to-date: /home/group1/dd2419_ws/install/micro_ros_msgs/share/micro_ros_msgs/msg/Graph.idl
[1.108s] -- Up-to-date: /home/group1/dd2419_ws/install/micro_ros_msgs/share/micro_ros_msgs/msg/Node.idl
[1.110s] -- Up-to-date: /home/group1/dd2419_ws/install/micro_ros_msgs/share/micro_ros_msgs/msg/Entity.idl
[1.111s] -- Up-to-date: /home/group1/dd2419_ws/install/micro_ros_msgs/share/micro_ros_msgs/msg/Graph.msg
[1.111s] -- Up-to-date: /home/group1/dd2419_ws/install/micro_ros_msgs/share/micro_ros_msgs/msg/Node.msg
[1.111s] -- Up-to-date: /home/group1/dd2419_ws/install/micro_ros_msgs/share/micro_ros_msgs/msg/Entity.msg
[1.112s] -- Up-to-date: /home/group1/dd2419_ws/install/micro_ros_msgs/share/ament_index/resource_index/package_run_dependencies/micro_ros_msgs
[1.112s] -- Up-to-date: /home/group1/dd2419_ws/install/micro_ros_msgs/share/ament_index/resource_index/parent_prefix_path/micro_ros_msgs
[1.115s] -- Up-to-date: /home/group1/dd2419_ws/install/micro_ros_msgs/share/micro_ros_msgs/environment/ament_prefix_path.sh
[1.115s] -- Up-to-date: /home/group1/dd2419_ws/install/micro_ros_msgs/share/micro_ros_msgs/environment/ament_prefix_path.dsv
[1.116s] -- Up-to-date: /home/group1/dd2419_ws/install/micro_ros_msgs/share/micro_ros_msgs/environment/path.sh
[1.116s] -- Up-to-date: /home/group1/dd2419_ws/install/micro_ros_msgs/share/micro_ros_msgs/environment/path.dsv
[1.116s] -- Up-to-date: /home/group1/dd2419_ws/install/micro_ros_msgs/share/micro_ros_msgs/local_setup.bash
[1.117s] -- Up-to-date: /home/group1/dd2419_ws/install/micro_ros_msgs/share/micro_ros_msgs/local_setup.sh
[1.117s] -- Up-to-date: /home/group1/dd2419_ws/install/micro_ros_msgs/share/micro_ros_msgs/local_setup.zsh
[1.117s] -- Up-to-date: /home/group1/dd2419_ws/install/micro_ros_msgs/share/micro_ros_msgs/local_setup.dsv
[1.117s] -- Installing: /home/group1/dd2419_ws/install/micro_ros_msgs/share/micro_ros_msgs/package.dsv
[1.118s] -- Up-to-date: /home/group1/dd2419_ws/install/micro_ros_msgs/share/ament_index/resource_index/packages/micro_ros_msgs
[1.118s] -- Up-to-date: /home/group1/dd2419_ws/install/micro_ros_msgs/share/micro_ros_msgs/cmake/export_micro_ros_msgs__rosidl_generator_cExport.cmake
[1.119s] -- Up-to-date: /home/group1/dd2419_ws/install/micro_ros_msgs/share/micro_ros_msgs/cmake/export_micro_ros_msgs__rosidl_generator_cExport-noconfig.cmake
[1.119s] -- Up-to-date: /home/group1/dd2419_ws/install/micro_ros_msgs/share/micro_ros_msgs/cmake/export_micro_ros_msgs__rosidl_typesupport_fastrtps_cExport.cmake
[1.119s] -- Up-to-date: /home/group1/dd2419_ws/install/micro_ros_msgs/share/micro_ros_msgs/cmake/export_micro_ros_msgs__rosidl_typesupport_fastrtps_cExport-noconfig.cmake
[1.119s] -- Up-to-date: /home/group1/dd2419_ws/install/micro_ros_msgs/share/micro_ros_msgs/cmake/micro_ros_msgs__rosidl_typesupport_introspection_cExport.cmake
[1.119s] -- Up-to-date: /home/group1/dd2419_ws/install/micro_ros_msgs/share/micro_ros_msgs/cmake/micro_ros_msgs__rosidl_typesupport_introspection_cExport-noconfig.cmake
[1.120s] -- Up-to-date: /home/group1/dd2419_ws/install/micro_ros_msgs/share/micro_ros_msgs/cmake/micro_ros_msgs__rosidl_typesupport_cExport.cmake
[1.120s] -- Up-to-date: /home/group1/dd2419_ws/install/micro_ros_msgs/share/micro_ros_msgs/cmake/micro_ros_msgs__rosidl_typesupport_cExport-noconfig.cmake
[1.120s] -- Up-to-date: /home/group1/dd2419_ws/install/micro_ros_msgs/share/micro_ros_msgs/cmake/export_micro_ros_msgs__rosidl_generator_cppExport.cmake
[1.120s] -- Up-to-date: /home/group1/dd2419_ws/install/micro_ros_msgs/share/micro_ros_msgs/cmake/export_micro_ros_msgs__rosidl_typesupport_fastrtps_cppExport.cmake
[1.121s] -- Up-to-date: /home/group1/dd2419_ws/install/micro_ros_msgs/share/micro_ros_msgs/cmake/export_micro_ros_msgs__rosidl_typesupport_fastrtps_cppExport-noconfig.cmake
[1.121s] -- Up-to-date: /home/group1/dd2419_ws/install/micro_ros_msgs/share/micro_ros_msgs/cmake/micro_ros_msgs__rosidl_typesupport_introspection_cppExport.cmake
[1.121s] -- Up-to-date: /home/group1/dd2419_ws/install/micro_ros_msgs/share/micro_ros_msgs/cmake/micro_ros_msgs__rosidl_typesupport_introspection_cppExport-noconfig.cmake
[1.122s] -- Up-to-date: /home/group1/dd2419_ws/install/micro_ros_msgs/share/micro_ros_msgs/cmake/micro_ros_msgs__rosidl_typesupport_cppExport.cmake
[1.122s] -- Up-to-date: /home/group1/dd2419_ws/install/micro_ros_msgs/share/micro_ros_msgs/cmake/micro_ros_msgs__rosidl_typesupport_cppExport-noconfig.cmake
[1.122s] -- Up-to-date: /home/group1/dd2419_ws/install/micro_ros_msgs/share/micro_ros_msgs/cmake/export_micro_ros_msgs__rosidl_generator_pyExport.cmake
[1.122s] -- Up-to-date: /home/group1/dd2419_ws/install/micro_ros_msgs/share/micro_ros_msgs/cmake/export_micro_ros_msgs__rosidl_generator_pyExport-noconfig.cmake
[1.122s] -- Up-to-date: /home/group1/dd2419_ws/install/micro_ros_msgs/share/micro_ros_msgs/cmake/rosidl_cmake-extras.cmake
[1.123s] -- Up-to-date: /home/group1/dd2419_ws/install/micro_ros_msgs/share/micro_ros_msgs/cmake/ament_cmake_export_include_directories-extras.cmake
[1.123s] -- Up-to-date: /home/group1/dd2419_ws/install/micro_ros_msgs/share/micro_ros_msgs/cmake/ament_cmake_export_libraries-extras.cmake
[1.123s] -- Up-to-date: /home/group1/dd2419_ws/install/micro_ros_msgs/share/micro_ros_msgs/cmake/ament_cmake_export_targets-extras.cmake
[1.123s] -- Up-to-date: /home/group1/dd2419_ws/install/micro_ros_msgs/share/micro_ros_msgs/cmake/rosidl_cmake_export_typesupport_targets-extras.cmake
[1.125s] -- Up-to-date: /home/group1/dd2419_ws/install/micro_ros_msgs/share/micro_ros_msgs/cmake/ament_cmake_export_dependencies-extras.cmake
[1.125s] -- Up-to-date: /home/group1/dd2419_ws/install/micro_ros_msgs/share/micro_ros_msgs/cmake/rosidl_cmake_export_typesupport_libraries-extras.cmake
[1.125s] -- Up-to-date: /home/group1/dd2419_ws/install/micro_ros_msgs/share/micro_ros_msgs/cmake/micro_ros_msgsConfig.cmake
[1.125s] -- Up-to-date: /home/group1/dd2419_ws/install/micro_ros_msgs/share/micro_ros_msgs/cmake/micro_ros_msgsConfig-version.cmake
[1.126s] -- Up-to-date: /home/group1/dd2419_ws/install/micro_ros_msgs/share/micro_ros_msgs/package.xml
[1.198s] Invoked command in '/home/group1/dd2419_ws/build/micro_ros_msgs' returned '0': CMAKE_PREFIX_PATH=${CMAKE_PREFIX_PATH}:/home/group1/dd2419_ws/install/robp_launch:/home/group1/dd2419_ws/install/arm_servos_pubs_subs:/opt/ros/jazzy DEBUGINFOD_URLS=https://debuginfod.ubuntu.com /usr/bin/cmake --install /home/group1/dd2419_ws/build/micro_ros_msgs
