[0.538s] Invoking command in '/home/robot/dd2419_ws/build/robp_launch': AMENT_PREFIX_PATH=/home/robot/dd2419_ws/install/robp_phidgets_spatial:/home/robot/dd2419_ws/install/robp_phidgets_motors:/home/robot/dd2419_ws/install/robp_phidgets_encoders:${AMENT_PREFIX_PATH} CMAKE_PREFIX_PATH=/home/robot/dd2419_ws/install/robp_phidgets_spatial:/home/robot/dd2419_ws/install/robp_phidgets_motors:/home/robot/dd2419_ws/install/robp_phidgets_encoders:/home/robot/dd2419_ws/install/robp_phidgets_temperature:/home/robot/dd2419_ws/install/robp_interfaces:/home/robot/dd2419_ws/install/usb_cam:/home/robot/dd2419_ws/install/sllidar_ros2:/home/robot/esp32_microros_ws/install/micro_ros_setup:/home/robot/esp32_microros_ws/install/micro_ros_agent:/home/robot/esp32_microros_ws/install/micro_ros_msgs:/opt/ros/jazzy/opt/gz_math_vendor:/opt/ros/jazzy/opt/gz_utils_vendor:/opt/ros/jazzy/opt/gz_cmake_vendor DEBUGINFOD_URLS=https://debuginfod.ubuntu.com LD_LIBRARY_PATH=/home/robot/dd2419_ws/install/robp_phidgets_spatial/lib:/home/robot/dd2419_ws/install/robp_phidgets_motors/lib:/home/robot/dd2419_ws/install/robp_phidgets_encoders/lib:/home/robot/dd2419_ws/install/robp_phidgets_temperature/lib:/home/robot/dd2419_ws/install/robp_interfaces/lib:/home/robot/dd2419_ws/install/usb_cam/lib:/home/robot/esp32_microros_ws/install/micro_ros_agent/lib:/home/robot/esp32_microros_ws/install/micro_ros_msgs/lib:/opt/ros/jazzy/opt/rviz_ogre_vendor/lib:/opt/ros/jazzy/lib/x86_64-linux-gnu:/opt/ros/jazzy/opt/libphidget22/lib:/opt/ros/jazzy/opt/gz_math_vendor/lib:/opt/ros/jazzy/opt/gz_utils_vendor/lib:/opt/ros/jazzy/opt/gz_cmake_vendor/lib:/opt/ros/jazzy/lib PYTHONPATH=/home/robot/dd2419_ws/build/robp_launch/prefix_override:/usr/lib/python3/dist-packages/colcon_core/task/python/colcon_distutils_commands:/home/robot/dd2419_ws/install/robp_launch/lib/python3.12/site-packages:${PYTHONPATH} /usr/bin/python3 -W ignore:setup.py install is deprecated -W ignore:easy_install command is deprecated setup.py develop --editable --build-directory /home/robot/dd2419_ws/build/robp_launch/build --no-deps symlink_data
[0.752s] running develop
[0.877s] running egg_info
[0.877s] creating robp_launch.egg-info
[0.890s] writing robp_launch.egg-info/PKG-INFO
[0.890s] writing dependency_links to robp_launch.egg-info/dependency_links.txt
[0.890s] writing requirements to robp_launch.egg-info/requires.txt
[0.890s] writing top-level names to robp_launch.egg-info/top_level.txt
[0.890s] writing manifest file 'robp_launch.egg-info/SOURCES.txt'
[0.914s] reading manifest file 'robp_launch.egg-info/SOURCES.txt'
[0.914s] writing manifest file 'robp_launch.egg-info/SOURCES.txt'
[0.927s] running build_ext
[0.927s] Creating /home/robot/dd2419_ws/install/robp_launch/lib/python3.12/site-packages/robp-launch.egg-link (link to .)
[0.928s] 
[0.928s] Installed /home/robot/dd2419_ws/build/robp_launch
[0.928s] running symlink_data
[0.928s] creating /home/robot/dd2419_ws/install/robp_launch/share/ament_index
[0.928s] creating /home/robot/dd2419_ws/install/robp_launch/share/ament_index/resource_index
[0.928s] creating /home/robot/dd2419_ws/install/robp_launch/share/ament_index/resource_index/packages
[0.928s] symbolically linking /home/robot/dd2419_ws/build/robp_launch/resource/robp_launch -> /home/robot/dd2419_ws/install/robp_launch/share/ament_index/resource_index/packages
[0.928s] creating /home/robot/dd2419_ws/install/robp_launch/share/robp_launch/launch
[0.928s] symbolically linking /home/robot/dd2419_ws/build/robp_launch/launch/phidgets_launch.py -> /home/robot/dd2419_ws/install/robp_launch/share/robp_launch/launch
[0.928s] symbolically linking /home/robot/dd2419_ws/build/robp_launch/launch/arm_camera_launch.yaml -> /home/robot/dd2419_ws/install/robp_launch/share/robp_launch/launch
[0.928s] symbolically linking /home/robot/dd2419_ws/build/robp_launch/launch/rs_d435i_launch.py -> /home/robot/dd2419_ws/install/robp_launch/share/robp_launch/launch
[0.928s] symbolically linking /home/robot/dd2419_ws/build/robp_launch/launch/frames_launch.xml -> /home/robot/dd2419_ws/install/robp_launch/share/robp_launch/launch
[0.928s] symbolically linking /home/robot/dd2419_ws/build/robp_launch/launch/lidar_launch.yaml -> /home/robot/dd2419_ws/install/robp_launch/share/robp_launch/launch
[0.928s] symbolically linking /home/robot/dd2419_ws/build/robp_launch/package.xml -> /home/robot/dd2419_ws/install/robp_launch/share/robp_launch
[0.957s] Invoked command in '/home/robot/dd2419_ws/build/robp_launch' returned '0': AMENT_PREFIX_PATH=/home/robot/dd2419_ws/install/robp_phidgets_spatial:/home/robot/dd2419_ws/install/robp_phidgets_motors:/home/robot/dd2419_ws/install/robp_phidgets_encoders:${AMENT_PREFIX_PATH} CMAKE_PREFIX_PATH=/home/robot/dd2419_ws/install/robp_phidgets_spatial:/home/robot/dd2419_ws/install/robp_phidgets_motors:/home/robot/dd2419_ws/install/robp_phidgets_encoders:/home/robot/dd2419_ws/install/robp_phidgets_temperature:/home/robot/dd2419_ws/install/robp_interfaces:/home/robot/dd2419_ws/install/usb_cam:/home/robot/dd2419_ws/install/sllidar_ros2:/home/robot/esp32_microros_ws/install/micro_ros_setup:/home/robot/esp32_microros_ws/install/micro_ros_agent:/home/robot/esp32_microros_ws/install/micro_ros_msgs:/opt/ros/jazzy/opt/gz_math_vendor:/opt/ros/jazzy/opt/gz_utils_vendor:/opt/ros/jazzy/opt/gz_cmake_vendor DEBUGINFOD_URLS=https://debuginfod.ubuntu.com LD_LIBRARY_PATH=/home/robot/dd2419_ws/install/robp_phidgets_spatial/lib:/home/robot/dd2419_ws/install/robp_phidgets_motors/lib:/home/robot/dd2419_ws/install/robp_phidgets_encoders/lib:/home/robot/dd2419_ws/install/robp_phidgets_temperature/lib:/home/robot/dd2419_ws/install/robp_interfaces/lib:/home/robot/dd2419_ws/install/usb_cam/lib:/home/robot/esp32_microros_ws/install/micro_ros_agent/lib:/home/robot/esp32_microros_ws/install/micro_ros_msgs/lib:/opt/ros/jazzy/opt/rviz_ogre_vendor/lib:/opt/ros/jazzy/lib/x86_64-linux-gnu:/opt/ros/jazzy/opt/libphidget22/lib:/opt/ros/jazzy/opt/gz_math_vendor/lib:/opt/ros/jazzy/opt/gz_utils_vendor/lib:/opt/ros/jazzy/opt/gz_cmake_vendor/lib:/opt/ros/jazzy/lib PYTHONPATH=/home/robot/dd2419_ws/build/robp_launch/prefix_override:/usr/lib/python3/dist-packages/colcon_core/task/python/colcon_distutils_commands:/home/robot/dd2419_ws/install/robp_launch/lib/python3.12/site-packages:${PYTHONPATH} /usr/bin/python3 -W ignore:setup.py install is deprecated -W ignore:easy_install command is deprecated setup.py develop --editable --build-directory /home/robot/dd2419_ws/build/robp_launch/build --no-deps symlink_data
