[3.123s] Invoking command in '/home/group1/dd2419_ws/build/arm_servos_pubs_subs': DEBUGINFOD_URLS=https://debuginfod.ubuntu.com PYTHONPATH=/home/group1/dd2419_ws/build/arm_servos_pubs_subs/prefix_override:/usr/lib/python3/dist-packages/colcon_core/task/python/colcon_distutils_commands:/home/group1/dd2419_ws/install/arm_servos_pubs_subs/lib/python3.12/site-packages:${PYTHONPATH} /usr/bin/python3 -W ignore:setup.py install is deprecated -W ignore:easy_install command is deprecated setup.py develop --editable --build-directory /home/group1/dd2419_ws/build/arm_servos_pubs_subs/build --no-deps symlink_data
[4.567s] running develop
[4.567s] running egg_info
[4.567s] creating arm_servos_pubs_subs.egg-info
[4.568s] writing arm_servos_pubs_subs.egg-info/PKG-INFO
[4.568s] writing dependency_links to arm_servos_pubs_subs.egg-info/dependency_links.txt
[4.568s] writing entry points to arm_servos_pubs_subs.egg-info/entry_points.txt
[4.568s] writing requirements to arm_servos_pubs_subs.egg-info/requires.txt
[4.569s] writing top-level names to arm_servos_pubs_subs.egg-info/top_level.txt
[4.570s] writing manifest file 'arm_servos_pubs_subs.egg-info/SOURCES.txt'
[4.650s] reading manifest file 'arm_servos_pubs_subs.egg-info/SOURCES.txt'
[4.652s] writing manifest file 'arm_servos_pubs_subs.egg-info/SOURCES.txt'
[4.685s] running build_ext
[4.685s] Creating /home/group1/dd2419_ws/install/arm_servos_pubs_subs/lib/python3.12/site-packages/arm-servos-pubs-subs.egg-link (link to .)
[4.690s] Installing listener script to /home/group1/dd2419_ws/install/arm_servos_pubs_subs/lib/arm_servos_pubs_subs
[4.690s] Installing talker script to /home/group1/dd2419_ws/install/arm_servos_pubs_subs/lib/arm_servos_pubs_subs
[4.690s] 
[4.690s] Installed /home/group1/dd2419_ws/build/arm_servos_pubs_subs
[4.690s] running symlink_data
[4.691s] creating /home/group1/dd2419_ws/install/arm_servos_pubs_subs/share/ament_index
[4.691s] creating /home/group1/dd2419_ws/install/arm_servos_pubs_subs/share/ament_index/resource_index
[4.691s] creating /home/group1/dd2419_ws/install/arm_servos_pubs_subs/share/ament_index/resource_index/packages
[4.691s] symbolically linking /home/group1/dd2419_ws/build/arm_servos_pubs_subs/resource/arm_servos_pubs_subs -> /home/group1/dd2419_ws/install/arm_servos_pubs_subs/share/ament_index/resource_index/packages
[4.691s] symbolically linking /home/group1/dd2419_ws/build/arm_servos_pubs_subs/package.xml -> /home/group1/dd2419_ws/install/arm_servos_pubs_subs/share/arm_servos_pubs_subs
[5.007s] Invoked command in '/home/group1/dd2419_ws/build/arm_servos_pubs_subs' returned '0': DEBUGINFOD_URLS=https://debuginfod.ubuntu.com PYTHONPATH=/home/group1/dd2419_ws/build/arm_servos_pubs_subs/prefix_override:/usr/lib/python3/dist-packages/colcon_core/task/python/colcon_distutils_commands:/home/group1/dd2419_ws/install/arm_servos_pubs_subs/lib/python3.12/site-packages:${PYTHONPATH} /usr/bin/python3 -W ignore:setup.py install is deprecated -W ignore:easy_install command is deprecated setup.py develop --editable --build-directory /home/group1/dd2419_ws/build/arm_servos_pubs_subs/build --no-deps symlink_data
