/home/kristoffer-germalm/dd2419_ws/src/install/detection/lib/python3.12/site-packages/detection/obj_2dimage.py
/home/kristoffer-germalm/dd2419_ws/src/install/detection/lib/python3.12/site-packages/detection/tesing_stuff.py
/home/kristoffer-germalm/dd2419_ws/src/install/detection/lib/python3.12/site-packages/detection/detection.py
/home/kristoffer-germalm/dd2419_ws/src/install/detection/lib/python3.12/site-packages/detection/__init__.py
/home/kristoffer-germalm/dd2419_ws/src/install/detection/lib/python3.12/site-packages/detection/obj_detection_edge.py
/home/kristoffer-germalm/dd2419_ws/src/install/detection/lib/python3.12/site-packages/detection/obj_detection.py
/home/kristoffer-germalm/dd2419_ws/src/install/detection/lib/python3.12/site-packages/detection/canny_edge_detection.py
/home/kristoffer-germalm/dd2419_ws/src/install/detection/lib/python3.12/site-packages/detection/__pycache__/obj_2dimage.cpython-312.pyc
/home/kristoffer-germalm/dd2419_ws/src/install/detection/lib/python3.12/site-packages/detection/__pycache__/tesing_stuff.cpython-312.pyc
/home/kristoffer-germalm/dd2419_ws/src/install/detection/lib/python3.12/site-packages/detection/__pycache__/detection.cpython-312.pyc
/home/kristoffer-germalm/dd2419_ws/src/install/detection/lib/python3.12/site-packages/detection/__pycache__/__init__.cpython-312.pyc
/home/kristoffer-germalm/dd2419_ws/src/install/detection/lib/python3.12/site-packages/detection/__pycache__/obj_detection_edge.cpython-312.pyc
/home/kristoffer-germalm/dd2419_ws/src/install/detection/lib/python3.12/site-packages/detection/__pycache__/obj_detection.cpython-312.pyc
/home/kristoffer-germalm/dd2419_ws/src/install/detection/lib/python3.12/site-packages/detection/__pycache__/canny_edge_detection.cpython-312.pyc
/home/kristoffer-germalm/dd2419_ws/src/install/detection/share/ament_index/resource_index/packages/detection
/home/kristoffer-germalm/dd2419_ws/src/install/detection/share/detection/package.xml
/home/kristoffer-germalm/dd2419_ws/src/install/detection/lib/python3.12/site-packages/detection-0.0.0-py3.12.egg-info/entry_points.txt
/home/kristoffer-germalm/dd2419_ws/src/install/detection/lib/python3.12/site-packages/detection-0.0.0-py3.12.egg-info/dependency_links.txt
/home/kristoffer-germalm/dd2419_ws/src/install/detection/lib/python3.12/site-packages/detection-0.0.0-py3.12.egg-info/PKG-INFO
/home/kristoffer-germalm/dd2419_ws/src/install/detection/lib/python3.12/site-packages/detection-0.0.0-py3.12.egg-info/zip-safe
/home/kristoffer-germalm/dd2419_ws/src/install/detection/lib/python3.12/site-packages/detection-0.0.0-py3.12.egg-info/top_level.txt
/home/kristoffer-germalm/dd2419_ws/src/install/detection/lib/python3.12/site-packages/detection-0.0.0-py3.12.egg-info/SOURCES.txt
/home/kristoffer-germalm/dd2419_ws/src/install/detection/lib/python3.12/site-packages/detection-0.0.0-py3.12.egg-info/requires.txt
/home/kristoffer-germalm/dd2419_ws/src/install/detection/lib/detection/detection
/home/kristoffer-germalm/dd2419_ws/src/install/detection/lib/detection/obj_detection
