[2.176s] Invoking command in '/home/robot/dd2419_ws/src/robp_robot/robp_arm/arm_servos_pubs_subs': DEBUGINFOD_URLS=https://debuginfod.ubuntu.com PYTHONPATH=/home/robot/dd2419_ws/src/build/arm_servos_pubs_subs/prefix_override:/usr/lib/python3/dist-packages/colcon_core/task/python/colcon_distutils_commands:/home/robot/dd2419_ws/src/install/arm_servos_pubs_subs/lib/python3.12/site-packages:${PYTHONPATH} /usr/bin/python3 -W ignore:setup.py install is deprecated -W ignore:easy_install command is deprecated setup.py egg_info --egg-base ../../../build/arm_servos_pubs_subs build --build-base /home/robot/dd2419_ws/src/build/arm_servos_pubs_subs/build install --record /home/robot/dd2419_ws/src/build/arm_servos_pubs_subs/install.log --single-version-externally-managed install_data
[2.877s] running egg_info
[2.877s] creating ../../../build/arm_servos_pubs_subs/arm_servos_pubs_subs.egg-info
[2.877s] writing ../../../build/arm_servos_pubs_subs/arm_servos_pubs_subs.egg-info/PKG-INFO
[2.877s] writing dependency_links to ../../../build/arm_servos_pubs_subs/arm_servos_pubs_subs.egg-info/dependency_links.txt
[2.877s] writing entry points to ../../../build/arm_servos_pubs_subs/arm_servos_pubs_subs.egg-info/entry_points.txt
[2.877s] writing requirements to ../../../build/arm_servos_pubs_subs/arm_servos_pubs_subs.egg-info/requires.txt
[2.877s] writing top-level names to ../../../build/arm_servos_pubs_subs/arm_servos_pubs_subs.egg-info/top_level.txt
[2.877s] writing manifest file '../../../build/arm_servos_pubs_subs/arm_servos_pubs_subs.egg-info/SOURCES.txt'
[2.877s] reading manifest file '../../../build/arm_servos_pubs_subs/arm_servos_pubs_subs.egg-info/SOURCES.txt'
[2.877s] writing manifest file '../../../build/arm_servos_pubs_subs/arm_servos_pubs_subs.egg-info/SOURCES.txt'
[2.877s] running build
[2.877s] running build_py
[2.879s] creating /home/robot/dd2419_ws/src/build/arm_servos_pubs_subs/build
[2.879s] creating /home/robot/dd2419_ws/src/build/arm_servos_pubs_subs/build/lib
[2.879s] creating /home/robot/dd2419_ws/src/build/arm_servos_pubs_subs/build/lib/arm_servos_pubs_subs
[2.879s] copying arm_servos_pubs_subs/servo_pos_subscriber.py -> /home/robot/dd2419_ws/src/build/arm_servos_pubs_subs/build/lib/arm_servos_pubs_subs
[2.879s] copying arm_servos_pubs_subs/__init__.py -> /home/robot/dd2419_ws/src/build/arm_servos_pubs_subs/build/lib/arm_servos_pubs_subs
[2.879s] copying arm_servos_pubs_subs/move_servos_publisher.py -> /home/robot/dd2419_ws/src/build/arm_servos_pubs_subs/build/lib/arm_servos_pubs_subs
[2.879s] running install
[2.879s] running install_lib
[2.879s] creating /home/robot/dd2419_ws/src/install/arm_servos_pubs_subs/lib/python3.12/site-packages/arm_servos_pubs_subs
[2.879s] copying /home/robot/dd2419_ws/src/build/arm_servos_pubs_subs/build/lib/arm_servos_pubs_subs/servo_pos_subscriber.py -> /home/robot/dd2419_ws/src/install/arm_servos_pubs_subs/lib/python3.12/site-packages/arm_servos_pubs_subs
[2.879s] copying /home/robot/dd2419_ws/src/build/arm_servos_pubs_subs/build/lib/arm_servos_pubs_subs/__init__.py -> /home/robot/dd2419_ws/src/install/arm_servos_pubs_subs/lib/python3.12/site-packages/arm_servos_pubs_subs
[2.879s] copying /home/robot/dd2419_ws/src/build/arm_servos_pubs_subs/build/lib/arm_servos_pubs_subs/move_servos_publisher.py -> /home/robot/dd2419_ws/src/install/arm_servos_pubs_subs/lib/python3.12/site-packages/arm_servos_pubs_subs
[2.879s] byte-compiling /home/robot/dd2419_ws/src/install/arm_servos_pubs_subs/lib/python3.12/site-packages/arm_servos_pubs_subs/servo_pos_subscriber.py to servo_pos_subscriber.cpython-312.pyc
[2.879s] byte-compiling /home/robot/dd2419_ws/src/install/arm_servos_pubs_subs/lib/python3.12/site-packages/arm_servos_pubs_subs/__init__.py to __init__.cpython-312.pyc
[2.879s] byte-compiling /home/robot/dd2419_ws/src/install/arm_servos_pubs_subs/lib/python3.12/site-packages/arm_servos_pubs_subs/move_servos_publisher.py to move_servos_publisher.cpython-312.pyc
[2.880s] running install_data
[2.880s] creating /home/robot/dd2419_ws/src/install/arm_servos_pubs_subs/share/ament_index
[2.880s] creating /home/robot/dd2419_ws/src/install/arm_servos_pubs_subs/share/ament_index/resource_index
[2.880s] creating /home/robot/dd2419_ws/src/install/arm_servos_pubs_subs/share/ament_index/resource_index/packages
[2.880s] copying resource/arm_servos_pubs_subs -> /home/robot/dd2419_ws/src/install/arm_servos_pubs_subs/share/ament_index/resource_index/packages
[2.880s] copying package.xml -> /home/robot/dd2419_ws/src/install/arm_servos_pubs_subs/share/arm_servos_pubs_subs
[2.880s] running install_egg_info
[2.880s] Copying ../../../build/arm_servos_pubs_subs/arm_servos_pubs_subs.egg-info to /home/robot/dd2419_ws/src/install/arm_servos_pubs_subs/lib/python3.12/site-packages/arm_servos_pubs_subs-0.0.0-py3.12.egg-info
[2.880s] running install_scripts
[2.956s] Installing listener script to /home/robot/dd2419_ws/src/install/arm_servos_pubs_subs/lib/arm_servos_pubs_subs
[2.956s] Installing talker script to /home/robot/dd2419_ws/src/install/arm_servos_pubs_subs/lib/arm_servos_pubs_subs
[2.957s] writing list of installed files to '/home/robot/dd2419_ws/src/build/arm_servos_pubs_subs/install.log'
[3.075s] Invoked command in '/home/robot/dd2419_ws/src/robp_robot/robp_arm/arm_servos_pubs_subs' returned '0': DEBUGINFOD_URLS=https://debuginfod.ubuntu.com PYTHONPATH=/home/robot/dd2419_ws/src/build/arm_servos_pubs_subs/prefix_override:/usr/lib/python3/dist-packages/colcon_core/task/python/colcon_distutils_commands:/home/robot/dd2419_ws/src/install/arm_servos_pubs_subs/lib/python3.12/site-packages:${PYTHONPATH} /usr/bin/python3 -W ignore:setup.py install is deprecated -W ignore:easy_install command is deprecated setup.py egg_info --egg-base ../../../build/arm_servos_pubs_subs build --build-base /home/robot/dd2419_ws/src/build/arm_servos_pubs_subs/build install --record /home/robot/dd2419_ws/src/build/arm_servos_pubs_subs/install.log --single-version-externally-managed install_data
