[0.054s] Invoking command in '/home/robot/dd2419_ws/build/robp_interfaces': CMAKE_PREFIX_PATH=${CMAKE_PREFIX_PATH}:/home/robot/dd2419_ws/install/steering:/home/robot/dd2419_ws/install/stearing:/home/robot/dd2419_ws/install/robp_launch:/home/robot/dd2419_ws/install/robot_odometry:/home/robot/dd2419_ws/install/pickup:/home/robot/dd2419_ws/install/odometry:/home/robot/dd2419_ws/install/lidar:/home/robot/dd2419_ws/install/display:/home/robot/dd2419_ws/install/detection:/home/robot/dd2419_ws/install/controller:/home/robot/dd2419_ws/install/arm_servos_pubs_subs:/opt/ros/jazzy DEBUGINFOD_URLS=https://debuginfod.ubuntu.com /usr/bin/cmake --build /home/robot/dd2419_ws/build/robp_interfaces -- -j12 -l12
[1.329s] [  2%] Built target robp_interfaces__rosidl_generator_type_description
[1.329s] [  2%] Built target ament_cmake_python_symlink_robp_interfaces
[1.329s] [  4%] Built target robp_interfaces__cpp
[1.329s] [ 22%] Built target robp_interfaces__rosidl_generator_c
[1.329s] [ 31%] Built target robp_interfaces__rosidl_typesupport_c
[1.329s] [ 40%] Built target robp_interfaces__rosidl_typesupport_introspection_c
[1.329s] [ 50%] Built target robp_interfaces__rosidl_typesupport_cpp
[1.329s] [ 59%] Built target robp_interfaces__rosidl_typesupport_introspection_cpp
[1.330s] [ 68%] Built target robp_interfaces__rosidl_typesupport_fastrtps_c
[1.330s] [ 77%] Built target robp_interfaces__rosidl_typesupport_fastrtps_cpp
[1.330s] [ 77%] Built target robp_interfaces
[1.330s] [ 79%] Built target robp_interfaces__py
[1.330s] [ 86%] Built target robp_interfaces__rosidl_generator_py
[1.330s] [100%] Built target robp_interfaces_s__rosidl_typesupport_fastrtps_c
[1.330s] [100%] Built target robp_interfaces_s__rosidl_typesupport_introspection_c
[1.330s] [100%] Built target robp_interfaces_s__rosidl_typesupport_c
[1.330s] running egg_info
[1.330s] writing robp_interfaces.egg-info/PKG-INFO
[1.330s] writing dependency_links to robp_interfaces.egg-info/dependency_links.txt
[1.330s] writing top-level names to robp_interfaces.egg-info/top_level.txt
[1.330s] reading manifest file 'robp_interfaces.egg-info/SOURCES.txt'
[1.330s] writing manifest file 'robp_interfaces.egg-info/SOURCES.txt'
[1.330s] [100%] Built target ament_cmake_python_build_robp_interfaces_egg
[1.331s] Invoked command in '/home/robot/dd2419_ws/build/robp_interfaces' returned '0': CMAKE_PREFIX_PATH=${CMAKE_PREFIX_PATH}:/home/robot/dd2419_ws/install/steering:/home/robot/dd2419_ws/install/stearing:/home/robot/dd2419_ws/install/robp_launch:/home/robot/dd2419_ws/install/robot_odometry:/home/robot/dd2419_ws/install/pickup:/home/robot/dd2419_ws/install/odometry:/home/robot/dd2419_ws/install/lidar:/home/robot/dd2419_ws/install/display:/home/robot/dd2419_ws/install/detection:/home/robot/dd2419_ws/install/controller:/home/robot/dd2419_ws/install/arm_servos_pubs_subs:/opt/ros/jazzy DEBUGINFOD_URLS=https://debuginfod.ubuntu.com /usr/bin/cmake --build /home/robot/dd2419_ws/build/robp_interfaces -- -j12 -l12
[1.339s] Invoking command in '/home/robot/dd2419_ws/build/robp_interfaces': CMAKE_PREFIX_PATH=${CMAKE_PREFIX_PATH}:/home/robot/dd2419_ws/install/steering:/home/robot/dd2419_ws/install/stearing:/home/robot/dd2419_ws/install/robp_launch:/home/robot/dd2419_ws/install/robot_odometry:/home/robot/dd2419_ws/install/pickup:/home/robot/dd2419_ws/install/odometry:/home/robot/dd2419_ws/install/lidar:/home/robot/dd2419_ws/install/display:/home/robot/dd2419_ws/install/detection:/home/robot/dd2419_ws/install/controller:/home/robot/dd2419_ws/install/arm_servos_pubs_subs:/opt/ros/jazzy DEBUGINFOD_URLS=https://debuginfod.ubuntu.com /usr/bin/cmake --install /home/robot/dd2419_ws/build/robp_interfaces
[1.346s] -- Install configuration: ""
[1.347s] -- Execute custom install script
[1.348s] -- Up-to-date symlink: /home/robot/dd2419_ws/install/robp_interfaces/share/ament_index/resource_index/rosidl_interfaces/robp_interfaces
[1.349s] -- Up-to-date symlink: /home/robot/dd2419_ws/install/robp_interfaces/share/robp_interfaces/msg/DutyCycles.json
[1.350s] -- Up-to-date symlink: /home/robot/dd2419_ws/install/robp_interfaces/share/robp_interfaces/msg/Encoders.json
[1.352s] -- Up-to-date symlink: /home/robot/dd2419_ws/install/robp_interfaces/include/robp_interfaces/robp_interfaces/msg/detail/duty_cycles__functions.h
[1.353s] -- Up-to-date symlink: /home/robot/dd2419_ws/install/robp_interfaces/include/robp_interfaces/robp_interfaces/msg/detail/duty_cycles__struct.h
[1.353s] -- Up-to-date symlink: /home/robot/dd2419_ws/install/robp_interfaces/include/robp_interfaces/robp_interfaces/msg/detail/duty_cycles__type_support.h
[1.354s] -- Up-to-date symlink: /home/robot/dd2419_ws/install/robp_interfaces/include/robp_interfaces/robp_interfaces/msg/detail/encoders__functions.h
[1.354s] -- Up-to-date symlink: /home/robot/dd2419_ws/install/robp_interfaces/include/robp_interfaces/robp_interfaces/msg/detail/encoders__struct.h
[1.354s] -- Up-to-date symlink: /home/robot/dd2419_ws/install/robp_interfaces/include/robp_interfaces/robp_interfaces/msg/detail/encoders__type_support.h
[1.355s] -- Up-to-date symlink: /home/robot/dd2419_ws/install/robp_interfaces/include/robp_interfaces/robp_interfaces/msg/duty_cycles.h
[1.355s] -- Up-to-date symlink: /home/robot/dd2419_ws/install/robp_interfaces/include/robp_interfaces/robp_interfaces/msg/encoders.h
[1.356s] -- Up-to-date symlink: /home/robot/dd2419_ws/install/robp_interfaces/include/robp_interfaces/robp_interfaces/msg/rosidl_generator_c__visibility_control.h
[1.357s] -- Up-to-date symlink: /home/robot/dd2419_ws/install/robp_interfaces/share/robp_interfaces/environment/library_path.sh
[1.357s] -- Up-to-date symlink: /home/robot/dd2419_ws/install/robp_interfaces/share/robp_interfaces/environment/library_path.dsv
[1.358s] -- Up-to-date symlink: /home/robot/dd2419_ws/install/robp_interfaces/include/robp_interfaces/robp_interfaces/msg/detail/duty_cycles__rosidl_typesupport_fastrtps_c.h
[1.360s] -- Up-to-date symlink: /home/robot/dd2419_ws/install/robp_interfaces/include/robp_interfaces/robp_interfaces/msg/detail/encoders__rosidl_typesupport_fastrtps_c.h
[1.360s] -- Up-to-date symlink: /home/robot/dd2419_ws/install/robp_interfaces/include/robp_interfaces/robp_interfaces/msg/rosidl_typesupport_fastrtps_c__visibility_control.h
[1.362s] -- Up-to-date symlink: /home/robot/dd2419_ws/install/robp_interfaces/include/robp_interfaces/robp_interfaces/msg/detail/duty_cycles__rosidl_typesupport_introspection_c.h
[1.363s] -- Up-to-date symlink: /home/robot/dd2419_ws/install/robp_interfaces/include/robp_interfaces/robp_interfaces/msg/detail/encoders__rosidl_typesupport_introspection_c.h
[1.363s] -- Up-to-date symlink: /home/robot/dd2419_ws/install/robp_interfaces/include/robp_interfaces/robp_interfaces/msg/rosidl_typesupport_introspection_c__visibility_control.h
[1.364s] -- Up-to-date symlink: /home/robot/dd2419_ws/install/robp_interfaces/include/robp_interfaces/robp_interfaces/msg/detail/duty_cycles__builder.hpp
[1.364s] -- Up-to-date symlink: /home/robot/dd2419_ws/install/robp_interfaces/include/robp_interfaces/robp_interfaces/msg/detail/duty_cycles__struct.hpp
[1.365s] -- Up-to-date symlink: /home/robot/dd2419_ws/install/robp_interfaces/include/robp_interfaces/robp_interfaces/msg/detail/duty_cycles__traits.hpp
[1.365s] -- Up-to-date symlink: /home/robot/dd2419_ws/install/robp_interfaces/include/robp_interfaces/robp_interfaces/msg/detail/duty_cycles__type_support.hpp
[1.365s] -- Up-to-date symlink: /home/robot/dd2419_ws/install/robp_interfaces/include/robp_interfaces/robp_interfaces/msg/detail/encoders__builder.hpp
[1.366s] -- Up-to-date symlink: /home/robot/dd2419_ws/install/robp_interfaces/include/robp_interfaces/robp_interfaces/msg/detail/encoders__struct.hpp
[1.366s] -- Up-to-date symlink: /home/robot/dd2419_ws/install/robp_interfaces/include/robp_interfaces/robp_interfaces/msg/detail/encoders__traits.hpp
[1.366s] -- Up-to-date symlink: /home/robot/dd2419_ws/install/robp_interfaces/include/robp_interfaces/robp_interfaces/msg/detail/encoders__type_support.hpp
[1.366s] -- Up-to-date symlink: /home/robot/dd2419_ws/install/robp_interfaces/include/robp_interfaces/robp_interfaces/msg/duty_cycles.hpp
[1.368s] -- Up-to-date symlink: /home/robot/dd2419_ws/install/robp_interfaces/include/robp_interfaces/robp_interfaces/msg/encoders.hpp
[1.368s] -- Up-to-date symlink: /home/robot/dd2419_ws/install/robp_interfaces/include/robp_interfaces/robp_interfaces/msg/rosidl_generator_cpp__visibility_control.hpp
[1.370s] -- Up-to-date symlink: /home/robot/dd2419_ws/install/robp_interfaces/include/robp_interfaces/robp_interfaces/msg/detail/duty_cycles__rosidl_typesupport_fastrtps_cpp.hpp
[1.370s] -- Up-to-date symlink: /home/robot/dd2419_ws/install/robp_interfaces/include/robp_interfaces/robp_interfaces/msg/detail/encoders__rosidl_typesupport_fastrtps_cpp.hpp
[1.371s] -- Up-to-date symlink: /home/robot/dd2419_ws/install/robp_interfaces/include/robp_interfaces/robp_interfaces/msg/rosidl_typesupport_fastrtps_cpp__visibility_control.h
[1.372s] -- Up-to-date symlink: /home/robot/dd2419_ws/install/robp_interfaces/include/robp_interfaces/robp_interfaces/msg/detail/duty_cycles__rosidl_typesupport_introspection_cpp.hpp
[1.374s] -- Up-to-date symlink: /home/robot/dd2419_ws/install/robp_interfaces/include/robp_interfaces/robp_interfaces/msg/detail/encoders__rosidl_typesupport_introspection_cpp.hpp
[1.374s] -- Up-to-date symlink: /home/robot/dd2419_ws/install/robp_interfaces/share/robp_interfaces/environment/pythonpath.sh
[1.374s] -- Up-to-date symlink: /home/robot/dd2419_ws/install/robp_interfaces/share/robp_interfaces/environment/pythonpath.dsv
[1.376s] -- Up-to-date symlink: /home/robot/dd2419_ws/install/robp_interfaces/lib/python3.12/site-packages/robp_interfaces-1.0.0-py3.12.egg-info/PKG-INFO
[1.377s] -- Up-to-date symlink: /home/robot/dd2419_ws/install/robp_interfaces/lib/python3.12/site-packages/robp_interfaces-1.0.0-py3.12.egg-info/SOURCES.txt
[1.377s] -- Up-to-date symlink: /home/robot/dd2419_ws/install/robp_interfaces/lib/python3.12/site-packages/robp_interfaces-1.0.0-py3.12.egg-info/dependency_links.txt
[1.378s] -- Up-to-date symlink: /home/robot/dd2419_ws/install/robp_interfaces/lib/python3.12/site-packages/robp_interfaces-1.0.0-py3.12.egg-info/top_level.txt
[1.380s] -- Up-to-date symlink: /home/robot/dd2419_ws/install/robp_interfaces/lib/python3.12/site-packages/robp_interfaces/__init__.py
[1.381s] -- Up-to-date symlink: /home/robot/dd2419_ws/install/robp_interfaces/lib/python3.12/site-packages/robp_interfaces/_robp_interfaces_s.ep.rosidl_typesupport_c.c
[1.383s] -- Up-to-date symlink: /home/robot/dd2419_ws/install/robp_interfaces/lib/python3.12/site-packages/robp_interfaces/_robp_interfaces_s.ep.rosidl_typesupport_fastrtps_c.c
[1.383s] -- Up-to-date symlink: /home/robot/dd2419_ws/install/robp_interfaces/lib/python3.12/site-packages/robp_interfaces/_robp_interfaces_s.ep.rosidl_typesupport_introspection_c.c
[1.385s] -- Up-to-date symlink: /home/robot/dd2419_ws/install/robp_interfaces/lib/python3.12/site-packages/robp_interfaces/msg/__init__.py
[1.385s] -- Up-to-date symlink: /home/robot/dd2419_ws/install/robp_interfaces/lib/python3.12/site-packages/robp_interfaces/msg/_duty_cycles.py
[1.386s] -- Up-to-date symlink: /home/robot/dd2419_ws/install/robp_interfaces/lib/python3.12/site-packages/robp_interfaces/msg/_duty_cycles_s.c
[1.386s] -- Up-to-date symlink: /home/robot/dd2419_ws/install/robp_interfaces/lib/python3.12/site-packages/robp_interfaces/msg/_encoders.py
[1.386s] -- Up-to-date symlink: /home/robot/dd2419_ws/install/robp_interfaces/lib/python3.12/site-packages/robp_interfaces/msg/_encoders_s.c
[1.388s] -- Up-to-date symlink: /home/robot/dd2419_ws/install/robp_interfaces/lib/python3.12/site-packages/robp_interfaces/robp_interfaces_s__rosidl_typesupport_c.so
[1.388s] -- Up-to-date symlink: /home/robot/dd2419_ws/install/robp_interfaces/lib/python3.12/site-packages/robp_interfaces/robp_interfaces_s__rosidl_typesupport_fastrtps_c.so
[1.388s] -- Up-to-date symlink: /home/robot/dd2419_ws/install/robp_interfaces/lib/python3.12/site-packages/robp_interfaces/robp_interfaces_s__rosidl_typesupport_introspection_c.so
[1.391s] -- Up-to-date symlink: /home/robot/dd2419_ws/install/robp_interfaces/lib/python3.12/site-packages/robp_interfaces/robp_interfaces_s__rosidl_typesupport_fastrtps_c.so
[1.391s] -- Up-to-date symlink: /home/robot/dd2419_ws/install/robp_interfaces/lib/python3.12/site-packages/robp_interfaces/robp_interfaces_s__rosidl_typesupport_introspection_c.so
[1.392s] -- Up-to-date symlink: /home/robot/dd2419_ws/install/robp_interfaces/lib/python3.12/site-packages/robp_interfaces/robp_interfaces_s__rosidl_typesupport_c.so
[1.393s] -- Up-to-date symlink: /home/robot/dd2419_ws/install/robp_interfaces/share/robp_interfaces/msg/DutyCycles.idl
[1.394s] -- Up-to-date symlink: /home/robot/dd2419_ws/install/robp_interfaces/share/robp_interfaces/msg/Encoders.idl
[1.394s] -- Up-to-date symlink: /home/robot/dd2419_ws/install/robp_interfaces/share/robp_interfaces/msg/DutyCycles.msg
[1.396s] -- Up-to-date symlink: /home/robot/dd2419_ws/install/robp_interfaces/share/robp_interfaces/msg/Encoders.msg
[1.396s] -- Up-to-date symlink: /home/robot/dd2419_ws/install/robp_interfaces/share/ament_index/resource_index/package_run_dependencies/robp_interfaces
[1.406s] -- Up-to-date symlink: /home/robot/dd2419_ws/install/robp_interfaces/share/ament_index/resource_index/parent_prefix_path/robp_interfaces
[1.406s] -- Up-to-date symlink: /home/robot/dd2419_ws/install/robp_interfaces/share/robp_interfaces/environment/ament_prefix_path.sh
[1.406s] -- Up-to-date symlink: /home/robot/dd2419_ws/install/robp_interfaces/share/robp_interfaces/environment/ament_prefix_path.dsv
[1.407s] -- Up-to-date symlink: /home/robot/dd2419_ws/install/robp_interfaces/share/robp_interfaces/environment/path.sh
[1.407s] -- Up-to-date symlink: /home/robot/dd2419_ws/install/robp_interfaces/share/robp_interfaces/environment/path.dsv
[1.407s] -- Up-to-date symlink: /home/robot/dd2419_ws/install/robp_interfaces/share/robp_interfaces/local_setup.bash
[1.407s] -- Up-to-date symlink: /home/robot/dd2419_ws/install/robp_interfaces/share/robp_interfaces/local_setup.sh
[1.407s] -- Up-to-date symlink: /home/robot/dd2419_ws/install/robp_interfaces/share/robp_interfaces/local_setup.zsh
[1.407s] -- Up-to-date symlink: /home/robot/dd2419_ws/install/robp_interfaces/share/robp_interfaces/local_setup.dsv
[1.407s] -- Symlinking: /home/robot/dd2419_ws/install/robp_interfaces/share/robp_interfaces/package.dsv
[1.416s] -- Up-to-date symlink: /home/robot/dd2419_ws/install/robp_interfaces/share/ament_index/resource_index/packages/robp_interfaces
[1.417s] -- Up-to-date symlink: /home/robot/dd2419_ws/install/robp_interfaces/share/robp_interfaces/cmake/rosidl_cmake-extras.cmake
[1.417s] -- Up-to-date symlink: /home/robot/dd2419_ws/install/robp_interfaces/share/robp_interfaces/cmake/ament_cmake_export_dependencies-extras.cmake
[1.418s] -- Up-to-date symlink: /home/robot/dd2419_ws/install/robp_interfaces/share/robp_interfaces/cmake/ament_cmake_export_include_directories-extras.cmake
[1.418s] -- Up-to-date symlink: /home/robot/dd2419_ws/install/robp_interfaces/share/robp_interfaces/cmake/ament_cmake_export_libraries-extras.cmake
[1.419s] -- Up-to-date symlink: /home/robot/dd2419_ws/install/robp_interfaces/share/robp_interfaces/cmake/ament_cmake_export_targets-extras.cmake
[1.419s] -- Up-to-date symlink: /home/robot/dd2419_ws/install/robp_interfaces/share/robp_interfaces/cmake/rosidl_cmake_export_typesupport_targets-extras.cmake
[1.420s] -- Up-to-date symlink: /home/robot/dd2419_ws/install/robp_interfaces/share/robp_interfaces/cmake/rosidl_cmake_export_typesupport_libraries-extras.cmake
[1.420s] -- Up-to-date symlink: /home/robot/dd2419_ws/install/robp_interfaces/share/robp_interfaces/cmake/robp_interfacesConfig.cmake
[1.421s] -- Up-to-date symlink: /home/robot/dd2419_ws/install/robp_interfaces/share/robp_interfaces/cmake/robp_interfacesConfig-version.cmake
[1.421s] -- Up-to-date symlink: /home/robot/dd2419_ws/install/robp_interfaces/share/robp_interfaces/package.xml
[1.422s] -- Up-to-date: /home/robot/dd2419_ws/install/robp_interfaces/lib/librobp_interfaces__rosidl_generator_c.so
[1.423s] -- Up-to-date: /home/robot/dd2419_ws/install/robp_interfaces/lib/librobp_interfaces__rosidl_typesupport_fastrtps_c.so
[1.424s] -- Up-to-date: /home/robot/dd2419_ws/install/robp_interfaces/lib/librobp_interfaces__rosidl_typesupport_introspection_c.so
[1.425s] -- Up-to-date: /home/robot/dd2419_ws/install/robp_interfaces/lib/librobp_interfaces__rosidl_typesupport_c.so
[1.426s] -- Up-to-date: /home/robot/dd2419_ws/install/robp_interfaces/lib/librobp_interfaces__rosidl_typesupport_fastrtps_cpp.so
[1.426s] -- Up-to-date: /home/robot/dd2419_ws/install/robp_interfaces/lib/librobp_interfaces__rosidl_typesupport_introspection_cpp.so
[1.427s] -- Up-to-date: /home/robot/dd2419_ws/install/robp_interfaces/lib/librobp_interfaces__rosidl_typesupport_cpp.so
[1.476s] Listing '/home/robot/dd2419_ws/install/robp_interfaces/lib/python3.12/site-packages/robp_interfaces'...
[1.476s] Listing '/home/robot/dd2419_ws/install/robp_interfaces/lib/python3.12/site-packages/robp_interfaces/msg'...
[1.483s] -- Up-to-date: /home/robot/dd2419_ws/install/robp_interfaces/lib/librobp_interfaces__rosidl_generator_py.so
[1.484s] -- Up-to-date: /home/robot/dd2419_ws/install/robp_interfaces/share/robp_interfaces/cmake/export_robp_interfaces__rosidl_generator_cExport.cmake
[1.484s] -- Up-to-date: /home/robot/dd2419_ws/install/robp_interfaces/share/robp_interfaces/cmake/export_robp_interfaces__rosidl_generator_cExport-noconfig.cmake
[1.485s] -- Up-to-date: /home/robot/dd2419_ws/install/robp_interfaces/share/robp_interfaces/cmake/export_robp_interfaces__rosidl_typesupport_fastrtps_cExport.cmake
[1.485s] -- Up-to-date: /home/robot/dd2419_ws/install/robp_interfaces/share/robp_interfaces/cmake/export_robp_interfaces__rosidl_typesupport_fastrtps_cExport-noconfig.cmake
[1.486s] -- Up-to-date: /home/robot/dd2419_ws/install/robp_interfaces/share/robp_interfaces/cmake/robp_interfaces__rosidl_typesupport_introspection_cExport.cmake
[1.486s] -- Up-to-date: /home/robot/dd2419_ws/install/robp_interfaces/share/robp_interfaces/cmake/robp_interfaces__rosidl_typesupport_introspection_cExport-noconfig.cmake
[1.487s] -- Up-to-date: /home/robot/dd2419_ws/install/robp_interfaces/share/robp_interfaces/cmake/robp_interfaces__rosidl_typesupport_cExport.cmake
[1.487s] -- Up-to-date: /home/robot/dd2419_ws/install/robp_interfaces/share/robp_interfaces/cmake/robp_interfaces__rosidl_typesupport_cExport-noconfig.cmake
[1.488s] -- Up-to-date: /home/robot/dd2419_ws/install/robp_interfaces/share/robp_interfaces/cmake/export_robp_interfaces__rosidl_generator_cppExport.cmake
[1.488s] -- Up-to-date: /home/robot/dd2419_ws/install/robp_interfaces/share/robp_interfaces/cmake/export_robp_interfaces__rosidl_typesupport_fastrtps_cppExport.cmake
[1.489s] -- Up-to-date: /home/robot/dd2419_ws/install/robp_interfaces/share/robp_interfaces/cmake/export_robp_interfaces__rosidl_typesupport_fastrtps_cppExport-noconfig.cmake
[1.489s] -- Up-to-date: /home/robot/dd2419_ws/install/robp_interfaces/share/robp_interfaces/cmake/robp_interfaces__rosidl_typesupport_introspection_cppExport.cmake
[1.489s] -- Up-to-date: /home/robot/dd2419_ws/install/robp_interfaces/share/robp_interfaces/cmake/robp_interfaces__rosidl_typesupport_introspection_cppExport-noconfig.cmake
[1.490s] -- Up-to-date: /home/robot/dd2419_ws/install/robp_interfaces/share/robp_interfaces/cmake/robp_interfaces__rosidl_typesupport_cppExport.cmake
[1.490s] -- Up-to-date: /home/robot/dd2419_ws/install/robp_interfaces/share/robp_interfaces/cmake/robp_interfaces__rosidl_typesupport_cppExport-noconfig.cmake
[1.491s] -- Up-to-date: /home/robot/dd2419_ws/install/robp_interfaces/share/robp_interfaces/cmake/export_robp_interfaces__rosidl_generator_pyExport.cmake
[1.491s] -- Up-to-date: /home/robot/dd2419_ws/install/robp_interfaces/share/robp_interfaces/cmake/export_robp_interfaces__rosidl_generator_pyExport-noconfig.cmake
[1.497s] Invoked command in '/home/robot/dd2419_ws/build/robp_interfaces' returned '0': CMAKE_PREFIX_PATH=${CMAKE_PREFIX_PATH}:/home/robot/dd2419_ws/install/steering:/home/robot/dd2419_ws/install/stearing:/home/robot/dd2419_ws/install/robp_launch:/home/robot/dd2419_ws/install/robot_odometry:/home/robot/dd2419_ws/install/pickup:/home/robot/dd2419_ws/install/odometry:/home/robot/dd2419_ws/install/lidar:/home/robot/dd2419_ws/install/display:/home/robot/dd2419_ws/install/detection:/home/robot/dd2419_ws/install/controller:/home/robot/dd2419_ws/install/arm_servos_pubs_subs:/opt/ros/jazzy DEBUGINFOD_URLS=https://debuginfod.ubuntu.com /usr/bin/cmake --install /home/robot/dd2419_ws/build/robp_interfaces
