[  2%] Built target arm_interface__rosidl_generator_type_description
[  2%] Built target ament_cmake_python_symlink_arm_interface
[  5%] Built target arm_interface__cpp
[ 20%] Built target arm_interface__rosidl_generator_c
[ 29%] Built target arm_interface__rosidl_typesupport_cpp
[ 38%] Built target arm_interface__rosidl_typesupport_introspection_c
[ 47%] Built target arm_interface__rosidl_typesupport_fastrtps_c
[ 55%] Built target arm_interface__rosidl_typesupport_introspection_cpp
[ 64%] Built target arm_interface__rosidl_typesupport_fastrtps_cpp
[ 73%] Built target arm_interface__rosidl_typesupport_c
[ 73%] Built target arm_interface
[ 76%] Built target arm_interface__py
[ 82%] Built target arm_interface__rosidl_generator_py
[ 88%] Built target arm_interface_s__rosidl_typesupport_introspection_c
[ 94%] Built target arm_interface_s__rosidl_typesupport_c
[100%] Built target arm_interface_s__rosidl_typesupport_fastrtps_c
running egg_info
writing arm_interface.egg-info/PKG-INFO
writing dependency_links to arm_interface.egg-info/dependency_links.txt
writing top-level names to arm_interface.egg-info/top_level.txt
reading manifest file 'arm_interface.egg-info/SOURCES.txt'
writing manifest file 'arm_interface.egg-info/SOURCES.txt'
[100%] Built target ament_cmake_python_build_arm_interface_egg
-- Install configuration: ""
-- Execute custom install script
-- Up-to-date symlink: /home/group1/dd2419_ws/install/arm_interface/share/ament_index/resource_index/rosidl_interfaces/arm_interface
-- Up-to-date symlink: /home/group1/dd2419_ws/install/arm_interface/share/arm_interface/srv/Arm.json
-- Up-to-date symlink: /home/group1/dd2419_ws/install/arm_interface/include/arm_interface/arm_interface/msg/rosidl_generator_c__visibility_control.h
-- Up-to-date symlink: /home/group1/dd2419_ws/install/arm_interface/include/arm_interface/arm_interface/srv/arm.h
-- Up-to-date symlink: /home/group1/dd2419_ws/install/arm_interface/include/arm_interface/arm_interface/srv/detail/arm__functions.h
-- Up-to-date symlink: /home/group1/dd2419_ws/install/arm_interface/include/arm_interface/arm_interface/srv/detail/arm__struct.h
-- Up-to-date symlink: /home/group1/dd2419_ws/install/arm_interface/include/arm_interface/arm_interface/srv/detail/arm__type_support.h
-- Up-to-date symlink: /home/group1/dd2419_ws/install/arm_interface/share/arm_interface/environment/library_path.sh
-- Up-to-date symlink: /home/group1/dd2419_ws/install/arm_interface/share/arm_interface/environment/library_path.dsv
-- Up-to-date symlink: /home/group1/dd2419_ws/install/arm_interface/include/arm_interface/arm_interface/msg/rosidl_typesupport_fastrtps_c__visibility_control.h
-- Up-to-date symlink: /home/group1/dd2419_ws/install/arm_interface/include/arm_interface/arm_interface/srv/detail/arm__rosidl_typesupport_fastrtps_c.h
-- Up-to-date symlink: /home/group1/dd2419_ws/install/arm_interface/include/arm_interface/arm_interface/msg/rosidl_typesupport_introspection_c__visibility_control.h
-- Up-to-date symlink: /home/group1/dd2419_ws/install/arm_interface/include/arm_interface/arm_interface/srv/detail/arm__rosidl_typesupport_introspection_c.h
-- Up-to-date symlink: /home/group1/dd2419_ws/install/arm_interface/include/arm_interface/arm_interface/msg/rosidl_generator_cpp__visibility_control.hpp
-- Up-to-date symlink: /home/group1/dd2419_ws/install/arm_interface/include/arm_interface/arm_interface/srv/arm.hpp
-- Up-to-date symlink: /home/group1/dd2419_ws/install/arm_interface/include/arm_interface/arm_interface/srv/detail/arm__builder.hpp
-- Up-to-date symlink: /home/group1/dd2419_ws/install/arm_interface/include/arm_interface/arm_interface/srv/detail/arm__struct.hpp
-- Up-to-date symlink: /home/group1/dd2419_ws/install/arm_interface/include/arm_interface/arm_interface/srv/detail/arm__traits.hpp
-- Up-to-date symlink: /home/group1/dd2419_ws/install/arm_interface/include/arm_interface/arm_interface/srv/detail/arm__type_support.hpp
-- Up-to-date symlink: /home/group1/dd2419_ws/install/arm_interface/include/arm_interface/arm_interface/msg/rosidl_typesupport_fastrtps_cpp__visibility_control.h
-- Up-to-date symlink: /home/group1/dd2419_ws/install/arm_interface/include/arm_interface/arm_interface/srv/detail/arm__rosidl_typesupport_fastrtps_cpp.hpp
-- Up-to-date symlink: /home/group1/dd2419_ws/install/arm_interface/include/arm_interface/arm_interface/srv/detail/arm__rosidl_typesupport_introspection_cpp.hpp
-- Up-to-date symlink: /home/group1/dd2419_ws/install/arm_interface/share/arm_interface/environment/pythonpath.sh
-- Up-to-date symlink: /home/group1/dd2419_ws/install/arm_interface/share/arm_interface/environment/pythonpath.dsv
-- Up-to-date symlink: /home/group1/dd2419_ws/install/arm_interface/lib/python3.12/site-packages/arm_interface-0.0.0-py3.12.egg-info/PKG-INFO
-- Up-to-date symlink: /home/group1/dd2419_ws/install/arm_interface/lib/python3.12/site-packages/arm_interface-0.0.0-py3.12.egg-info/SOURCES.txt
-- Up-to-date symlink: /home/group1/dd2419_ws/install/arm_interface/lib/python3.12/site-packages/arm_interface-0.0.0-py3.12.egg-info/dependency_links.txt
-- Up-to-date symlink: /home/group1/dd2419_ws/install/arm_interface/lib/python3.12/site-packages/arm_interface-0.0.0-py3.12.egg-info/top_level.txt
-- Up-to-date symlink: /home/group1/dd2419_ws/install/arm_interface/lib/python3.12/site-packages/arm_interface/__init__.py
-- Up-to-date symlink: /home/group1/dd2419_ws/install/arm_interface/lib/python3.12/site-packages/arm_interface/_arm_interface_s.ep.rosidl_typesupport_c.c
-- Up-to-date symlink: /home/group1/dd2419_ws/install/arm_interface/lib/python3.12/site-packages/arm_interface/_arm_interface_s.ep.rosidl_typesupport_fastrtps_c.c
-- Up-to-date symlink: /home/group1/dd2419_ws/install/arm_interface/lib/python3.12/site-packages/arm_interface/_arm_interface_s.ep.rosidl_typesupport_introspection_c.c
-- Up-to-date symlink: /home/group1/dd2419_ws/install/arm_interface/lib/python3.12/site-packages/arm_interface/arm_interface_s__rosidl_typesupport_c.so
-- Up-to-date symlink: /home/group1/dd2419_ws/install/arm_interface/lib/python3.12/site-packages/arm_interface/arm_interface_s__rosidl_typesupport_fastrtps_c.so
-- Up-to-date symlink: /home/group1/dd2419_ws/install/arm_interface/lib/python3.12/site-packages/arm_interface/arm_interface_s__rosidl_typesupport_introspection_c.so
-- Up-to-date symlink: /home/group1/dd2419_ws/install/arm_interface/lib/python3.12/site-packages/arm_interface/srv/__init__.py
-- Up-to-date symlink: /home/group1/dd2419_ws/install/arm_interface/lib/python3.12/site-packages/arm_interface/srv/_arm.py
-- Up-to-date symlink: /home/group1/dd2419_ws/install/arm_interface/lib/python3.12/site-packages/arm_interface/srv/_arm_s.c
-- Up-to-date symlink: /home/group1/dd2419_ws/install/arm_interface/lib/python3.12/site-packages/arm_interface/arm_interface_s__rosidl_typesupport_fastrtps_c.so
-- Up-to-date symlink: /home/group1/dd2419_ws/install/arm_interface/lib/python3.12/site-packages/arm_interface/arm_interface_s__rosidl_typesupport_introspection_c.so
-- Up-to-date symlink: /home/group1/dd2419_ws/install/arm_interface/lib/python3.12/site-packages/arm_interface/arm_interface_s__rosidl_typesupport_c.so
-- Up-to-date symlink: /home/group1/dd2419_ws/install/arm_interface/share/arm_interface/srv/Arm.idl
-- Up-to-date symlink: /home/group1/dd2419_ws/install/arm_interface/share/arm_interface/srv/Arm.srv
-- Up-to-date symlink: /home/group1/dd2419_ws/install/arm_interface/share/ament_index/resource_index/package_run_dependencies/arm_interface
-- Up-to-date symlink: /home/group1/dd2419_ws/install/arm_interface/share/ament_index/resource_index/parent_prefix_path/arm_interface
-- Up-to-date symlink: /home/group1/dd2419_ws/install/arm_interface/share/arm_interface/environment/ament_prefix_path.sh
-- Up-to-date symlink: /home/group1/dd2419_ws/install/arm_interface/share/arm_interface/environment/ament_prefix_path.dsv
-- Up-to-date symlink: /home/group1/dd2419_ws/install/arm_interface/share/arm_interface/environment/path.sh
-- Up-to-date symlink: /home/group1/dd2419_ws/install/arm_interface/share/arm_interface/environment/path.dsv
-- Up-to-date symlink: /home/group1/dd2419_ws/install/arm_interface/share/arm_interface/local_setup.bash
-- Up-to-date symlink: /home/group1/dd2419_ws/install/arm_interface/share/arm_interface/local_setup.sh
-- Up-to-date symlink: /home/group1/dd2419_ws/install/arm_interface/share/arm_interface/local_setup.zsh
-- Up-to-date symlink: /home/group1/dd2419_ws/install/arm_interface/share/arm_interface/local_setup.dsv
-- Symlinking: /home/group1/dd2419_ws/install/arm_interface/share/arm_interface/package.dsv
-- Up-to-date symlink: /home/group1/dd2419_ws/install/arm_interface/share/ament_index/resource_index/packages/arm_interface
-- Up-to-date symlink: /home/group1/dd2419_ws/install/arm_interface/share/arm_interface/cmake/rosidl_cmake-extras.cmake
-- Up-to-date symlink: /home/group1/dd2419_ws/install/arm_interface/share/arm_interface/cmake/ament_cmake_export_dependencies-extras.cmake
-- Up-to-date symlink: /home/group1/dd2419_ws/install/arm_interface/share/arm_interface/cmake/ament_cmake_export_include_directories-extras.cmake
-- Up-to-date symlink: /home/group1/dd2419_ws/install/arm_interface/share/arm_interface/cmake/ament_cmake_export_libraries-extras.cmake
-- Up-to-date symlink: /home/group1/dd2419_ws/install/arm_interface/share/arm_interface/cmake/ament_cmake_export_targets-extras.cmake
-- Up-to-date symlink: /home/group1/dd2419_ws/install/arm_interface/share/arm_interface/cmake/rosidl_cmake_export_typesupport_targets-extras.cmake
-- Up-to-date symlink: /home/group1/dd2419_ws/install/arm_interface/share/arm_interface/cmake/rosidl_cmake_export_typesupport_libraries-extras.cmake
-- Up-to-date symlink: /home/group1/dd2419_ws/install/arm_interface/share/arm_interface/cmake/arm_interfaceConfig.cmake
-- Up-to-date symlink: /home/group1/dd2419_ws/install/arm_interface/share/arm_interface/cmake/arm_interfaceConfig-version.cmake
-- Up-to-date symlink: /home/group1/dd2419_ws/install/arm_interface/share/arm_interface/package.xml
-- Up-to-date: /home/group1/dd2419_ws/install/arm_interface/lib/libarm_interface__rosidl_generator_c.so
-- Up-to-date: /home/group1/dd2419_ws/install/arm_interface/lib/libarm_interface__rosidl_typesupport_fastrtps_c.so
-- Up-to-date: /home/group1/dd2419_ws/install/arm_interface/lib/libarm_interface__rosidl_typesupport_introspection_c.so
-- Up-to-date: /home/group1/dd2419_ws/install/arm_interface/lib/libarm_interface__rosidl_typesupport_c.so
-- Up-to-date: /home/group1/dd2419_ws/install/arm_interface/lib/libarm_interface__rosidl_typesupport_fastrtps_cpp.so
-- Up-to-date: /home/group1/dd2419_ws/install/arm_interface/lib/libarm_interface__rosidl_typesupport_introspection_cpp.so
-- Up-to-date: /home/group1/dd2419_ws/install/arm_interface/lib/libarm_interface__rosidl_typesupport_cpp.so
Listing '/home/group1/dd2419_ws/install/arm_interface/lib/python3.12/site-packages/arm_interface'...
Listing '/home/group1/dd2419_ws/install/arm_interface/lib/python3.12/site-packages/arm_interface/srv'...
-- Up-to-date: /home/group1/dd2419_ws/install/arm_interface/lib/libarm_interface__rosidl_generator_py.so
-- Up-to-date: /home/group1/dd2419_ws/install/arm_interface/share/arm_interface/cmake/export_arm_interface__rosidl_generator_cExport.cmake
-- Up-to-date: /home/group1/dd2419_ws/install/arm_interface/share/arm_interface/cmake/export_arm_interface__rosidl_generator_cExport-noconfig.cmake
-- Up-to-date: /home/group1/dd2419_ws/install/arm_interface/share/arm_interface/cmake/export_arm_interface__rosidl_typesupport_fastrtps_cExport.cmake
-- Up-to-date: /home/group1/dd2419_ws/install/arm_interface/share/arm_interface/cmake/export_arm_interface__rosidl_typesupport_fastrtps_cExport-noconfig.cmake
-- Up-to-date: /home/group1/dd2419_ws/install/arm_interface/share/arm_interface/cmake/arm_interface__rosidl_typesupport_introspection_cExport.cmake
-- Up-to-date: /home/group1/dd2419_ws/install/arm_interface/share/arm_interface/cmake/arm_interface__rosidl_typesupport_introspection_cExport-noconfig.cmake
-- Up-to-date: /home/group1/dd2419_ws/install/arm_interface/share/arm_interface/cmake/arm_interface__rosidl_typesupport_cExport.cmake
-- Up-to-date: /home/group1/dd2419_ws/install/arm_interface/share/arm_interface/cmake/arm_interface__rosidl_typesupport_cExport-noconfig.cmake
-- Up-to-date: /home/group1/dd2419_ws/install/arm_interface/share/arm_interface/cmake/export_arm_interface__rosidl_generator_cppExport.cmake
-- Up-to-date: /home/group1/dd2419_ws/install/arm_interface/share/arm_interface/cmake/export_arm_interface__rosidl_typesupport_fastrtps_cppExport.cmake
-- Up-to-date: /home/group1/dd2419_ws/install/arm_interface/share/arm_interface/cmake/export_arm_interface__rosidl_typesupport_fastrtps_cppExport-noconfig.cmake
-- Up-to-date: /home/group1/dd2419_ws/install/arm_interface/share/arm_interface/cmake/arm_interface__rosidl_typesupport_introspection_cppExport.cmake
-- Up-to-date: /home/group1/dd2419_ws/install/arm_interface/share/arm_interface/cmake/arm_interface__rosidl_typesupport_introspection_cppExport-noconfig.cmake
-- Up-to-date: /home/group1/dd2419_ws/install/arm_interface/share/arm_interface/cmake/arm_interface__rosidl_typesupport_cppExport.cmake
-- Up-to-date: /home/group1/dd2419_ws/install/arm_interface/share/arm_interface/cmake/arm_interface__rosidl_typesupport_cppExport-noconfig.cmake
-- Up-to-date: /home/group1/dd2419_ws/install/arm_interface/share/arm_interface/cmake/export_arm_interface__rosidl_generator_pyExport.cmake
-- Up-to-date: /home/group1/dd2419_ws/install/arm_interface/share/arm_interface/cmake/export_arm_interface__rosidl_generator_pyExport-noconfig.cmake
