[1.279s] Invoking command in '/home/group1/dd2419_ws/build/arm_servos_pubs_subs': DEBUGINFOD_URLS=https://debuginfod.ubuntu.com PYTHONPATH=/home/group1/dd2419_ws/build/arm_servos_pubs_subs/prefix_override:/usr/lib/python3/dist-packages/colcon_core/task/python/colcon_distutils_commands:/home/group1/dd2419_ws/install/arm_servos_pubs_subs/lib/python3.12/site-packages:${PYTHONPATH} /usr/bin/python3 -W ignore:setup.py install is deprecated -W ignore:easy_install command is deprecated setup.py develop --editable --build-directory /home/group1/dd2419_ws/build/arm_servos_pubs_subs/build --no-deps symlink_data
[1.750s] running develop
[1.982s] running egg_info
[1.983s] creating arm_servos_pubs_subs.egg-info
[2.006s] writing arm_servos_pubs_subs.egg-info/PKG-INFO
[2.006s] writing dependency_links to arm_servos_pubs_subs.egg-info/dependency_links.txt
[2.007s] writing entry points to arm_servos_pubs_subs.egg-info/entry_points.txt
[2.007s] writing requirements to arm_servos_pubs_subs.egg-info/requires.txt
[2.007s] writing top-level names to arm_servos_pubs_subs.egg-info/top_level.txt
[2.007s] writing manifest file 'arm_servos_pubs_subs.egg-info/SOURCES.txt'
[2.074s] reading manifest file 'arm_servos_pubs_subs.egg-info/SOURCES.txt'
[2.074s] writing manifest file 'arm_servos_pubs_subs.egg-info/SOURCES.txt'
[2.117s] running build_ext
[2.117s] Creating /home/group1/dd2419_ws/install/arm_servos_pubs_subs/lib/python3.12/site-packages/arm-servos-pubs-subs.egg-link (link to .)
[2.118s] Installing listener script to /home/group1/dd2419_ws/install/arm_servos_pubs_subs/lib/arm_servos_pubs_subs
[2.119s] Installing talker script to /home/group1/dd2419_ws/install/arm_servos_pubs_subs/lib/arm_servos_pubs_subs
[2.119s] 
[2.119s] Installed /home/group1/dd2419_ws/build/arm_servos_pubs_subs
[2.119s] running symlink_data
[2.119s] creating /home/group1/dd2419_ws/install/arm_servos_pubs_subs/share/ament_index
[2.120s] creating /home/group1/dd2419_ws/install/arm_servos_pubs_subs/share/ament_index/resource_index
[2.120s] creating /home/group1/dd2419_ws/install/arm_servos_pubs_subs/share/ament_index/resource_index/packages
[2.120s] symbolically linking /home/group1/dd2419_ws/build/arm_servos_pubs_subs/resource/arm_servos_pubs_subs -> /home/group1/dd2419_ws/install/arm_servos_pubs_subs/share/ament_index/resource_index/packages
[2.120s] symbolically linking /home/group1/dd2419_ws/build/arm_servos_pubs_subs/package.xml -> /home/group1/dd2419_ws/install/arm_servos_pubs_subs/share/arm_servos_pubs_subs
[2.190s] Invoked command in '/home/group1/dd2419_ws/build/arm_servos_pubs_subs' returned '0': DEBUGINFOD_URLS=https://debuginfod.ubuntu.com PYTHONPATH=/home/group1/dd2419_ws/build/arm_servos_pubs_subs/prefix_override:/usr/lib/python3/dist-packages/colcon_core/task/python/colcon_distutils_commands:/home/group1/dd2419_ws/install/arm_servos_pubs_subs/lib/python3.12/site-packages:${PYTHONPATH} /usr/bin/python3 -W ignore:setup.py install is deprecated -W ignore:easy_install command is deprecated setup.py develop --editable --build-directory /home/group1/dd2419_ws/build/arm_servos_pubs_subs/build --no-deps symlink_data
