[2.912s] Invoking command in '/home/group1/dd2419_ws/build/controller': DEBUGINFOD_URLS=https://debuginfod.ubuntu.com PYTHONPATH=/home/group1/dd2419_ws/build/controller/prefix_override:/usr/lib/python3/dist-packages/colcon_core/task/python/colcon_distutils_commands:/home/group1/dd2419_ws/install/controller/lib/python3.12/site-packages:${PYTHONPATH} /usr/bin/python3 -W ignore:setup.py install is deprecated -W ignore:easy_install command is deprecated setup.py develop --editable --build-directory /home/group1/dd2419_ws/build/controller/build --no-deps symlink_data
[4.150s] running develop
[4.151s] running egg_info
[4.152s] creating controller.egg-info
[4.153s] writing controller.egg-info/PKG-INFO
[4.154s] writing dependency_links to controller.egg-info/dependency_links.txt
[4.156s] writing entry points to controller.egg-info/entry_points.txt
[4.157s] writing requirements to controller.egg-info/requires.txt
[4.158s] writing top-level names to controller.egg-info/top_level.txt
[4.158s] writing manifest file 'controller.egg-info/SOURCES.txt'
[4.158s] reading manifest file 'controller.egg-info/SOURCES.txt'
[4.158s] writing manifest file 'controller.egg-info/SOURCES.txt'
[4.159s] running build_ext
[4.159s] Creating /home/group1/dd2419_ws/install/controller/lib/python3.12/site-packages/controller.egg-link (link to .)
[4.159s] Installing controller script to /home/group1/dd2419_ws/install/controller/lib/controller
[4.159s] 
[4.159s] Installed /home/group1/dd2419_ws/build/controller
[4.165s] running symlink_data
[4.172s] creating /home/group1/dd2419_ws/install/controller/share/ament_index
[4.176s] creating /home/group1/dd2419_ws/install/controller/share/ament_index/resource_index
[4.177s] creating /home/group1/dd2419_ws/install/controller/share/ament_index/resource_index/packages
[4.178s] symbolically linking /home/group1/dd2419_ws/build/controller/resource/controller -> /home/group1/dd2419_ws/install/controller/share/ament_index/resource_index/packages
[4.179s] symbolically linking /home/group1/dd2419_ws/build/controller/package.xml -> /home/group1/dd2419_ws/install/controller/share/controller
[4.540s] Invoked command in '/home/group1/dd2419_ws/build/controller' returned '0': DEBUGINFOD_URLS=https://debuginfod.ubuntu.com PYTHONPATH=/home/group1/dd2419_ws/build/controller/prefix_override:/usr/lib/python3/dist-packages/colcon_core/task/python/colcon_distutils_commands:/home/group1/dd2419_ws/install/controller/lib/python3.12/site-packages:${PYTHONPATH} /usr/bin/python3 -W ignore:setup.py install is deprecated -W ignore:easy_install command is deprecated setup.py develop --editable --build-directory /home/group1/dd2419_ws/build/controller/build --no-deps symlink_data
