[3.507s] Invoking command in '/home/robot/dd2419_ws/build/pickup': DEBUGINFOD_URLS=https://debuginfod.ubuntu.com PYTHONPATH=/home/robot/dd2419_ws/build/pickup/prefix_override:/usr/lib/python3/dist-packages/colcon_core/task/python/colcon_distutils_commands:/home/robot/dd2419_ws/install/pickup/lib/python3.12/site-packages:${PYTHONPATH} /usr/bin/python3 -W ignore:setup.py install is deprecated -W ignore:easy_install command is deprecated setup.py develop --editable --build-directory /home/robot/dd2419_ws/build/pickup/build --no-deps symlink_data
[4.148s] running develop
[4.400s] running egg_info
[4.423s] writing pickup.egg-info/PKG-INFO
[4.423s] writing dependency_links to pickup.egg-info/dependency_links.txt
[4.424s] writing entry points to pickup.egg-info/entry_points.txt
[4.424s] writing requirements to pickup.egg-info/requires.txt
[4.424s] writing top-level names to pickup.egg-info/top_level.txt
[4.473s] reading manifest file 'pickup.egg-info/SOURCES.txt'
[4.474s] writing manifest file 'pickup.egg-info/SOURCES.txt'
[4.500s] running build_ext
[4.500s] Creating /home/robot/dd2419_ws/install/pickup/lib/python3.12/site-packages/pickup.egg-link (link to .)
[4.501s] Installing pickup script to /home/robot/dd2419_ws/install/pickup/lib/pickup
[4.501s] 
[4.502s] Installed /home/robot/dd2419_ws/build/pickup
[4.502s] running symlink_data
[4.502s] creating /home/robot/dd2419_ws/install/pickup/share/ament_index
[4.502s] creating /home/robot/dd2419_ws/install/pickup/share/ament_index/resource_index
[4.502s] creating /home/robot/dd2419_ws/install/pickup/share/ament_index/resource_index/packages
[4.504s] symbolically linking /home/robot/dd2419_ws/build/pickup/resource/pickup -> /home/robot/dd2419_ws/install/pickup/share/ament_index/resource_index/packages
[4.504s] symbolically linking /home/robot/dd2419_ws/build/pickup/package.xml -> /home/robot/dd2419_ws/install/pickup/share/pickup
[4.583s] Invoked command in '/home/robot/dd2419_ws/build/pickup' returned '0': DEBUGINFOD_URLS=https://debuginfod.ubuntu.com PYTHONPATH=/home/robot/dd2419_ws/build/pickup/prefix_override:/usr/lib/python3/dist-packages/colcon_core/task/python/colcon_distutils_commands:/home/robot/dd2419_ws/install/pickup/lib/python3.12/site-packages:${PYTHONPATH} /usr/bin/python3 -W ignore:setup.py install is deprecated -W ignore:easy_install command is deprecated setup.py develop --editable --build-directory /home/robot/dd2419_ws/build/pickup/build --no-deps symlink_data
