[0.018s] Invoking command in '/home/group1/dd2419_ws/build/robp_phidgets_motors': AMENT_PREFIX_PATH=/home/group1/dd2419_ws/install/robp_interfaces:${AMENT_PREFIX_PATH} CMAKE_PREFIX_PATH=/home/group1/dd2419_ws/install/robp_interfaces:/opt/ros/jazzy/opt/gz_math_vendor:/opt/ros/jazzy/opt/gz_utils_vendor:/opt/ros/jazzy/opt/gz_cmake_vendor:/opt/ros/jazzy DEBUGINFOD_URLS=https://debuginfod.ubuntu.com LD_LIBRARY_PATH=/home/group1/dd2419_ws/install/robp_interfaces/lib:${LD_LIBRARY_PATH} PYTHONPATH=/home/group1/dd2419_ws/install/robp_interfaces/lib/python3.12/site-packages:${PYTHONPATH} /usr/bin/cmake /home/group1/dd2419_ws/src/robp_robot/robp_phidgets/robp_phidgets_motors -DAMENT_CMAKE_SYMLINK_INSTALL=1 -DCMAKE_INSTALL_PREFIX=/home/group1/dd2419_ws/install/robp_phidgets_motors
[0.031s] -- robp_phidgets_motors: You did not request a specific build type: Choosing 'Release' for maximum performance
[0.125s] -- The C compiler identification is GNU 13.3.0
[0.231s] -- The CXX compiler identification is GNU 13.3.0
[0.256s] -- Detecting C compiler ABI info
[0.389s] -- Detecting C compiler ABI info - done
[0.410s] -- Check for working C compiler: /usr/bin/cc - skipped
[0.410s] -- Detecting C compile features
[0.411s] -- Detecting C compile features - done
[0.427s] -- Detecting CXX compiler ABI info
[0.577s] -- Detecting CXX compiler ABI info - done
[0.596s] -- Check for working CXX compiler: /usr/bin/c++ - skipped
[0.597s] -- Detecting CXX compile features
[0.598s] -- Detecting CXX compile features - done
[0.601s] -- Found ament_cmake_ros: 0.12.0 (/opt/ros/jazzy/share/ament_cmake_ros/cmake)
[0.845s] -- Found Python3: /usr/bin/python3 (found version "3.12.3") found components: Interpreter 
[0.985s] -- Override CMake install command with custom implementation using symlinks instead of copying resources
[1.034s] -- Found libphidget22: 2.3.3 (/opt/ros/jazzy/share/libphidget22/cmake)
[1.037s] -- Found phidgets_api: 2.3.3 (/opt/ros/jazzy/share/phidgets_api/cmake)
[1.043s] -- Found rclcpp: 28.1.6 (/opt/ros/jazzy/share/rclcpp/cmake)
[1.115s] -- Found rosidl_generator_c: 4.6.5 (/opt/ros/jazzy/share/rosidl_generator_c/cmake)
[1.142s] -- Found rosidl_generator_cpp: 4.6.5 (/opt/ros/jazzy/share/rosidl_generator_cpp/cmake)
[1.175s] -- Using all available rosidl_typesupport_c: rosidl_typesupport_fastrtps_c;rosidl_typesupport_introspection_c
[1.213s] -- Using all available rosidl_typesupport_cpp: rosidl_typesupport_fastrtps_cpp;rosidl_typesupport_introspection_cpp
[1.373s] -- Found rmw_implementation_cmake: 7.3.1 (/opt/ros/jazzy/share/rmw_implementation_cmake/cmake)
[1.378s] -- Found rmw_fastrtps_cpp: 8.4.1 (/opt/ros/jazzy/share/rmw_fastrtps_cpp/cmake)
[1.489s] -- Found OpenSSL: /usr/lib/x86_64-linux-gnu/libcrypto.so (found version "3.0.13")  
[1.516s] -- Found FastRTPS: /opt/ros/jazzy/include (Required is at least version "2.13") 
[1.545s] -- Using RMW implementation 'rmw_fastrtps_cpp' as default
[1.638s] -- Found rclcpp_components: 28.1.6 (/opt/ros/jazzy/share/rclcpp_components/cmake)
[1.682s] -- Found robp_interfaces: 1.0.0 (/home/group1/dd2419_ws/install/robp_interfaces/share/robp_interfaces/cmake)
[1.726s] -- Found std_srvs: 5.3.5 (/opt/ros/jazzy/share/std_srvs/cmake)
[1.866s] -- Configuring done (1.8s)
[1.880s] -- Generating done (0.0s)
[1.885s] -- Build files have been written to: /home/group1/dd2419_ws/build/robp_phidgets_motors
[1.897s] Invoked command in '/home/group1/dd2419_ws/build/robp_phidgets_motors' returned '0': AMENT_PREFIX_PATH=/home/group1/dd2419_ws/install/robp_interfaces:${AMENT_PREFIX_PATH} CMAKE_PREFIX_PATH=/home/group1/dd2419_ws/install/robp_interfaces:/opt/ros/jazzy/opt/gz_math_vendor:/opt/ros/jazzy/opt/gz_utils_vendor:/opt/ros/jazzy/opt/gz_cmake_vendor:/opt/ros/jazzy DEBUGINFOD_URLS=https://debuginfod.ubuntu.com LD_LIBRARY_PATH=/home/group1/dd2419_ws/install/robp_interfaces/lib:${LD_LIBRARY_PATH} PYTHONPATH=/home/group1/dd2419_ws/install/robp_interfaces/lib/python3.12/site-packages:${PYTHONPATH} /usr/bin/cmake /home/group1/dd2419_ws/src/robp_robot/robp_phidgets/robp_phidgets_motors -DAMENT_CMAKE_SYMLINK_INSTALL=1 -DCMAKE_INSTALL_PREFIX=/home/group1/dd2419_ws/install/robp_phidgets_motors
[1.899s] Invoking command in '/home/group1/dd2419_ws/build/robp_phidgets_motors': AMENT_PREFIX_PATH=/home/group1/dd2419_ws/install/robp_interfaces:${AMENT_PREFIX_PATH} CMAKE_PREFIX_PATH=/home/group1/dd2419_ws/install/robp_interfaces:/opt/ros/jazzy/opt/gz_math_vendor:/opt/ros/jazzy/opt/gz_utils_vendor:/opt/ros/jazzy/opt/gz_cmake_vendor:/opt/ros/jazzy DEBUGINFOD_URLS=https://debuginfod.ubuntu.com LD_LIBRARY_PATH=/home/group1/dd2419_ws/install/robp_interfaces/lib:${LD_LIBRARY_PATH} PYTHONPATH=/home/group1/dd2419_ws/install/robp_interfaces/lib/python3.12/site-packages:${PYTHONPATH} /usr/bin/cmake --build /home/group1/dd2419_ws/build/robp_phidgets_motors -- -j8 -l8
[1.958s] [ 66%] [32mBuilding CXX object CMakeFiles/robp_phidgets_motors.dir/src/motor.cpp.o[0m
[1.958s] [ 66%] [32mBuilding CXX object CMakeFiles/robp_phidgets_motors.dir/src/motors.cpp.o[0m
[15.371s] [100%] [32m[1mLinking CXX shared library librobp_phidgets_motors.so[0m
[15.569s] [100%] Built target robp_phidgets_motors
[15.581s] Invoked command in '/home/group1/dd2419_ws/build/robp_phidgets_motors' returned '0': AMENT_PREFIX_PATH=/home/group1/dd2419_ws/install/robp_interfaces:${AMENT_PREFIX_PATH} CMAKE_PREFIX_PATH=/home/group1/dd2419_ws/install/robp_interfaces:/opt/ros/jazzy/opt/gz_math_vendor:/opt/ros/jazzy/opt/gz_utils_vendor:/opt/ros/jazzy/opt/gz_cmake_vendor:/opt/ros/jazzy DEBUGINFOD_URLS=https://debuginfod.ubuntu.com LD_LIBRARY_PATH=/home/group1/dd2419_ws/install/robp_interfaces/lib:${LD_LIBRARY_PATH} PYTHONPATH=/home/group1/dd2419_ws/install/robp_interfaces/lib/python3.12/site-packages:${PYTHONPATH} /usr/bin/cmake --build /home/group1/dd2419_ws/build/robp_phidgets_motors -- -j8 -l8
[15.582s] Invoking command in '/home/group1/dd2419_ws/build/robp_phidgets_motors': AMENT_PREFIX_PATH=/home/group1/dd2419_ws/install/robp_interfaces:${AMENT_PREFIX_PATH} CMAKE_PREFIX_PATH=/home/group1/dd2419_ws/install/robp_interfaces:/opt/ros/jazzy/opt/gz_math_vendor:/opt/ros/jazzy/opt/gz_utils_vendor:/opt/ros/jazzy/opt/gz_cmake_vendor:/opt/ros/jazzy DEBUGINFOD_URLS=https://debuginfod.ubuntu.com LD_LIBRARY_PATH=/home/group1/dd2419_ws/install/robp_interfaces/lib:${LD_LIBRARY_PATH} PYTHONPATH=/home/group1/dd2419_ws/install/robp_interfaces/lib/python3.12/site-packages:${PYTHONPATH} /usr/bin/cmake --install /home/group1/dd2419_ws/build/robp_phidgets_motors
[15.590s] -- Install configuration: "Release"
[15.590s] -- Execute custom install script
[15.591s] -- Symlinking: /home/group1/dd2419_ws/install/robp_phidgets_motors/lib/librobp_phidgets_motors.so
[15.601s] -- Symlinking: /home/group1/dd2419_ws/install/robp_phidgets_motors/include/robp_phidgets_motors/motor.hpp
[15.610s] -- Symlinking: /home/group1/dd2419_ws/install/robp_phidgets_motors/include/robp_phidgets_motors/motors.hpp
[15.620s] -- Symlinking: /home/group1/dd2419_ws/install/robp_phidgets_motors/share/robp_phidgets_motors/launch/motors_launch.py
[15.629s] -- Symlinking: /home/group1/dd2419_ws/install/robp_phidgets_motors/share/ament_index/resource_index/package_run_dependencies/robp_phidgets_motors
[15.638s] -- Symlinking: /home/group1/dd2419_ws/install/robp_phidgets_motors/share/ament_index/resource_index/parent_prefix_path/robp_phidgets_motors
[15.648s] -- Symlinking: /home/group1/dd2419_ws/install/robp_phidgets_motors/share/robp_phidgets_motors/environment/ament_prefix_path.sh
[15.657s] -- Symlinking: /home/group1/dd2419_ws/install/robp_phidgets_motors/share/robp_phidgets_motors/environment/ament_prefix_path.dsv
[15.666s] -- Symlinking: /home/group1/dd2419_ws/install/robp_phidgets_motors/share/robp_phidgets_motors/environment/path.sh
[15.676s] -- Symlinking: /home/group1/dd2419_ws/install/robp_phidgets_motors/share/robp_phidgets_motors/environment/path.dsv
[15.685s] -- Symlinking: /home/group1/dd2419_ws/install/robp_phidgets_motors/share/robp_phidgets_motors/local_setup.bash
[15.694s] -- Symlinking: /home/group1/dd2419_ws/install/robp_phidgets_motors/share/robp_phidgets_motors/local_setup.sh
[15.704s] -- Symlinking: /home/group1/dd2419_ws/install/robp_phidgets_motors/share/robp_phidgets_motors/local_setup.zsh
[15.713s] -- Symlinking: /home/group1/dd2419_ws/install/robp_phidgets_motors/share/robp_phidgets_motors/local_setup.dsv
[15.722s] -- Symlinking: /home/group1/dd2419_ws/install/robp_phidgets_motors/share/robp_phidgets_motors/package.dsv
[15.731s] -- Symlinking: /home/group1/dd2419_ws/install/robp_phidgets_motors/share/ament_index/resource_index/packages/robp_phidgets_motors
[15.740s] -- Symlinking: /home/group1/dd2419_ws/install/robp_phidgets_motors/share/ament_index/resource_index/rclcpp_components/robp_phidgets_motors
[15.749s] -- Symlinking: /home/group1/dd2419_ws/install/robp_phidgets_motors/share/robp_phidgets_motors/cmake/robp_phidgets_motorsConfig.cmake
[15.759s] -- Symlinking: /home/group1/dd2419_ws/install/robp_phidgets_motors/share/robp_phidgets_motors/cmake/robp_phidgets_motorsConfig-version.cmake
[15.768s] -- Symlinking: /home/group1/dd2419_ws/install/robp_phidgets_motors/share/robp_phidgets_motors/package.xml
[15.779s] Invoked command in '/home/group1/dd2419_ws/build/robp_phidgets_motors' returned '0': AMENT_PREFIX_PATH=/home/group1/dd2419_ws/install/robp_interfaces:${AMENT_PREFIX_PATH} CMAKE_PREFIX_PATH=/home/group1/dd2419_ws/install/robp_interfaces:/opt/ros/jazzy/opt/gz_math_vendor:/opt/ros/jazzy/opt/gz_utils_vendor:/opt/ros/jazzy/opt/gz_cmake_vendor:/opt/ros/jazzy DEBUGINFOD_URLS=https://debuginfod.ubuntu.com LD_LIBRARY_PATH=/home/group1/dd2419_ws/install/robp_interfaces/lib:${LD_LIBRARY_PATH} PYTHONPATH=/home/group1/dd2419_ws/install/robp_interfaces/lib/python3.12/site-packages:${PYTHONPATH} /usr/bin/cmake --install /home/group1/dd2419_ws/build/robp_phidgets_motors
