[2.897s] Invoking command in '/home/group1/dd2419_ws/build/odometry': DEBUGINFOD_URLS=https://debuginfod.ubuntu.com PYTHONPATH=/home/group1/dd2419_ws/build/odometry/prefix_override:/usr/lib/python3/dist-packages/colcon_core/task/python/colcon_distutils_commands:/home/group1/dd2419_ws/install/odometry/lib/python3.12/site-packages:${PYTHONPATH} /usr/bin/python3 -W ignore:setup.py install is deprecated -W ignore:easy_install command is deprecated setup.py develop --editable --build-directory /home/group1/dd2419_ws/build/odometry/build --no-deps symlink_data
[4.497s] running develop
[4.497s] running egg_info
[4.498s] creating odometry.egg-info
[4.498s] writing odometry.egg-info/PKG-INFO
[4.498s] writing dependency_links to odometry.egg-info/dependency_links.txt
[4.498s] writing entry points to odometry.egg-info/entry_points.txt
[4.499s] writing requirements to odometry.egg-info/requires.txt
[4.499s] writing top-level names to odometry.egg-info/top_level.txt
[4.499s] writing manifest file 'odometry.egg-info/SOURCES.txt'
[4.499s] reading manifest file 'odometry.egg-info/SOURCES.txt'
[4.499s] writing manifest file 'odometry.egg-info/SOURCES.txt'
[4.499s] running build_ext
[4.499s] Creating /home/group1/dd2419_ws/install/odometry/lib/python3.12/site-packages/odometry.egg-link (link to .)
[4.500s] Installing odometry script to /home/group1/dd2419_ws/install/odometry/lib/odometry
[4.500s] 
[4.500s] Installed /home/group1/dd2419_ws/build/odometry
[4.500s] running symlink_data
[4.500s] creating /home/group1/dd2419_ws/install/odometry/share/ament_index
[4.501s] creating /home/group1/dd2419_ws/install/odometry/share/ament_index/resource_index
[4.501s] creating /home/group1/dd2419_ws/install/odometry/share/ament_index/resource_index/packages
[4.501s] symbolically linking /home/group1/dd2419_ws/build/odometry/resource/odometry -> /home/group1/dd2419_ws/install/odometry/share/ament_index/resource_index/packages
[4.501s] symbolically linking /home/group1/dd2419_ws/build/odometry/package.xml -> /home/group1/dd2419_ws/install/odometry/share/odometry
[4.526s] Invoked command in '/home/group1/dd2419_ws/build/odometry' returned '0': DEBUGINFOD_URLS=https://debuginfod.ubuntu.com PYTHONPATH=/home/group1/dd2419_ws/build/odometry/prefix_override:/usr/lib/python3/dist-packages/colcon_core/task/python/colcon_distutils_commands:/home/group1/dd2419_ws/install/odometry/lib/python3.12/site-packages:${PYTHONPATH} /usr/bin/python3 -W ignore:setup.py install is deprecated -W ignore:easy_install command is deprecated setup.py develop --editable --build-directory /home/group1/dd2419_ws/build/odometry/build --no-deps symlink_data
