[2.013s] Invoking command in '/home/group1/dd2419_ws/src/robot_odometry': DEBUGINFOD_URLS=https://debuginfod.ubuntu.com PYTHONPATH=/home/group1/dd2419_ws/build/robot_odometry/prefix_override:/usr/lib/python3/dist-packages/colcon_core/task/python/colcon_distutils_commands:/home/group1/dd2419_ws/install/robot_odometry/lib/python3.12/site-packages:${PYTHONPATH} /usr/bin/python3 -W ignore:setup.py install is deprecated -W ignore:easy_install command is deprecated setup.py egg_info --egg-base ../../build/robot_odometry build --build-base /home/group1/dd2419_ws/build/robot_odometry/build install --record /home/group1/dd2419_ws/build/robot_odometry/install.log --single-version-externally-managed install_data
[2.337s] running egg_info
[2.360s] writing ../../build/robot_odometry/robot_odometry.egg-info/PKG-INFO
[2.360s] writing dependency_links to ../../build/robot_odometry/robot_odometry.egg-info/dependency_links.txt
[2.361s] writing entry points to ../../build/robot_odometry/robot_odometry.egg-info/entry_points.txt
[2.361s] writing requirements to ../../build/robot_odometry/robot_odometry.egg-info/requires.txt
[2.361s] writing top-level names to ../../build/robot_odometry/robot_odometry.egg-info/top_level.txt
[2.417s] reading manifest file '../../build/robot_odometry/robot_odometry.egg-info/SOURCES.txt'
[2.419s] writing manifest file '../../build/robot_odometry/robot_odometry.egg-info/SOURCES.txt'
[2.419s] running build
[2.419s] running build_py
[2.419s] copying robot_odometry/robot_odometry.py -> /home/group1/dd2419_ws/build/robot_odometry/build/lib/robot_odometry
[2.420s] running install
[2.433s] running install_lib
[2.456s] copying /home/group1/dd2419_ws/build/robot_odometry/build/lib/robot_odometry/robot_odometry.py -> /home/group1/dd2419_ws/install/robot_odometry/lib/python3.12/site-packages/robot_odometry
[2.456s] byte-compiling /home/group1/dd2419_ws/install/robot_odometry/lib/python3.12/site-packages/robot_odometry/robot_odometry.py to robot_odometry.cpython-312.pyc
[2.457s] running install_data
[2.457s] running install_egg_info
[2.483s] removing '/home/group1/dd2419_ws/install/robot_odometry/lib/python3.12/site-packages/robot_odometry-0.0.0-py3.12.egg-info' (and everything under it)
[2.483s] Copying ../../build/robot_odometry/robot_odometry.egg-info to /home/group1/dd2419_ws/install/robot_odometry/lib/python3.12/site-packages/robot_odometry-0.0.0-py3.12.egg-info
[2.484s] running install_scripts
[2.647s] Installing robot_odometry script to /home/group1/dd2419_ws/install/robot_odometry/lib/robot_odometry
[2.648s] writing list of installed files to '/home/group1/dd2419_ws/build/robot_odometry/install.log'
[2.681s] Invoked command in '/home/group1/dd2419_ws/src/robot_odometry' returned '0': DEBUGINFOD_URLS=https://debuginfod.ubuntu.com PYTHONPATH=/home/group1/dd2419_ws/build/robot_odometry/prefix_override:/usr/lib/python3/dist-packages/colcon_core/task/python/colcon_distutils_commands:/home/group1/dd2419_ws/install/robot_odometry/lib/python3.12/site-packages:${PYTHONPATH} /usr/bin/python3 -W ignore:setup.py install is deprecated -W ignore:easy_install command is deprecated setup.py egg_info --egg-base ../../build/robot_odometry build --build-base /home/group1/dd2419_ws/build/robot_odometry/build install --record /home/group1/dd2419_ws/build/robot_odometry/install.log --single-version-externally-managed install_data
