[0.984s] Invoking command in '/home/group1/dd2419_ws/build/robp_launch': AMENT_PREFIX_PATH=/home/group1/dd2419_ws/install/robp_phidgets_spatial:/home/group1/dd2419_ws/install/robp_phidgets_motors:/home/group1/dd2419_ws/install/robp_phidgets_encoders:${AMENT_PREFIX_PATH} CMAKE_PREFIX_PATH=/home/group1/dd2419_ws/install/robp_phidgets_spatial:/home/group1/dd2419_ws/install/robp_phidgets_motors:/home/group1/dd2419_ws/install/robp_phidgets_encoders:/home/group1/dd2419_ws/install/robp_phidgets_temperature:/home/group1/dd2419_ws/install/robp_interfaces:/home/group1/dd2419_ws/install/usb_cam:/home/group1/dd2419_ws/install/sllidar_ros2:/home/group1/esp32_microros_ws/install/micro_ros_setup:/home/group1/esp32_microros_ws/install/micro_ros_agent:/home/group1/esp32_microros_ws/install/micro_ros_msgs:/opt/ros/jazzy/opt/gz_math_vendor:/opt/ros/jazzy/opt/gz_utils_vendor:/opt/ros/jazzy/opt/gz_cmake_vendor DEBUGINFOD_URLS=https://debuginfod.ubuntu.com LD_LIBRARY_PATH=/home/group1/dd2419_ws/install/robp_phidgets_spatial/lib:/home/group1/dd2419_ws/install/robp_phidgets_motors/lib:/home/group1/dd2419_ws/install/robp_phidgets_encoders/lib:/home/group1/dd2419_ws/install/robp_phidgets_temperature/lib:/home/group1/dd2419_ws/install/robp_interfaces/lib:/home/group1/dd2419_ws/install/usb_cam/lib:/home/group1/esp32_microros_ws/install/micro_ros_agent/lib:/home/group1/esp32_microros_ws/install/micro_ros_msgs/lib:/opt/ros/jazzy/opt/rviz_ogre_vendor/lib:/opt/ros/jazzy/lib/x86_64-linux-gnu:/opt/ros/jazzy/opt/libphidget22/lib:/opt/ros/jazzy/opt/gz_math_vendor/lib:/opt/ros/jazzy/opt/gz_utils_vendor/lib:/opt/ros/jazzy/opt/gz_cmake_vendor/lib:/opt/ros/jazzy/lib PYTHONPATH=/home/group1/dd2419_ws/build/robp_launch/prefix_override:/usr/lib/python3/dist-packages/colcon_core/task/python/colcon_distutils_commands:/home/group1/dd2419_ws/install/robp_launch/lib/python3.12/site-packages:/home/group1/dd2419_ws/install/robp_interfaces/lib/python3.12/site-packages:/home/group1/dd2419_ws/install/steering/lib/python3.12/site-packages:/home/group1/dd2419_ws/install/stearing/lib/python3.12/site-packages:/home/group1/dd2419_ws/install/robp_launch/lib/python3.12/site-packages:/home/group1/dd2419_ws/install/robot_odometry/lib/python3.12/site-packages:/home/group1/dd2419_ws/install/pickup/lib/python3.12/site-packages:/home/group1/dd2419_ws/install/odometry/lib/python3.12/site-packages:/home/group1/dd2419_ws/install/lidar/lib/python3.12/site-packages:/home/group1/dd2419_ws/install/display/lib/python3.12/site-packages:/home/group1/dd2419_ws/install/detection/lib/python3.12/site-packages:/home/group1/dd2419_ws/install/arm_servos_pubs_subs/lib/python3.12/site-packages:/home/group1/esp32_microros_ws/install/micro_ros_msgs/lib/python3.12/site-packages:/opt/ros/jazzy/lib/python3.12/site-packages /usr/bin/python3 -W ignore:setup.py install is deprecated -W ignore:easy_install command is deprecated setup.py develop --editable --build-directory /home/group1/dd2419_ws/build/robp_launch/build --no-deps symlink_data
[1.379s] running develop
[1.621s] running egg_info
[1.621s] creating robp_launch.egg-info
[1.643s] writing robp_launch.egg-info/PKG-INFO
[1.644s] writing dependency_links to robp_launch.egg-info/dependency_links.txt
[1.644s] writing requirements to robp_launch.egg-info/requires.txt
[1.644s] writing top-level names to robp_launch.egg-info/top_level.txt
[1.644s] writing manifest file 'robp_launch.egg-info/SOURCES.txt'
[1.690s] reading manifest file 'robp_launch.egg-info/SOURCES.txt'
[1.691s] writing manifest file 'robp_launch.egg-info/SOURCES.txt'
[1.715s] running build_ext
[1.715s] Creating /home/group1/dd2419_ws/install/robp_launch/lib/python3.12/site-packages/robp-launch.egg-link (link to .)
[1.716s] 
[1.716s] Installed /home/group1/dd2419_ws/build/robp_launch
[1.716s] running symlink_data
[1.716s] creating /home/group1/dd2419_ws/install/robp_launch/share/ament_index
[1.717s] creating /home/group1/dd2419_ws/install/robp_launch/share/ament_index/resource_index
[1.717s] creating /home/group1/dd2419_ws/install/robp_launch/share/ament_index/resource_index/packages
[1.717s] symbolically linking /home/group1/dd2419_ws/build/robp_launch/resource/robp_launch -> /home/group1/dd2419_ws/install/robp_launch/share/ament_index/resource_index/packages
[1.717s] creating /home/group1/dd2419_ws/install/robp_launch/share/robp_launch/launch
[1.717s] symbolically linking /home/group1/dd2419_ws/build/robp_launch/launch/lidar_launch.yaml -> /home/group1/dd2419_ws/install/robp_launch/share/robp_launch/launch
[1.717s] symbolically linking /home/group1/dd2419_ws/build/robp_launch/launch/arm_camera_launch.yaml -> /home/group1/dd2419_ws/install/robp_launch/share/robp_launch/launch
[1.717s] symbolically linking /home/group1/dd2419_ws/build/robp_launch/launch/all_nodes_launch.py -> /home/group1/dd2419_ws/install/robp_launch/share/robp_launch/launch
[1.717s] symbolically linking /home/group1/dd2419_ws/build/robp_launch/launch/rs_d435i_launch.py -> /home/group1/dd2419_ws/install/robp_launch/share/robp_launch/launch
[1.717s] symbolically linking /home/group1/dd2419_ws/build/robp_launch/launch/phidgets_launch.py -> /home/group1/dd2419_ws/install/robp_launch/share/robp_launch/launch
[1.718s] symbolically linking /home/group1/dd2419_ws/build/robp_launch/launch/frames_launch.xml -> /home/group1/dd2419_ws/install/robp_launch/share/robp_launch/launch
[1.718s] symbolically linking /home/group1/dd2419_ws/build/robp_launch/package.xml -> /home/group1/dd2419_ws/install/robp_launch/share/robp_launch
[1.752s] Invoked command in '/home/group1/dd2419_ws/build/robp_launch' returned '0': AMENT_PREFIX_PATH=/home/group1/dd2419_ws/install/robp_phidgets_spatial:/home/group1/dd2419_ws/install/robp_phidgets_motors:/home/group1/dd2419_ws/install/robp_phidgets_encoders:${AMENT_PREFIX_PATH} CMAKE_PREFIX_PATH=/home/group1/dd2419_ws/install/robp_phidgets_spatial:/home/group1/dd2419_ws/install/robp_phidgets_motors:/home/group1/dd2419_ws/install/robp_phidgets_encoders:/home/group1/dd2419_ws/install/robp_phidgets_temperature:/home/group1/dd2419_ws/install/robp_interfaces:/home/group1/dd2419_ws/install/usb_cam:/home/group1/dd2419_ws/install/sllidar_ros2:/home/group1/esp32_microros_ws/install/micro_ros_setup:/home/group1/esp32_microros_ws/install/micro_ros_agent:/home/group1/esp32_microros_ws/install/micro_ros_msgs:/opt/ros/jazzy/opt/gz_math_vendor:/opt/ros/jazzy/opt/gz_utils_vendor:/opt/ros/jazzy/opt/gz_cmake_vendor DEBUGINFOD_URLS=https://debuginfod.ubuntu.com LD_LIBRARY_PATH=/home/group1/dd2419_ws/install/robp_phidgets_spatial/lib:/home/group1/dd2419_ws/install/robp_phidgets_motors/lib:/home/group1/dd2419_ws/install/robp_phidgets_encoders/lib:/home/group1/dd2419_ws/install/robp_phidgets_temperature/lib:/home/group1/dd2419_ws/install/robp_interfaces/lib:/home/group1/dd2419_ws/install/usb_cam/lib:/home/group1/esp32_microros_ws/install/micro_ros_agent/lib:/home/group1/esp32_microros_ws/install/micro_ros_msgs/lib:/opt/ros/jazzy/opt/rviz_ogre_vendor/lib:/opt/ros/jazzy/lib/x86_64-linux-gnu:/opt/ros/jazzy/opt/libphidget22/lib:/opt/ros/jazzy/opt/gz_math_vendor/lib:/opt/ros/jazzy/opt/gz_utils_vendor/lib:/opt/ros/jazzy/opt/gz_cmake_vendor/lib:/opt/ros/jazzy/lib PYTHONPATH=/home/group1/dd2419_ws/build/robp_launch/prefix_override:/usr/lib/python3/dist-packages/colcon_core/task/python/colcon_distutils_commands:/home/group1/dd2419_ws/install/robp_launch/lib/python3.12/site-packages:/home/group1/dd2419_ws/install/robp_interfaces/lib/python3.12/site-packages:/home/group1/dd2419_ws/install/steering/lib/python3.12/site-packages:/home/group1/dd2419_ws/install/stearing/lib/python3.12/site-packages:/home/group1/dd2419_ws/install/robp_launch/lib/python3.12/site-packages:/home/group1/dd2419_ws/install/robot_odometry/lib/python3.12/site-packages:/home/group1/dd2419_ws/install/pickup/lib/python3.12/site-packages:/home/group1/dd2419_ws/install/odometry/lib/python3.12/site-packages:/home/group1/dd2419_ws/install/lidar/lib/python3.12/site-packages:/home/group1/dd2419_ws/install/display/lib/python3.12/site-packages:/home/group1/dd2419_ws/install/detection/lib/python3.12/site-packages:/home/group1/dd2419_ws/install/arm_servos_pubs_subs/lib/python3.12/site-packages:/home/group1/esp32_microros_ws/install/micro_ros_msgs/lib/python3.12/site-packages:/opt/ros/jazzy/lib/python3.12/site-packages /usr/bin/python3 -W ignore:setup.py install is deprecated -W ignore:easy_install command is deprecated setup.py develop --editable --build-directory /home/group1/dd2419_ws/build/robp_launch/build --no-deps symlink_data
