[2.949s] Invoking command in '/home/group1/dd2419_ws/build/controller': DEBUGINFOD_URLS=https://debuginfod.ubuntu.com PYTHONPATH=/home/group1/dd2419_ws/build/controller/prefix_override:/usr/lib/python3/dist-packages/colcon_core/task/python/colcon_distutils_commands:/home/group1/dd2419_ws/install/controller/lib/python3.12/site-packages:${PYTHONPATH} /usr/bin/python3 -W ignore:setup.py install is deprecated -W ignore:easy_install command is deprecated setup.py develop --editable --build-directory /home/group1/dd2419_ws/build/controller/build --no-deps symlink_data
[3.622s] running develop
[4.033s] running egg_info
[4.033s] creating controller.egg-info
[4.070s] writing controller.egg-info/PKG-INFO
[4.070s] writing dependency_links to controller.egg-info/dependency_links.txt
[4.071s] writing entry points to controller.egg-info/entry_points.txt
[4.071s] writing requirements to controller.egg-info/requires.txt
[4.071s] writing top-level names to controller.egg-info/top_level.txt
[4.071s] writing manifest file 'controller.egg-info/SOURCES.txt'
[4.152s] reading manifest file 'controller.egg-info/SOURCES.txt'
[4.153s] writing manifest file 'controller.egg-info/SOURCES.txt'
[4.195s] running build_ext
[4.196s] Creating /home/group1/dd2419_ws/install/controller/lib/python3.12/site-packages/controller.egg-link (link to .)
[4.199s] Installing controller script to /home/group1/dd2419_ws/install/controller/lib/controller
[4.199s] 
[4.199s] Installed /home/group1/dd2419_ws/build/controller
[4.199s] running symlink_data
[4.199s] symbolically linking /home/group1/dd2419_ws/build/controller/resource/controller -> /home/group1/dd2419_ws/install/controller/share/ament_index/resource_index/packages
[4.202s] error: [Errno 17] File exists: '/home/group1/dd2419_ws/build/controller/resource/controller' -> '/home/group1/dd2419_ws/install/controller/share/ament_index/resource_index/packages/controller'
[4.286s] Invoked command in '/home/group1/dd2419_ws/build/controller' returned '1': DEBUGINFOD_URLS=https://debuginfod.ubuntu.com PYTHONPATH=/home/group1/dd2419_ws/build/controller/prefix_override:/usr/lib/python3/dist-packages/colcon_core/task/python/colcon_distutils_commands:/home/group1/dd2419_ws/install/controller/lib/python3.12/site-packages:${PYTHONPATH} /usr/bin/python3 -W ignore:setup.py install is deprecated -W ignore:easy_install command is deprecated setup.py develop --editable --build-directory /home/group1/dd2419_ws/build/controller/build --no-deps symlink_data
