[0.332s] Invoking command in '/home/group1/dd2419_ws/build/drive_base_msgs': CMAKE_PREFIX_PATH=${CMAKE_PREFIX_PATH}:/home/group1/dd2419_ws/install/robp_launch:/home/group1/dd2419_ws/install/arm_servos_pubs_subs:/opt/ros/jazzy DEBUGINFOD_URLS=https://debuginfod.ubuntu.com /usr/bin/cmake /home/group1/dd2419_ws/src/uros/drive_base/drive_base_msgs -DCMAKE_INSTALL_PREFIX=/home/group1/dd2419_ws/install/drive_base_msgs
[0.463s] -- The C compiler identification is GNU 13.3.0
[0.546s] -- The CXX compiler identification is GNU 13.3.0
[0.570s] -- Detecting C compiler ABI info
[0.683s] -- Detecting C compiler ABI info - done
[0.698s] -- Check for working C compiler: /usr/bin/cc - skipped
[0.698s] -- Detecting C compile features
[0.699s] -- Detecting C compile features - done
[0.709s] -- Detecting CXX compiler ABI info
[0.824s] -- Detecting CXX compiler ABI info - done
[0.843s] -- Check for working CXX compiler: /usr/bin/c++ - skipped
[0.843s] -- Detecting CXX compile features
[0.844s] -- Detecting CXX compile features - done
[0.850s] -- Found ament_cmake: 2.5.3 (/opt/ros/jazzy/share/ament_cmake/cmake)
[1.072s] -- Found Python3: /usr/bin/python3 (found version "3.12.3") found components: Interpreter 
[1.236s] -- Found std_msgs: 5.3.5 (/opt/ros/jazzy/share/std_msgs/cmake)
[1.297s] -- Found rosidl_generator_c: 4.6.5 (/opt/ros/jazzy/share/rosidl_generator_c/cmake)
[1.315s] -- Found rosidl_generator_cpp: 4.6.5 (/opt/ros/jazzy/share/rosidl_generator_cpp/cmake)
[1.338s] -- Using all available rosidl_typesupport_c: rosidl_typesupport_fastrtps_c;rosidl_typesupport_introspection_c
[1.366s] -- Using all available rosidl_typesupport_cpp: rosidl_typesupport_fastrtps_cpp;rosidl_typesupport_introspection_cpp
[1.410s] -- Found rosidl_default_generators: 1.6.0 (/opt/ros/jazzy/share/rosidl_default_generators/cmake)
[1.431s] -- Found rosidl_adapter: 4.6.5 (/opt/ros/jazzy/share/rosidl_adapter/cmake)
[2.301s] -- Found ament_cmake_cppcheck: 0.17.1 (/opt/ros/jazzy/share/ament_cmake_cppcheck/cmake)
[2.304s] -- Found ament_cmake_cpplint: 0.17.1 (/opt/ros/jazzy/share/ament_cmake_cpplint/cmake)
[2.308s] -- Found ament_cmake_uncrustify: 0.17.1 (/opt/ros/jazzy/share/ament_cmake_uncrustify/cmake)
[2.312s] -- Found ament_cmake_ros: 0.12.0 (/opt/ros/jazzy/share/ament_cmake_ros/cmake)
[3.300s] -- Using all available rosidl_typesupport_c: rosidl_typesupport_fastrtps_c;rosidl_typesupport_introspection_c
[3.674s] -- Using all available rosidl_typesupport_cpp: rosidl_typesupport_fastrtps_cpp;rosidl_typesupport_introspection_cpp
[3.679s] -- Found python_cmake_module: 0.11.1 (/opt/ros/jazzy/share/python_cmake_module/cmake)
[3.847s] -- Found PythonExtra: /usr/bin/python3  
[4.383s] -- Found Python3: /usr/bin/python3 (found version "3.12.3") found components: Interpreter Development NumPy Development.Module Development.Embed 
[4.443s] -- Found ament_cmake_flake8: 0.17.1 (/opt/ros/jazzy/share/ament_cmake_flake8/cmake)
[4.446s] -- Found ament_cmake_pep257: 0.17.1 (/opt/ros/jazzy/share/ament_cmake_pep257/cmake)
[4.455s] -- Configuring done (4.1s)
[4.501s] -- Generating done (0.0s)
[4.514s] -- Build files have been written to: /home/group1/dd2419_ws/build/drive_base_msgs
[4.524s] Invoked command in '/home/group1/dd2419_ws/build/drive_base_msgs' returned '0': CMAKE_PREFIX_PATH=${CMAKE_PREFIX_PATH}:/home/group1/dd2419_ws/install/robp_launch:/home/group1/dd2419_ws/install/arm_servos_pubs_subs:/opt/ros/jazzy DEBUGINFOD_URLS=https://debuginfod.ubuntu.com /usr/bin/cmake /home/group1/dd2419_ws/src/uros/drive_base/drive_base_msgs -DCMAKE_INSTALL_PREFIX=/home/group1/dd2419_ws/install/drive_base_msgs
[4.525s] Invoking command in '/home/group1/dd2419_ws/build/drive_base_msgs': CMAKE_PREFIX_PATH=${CMAKE_PREFIX_PATH}:/home/group1/dd2419_ws/install/robp_launch:/home/group1/dd2419_ws/install/arm_servos_pubs_subs:/opt/ros/jazzy DEBUGINFOD_URLS=https://debuginfod.ubuntu.com /usr/bin/cmake --build /home/group1/dd2419_ws/build/drive_base_msgs -- -j8 -l8
[4.582s] [  1%] [34m[1mGenerating type hashes for ROS interfaces[0m
[4.592s] [  1%] Built target ament_cmake_python_copy_drive_base_msgs
[4.850s] running egg_info
[4.851s] creating drive_base_msgs.egg-info
[4.873s] writing drive_base_msgs.egg-info/PKG-INFO
[4.873s] writing dependency_links to drive_base_msgs.egg-info/dependency_links.txt
[4.873s] writing top-level names to drive_base_msgs.egg-info/top_level.txt
[4.873s] writing manifest file 'drive_base_msgs.egg-info/SOURCES.txt'
[4.941s] reading manifest file 'drive_base_msgs.egg-info/SOURCES.txt'
[4.942s] writing manifest file 'drive_base_msgs.egg-info/SOURCES.txt'
[4.972s] [  1%] Built target ament_cmake_python_build_drive_base_msgs_egg
[5.200s] [  1%] Built target drive_base_msgs__rosidl_generator_type_description
[5.212s] [  3%] [34m[1mGenerating C code for ROS interfaces[0m
[5.224s] [  4%] [34m[1mGenerating C++ code for ROS interfaces[0m
[6.006s] [  4%] Built target drive_base_msgs__cpp
[6.121s] [  6%] [32mBuilding C object CMakeFiles/drive_base_msgs__rosidl_generator_c.dir/rosidl_generator_c/drive_base_msgs/msg/detail/base_info__description.c.o[0m
[6.121s] [  7%] [32mBuilding C object CMakeFiles/drive_base_msgs__rosidl_generator_c.dir/rosidl_generator_c/drive_base_msgs/msg/detail/command_header__description.c.o[0m
[6.121s] [  9%] [32mBuilding C object CMakeFiles/drive_base_msgs__rosidl_generator_c.dir/rosidl_generator_c/drive_base_msgs/msg/detail/command_header__type_support.c.o[0m
[6.121s] [ 10%] [32mBuilding C object CMakeFiles/drive_base_msgs__rosidl_generator_c.dir/rosidl_generator_c/drive_base_msgs/msg/detail/base_info__functions.c.o[0m
[6.121s] [ 12%] [32mBuilding C object CMakeFiles/drive_base_msgs__rosidl_generator_c.dir/rosidl_generator_c/drive_base_msgs/msg/detail/base_info__type_support.c.o[0m
[6.121s] [ 14%] [32mBuilding C object CMakeFiles/drive_base_msgs__rosidl_generator_c.dir/rosidl_generator_c/drive_base_msgs/msg/detail/command_status__description.c.o[0m
[6.121s] [ 15%] [32mBuilding C object CMakeFiles/drive_base_msgs__rosidl_generator_c.dir/rosidl_generator_c/drive_base_msgs/msg/detail/command_header__functions.c.o[0m
[6.123s] [ 17%] [32mBuilding C object CMakeFiles/drive_base_msgs__rosidl_generator_c.dir/rosidl_generator_c/drive_base_msgs/msg/detail/command_status__functions.c.o[0m
[6.178s] [ 18%] [32mBuilding C object CMakeFiles/drive_base_msgs__rosidl_generator_c.dir/rosidl_generator_c/drive_base_msgs/msg/detail/command_status__type_support.c.o[0m
[6.178s] [ 20%] [32mBuilding C object CMakeFiles/drive_base_msgs__rosidl_generator_c.dir/rosidl_generator_c/drive_base_msgs/msg/detail/trv_command__description.c.o[0m
[6.195s] [ 21%] [32mBuilding C object CMakeFiles/drive_base_msgs__rosidl_generator_c.dir/rosidl_generator_c/drive_base_msgs/msg/detail/trv_command__functions.c.o[0m
[6.196s] [ 23%] [32mBuilding C object CMakeFiles/drive_base_msgs__rosidl_generator_c.dir/rosidl_generator_c/drive_base_msgs/msg/detail/trv_command__type_support.c.o[0m
[6.250s] [ 25%] [32m[1mLinking C shared library libdrive_base_msgs__rosidl_generator_c.so[0m
[6.303s] [ 25%] Built target drive_base_msgs__rosidl_generator_c
[6.316s] [ 26%] [34m[1mGenerating C++ introspection for ROS interfaces[0m
[6.316s] [ 28%] [34m[1mGenerating C type support for eProsima Fast-RTPS[0m
[6.318s] [ 29%] [34m[1mGenerating C introspection for ROS interfaces[0m
[6.318s] [ 31%] [34m[1mGenerating C type support dispatch for ROS interfaces[0m
[6.318s] [ 32%] [34m[1mGenerating C++ type support dispatch for ROS interfaces[0m
[6.319s] [ 34%] [34m[1mGenerating C++ type support for eProsima Fast-RTPS[0m
[7.154s] [ 39%] [32mBuilding CXX object CMakeFiles/drive_base_msgs__rosidl_typesupport_fastrtps_cpp.dir/rosidl_typesupport_fastrtps_cpp/drive_base_msgs/msg/detail/dds_fastrtps/base_info__type_support.cpp.o[0m
[7.154s] [ 39%] [32mBuilding CXX object CMakeFiles/drive_base_msgs__rosidl_typesupport_fastrtps_cpp.dir/rosidl_typesupport_fastrtps_cpp/drive_base_msgs/msg/detail/dds_fastrtps/command_status__type_support.cpp.o[0m
[7.154s] [ 39%] [32mBuilding CXX object CMakeFiles/drive_base_msgs__rosidl_typesupport_fastrtps_cpp.dir/rosidl_typesupport_fastrtps_cpp/drive_base_msgs/msg/detail/dds_fastrtps/command_header__type_support.cpp.o[0m
[7.175s] [ 40%] [32mBuilding CXX object CMakeFiles/drive_base_msgs__rosidl_typesupport_fastrtps_c.dir/rosidl_typesupport_fastrtps_c/drive_base_msgs/msg/detail/command_header__type_support_c.cpp.o[0m
[7.647s] [ 43%] [32mBuilding CXX object CMakeFiles/drive_base_msgs__rosidl_typesupport_c.dir/rosidl_typesupport_c/drive_base_msgs/msg/command_header__type_support.cpp.o[0m
[7.648s] [ 43%] [32mBuilding CXX object CMakeFiles/drive_base_msgs__rosidl_typesupport_cpp.dir/rosidl_typesupport_cpp/drive_base_msgs/msg/command_header__type_support.cpp.o[0m
[7.725s] [ 45%] [32mBuilding CXX object CMakeFiles/drive_base_msgs__rosidl_typesupport_c.dir/rosidl_typesupport_c/drive_base_msgs/msg/base_info__type_support.cpp.o[0m
[7.733s] [ 46%] [32mBuilding CXX object CMakeFiles/drive_base_msgs__rosidl_typesupport_introspection_cpp.dir/rosidl_typesupport_introspection_cpp/drive_base_msgs/msg/detail/command_header__type_support.cpp.o[0m
[7.781s] [ 48%] [32mBuilding C object CMakeFiles/drive_base_msgs__rosidl_typesupport_introspection_c.dir/rosidl_typesupport_introspection_c/drive_base_msgs/msg/detail/command_header__type_support.c.o[0m
[7.803s] [ 50%] [32mBuilding CXX object CMakeFiles/drive_base_msgs__rosidl_typesupport_c.dir/rosidl_typesupport_c/drive_base_msgs/msg/command_status__type_support.cpp.o[0m
[7.849s] [ 51%] [32mBuilding C object CMakeFiles/drive_base_msgs__rosidl_typesupport_introspection_c.dir/rosidl_typesupport_introspection_c/drive_base_msgs/msg/detail/base_info__type_support.c.o[0m
[7.877s] [ 53%] [32mBuilding CXX object CMakeFiles/drive_base_msgs__rosidl_typesupport_c.dir/rosidl_typesupport_c/drive_base_msgs/msg/trv_command__type_support.cpp.o[0m
[7.918s] [ 54%] [32mBuilding C object CMakeFiles/drive_base_msgs__rosidl_typesupport_introspection_c.dir/rosidl_typesupport_introspection_c/drive_base_msgs/msg/detail/command_status__type_support.c.o[0m
[7.960s] [ 56%] [32m[1mLinking CXX shared library libdrive_base_msgs__rosidl_typesupport_c.so[0m
[7.987s] [ 57%] [32mBuilding C object CMakeFiles/drive_base_msgs__rosidl_typesupport_introspection_c.dir/rosidl_typesupport_introspection_c/drive_base_msgs/msg/detail/trv_command__type_support.c.o[0m
[8.032s] [ 57%] Built target drive_base_msgs__rosidl_typesupport_c
[8.037s] [ 60%] [32mBuilding CXX object CMakeFiles/drive_base_msgs__rosidl_typesupport_introspection_cpp.dir/rosidl_typesupport_introspection_cpp/drive_base_msgs/msg/detail/base_info__type_support.cpp.o[0m
[8.037s] [ 60%] [32mBuilding CXX object CMakeFiles/drive_base_msgs__rosidl_typesupport_fastrtps_c.dir/rosidl_typesupport_fastrtps_c/drive_base_msgs/msg/detail/base_info__type_support_c.cpp.o[0m
[8.050s] [ 62%] [32mBuilding CXX object CMakeFiles/drive_base_msgs__rosidl_typesupport_introspection_cpp.dir/rosidl_typesupport_introspection_cpp/drive_base_msgs/msg/detail/command_status__type_support.cpp.o[0m
[8.052s] [ 64%] [32mBuilding CXX object CMakeFiles/drive_base_msgs__rosidl_typesupport_fastrtps_cpp.dir/rosidl_typesupport_fastrtps_cpp/drive_base_msgs/msg/detail/dds_fastrtps/trv_command__type_support.cpp.o[0m
[8.054s] [ 65%] [32m[1mLinking C shared library libdrive_base_msgs__rosidl_typesupport_introspection_c.so[0m
[8.098s] [ 67%] [32mBuilding CXX object CMakeFiles/drive_base_msgs__rosidl_typesupport_cpp.dir/rosidl_typesupport_cpp/drive_base_msgs/msg/base_info__type_support.cpp.o[0m
[8.115s] [ 67%] Built target drive_base_msgs__rosidl_typesupport_introspection_c
[8.131s] [ 68%] [32mBuilding CXX object CMakeFiles/drive_base_msgs__rosidl_typesupport_fastrtps_c.dir/rosidl_typesupport_fastrtps_c/drive_base_msgs/msg/detail/command_status__type_support_c.cpp.o[0m
[8.191s] [ 70%] [32mBuilding CXX object CMakeFiles/drive_base_msgs__rosidl_typesupport_fastrtps_c.dir/rosidl_typesupport_fastrtps_c/drive_base_msgs/msg/detail/trv_command__type_support_c.cpp.o[0m
[8.288s] [ 71%] [32mBuilding CXX object CMakeFiles/drive_base_msgs__rosidl_typesupport_cpp.dir/rosidl_typesupport_cpp/drive_base_msgs/msg/command_status__type_support.cpp.o[0m
[8.610s] [ 73%] [32mBuilding CXX object CMakeFiles/drive_base_msgs__rosidl_typesupport_cpp.dir/rosidl_typesupport_cpp/drive_base_msgs/msg/trv_command__type_support.cpp.o[0m
[8.652s] [ 75%] [32mBuilding CXX object CMakeFiles/drive_base_msgs__rosidl_typesupport_introspection_cpp.dir/rosidl_typesupport_introspection_cpp/drive_base_msgs/msg/detail/trv_command__type_support.cpp.o[0m
[8.878s] [ 76%] [32m[1mLinking CXX shared library libdrive_base_msgs__rosidl_typesupport_fastrtps_cpp.so[0m
[8.936s] [ 76%] Built target drive_base_msgs__rosidl_typesupport_fastrtps_cpp
[9.010s] [ 78%] [32m[1mLinking CXX shared library libdrive_base_msgs__rosidl_typesupport_fastrtps_c.so[0m
[9.017s] [ 79%] [32m[1mLinking CXX shared library libdrive_base_msgs__rosidl_typesupport_introspection_cpp.so[0m
[9.068s] [ 79%] Built target drive_base_msgs__rosidl_typesupport_fastrtps_c
[9.079s] [ 81%] [32m[1mLinking CXX shared library libdrive_base_msgs__rosidl_typesupport_cpp.so[0m
[9.088s] [ 81%] Built target drive_base_msgs__rosidl_typesupport_introspection_cpp
[9.126s] [ 81%] Built target drive_base_msgs__rosidl_typesupport_cpp
[9.156s] [ 81%] Built target drive_base_msgs
[9.183s] [ 82%] [34m[1mGenerating Python code for ROS interfaces[0m
[10.461s] [ 82%] Built target drive_base_msgs__py
[10.484s] [ 84%] [32mBuilding C object CMakeFiles/drive_base_msgs__rosidl_generator_py.dir/rosidl_generator_py/drive_base_msgs/msg/_command_header_s.c.o[0m
[10.485s] [ 87%] [32mBuilding C object CMakeFiles/drive_base_msgs__rosidl_generator_py.dir/rosidl_generator_py/drive_base_msgs/msg/_base_info_s.c.o[0m
[10.485s] [ 87%] [32mBuilding C object CMakeFiles/drive_base_msgs__rosidl_generator_py.dir/rosidl_generator_py/drive_base_msgs/msg/_command_status_s.c.o[0m
[10.485s] [ 89%] [32mBuilding C object CMakeFiles/drive_base_msgs__rosidl_generator_py.dir/rosidl_generator_py/drive_base_msgs/msg/_trv_command_s.c.o[0m
[10.642s] [ 90%] [32m[1mLinking C shared library libdrive_base_msgs__rosidl_generator_py.so[0m
[10.694s] [ 90%] Built target drive_base_msgs__rosidl_generator_py
[10.717s] [ 95%] [32mBuilding C object CMakeFiles/drive_base_msgs_s__rosidl_typesupport_fastrtps_c.dir/rosidl_generator_py/drive_base_msgs/_drive_base_msgs_s.ep.rosidl_typesupport_fastrtps_c.c.o[0m
[10.717s] [ 95%] [32mBuilding C object CMakeFiles/drive_base_msgs_s__rosidl_typesupport_introspection_c.dir/rosidl_generator_py/drive_base_msgs/_drive_base_msgs_s.ep.rosidl_typesupport_introspection_c.c.o[0m
[10.717s] [ 95%] [32mBuilding C object CMakeFiles/drive_base_msgs_s__rosidl_typesupport_c.dir/rosidl_generator_py/drive_base_msgs/_drive_base_msgs_s.ep.rosidl_typesupport_c.c.o[0m
[10.843s] [ 96%] [32m[1mLinking C shared module rosidl_generator_py/drive_base_msgs/drive_base_msgs_s__rosidl_typesupport_c.so[0m
[10.843s] [ 98%] [32m[1mLinking C shared module rosidl_generator_py/drive_base_msgs/drive_base_msgs_s__rosidl_typesupport_introspection_c.so[0m
[10.845s] [100%] [32m[1mLinking C shared module rosidl_generator_py/drive_base_msgs/drive_base_msgs_s__rosidl_typesupport_fastrtps_c.so[0m
[10.878s] [100%] Built target drive_base_msgs_s__rosidl_typesupport_c
[10.878s] [100%] Built target drive_base_msgs_s__rosidl_typesupport_introspection_c
[10.878s] [100%] Built target drive_base_msgs_s__rosidl_typesupport_fastrtps_c
[10.892s] Invoked command in '/home/group1/dd2419_ws/build/drive_base_msgs' returned '0': CMAKE_PREFIX_PATH=${CMAKE_PREFIX_PATH}:/home/group1/dd2419_ws/install/robp_launch:/home/group1/dd2419_ws/install/arm_servos_pubs_subs:/opt/ros/jazzy DEBUGINFOD_URLS=https://debuginfod.ubuntu.com /usr/bin/cmake --build /home/group1/dd2419_ws/build/drive_base_msgs -- -j8 -l8
[10.894s] Invoking command in '/home/group1/dd2419_ws/build/drive_base_msgs': CMAKE_PREFIX_PATH=${CMAKE_PREFIX_PATH}:/home/group1/dd2419_ws/install/robp_launch:/home/group1/dd2419_ws/install/arm_servos_pubs_subs:/opt/ros/jazzy DEBUGINFOD_URLS=https://debuginfod.ubuntu.com /usr/bin/cmake --install /home/group1/dd2419_ws/build/drive_base_msgs
[10.904s] -- Install configuration: ""
[10.904s] -- Installing: /home/group1/dd2419_ws/install/drive_base_msgs/share/ament_index/resource_index/rosidl_interfaces/drive_base_msgs
[10.904s] -- Installing: /home/group1/dd2419_ws/install/drive_base_msgs/share/drive_base_msgs/msg/CommandHeader.json
[10.905s] -- Installing: /home/group1/dd2419_ws/install/drive_base_msgs/share/drive_base_msgs/msg/BaseInfo.json
[10.905s] -- Installing: /home/group1/dd2419_ws/install/drive_base_msgs/share/drive_base_msgs/msg/CommandStatus.json
[10.905s] -- Installing: /home/group1/dd2419_ws/install/drive_base_msgs/share/drive_base_msgs/msg/TRVCommand.json
[10.905s] -- Installing: /home/group1/dd2419_ws/install/drive_base_msgs/include/drive_base_msgs/drive_base_msgs
[10.905s] -- Installing: /home/group1/dd2419_ws/install/drive_base_msgs/include/drive_base_msgs/drive_base_msgs/msg
[10.905s] -- Installing: /home/group1/dd2419_ws/install/drive_base_msgs/include/drive_base_msgs/drive_base_msgs/msg/detail
[10.906s] -- Installing: /home/group1/dd2419_ws/install/drive_base_msgs/include/drive_base_msgs/drive_base_msgs/msg/detail/trv_command__type_support.c
[10.906s] -- Installing: /home/group1/dd2419_ws/install/drive_base_msgs/include/drive_base_msgs/drive_base_msgs/msg/detail/trv_command__struct.h
[10.906s] -- Installing: /home/group1/dd2419_ws/install/drive_base_msgs/include/drive_base_msgs/drive_base_msgs/msg/detail/trv_command__functions.h
[10.906s] -- Installing: /home/group1/dd2419_ws/install/drive_base_msgs/include/drive_base_msgs/drive_base_msgs/msg/detail/base_info__description.c
[10.906s] -- Installing: /home/group1/dd2419_ws/install/drive_base_msgs/include/drive_base_msgs/drive_base_msgs/msg/detail/command_status__type_support.c
[10.906s] -- Installing: /home/group1/dd2419_ws/install/drive_base_msgs/include/drive_base_msgs/drive_base_msgs/msg/detail/command_header__functions.c
[10.907s] -- Installing: /home/group1/dd2419_ws/install/drive_base_msgs/include/drive_base_msgs/drive_base_msgs/msg/detail/trv_command__functions.c
[10.907s] -- Installing: /home/group1/dd2419_ws/install/drive_base_msgs/include/drive_base_msgs/drive_base_msgs/msg/detail/command_header__type_support.c
[10.907s] -- Installing: /home/group1/dd2419_ws/install/drive_base_msgs/include/drive_base_msgs/drive_base_msgs/msg/detail/base_info__type_support.c
[10.907s] -- Installing: /home/group1/dd2419_ws/install/drive_base_msgs/include/drive_base_msgs/drive_base_msgs/msg/detail/command_status__struct.h
[10.907s] -- Installing: /home/group1/dd2419_ws/install/drive_base_msgs/include/drive_base_msgs/drive_base_msgs/msg/detail/command_header__description.c
[10.907s] -- Installing: /home/group1/dd2419_ws/install/drive_base_msgs/include/drive_base_msgs/drive_base_msgs/msg/detail/base_info__functions.h
[10.907s] -- Installing: /home/group1/dd2419_ws/install/drive_base_msgs/include/drive_base_msgs/drive_base_msgs/msg/detail/command_status__functions.h
[10.908s] -- Installing: /home/group1/dd2419_ws/install/drive_base_msgs/include/drive_base_msgs/drive_base_msgs/msg/detail/command_status__type_support.h
[10.908s] -- Installing: /home/group1/dd2419_ws/install/drive_base_msgs/include/drive_base_msgs/drive_base_msgs/msg/detail/command_header__struct.h
[10.908s] -- Installing: /home/group1/dd2419_ws/install/drive_base_msgs/include/drive_base_msgs/drive_base_msgs/msg/detail/trv_command__type_support.h
[10.908s] -- Installing: /home/group1/dd2419_ws/install/drive_base_msgs/include/drive_base_msgs/drive_base_msgs/msg/detail/base_info__struct.h
[10.908s] -- Installing: /home/group1/dd2419_ws/install/drive_base_msgs/include/drive_base_msgs/drive_base_msgs/msg/detail/base_info__functions.c
[10.909s] -- Installing: /home/group1/dd2419_ws/install/drive_base_msgs/include/drive_base_msgs/drive_base_msgs/msg/detail/command_header__type_support.h
[10.909s] -- Installing: /home/group1/dd2419_ws/install/drive_base_msgs/include/drive_base_msgs/drive_base_msgs/msg/detail/command_header__functions.h
[10.909s] -- Installing: /home/group1/dd2419_ws/install/drive_base_msgs/include/drive_base_msgs/drive_base_msgs/msg/detail/trv_command__description.c
[10.909s] -- Installing: /home/group1/dd2419_ws/install/drive_base_msgs/include/drive_base_msgs/drive_base_msgs/msg/detail/command_status__functions.c
[10.909s] -- Installing: /home/group1/dd2419_ws/install/drive_base_msgs/include/drive_base_msgs/drive_base_msgs/msg/detail/command_status__description.c
[10.909s] -- Installing: /home/group1/dd2419_ws/install/drive_base_msgs/include/drive_base_msgs/drive_base_msgs/msg/detail/base_info__type_support.h
[10.909s] -- Installing: /home/group1/dd2419_ws/install/drive_base_msgs/include/drive_base_msgs/drive_base_msgs/msg/command_status.h
[10.909s] -- Installing: /home/group1/dd2419_ws/install/drive_base_msgs/include/drive_base_msgs/drive_base_msgs/msg/command_header.h
[10.909s] -- Installing: /home/group1/dd2419_ws/install/drive_base_msgs/include/drive_base_msgs/drive_base_msgs/msg/base_info.h
[10.909s] -- Installing: /home/group1/dd2419_ws/install/drive_base_msgs/include/drive_base_msgs/drive_base_msgs/msg/trv_command.h
[10.910s] -- Installing: /home/group1/dd2419_ws/install/drive_base_msgs/include/drive_base_msgs/drive_base_msgs/msg/rosidl_generator_c__visibility_control.h
[10.910s] -- Installing: /home/group1/dd2419_ws/install/drive_base_msgs/share/drive_base_msgs/environment/library_path.sh
[10.910s] -- Installing: /home/group1/dd2419_ws/install/drive_base_msgs/share/drive_base_msgs/environment/library_path.dsv
[10.910s] -- Installing: /home/group1/dd2419_ws/install/drive_base_msgs/lib/libdrive_base_msgs__rosidl_generator_c.so
[10.910s] -- Set non-toolchain portion of runtime path of "/home/group1/dd2419_ws/install/drive_base_msgs/lib/libdrive_base_msgs__rosidl_generator_c.so" to ""
[10.910s] -- Up-to-date: /home/group1/dd2419_ws/install/drive_base_msgs/include/drive_base_msgs/drive_base_msgs
[10.910s] -- Up-to-date: /home/group1/dd2419_ws/install/drive_base_msgs/include/drive_base_msgs/drive_base_msgs/msg
[10.910s] -- Installing: /home/group1/dd2419_ws/install/drive_base_msgs/include/drive_base_msgs/drive_base_msgs/msg/rosidl_typesupport_fastrtps_c__visibility_control.h
[10.911s] -- Up-to-date: /home/group1/dd2419_ws/install/drive_base_msgs/include/drive_base_msgs/drive_base_msgs/msg/detail
[10.911s] -- Installing: /home/group1/dd2419_ws/install/drive_base_msgs/include/drive_base_msgs/drive_base_msgs/msg/detail/trv_command__rosidl_typesupport_fastrtps_c.h
[10.911s] -- Installing: /home/group1/dd2419_ws/install/drive_base_msgs/include/drive_base_msgs/drive_base_msgs/msg/detail/command_header__rosidl_typesupport_fastrtps_c.h
[10.911s] -- Installing: /home/group1/dd2419_ws/install/drive_base_msgs/include/drive_base_msgs/drive_base_msgs/msg/detail/command_status__rosidl_typesupport_fastrtps_c.h
[10.911s] -- Installing: /home/group1/dd2419_ws/install/drive_base_msgs/include/drive_base_msgs/drive_base_msgs/msg/detail/base_info__rosidl_typesupport_fastrtps_c.h
[10.911s] -- Installing: /home/group1/dd2419_ws/install/drive_base_msgs/lib/libdrive_base_msgs__rosidl_typesupport_fastrtps_c.so
[10.911s] -- Set non-toolchain portion of runtime path of "/home/group1/dd2419_ws/install/drive_base_msgs/lib/libdrive_base_msgs__rosidl_typesupport_fastrtps_c.so" to ""
[10.911s] -- Up-to-date: /home/group1/dd2419_ws/install/drive_base_msgs/include/drive_base_msgs/drive_base_msgs
[10.912s] -- Up-to-date: /home/group1/dd2419_ws/install/drive_base_msgs/include/drive_base_msgs/drive_base_msgs/msg
[10.912s] -- Up-to-date: /home/group1/dd2419_ws/install/drive_base_msgs/include/drive_base_msgs/drive_base_msgs/msg/detail
[10.912s] -- Installing: /home/group1/dd2419_ws/install/drive_base_msgs/include/drive_base_msgs/drive_base_msgs/msg/detail/base_info__builder.hpp
[10.912s] -- Installing: /home/group1/dd2419_ws/install/drive_base_msgs/include/drive_base_msgs/drive_base_msgs/msg/detail/trv_command__builder.hpp
[10.912s] -- Installing: /home/group1/dd2419_ws/install/drive_base_msgs/include/drive_base_msgs/drive_base_msgs/msg/detail/base_info__type_support.hpp
[10.912s] -- Installing: /home/group1/dd2419_ws/install/drive_base_msgs/include/drive_base_msgs/drive_base_msgs/msg/detail/base_info__traits.hpp
[10.912s] -- Installing: /home/group1/dd2419_ws/install/drive_base_msgs/include/drive_base_msgs/drive_base_msgs/msg/detail/command_header__builder.hpp
[10.912s] -- Installing: /home/group1/dd2419_ws/install/drive_base_msgs/include/drive_base_msgs/drive_base_msgs/msg/detail/trv_command__type_support.hpp
[10.913s] -- Installing: /home/group1/dd2419_ws/install/drive_base_msgs/include/drive_base_msgs/drive_base_msgs/msg/detail/command_status__builder.hpp
[10.913s] -- Installing: /home/group1/dd2419_ws/install/drive_base_msgs/include/drive_base_msgs/drive_base_msgs/msg/detail/trv_command__struct.hpp
[10.913s] -- Installing: /home/group1/dd2419_ws/install/drive_base_msgs/include/drive_base_msgs/drive_base_msgs/msg/detail/command_status__type_support.hpp
[10.913s] -- Installing: /home/group1/dd2419_ws/install/drive_base_msgs/include/drive_base_msgs/drive_base_msgs/msg/detail/trv_command__traits.hpp
[10.913s] -- Installing: /home/group1/dd2419_ws/install/drive_base_msgs/include/drive_base_msgs/drive_base_msgs/msg/detail/command_status__struct.hpp
[10.913s] -- Installing: /home/group1/dd2419_ws/install/drive_base_msgs/include/drive_base_msgs/drive_base_msgs/msg/detail/command_header__traits.hpp
[10.913s] -- Installing: /home/group1/dd2419_ws/install/drive_base_msgs/include/drive_base_msgs/drive_base_msgs/msg/detail/command_status__traits.hpp
[10.913s] -- Installing: /home/group1/dd2419_ws/install/drive_base_msgs/include/drive_base_msgs/drive_base_msgs/msg/detail/command_header__type_support.hpp
[10.914s] -- Installing: /home/group1/dd2419_ws/install/drive_base_msgs/include/drive_base_msgs/drive_base_msgs/msg/detail/command_header__struct.hpp
[10.914s] -- Installing: /home/group1/dd2419_ws/install/drive_base_msgs/include/drive_base_msgs/drive_base_msgs/msg/detail/base_info__struct.hpp
[10.914s] -- Installing: /home/group1/dd2419_ws/install/drive_base_msgs/include/drive_base_msgs/drive_base_msgs/msg/base_info.hpp
[10.914s] -- Installing: /home/group1/dd2419_ws/install/drive_base_msgs/include/drive_base_msgs/drive_base_msgs/msg/command_status.hpp
[10.914s] -- Installing: /home/group1/dd2419_ws/install/drive_base_msgs/include/drive_base_msgs/drive_base_msgs/msg/rosidl_generator_cpp__visibility_control.hpp
[10.914s] -- Installing: /home/group1/dd2419_ws/install/drive_base_msgs/include/drive_base_msgs/drive_base_msgs/msg/command_header.hpp
[10.914s] -- Installing: /home/group1/dd2419_ws/install/drive_base_msgs/include/drive_base_msgs/drive_base_msgs/msg/trv_command.hpp
[10.914s] -- Up-to-date: /home/group1/dd2419_ws/install/drive_base_msgs/include/drive_base_msgs/drive_base_msgs
[10.915s] -- Up-to-date: /home/group1/dd2419_ws/install/drive_base_msgs/include/drive_base_msgs/drive_base_msgs/msg
[10.915s] -- Up-to-date: /home/group1/dd2419_ws/install/drive_base_msgs/include/drive_base_msgs/drive_base_msgs/msg/detail
[10.915s] -- Installing: /home/group1/dd2419_ws/install/drive_base_msgs/include/drive_base_msgs/drive_base_msgs/msg/detail/trv_command__rosidl_typesupport_fastrtps_cpp.hpp
[10.915s] -- Installing: /home/group1/dd2419_ws/install/drive_base_msgs/include/drive_base_msgs/drive_base_msgs/msg/detail/command_status__rosidl_typesupport_fastrtps_cpp.hpp
[10.915s] -- Installing: /home/group1/dd2419_ws/install/drive_base_msgs/include/drive_base_msgs/drive_base_msgs/msg/detail/command_header__rosidl_typesupport_fastrtps_cpp.hpp
[10.915s] -- Installing: /home/group1/dd2419_ws/install/drive_base_msgs/include/drive_base_msgs/drive_base_msgs/msg/detail/base_info__rosidl_typesupport_fastrtps_cpp.hpp
[10.915s] -- Installing: /home/group1/dd2419_ws/install/drive_base_msgs/include/drive_base_msgs/drive_base_msgs/msg/detail/dds_fastrtps
[10.916s] -- Installing: /home/group1/dd2419_ws/install/drive_base_msgs/include/drive_base_msgs/drive_base_msgs/msg/rosidl_typesupport_fastrtps_cpp__visibility_control.h
[10.916s] -- Installing: /home/group1/dd2419_ws/install/drive_base_msgs/lib/libdrive_base_msgs__rosidl_typesupport_fastrtps_cpp.so
[10.916s] -- Set non-toolchain portion of runtime path of "/home/group1/dd2419_ws/install/drive_base_msgs/lib/libdrive_base_msgs__rosidl_typesupport_fastrtps_cpp.so" to ""
[10.916s] -- Up-to-date: /home/group1/dd2419_ws/install/drive_base_msgs/include/drive_base_msgs/drive_base_msgs
[10.916s] -- Up-to-date: /home/group1/dd2419_ws/install/drive_base_msgs/include/drive_base_msgs/drive_base_msgs/msg
[10.916s] -- Up-to-date: /home/group1/dd2419_ws/install/drive_base_msgs/include/drive_base_msgs/drive_base_msgs/msg/detail
[10.916s] -- Installing: /home/group1/dd2419_ws/install/drive_base_msgs/include/drive_base_msgs/drive_base_msgs/msg/detail/trv_command__type_support.c
[10.916s] -- Installing: /home/group1/dd2419_ws/install/drive_base_msgs/include/drive_base_msgs/drive_base_msgs/msg/detail/command_status__type_support.c
[10.916s] -- Installing: /home/group1/dd2419_ws/install/drive_base_msgs/include/drive_base_msgs/drive_base_msgs/msg/detail/trv_command__rosidl_typesupport_introspection_c.h
[10.916s] -- Installing: /home/group1/dd2419_ws/install/drive_base_msgs/include/drive_base_msgs/drive_base_msgs/msg/detail/command_header__type_support.c
[10.917s] -- Installing: /home/group1/dd2419_ws/install/drive_base_msgs/include/drive_base_msgs/drive_base_msgs/msg/detail/base_info__type_support.c
[10.917s] -- Installing: /home/group1/dd2419_ws/install/drive_base_msgs/include/drive_base_msgs/drive_base_msgs/msg/detail/base_info__rosidl_typesupport_introspection_c.h
[10.917s] -- Installing: /home/group1/dd2419_ws/install/drive_base_msgs/include/drive_base_msgs/drive_base_msgs/msg/detail/command_status__rosidl_typesupport_introspection_c.h
[10.917s] -- Installing: /home/group1/dd2419_ws/install/drive_base_msgs/include/drive_base_msgs/drive_base_msgs/msg/detail/command_header__rosidl_typesupport_introspection_c.h
[10.917s] -- Installing: /home/group1/dd2419_ws/install/drive_base_msgs/include/drive_base_msgs/drive_base_msgs/msg/rosidl_typesupport_introspection_c__visibility_control.h
[10.917s] -- Installing: /home/group1/dd2419_ws/install/drive_base_msgs/lib/libdrive_base_msgs__rosidl_typesupport_introspection_c.so
[10.917s] -- Set non-toolchain portion of runtime path of "/home/group1/dd2419_ws/install/drive_base_msgs/lib/libdrive_base_msgs__rosidl_typesupport_introspection_c.so" to ""
[10.917s] -- Installing: /home/group1/dd2419_ws/install/drive_base_msgs/lib/libdrive_base_msgs__rosidl_typesupport_c.so
[10.917s] -- Set non-toolchain portion of runtime path of "/home/group1/dd2419_ws/install/drive_base_msgs/lib/libdrive_base_msgs__rosidl_typesupport_c.so" to ""
[10.918s] -- Up-to-date: /home/group1/dd2419_ws/install/drive_base_msgs/include/drive_base_msgs/drive_base_msgs
[10.918s] -- Up-to-date: /home/group1/dd2419_ws/install/drive_base_msgs/include/drive_base_msgs/drive_base_msgs/msg
[10.918s] -- Up-to-date: /home/group1/dd2419_ws/install/drive_base_msgs/include/drive_base_msgs/drive_base_msgs/msg/detail
[10.918s] -- Installing: /home/group1/dd2419_ws/install/drive_base_msgs/include/drive_base_msgs/drive_base_msgs/msg/detail/base_info__rosidl_typesupport_introspection_cpp.hpp
[10.918s] -- Installing: /home/group1/dd2419_ws/install/drive_base_msgs/include/drive_base_msgs/drive_base_msgs/msg/detail/command_status__type_support.cpp
[10.918s] -- Installing: /home/group1/dd2419_ws/install/drive_base_msgs/include/drive_base_msgs/drive_base_msgs/msg/detail/command_header__type_support.cpp
[10.918s] -- Installing: /home/group1/dd2419_ws/install/drive_base_msgs/include/drive_base_msgs/drive_base_msgs/msg/detail/trv_command__type_support.cpp
[10.918s] -- Installing: /home/group1/dd2419_ws/install/drive_base_msgs/include/drive_base_msgs/drive_base_msgs/msg/detail/trv_command__rosidl_typesupport_introspection_cpp.hpp
[10.918s] -- Installing: /home/group1/dd2419_ws/install/drive_base_msgs/include/drive_base_msgs/drive_base_msgs/msg/detail/command_status__rosidl_typesupport_introspection_cpp.hpp
[10.918s] -- Installing: /home/group1/dd2419_ws/install/drive_base_msgs/include/drive_base_msgs/drive_base_msgs/msg/detail/command_header__rosidl_typesupport_introspection_cpp.hpp
[10.919s] -- Installing: /home/group1/dd2419_ws/install/drive_base_msgs/include/drive_base_msgs/drive_base_msgs/msg/detail/base_info__type_support.cpp
[10.919s] -- Installing: /home/group1/dd2419_ws/install/drive_base_msgs/lib/libdrive_base_msgs__rosidl_typesupport_introspection_cpp.so
[10.919s] -- Set non-toolchain portion of runtime path of "/home/group1/dd2419_ws/install/drive_base_msgs/lib/libdrive_base_msgs__rosidl_typesupport_introspection_cpp.so" to ""
[10.919s] -- Installing: /home/group1/dd2419_ws/install/drive_base_msgs/lib/libdrive_base_msgs__rosidl_typesupport_cpp.so
[10.919s] -- Set non-toolchain portion of runtime path of "/home/group1/dd2419_ws/install/drive_base_msgs/lib/libdrive_base_msgs__rosidl_typesupport_cpp.so" to ""
[10.919s] -- Installing: /home/group1/dd2419_ws/install/drive_base_msgs/share/drive_base_msgs/environment/pythonpath.sh
[10.919s] -- Installing: /home/group1/dd2419_ws/install/drive_base_msgs/share/drive_base_msgs/environment/pythonpath.dsv
[10.919s] -- Installing: /home/group1/dd2419_ws/install/drive_base_msgs/lib/python3.12/site-packages/drive_base_msgs-0.0.0-py3.12.egg-info
[10.919s] -- Installing: /home/group1/dd2419_ws/install/drive_base_msgs/lib/python3.12/site-packages/drive_base_msgs-0.0.0-py3.12.egg-info/SOURCES.txt
[10.920s] -- Installing: /home/group1/dd2419_ws/install/drive_base_msgs/lib/python3.12/site-packages/drive_base_msgs-0.0.0-py3.12.egg-info/dependency_links.txt
[10.920s] -- Installing: /home/group1/dd2419_ws/install/drive_base_msgs/lib/python3.12/site-packages/drive_base_msgs-0.0.0-py3.12.egg-info/PKG-INFO
[10.920s] -- Installing: /home/group1/dd2419_ws/install/drive_base_msgs/lib/python3.12/site-packages/drive_base_msgs-0.0.0-py3.12.egg-info/top_level.txt
[10.920s] -- Installing: /home/group1/dd2419_ws/install/drive_base_msgs/lib/python3.12/site-packages/drive_base_msgs
[10.920s] -- Installing: /home/group1/dd2419_ws/install/drive_base_msgs/lib/python3.12/site-packages/drive_base_msgs/_drive_base_msgs_s.ep.rosidl_typesupport_fastrtps_c.c
[10.920s] -- Installing: /home/group1/dd2419_ws/install/drive_base_msgs/lib/python3.12/site-packages/drive_base_msgs/__init__.py
[10.920s] -- Installing: /home/group1/dd2419_ws/install/drive_base_msgs/lib/python3.12/site-packages/drive_base_msgs/drive_base_msgs_s__rosidl_typesupport_c.so
[10.920s] -- Installing: /home/group1/dd2419_ws/install/drive_base_msgs/lib/python3.12/site-packages/drive_base_msgs/msg
[10.920s] -- Installing: /home/group1/dd2419_ws/install/drive_base_msgs/lib/python3.12/site-packages/drive_base_msgs/msg/_trv_command_s.c
[10.920s] -- Installing: /home/group1/dd2419_ws/install/drive_base_msgs/lib/python3.12/site-packages/drive_base_msgs/msg/_command_header_s.c
[10.921s] -- Installing: /home/group1/dd2419_ws/install/drive_base_msgs/lib/python3.12/site-packages/drive_base_msgs/msg/_base_info_s.c
[10.921s] -- Installing: /home/group1/dd2419_ws/install/drive_base_msgs/lib/python3.12/site-packages/drive_base_msgs/msg/_command_status.py
[10.921s] -- Installing: /home/group1/dd2419_ws/install/drive_base_msgs/lib/python3.12/site-packages/drive_base_msgs/msg/__init__.py
[10.921s] -- Installing: /home/group1/dd2419_ws/install/drive_base_msgs/lib/python3.12/site-packages/drive_base_msgs/msg/_trv_command.py
[10.921s] -- Installing: /home/group1/dd2419_ws/install/drive_base_msgs/lib/python3.12/site-packages/drive_base_msgs/msg/_base_info.py
[10.921s] -- Installing: /home/group1/dd2419_ws/install/drive_base_msgs/lib/python3.12/site-packages/drive_base_msgs/msg/_command_header.py
[10.921s] -- Installing: /home/group1/dd2419_ws/install/drive_base_msgs/lib/python3.12/site-packages/drive_base_msgs/msg/_command_status_s.c
[10.921s] -- Installing: /home/group1/dd2419_ws/install/drive_base_msgs/lib/python3.12/site-packages/drive_base_msgs/_drive_base_msgs_s.ep.rosidl_typesupport_introspection_c.c
[10.921s] -- Installing: /home/group1/dd2419_ws/install/drive_base_msgs/lib/python3.12/site-packages/drive_base_msgs/_drive_base_msgs_s.ep.rosidl_typesupport_c.c
[10.921s] -- Installing: /home/group1/dd2419_ws/install/drive_base_msgs/lib/python3.12/site-packages/drive_base_msgs/drive_base_msgs_s__rosidl_typesupport_fastrtps_c.so
[10.921s] -- Installing: /home/group1/dd2419_ws/install/drive_base_msgs/lib/python3.12/site-packages/drive_base_msgs/drive_base_msgs_s__rosidl_typesupport_introspection_c.so
[10.978s] Listing '/home/group1/dd2419_ws/install/drive_base_msgs/lib/python3.12/site-packages/drive_base_msgs'...
[10.978s] Compiling '/home/group1/dd2419_ws/install/drive_base_msgs/lib/python3.12/site-packages/drive_base_msgs/__init__.py'...
[10.979s] Listing '/home/group1/dd2419_ws/install/drive_base_msgs/lib/python3.12/site-packages/drive_base_msgs/msg'...
[10.979s] Compiling '/home/group1/dd2419_ws/install/drive_base_msgs/lib/python3.12/site-packages/drive_base_msgs/msg/__init__.py'...
[10.979s] Compiling '/home/group1/dd2419_ws/install/drive_base_msgs/lib/python3.12/site-packages/drive_base_msgs/msg/_base_info.py'...
[10.979s] Compiling '/home/group1/dd2419_ws/install/drive_base_msgs/lib/python3.12/site-packages/drive_base_msgs/msg/_command_header.py'...
[10.979s] Compiling '/home/group1/dd2419_ws/install/drive_base_msgs/lib/python3.12/site-packages/drive_base_msgs/msg/_command_status.py'...
[10.979s] Compiling '/home/group1/dd2419_ws/install/drive_base_msgs/lib/python3.12/site-packages/drive_base_msgs/msg/_trv_command.py'...
[10.986s] -- Installing: /home/group1/dd2419_ws/install/drive_base_msgs/lib/python3.12/site-packages/drive_base_msgs/drive_base_msgs_s__rosidl_typesupport_fastrtps_c.so
[10.986s] -- Set non-toolchain portion of runtime path of "/home/group1/dd2419_ws/install/drive_base_msgs/lib/python3.12/site-packages/drive_base_msgs/drive_base_msgs_s__rosidl_typesupport_fastrtps_c.so" to ""
[10.986s] -- Installing: /home/group1/dd2419_ws/install/drive_base_msgs/lib/python3.12/site-packages/drive_base_msgs/drive_base_msgs_s__rosidl_typesupport_introspection_c.so
[10.986s] -- Set non-toolchain portion of runtime path of "/home/group1/dd2419_ws/install/drive_base_msgs/lib/python3.12/site-packages/drive_base_msgs/drive_base_msgs_s__rosidl_typesupport_introspection_c.so" to ""
[10.986s] -- Installing: /home/group1/dd2419_ws/install/drive_base_msgs/lib/python3.12/site-packages/drive_base_msgs/drive_base_msgs_s__rosidl_typesupport_c.so
[10.987s] -- Set non-toolchain portion of runtime path of "/home/group1/dd2419_ws/install/drive_base_msgs/lib/python3.12/site-packages/drive_base_msgs/drive_base_msgs_s__rosidl_typesupport_c.so" to ""
[10.987s] -- Installing: /home/group1/dd2419_ws/install/drive_base_msgs/lib/libdrive_base_msgs__rosidl_generator_py.so
[10.987s] -- Set non-toolchain portion of runtime path of "/home/group1/dd2419_ws/install/drive_base_msgs/lib/libdrive_base_msgs__rosidl_generator_py.so" to ""
[10.987s] -- Installing: /home/group1/dd2419_ws/install/drive_base_msgs/share/drive_base_msgs/msg/CommandHeader.idl
[10.987s] -- Installing: /home/group1/dd2419_ws/install/drive_base_msgs/share/drive_base_msgs/msg/BaseInfo.idl
[10.988s] -- Installing: /home/group1/dd2419_ws/install/drive_base_msgs/share/drive_base_msgs/msg/CommandStatus.idl
[10.988s] -- Installing: /home/group1/dd2419_ws/install/drive_base_msgs/share/drive_base_msgs/msg/TRVCommand.idl
[10.988s] -- Installing: /home/group1/dd2419_ws/install/drive_base_msgs/share/drive_base_msgs/msg/CommandHeader.msg
[10.988s] -- Installing: /home/group1/dd2419_ws/install/drive_base_msgs/share/drive_base_msgs/msg/BaseInfo.msg
[10.988s] -- Installing: /home/group1/dd2419_ws/install/drive_base_msgs/share/drive_base_msgs/msg/CommandStatus.msg
[10.988s] -- Installing: /home/group1/dd2419_ws/install/drive_base_msgs/share/drive_base_msgs/msg/TRVCommand.msg
[10.988s] -- Installing: /home/group1/dd2419_ws/install/drive_base_msgs/share/ament_index/resource_index/package_run_dependencies/drive_base_msgs
[10.988s] -- Installing: /home/group1/dd2419_ws/install/drive_base_msgs/share/ament_index/resource_index/parent_prefix_path/drive_base_msgs
[10.988s] -- Installing: /home/group1/dd2419_ws/install/drive_base_msgs/share/drive_base_msgs/environment/ament_prefix_path.sh
[10.989s] -- Installing: /home/group1/dd2419_ws/install/drive_base_msgs/share/drive_base_msgs/environment/ament_prefix_path.dsv
[10.989s] -- Installing: /home/group1/dd2419_ws/install/drive_base_msgs/share/drive_base_msgs/environment/path.sh
[10.989s] -- Installing: /home/group1/dd2419_ws/install/drive_base_msgs/share/drive_base_msgs/environment/path.dsv
[10.989s] -- Installing: /home/group1/dd2419_ws/install/drive_base_msgs/share/drive_base_msgs/local_setup.bash
[10.989s] -- Installing: /home/group1/dd2419_ws/install/drive_base_msgs/share/drive_base_msgs/local_setup.sh
[10.989s] -- Installing: /home/group1/dd2419_ws/install/drive_base_msgs/share/drive_base_msgs/local_setup.zsh
[10.989s] -- Installing: /home/group1/dd2419_ws/install/drive_base_msgs/share/drive_base_msgs/local_setup.dsv
[10.989s] -- Installing: /home/group1/dd2419_ws/install/drive_base_msgs/share/drive_base_msgs/package.dsv
[10.990s] -- Installing: /home/group1/dd2419_ws/install/drive_base_msgs/share/ament_index/resource_index/packages/drive_base_msgs
[10.990s] -- Installing: /home/group1/dd2419_ws/install/drive_base_msgs/share/drive_base_msgs/cmake/export_drive_base_msgs__rosidl_generator_cExport.cmake
[10.990s] -- Installing: /home/group1/dd2419_ws/install/drive_base_msgs/share/drive_base_msgs/cmake/export_drive_base_msgs__rosidl_generator_cExport-noconfig.cmake
[10.990s] -- Installing: /home/group1/dd2419_ws/install/drive_base_msgs/share/drive_base_msgs/cmake/export_drive_base_msgs__rosidl_typesupport_fastrtps_cExport.cmake
[10.990s] -- Installing: /home/group1/dd2419_ws/install/drive_base_msgs/share/drive_base_msgs/cmake/export_drive_base_msgs__rosidl_typesupport_fastrtps_cExport-noconfig.cmake
[10.990s] -- Installing: /home/group1/dd2419_ws/install/drive_base_msgs/share/drive_base_msgs/cmake/export_drive_base_msgs__rosidl_generator_cppExport.cmake
[10.990s] -- Installing: /home/group1/dd2419_ws/install/drive_base_msgs/share/drive_base_msgs/cmake/export_drive_base_msgs__rosidl_typesupport_fastrtps_cppExport.cmake
[10.990s] -- Installing: /home/group1/dd2419_ws/install/drive_base_msgs/share/drive_base_msgs/cmake/export_drive_base_msgs__rosidl_typesupport_fastrtps_cppExport-noconfig.cmake
[10.991s] -- Installing: /home/group1/dd2419_ws/install/drive_base_msgs/share/drive_base_msgs/cmake/drive_base_msgs__rosidl_typesupport_introspection_cExport.cmake
[10.991s] -- Installing: /home/group1/dd2419_ws/install/drive_base_msgs/share/drive_base_msgs/cmake/drive_base_msgs__rosidl_typesupport_introspection_cExport-noconfig.cmake
[10.991s] -- Installing: /home/group1/dd2419_ws/install/drive_base_msgs/share/drive_base_msgs/cmake/drive_base_msgs__rosidl_typesupport_cExport.cmake
[10.991s] -- Installing: /home/group1/dd2419_ws/install/drive_base_msgs/share/drive_base_msgs/cmake/drive_base_msgs__rosidl_typesupport_cExport-noconfig.cmake
[10.991s] -- Installing: /home/group1/dd2419_ws/install/drive_base_msgs/share/drive_base_msgs/cmake/drive_base_msgs__rosidl_typesupport_introspection_cppExport.cmake
[10.991s] -- Installing: /home/group1/dd2419_ws/install/drive_base_msgs/share/drive_base_msgs/cmake/drive_base_msgs__rosidl_typesupport_introspection_cppExport-noconfig.cmake
[10.991s] -- Installing: /home/group1/dd2419_ws/install/drive_base_msgs/share/drive_base_msgs/cmake/drive_base_msgs__rosidl_typesupport_cppExport.cmake
[10.991s] -- Installing: /home/group1/dd2419_ws/install/drive_base_msgs/share/drive_base_msgs/cmake/drive_base_msgs__rosidl_typesupport_cppExport-noconfig.cmake
[10.992s] -- Installing: /home/group1/dd2419_ws/install/drive_base_msgs/share/drive_base_msgs/cmake/export_drive_base_msgs__rosidl_generator_pyExport.cmake
[10.992s] -- Installing: /home/group1/dd2419_ws/install/drive_base_msgs/share/drive_base_msgs/cmake/export_drive_base_msgs__rosidl_generator_pyExport-noconfig.cmake
[10.992s] -- Installing: /home/group1/dd2419_ws/install/drive_base_msgs/share/drive_base_msgs/cmake/rosidl_cmake-extras.cmake
[10.992s] -- Installing: /home/group1/dd2419_ws/install/drive_base_msgs/share/drive_base_msgs/cmake/ament_cmake_export_dependencies-extras.cmake
[10.992s] -- Installing: /home/group1/dd2419_ws/install/drive_base_msgs/share/drive_base_msgs/cmake/ament_cmake_export_include_directories-extras.cmake
[10.992s] -- Installing: /home/group1/dd2419_ws/install/drive_base_msgs/share/drive_base_msgs/cmake/ament_cmake_export_libraries-extras.cmake
[10.992s] -- Installing: /home/group1/dd2419_ws/install/drive_base_msgs/share/drive_base_msgs/cmake/ament_cmake_export_targets-extras.cmake
[10.992s] -- Installing: /home/group1/dd2419_ws/install/drive_base_msgs/share/drive_base_msgs/cmake/rosidl_cmake_export_typesupport_targets-extras.cmake
[10.992s] -- Installing: /home/group1/dd2419_ws/install/drive_base_msgs/share/drive_base_msgs/cmake/rosidl_cmake_export_typesupport_libraries-extras.cmake
[10.993s] -- Installing: /home/group1/dd2419_ws/install/drive_base_msgs/share/drive_base_msgs/cmake/drive_base_msgsConfig.cmake
[10.993s] -- Installing: /home/group1/dd2419_ws/install/drive_base_msgs/share/drive_base_msgs/cmake/drive_base_msgsConfig-version.cmake
[10.993s] -- Installing: /home/group1/dd2419_ws/install/drive_base_msgs/share/drive_base_msgs/package.xml
[10.996s] Invoked command in '/home/group1/dd2419_ws/build/drive_base_msgs' returned '0': CMAKE_PREFIX_PATH=${CMAKE_PREFIX_PATH}:/home/group1/dd2419_ws/install/robp_launch:/home/group1/dd2419_ws/install/arm_servos_pubs_subs:/opt/ros/jazzy DEBUGINFOD_URLS=https://debuginfod.ubuntu.com /usr/bin/cmake --install /home/group1/dd2419_ws/build/drive_base_msgs
