[1.927s] Invoking command in '/home/group1/dd2419_ws/src/robp_robot/robp_arm/arm_servos_pubs_subs': DEBUGINFOD_URLS=https://debuginfod.ubuntu.com PYTHONPATH=/home/group1/dd2419_ws/build/arm_servos_pubs_subs/prefix_override:/usr/lib/python3/dist-packages/colcon_core/task/python/colcon_distutils_commands:/home/group1/dd2419_ws/install/arm_servos_pubs_subs/lib/python3.12/site-packages:${PYTHONPATH} /usr/bin/python3 -W ignore:setup.py install is deprecated -W ignore:easy_install command is deprecated setup.py egg_info --egg-base ../../../../build/arm_servos_pubs_subs build --build-base /home/group1/dd2419_ws/build/arm_servos_pubs_subs/build install --record /home/group1/dd2419_ws/build/arm_servos_pubs_subs/install.log --single-version-externally-managed install_data
[2.274s] running egg_info
[2.297s] writing ../../../../build/arm_servos_pubs_subs/arm_servos_pubs_subs.egg-info/PKG-INFO
[2.297s] writing dependency_links to ../../../../build/arm_servos_pubs_subs/arm_servos_pubs_subs.egg-info/dependency_links.txt
[2.297s] writing entry points to ../../../../build/arm_servos_pubs_subs/arm_servos_pubs_subs.egg-info/entry_points.txt
[2.298s] writing requirements to ../../../../build/arm_servos_pubs_subs/arm_servos_pubs_subs.egg-info/requires.txt
[2.298s] writing top-level names to ../../../../build/arm_servos_pubs_subs/arm_servos_pubs_subs.egg-info/top_level.txt
[2.343s] reading manifest file '../../../../build/arm_servos_pubs_subs/arm_servos_pubs_subs.egg-info/SOURCES.txt'
[2.344s] writing manifest file '../../../../build/arm_servos_pubs_subs/arm_servos_pubs_subs.egg-info/SOURCES.txt'
[2.344s] running build
[2.345s] running build_py
[2.345s] running install
[2.353s] running install_lib
[2.377s] running install_data
[2.377s] running install_egg_info
[2.402s] removing '/home/group1/dd2419_ws/install/arm_servos_pubs_subs/lib/python3.12/site-packages/arm_servos_pubs_subs-0.0.0-py3.12.egg-info' (and everything under it)
[2.403s] Copying ../../../../build/arm_servos_pubs_subs/arm_servos_pubs_subs.egg-info to /home/group1/dd2419_ws/install/arm_servos_pubs_subs/lib/python3.12/site-packages/arm_servos_pubs_subs-0.0.0-py3.12.egg-info
[2.403s] running install_scripts
[2.557s] Installing listener script to /home/group1/dd2419_ws/install/arm_servos_pubs_subs/lib/arm_servos_pubs_subs
[2.558s] Installing talker script to /home/group1/dd2419_ws/install/arm_servos_pubs_subs/lib/arm_servos_pubs_subs
[2.558s] writing list of installed files to '/home/group1/dd2419_ws/build/arm_servos_pubs_subs/install.log'
[2.593s] Invoked command in '/home/group1/dd2419_ws/src/robp_robot/robp_arm/arm_servos_pubs_subs' returned '0': DEBUGINFOD_URLS=https://debuginfod.ubuntu.com PYTHONPATH=/home/group1/dd2419_ws/build/arm_servos_pubs_subs/prefix_override:/usr/lib/python3/dist-packages/colcon_core/task/python/colcon_distutils_commands:/home/group1/dd2419_ws/install/arm_servos_pubs_subs/lib/python3.12/site-packages:${PYTHONPATH} /usr/bin/python3 -W ignore:setup.py install is deprecated -W ignore:easy_install command is deprecated setup.py egg_info --egg-base ../../../../build/arm_servos_pubs_subs build --build-base /home/group1/dd2419_ws/build/arm_servos_pubs_subs/build install --record /home/group1/dd2419_ws/build/arm_servos_pubs_subs/install.log --single-version-externally-managed install_data
