[0.061s] Invoking command in '/home/group1/dd2419_ws/build/robp_interfaces': CMAKE_PREFIX_PATH=${CMAKE_PREFIX_PATH}:/home/group1/dd2419_ws/install/steering:/home/group1/dd2419_ws/install/stearing:/home/group1/dd2419_ws/install/robp_launch:/home/group1/dd2419_ws/install/robot_odometry:/home/group1/dd2419_ws/install/pickup:/home/group1/dd2419_ws/install/odometry:/home/group1/dd2419_ws/install/lidar:/home/group1/dd2419_ws/install/display:/home/group1/dd2419_ws/install/detection:/home/group1/dd2419_ws/install/controller:/home/group1/dd2419_ws/install/arm_servos_pubs_subs:/opt/ros/jazzy DEBUGINFOD_URLS=https://debuginfod.ubuntu.com /usr/bin/cmake --build /home/group1/dd2419_ws/build/robp_interfaces -- -j8 -l8
[1.647s] [  2%] Built target robp_interfaces__rosidl_generator_type_description
[1.647s] [  2%] Built target ament_cmake_python_symlink_robp_interfaces
[1.648s] [  4%] Built target robp_interfaces__cpp
[1.649s] [ 22%] Built target robp_interfaces__rosidl_generator_c
[1.649s] [ 50%] Built target robp_interfaces__rosidl_typesupport_c
[1.649s] [ 50%] Built target robp_interfaces__rosidl_typesupport_cpp
[1.649s] [ 59%] Built target robp_interfaces__rosidl_typesupport_introspection_cpp
[1.649s] [ 50%] Built target robp_interfaces__rosidl_typesupport_fastrtps_cpp
[1.650s] [ 68%] Built target robp_interfaces__rosidl_typesupport_fastrtps_c
[1.650s] [ 77%] Built target robp_interfaces__rosidl_typesupport_introspection_c
[1.650s] [ 77%] Built target robp_interfaces
[1.650s] [ 79%] Built target robp_interfaces__py
[1.650s] [ 86%] Built target robp_interfaces__rosidl_generator_py
[1.651s] [ 90%] Built target robp_interfaces_s__rosidl_typesupport_c
[1.651s] [ 95%] Built target robp_interfaces_s__rosidl_typesupport_fastrtps_c
[1.651s] [100%] Built target robp_interfaces_s__rosidl_typesupport_introspection_c
[1.651s] running egg_info
[1.651s] writing robp_interfaces.egg-info/PKG-INFO
[1.651s] writing dependency_links to robp_interfaces.egg-info/dependency_links.txt
[1.651s] writing top-level names to robp_interfaces.egg-info/top_level.txt
[1.652s] reading manifest file 'robp_interfaces.egg-info/SOURCES.txt'
[1.652s] writing manifest file 'robp_interfaces.egg-info/SOURCES.txt'
[1.652s] [100%] Built target ament_cmake_python_build_robp_interfaces_egg
[1.949s] Invoked command in '/home/group1/dd2419_ws/build/robp_interfaces' returned '0': CMAKE_PREFIX_PATH=${CMAKE_PREFIX_PATH}:/home/group1/dd2419_ws/install/steering:/home/group1/dd2419_ws/install/stearing:/home/group1/dd2419_ws/install/robp_launch:/home/group1/dd2419_ws/install/robot_odometry:/home/group1/dd2419_ws/install/pickup:/home/group1/dd2419_ws/install/odometry:/home/group1/dd2419_ws/install/lidar:/home/group1/dd2419_ws/install/display:/home/group1/dd2419_ws/install/detection:/home/group1/dd2419_ws/install/controller:/home/group1/dd2419_ws/install/arm_servos_pubs_subs:/opt/ros/jazzy DEBUGINFOD_URLS=https://debuginfod.ubuntu.com /usr/bin/cmake --build /home/group1/dd2419_ws/build/robp_interfaces -- -j8 -l8
[1.961s] Invoking command in '/home/group1/dd2419_ws/build/robp_interfaces': CMAKE_PREFIX_PATH=${CMAKE_PREFIX_PATH}:/home/group1/dd2419_ws/install/steering:/home/group1/dd2419_ws/install/stearing:/home/group1/dd2419_ws/install/robp_launch:/home/group1/dd2419_ws/install/robot_odometry:/home/group1/dd2419_ws/install/pickup:/home/group1/dd2419_ws/install/odometry:/home/group1/dd2419_ws/install/lidar:/home/group1/dd2419_ws/install/display:/home/group1/dd2419_ws/install/detection:/home/group1/dd2419_ws/install/controller:/home/group1/dd2419_ws/install/arm_servos_pubs_subs:/opt/ros/jazzy DEBUGINFOD_URLS=https://debuginfod.ubuntu.com /usr/bin/cmake --install /home/group1/dd2419_ws/build/robp_interfaces
[1.970s] -- Install configuration: ""
[1.974s] -- Execute custom install script
[1.974s] -- Symlinking: /home/group1/dd2419_ws/install/robp_interfaces/share/ament_index/resource_index/rosidl_interfaces/robp_interfaces
[1.989s] -- Symlinking: /home/group1/dd2419_ws/install/robp_interfaces/share/robp_interfaces/msg/DutyCycles.json
[2.009s] -- Symlinking: /home/group1/dd2419_ws/install/robp_interfaces/share/robp_interfaces/msg/Encoders.json
[2.026s] -- Symlinking: /home/group1/dd2419_ws/install/robp_interfaces/include/robp_interfaces/robp_interfaces/msg/detail/duty_cycles__functions.h
[2.046s] -- Symlinking: /home/group1/dd2419_ws/install/robp_interfaces/include/robp_interfaces/robp_interfaces/msg/detail/duty_cycles__struct.h
[2.077s] -- Symlinking: /home/group1/dd2419_ws/install/robp_interfaces/include/robp_interfaces/robp_interfaces/msg/detail/duty_cycles__type_support.h
[2.121s] -- Symlinking: /home/group1/dd2419_ws/install/robp_interfaces/include/robp_interfaces/robp_interfaces/msg/detail/encoders__functions.h
[2.149s] -- Symlinking: /home/group1/dd2419_ws/install/robp_interfaces/include/robp_interfaces/robp_interfaces/msg/detail/encoders__struct.h
[2.201s] -- Symlinking: /home/group1/dd2419_ws/install/robp_interfaces/include/robp_interfaces/robp_interfaces/msg/detail/encoders__type_support.h
[2.237s] -- Symlinking: /home/group1/dd2419_ws/install/robp_interfaces/include/robp_interfaces/robp_interfaces/msg/duty_cycles.h
[2.256s] -- Symlinking: /home/group1/dd2419_ws/install/robp_interfaces/include/robp_interfaces/robp_interfaces/msg/encoders.h
[2.276s] -- Symlinking: /home/group1/dd2419_ws/install/robp_interfaces/include/robp_interfaces/robp_interfaces/msg/rosidl_generator_c__visibility_control.h
[2.316s] -- Up-to-date symlink: /home/group1/dd2419_ws/install/robp_interfaces/share/robp_interfaces/environment/library_path.sh
[2.316s] -- Symlinking: /home/group1/dd2419_ws/install/robp_interfaces/share/robp_interfaces/environment/library_path.dsv
[2.354s] -- Symlinking: /home/group1/dd2419_ws/install/robp_interfaces/include/robp_interfaces/robp_interfaces/msg/detail/duty_cycles__rosidl_typesupport_fastrtps_c.h
[2.394s] -- Symlinking: /home/group1/dd2419_ws/install/robp_interfaces/include/robp_interfaces/robp_interfaces/msg/detail/encoders__rosidl_typesupport_fastrtps_c.h
[2.426s] -- Symlinking: /home/group1/dd2419_ws/install/robp_interfaces/include/robp_interfaces/robp_interfaces/msg/rosidl_typesupport_fastrtps_c__visibility_control.h
[2.463s] -- Symlinking: /home/group1/dd2419_ws/install/robp_interfaces/include/robp_interfaces/robp_interfaces/msg/detail/duty_cycles__rosidl_typesupport_introspection_c.h
[2.495s] -- Symlinking: /home/group1/dd2419_ws/install/robp_interfaces/include/robp_interfaces/robp_interfaces/msg/detail/encoders__rosidl_typesupport_introspection_c.h
[2.530s] -- Symlinking: /home/group1/dd2419_ws/install/robp_interfaces/include/robp_interfaces/robp_interfaces/msg/rosidl_typesupport_introspection_c__visibility_control.h
[2.560s] -- Symlinking: /home/group1/dd2419_ws/install/robp_interfaces/include/robp_interfaces/robp_interfaces/msg/detail/duty_cycles__builder.hpp
[2.589s] -- Symlinking: /home/group1/dd2419_ws/install/robp_interfaces/include/robp_interfaces/robp_interfaces/msg/detail/duty_cycles__struct.hpp
[2.622s] -- Symlinking: /home/group1/dd2419_ws/install/robp_interfaces/include/robp_interfaces/robp_interfaces/msg/detail/duty_cycles__traits.hpp
[2.650s] -- Symlinking: /home/group1/dd2419_ws/install/robp_interfaces/include/robp_interfaces/robp_interfaces/msg/detail/duty_cycles__type_support.hpp
[2.688s] -- Symlinking: /home/group1/dd2419_ws/install/robp_interfaces/include/robp_interfaces/robp_interfaces/msg/detail/encoders__builder.hpp
[2.710s] -- Symlinking: /home/group1/dd2419_ws/install/robp_interfaces/include/robp_interfaces/robp_interfaces/msg/detail/encoders__struct.hpp
[2.731s] -- Symlinking: /home/group1/dd2419_ws/install/robp_interfaces/include/robp_interfaces/robp_interfaces/msg/detail/encoders__traits.hpp
[2.748s] -- Symlinking: /home/group1/dd2419_ws/install/robp_interfaces/include/robp_interfaces/robp_interfaces/msg/detail/encoders__type_support.hpp
[2.765s] -- Symlinking: /home/group1/dd2419_ws/install/robp_interfaces/include/robp_interfaces/robp_interfaces/msg/duty_cycles.hpp
[2.783s] -- Symlinking: /home/group1/dd2419_ws/install/robp_interfaces/include/robp_interfaces/robp_interfaces/msg/encoders.hpp
[2.801s] -- Symlinking: /home/group1/dd2419_ws/install/robp_interfaces/include/robp_interfaces/robp_interfaces/msg/rosidl_generator_cpp__visibility_control.hpp
[2.820s] -- Symlinking: /home/group1/dd2419_ws/install/robp_interfaces/include/robp_interfaces/robp_interfaces/msg/detail/duty_cycles__rosidl_typesupport_fastrtps_cpp.hpp
[2.838s] -- Symlinking: /home/group1/dd2419_ws/install/robp_interfaces/include/robp_interfaces/robp_interfaces/msg/detail/encoders__rosidl_typesupport_fastrtps_cpp.hpp
[2.856s] -- Symlinking: /home/group1/dd2419_ws/install/robp_interfaces/include/robp_interfaces/robp_interfaces/msg/rosidl_typesupport_fastrtps_cpp__visibility_control.h
[2.873s] -- Symlinking: /home/group1/dd2419_ws/install/robp_interfaces/include/robp_interfaces/robp_interfaces/msg/detail/duty_cycles__rosidl_typesupport_introspection_cpp.hpp
[2.896s] -- Symlinking: /home/group1/dd2419_ws/install/robp_interfaces/include/robp_interfaces/robp_interfaces/msg/detail/encoders__rosidl_typesupport_introspection_cpp.hpp
[2.914s] -- Symlinking: /home/group1/dd2419_ws/install/robp_interfaces/share/robp_interfaces/environment/pythonpath.sh
[2.930s] -- Symlinking: /home/group1/dd2419_ws/install/robp_interfaces/share/robp_interfaces/environment/pythonpath.dsv
[2.948s] -- Symlinking: /home/group1/dd2419_ws/install/robp_interfaces/lib/python3.12/site-packages/robp_interfaces-1.0.0-py3.12.egg-info/PKG-INFO
[2.966s] -- Symlinking: /home/group1/dd2419_ws/install/robp_interfaces/lib/python3.12/site-packages/robp_interfaces-1.0.0-py3.12.egg-info/SOURCES.txt
[2.983s] -- Symlinking: /home/group1/dd2419_ws/install/robp_interfaces/lib/python3.12/site-packages/robp_interfaces-1.0.0-py3.12.egg-info/dependency_links.txt
[3.001s] -- Symlinking: /home/group1/dd2419_ws/install/robp_interfaces/lib/python3.12/site-packages/robp_interfaces-1.0.0-py3.12.egg-info/top_level.txt
[3.020s] -- Symlinking: /home/group1/dd2419_ws/install/robp_interfaces/lib/python3.12/site-packages/robp_interfaces/__init__.py
[3.043s] -- Symlinking: /home/group1/dd2419_ws/install/robp_interfaces/lib/python3.12/site-packages/robp_interfaces/_robp_interfaces_s.ep.rosidl_typesupport_c.c
[3.056s] -- Symlinking: /home/group1/dd2419_ws/install/robp_interfaces/lib/python3.12/site-packages/robp_interfaces/_robp_interfaces_s.ep.rosidl_typesupport_fastrtps_c.c
[3.076s] -- Symlinking: /home/group1/dd2419_ws/install/robp_interfaces/lib/python3.12/site-packages/robp_interfaces/_robp_interfaces_s.ep.rosidl_typesupport_introspection_c.c
[3.092s] -- Symlinking: /home/group1/dd2419_ws/install/robp_interfaces/lib/python3.12/site-packages/robp_interfaces/msg/__init__.py
[3.109s] -- Symlinking: /home/group1/dd2419_ws/install/robp_interfaces/lib/python3.12/site-packages/robp_interfaces/msg/_duty_cycles.py
[3.138s] -- Symlinking: /home/group1/dd2419_ws/install/robp_interfaces/lib/python3.12/site-packages/robp_interfaces/msg/_duty_cycles_s.c
[3.155s] -- Symlinking: /home/group1/dd2419_ws/install/robp_interfaces/lib/python3.12/site-packages/robp_interfaces/msg/_encoders.py
[3.188s] -- Symlinking: /home/group1/dd2419_ws/install/robp_interfaces/lib/python3.12/site-packages/robp_interfaces/msg/_encoders_s.c
[3.222s] -- Symlinking: /home/group1/dd2419_ws/install/robp_interfaces/lib/python3.12/site-packages/robp_interfaces/robp_interfaces_s__rosidl_typesupport_c.so
[3.241s] -- Symlinking: /home/group1/dd2419_ws/install/robp_interfaces/lib/python3.12/site-packages/robp_interfaces/robp_interfaces_s__rosidl_typesupport_fastrtps_c.so
[3.282s] -- Symlinking: /home/group1/dd2419_ws/install/robp_interfaces/lib/python3.12/site-packages/robp_interfaces/robp_interfaces_s__rosidl_typesupport_introspection_c.so
[3.319s] -- Up-to-date symlink: /home/group1/dd2419_ws/install/robp_interfaces/lib/python3.12/site-packages/robp_interfaces/robp_interfaces_s__rosidl_typesupport_fastrtps_c.so
[3.321s] -- Up-to-date symlink: /home/group1/dd2419_ws/install/robp_interfaces/lib/python3.12/site-packages/robp_interfaces/robp_interfaces_s__rosidl_typesupport_introspection_c.so
[3.322s] -- Up-to-date symlink: /home/group1/dd2419_ws/install/robp_interfaces/lib/python3.12/site-packages/robp_interfaces/robp_interfaces_s__rosidl_typesupport_c.so
[3.322s] -- Symlinking: /home/group1/dd2419_ws/install/robp_interfaces/share/robp_interfaces/msg/DutyCycles.idl
[3.375s] -- Symlinking: /home/group1/dd2419_ws/install/robp_interfaces/share/robp_interfaces/msg/Encoders.idl
[3.405s] -- Symlinking: /home/group1/dd2419_ws/install/robp_interfaces/share/robp_interfaces/msg/DutyCycles.msg
[3.439s] -- Symlinking: /home/group1/dd2419_ws/install/robp_interfaces/share/robp_interfaces/msg/Encoders.msg
[3.478s] -- Symlinking: /home/group1/dd2419_ws/install/robp_interfaces/share/ament_index/resource_index/package_run_dependencies/robp_interfaces
[3.513s] -- Symlinking: /home/group1/dd2419_ws/install/robp_interfaces/share/ament_index/resource_index/parent_prefix_path/robp_interfaces
[3.550s] -- Up-to-date symlink: /home/group1/dd2419_ws/install/robp_interfaces/share/robp_interfaces/environment/ament_prefix_path.sh
[3.550s] -- Symlinking: /home/group1/dd2419_ws/install/robp_interfaces/share/robp_interfaces/environment/ament_prefix_path.dsv
[3.579s] -- Up-to-date symlink: /home/group1/dd2419_ws/install/robp_interfaces/share/robp_interfaces/environment/path.sh
[3.580s] -- Symlinking: /home/group1/dd2419_ws/install/robp_interfaces/share/robp_interfaces/environment/path.dsv
[3.595s] -- Symlinking: /home/group1/dd2419_ws/install/robp_interfaces/share/robp_interfaces/local_setup.bash
[3.613s] -- Symlinking: /home/group1/dd2419_ws/install/robp_interfaces/share/robp_interfaces/local_setup.sh
[3.633s] -- Symlinking: /home/group1/dd2419_ws/install/robp_interfaces/share/robp_interfaces/local_setup.zsh
[3.652s] -- Symlinking: /home/group1/dd2419_ws/install/robp_interfaces/share/robp_interfaces/local_setup.dsv
[3.672s] -- Symlinking: /home/group1/dd2419_ws/install/robp_interfaces/share/robp_interfaces/package.dsv
[3.689s] -- Symlinking: /home/group1/dd2419_ws/install/robp_interfaces/share/ament_index/resource_index/packages/robp_interfaces
[3.712s] -- Symlinking: /home/group1/dd2419_ws/install/robp_interfaces/share/robp_interfaces/cmake/rosidl_cmake-extras.cmake
[3.777s] -- Symlinking: /home/group1/dd2419_ws/install/robp_interfaces/share/robp_interfaces/cmake/ament_cmake_export_dependencies-extras.cmake
[3.816s] -- Symlinking: /home/group1/dd2419_ws/install/robp_interfaces/share/robp_interfaces/cmake/ament_cmake_export_include_directories-extras.cmake
[3.851s] -- Symlinking: /home/group1/dd2419_ws/install/robp_interfaces/share/robp_interfaces/cmake/ament_cmake_export_libraries-extras.cmake
[3.910s] -- Symlinking: /home/group1/dd2419_ws/install/robp_interfaces/share/robp_interfaces/cmake/ament_cmake_export_targets-extras.cmake
[3.943s] -- Symlinking: /home/group1/dd2419_ws/install/robp_interfaces/share/robp_interfaces/cmake/rosidl_cmake_export_typesupport_targets-extras.cmake
[3.974s] -- Symlinking: /home/group1/dd2419_ws/install/robp_interfaces/share/robp_interfaces/cmake/rosidl_cmake_export_typesupport_libraries-extras.cmake
[4.005s] -- Symlinking: /home/group1/dd2419_ws/install/robp_interfaces/share/robp_interfaces/cmake/robp_interfacesConfig.cmake
[4.037s] -- Symlinking: /home/group1/dd2419_ws/install/robp_interfaces/share/robp_interfaces/cmake/robp_interfacesConfig-version.cmake
[4.073s] -- Symlinking: /home/group1/dd2419_ws/install/robp_interfaces/share/robp_interfaces/package.xml
[4.105s] -- Installing: /home/group1/dd2419_ws/install/robp_interfaces/lib/librobp_interfaces__rosidl_generator_c.so
[4.113s] -- Set non-toolchain portion of runtime path of "/home/group1/dd2419_ws/install/robp_interfaces/lib/librobp_interfaces__rosidl_generator_c.so" to ""
[4.116s] -- Installing: /home/group1/dd2419_ws/install/robp_interfaces/lib/librobp_interfaces__rosidl_typesupport_fastrtps_c.so
[4.122s] -- Set non-toolchain portion of runtime path of "/home/group1/dd2419_ws/install/robp_interfaces/lib/librobp_interfaces__rosidl_typesupport_fastrtps_c.so" to ""
[4.122s] -- Installing: /home/group1/dd2419_ws/install/robp_interfaces/lib/librobp_interfaces__rosidl_typesupport_introspection_c.so
[4.123s] -- Set non-toolchain portion of runtime path of "/home/group1/dd2419_ws/install/robp_interfaces/lib/librobp_interfaces__rosidl_typesupport_introspection_c.so" to ""
[4.129s] -- Installing: /home/group1/dd2419_ws/install/robp_interfaces/lib/librobp_interfaces__rosidl_typesupport_c.so
[4.130s] -- Set non-toolchain portion of runtime path of "/home/group1/dd2419_ws/install/robp_interfaces/lib/librobp_interfaces__rosidl_typesupport_c.so" to ""
[4.132s] -- Installing: /home/group1/dd2419_ws/install/robp_interfaces/lib/librobp_interfaces__rosidl_typesupport_fastrtps_cpp.so
[4.138s] -- Set non-toolchain portion of runtime path of "/home/group1/dd2419_ws/install/robp_interfaces/lib/librobp_interfaces__rosidl_typesupport_fastrtps_cpp.so" to ""
[4.139s] -- Installing: /home/group1/dd2419_ws/install/robp_interfaces/lib/librobp_interfaces__rosidl_typesupport_introspection_cpp.so
[4.140s] -- Set non-toolchain portion of runtime path of "/home/group1/dd2419_ws/install/robp_interfaces/lib/librobp_interfaces__rosidl_typesupport_introspection_cpp.so" to ""
[4.147s] -- Installing: /home/group1/dd2419_ws/install/robp_interfaces/lib/librobp_interfaces__rosidl_typesupport_cpp.so
[4.148s] -- Set non-toolchain portion of runtime path of "/home/group1/dd2419_ws/install/robp_interfaces/lib/librobp_interfaces__rosidl_typesupport_cpp.so" to ""
[4.283s] Listing '/home/group1/dd2419_ws/install/robp_interfaces/lib/python3.12/site-packages/robp_interfaces'...
[4.283s] Compiling '/home/group1/dd2419_ws/install/robp_interfaces/lib/python3.12/site-packages/robp_interfaces/__init__.py'...
[4.284s] Listing '/home/group1/dd2419_ws/install/robp_interfaces/lib/python3.12/site-packages/robp_interfaces/msg'...
[4.284s] Compiling '/home/group1/dd2419_ws/install/robp_interfaces/lib/python3.12/site-packages/robp_interfaces/msg/__init__.py'...
[4.284s] Compiling '/home/group1/dd2419_ws/install/robp_interfaces/lib/python3.12/site-packages/robp_interfaces/msg/_duty_cycles.py'...
[4.284s] Compiling '/home/group1/dd2419_ws/install/robp_interfaces/lib/python3.12/site-packages/robp_interfaces/msg/_encoders.py'...
[4.299s] -- Installing: /home/group1/dd2419_ws/install/robp_interfaces/lib/librobp_interfaces__rosidl_generator_py.so
[4.302s] -- Set non-toolchain portion of runtime path of "/home/group1/dd2419_ws/install/robp_interfaces/lib/librobp_interfaces__rosidl_generator_py.so" to ""
[4.304s] -- Up-to-date: /home/group1/dd2419_ws/install/robp_interfaces/share/robp_interfaces/cmake/export_robp_interfaces__rosidl_generator_cExport.cmake
[4.305s] -- Up-to-date: /home/group1/dd2419_ws/install/robp_interfaces/share/robp_interfaces/cmake/export_robp_interfaces__rosidl_generator_cExport-noconfig.cmake
[4.306s] -- Up-to-date: /home/group1/dd2419_ws/install/robp_interfaces/share/robp_interfaces/cmake/export_robp_interfaces__rosidl_typesupport_fastrtps_cExport.cmake
[4.307s] -- Up-to-date: /home/group1/dd2419_ws/install/robp_interfaces/share/robp_interfaces/cmake/export_robp_interfaces__rosidl_typesupport_fastrtps_cExport-noconfig.cmake
[4.309s] -- Up-to-date: /home/group1/dd2419_ws/install/robp_interfaces/share/robp_interfaces/cmake/robp_interfaces__rosidl_typesupport_introspection_cExport.cmake
[4.310s] -- Up-to-date: /home/group1/dd2419_ws/install/robp_interfaces/share/robp_interfaces/cmake/robp_interfaces__rosidl_typesupport_introspection_cExport-noconfig.cmake
[4.312s] -- Up-to-date: /home/group1/dd2419_ws/install/robp_interfaces/share/robp_interfaces/cmake/robp_interfaces__rosidl_typesupport_cExport.cmake
[4.313s] -- Up-to-date: /home/group1/dd2419_ws/install/robp_interfaces/share/robp_interfaces/cmake/robp_interfaces__rosidl_typesupport_cExport-noconfig.cmake
[4.315s] -- Up-to-date: /home/group1/dd2419_ws/install/robp_interfaces/share/robp_interfaces/cmake/export_robp_interfaces__rosidl_generator_cppExport.cmake
[4.315s] -- Up-to-date: /home/group1/dd2419_ws/install/robp_interfaces/share/robp_interfaces/cmake/export_robp_interfaces__rosidl_typesupport_fastrtps_cppExport.cmake
[4.315s] -- Up-to-date: /home/group1/dd2419_ws/install/robp_interfaces/share/robp_interfaces/cmake/export_robp_interfaces__rosidl_typesupport_fastrtps_cppExport-noconfig.cmake
[4.320s] -- Up-to-date: /home/group1/dd2419_ws/install/robp_interfaces/share/robp_interfaces/cmake/robp_interfaces__rosidl_typesupport_introspection_cppExport.cmake
[4.320s] -- Up-to-date: /home/group1/dd2419_ws/install/robp_interfaces/share/robp_interfaces/cmake/robp_interfaces__rosidl_typesupport_introspection_cppExport-noconfig.cmake
[4.324s] -- Up-to-date: /home/group1/dd2419_ws/install/robp_interfaces/share/robp_interfaces/cmake/robp_interfaces__rosidl_typesupport_cppExport.cmake
[4.324s] -- Up-to-date: /home/group1/dd2419_ws/install/robp_interfaces/share/robp_interfaces/cmake/robp_interfaces__rosidl_typesupport_cppExport-noconfig.cmake
[4.324s] -- Up-to-date: /home/group1/dd2419_ws/install/robp_interfaces/share/robp_interfaces/cmake/export_robp_interfaces__rosidl_generator_pyExport.cmake
[4.324s] -- Up-to-date: /home/group1/dd2419_ws/install/robp_interfaces/share/robp_interfaces/cmake/export_robp_interfaces__rosidl_generator_pyExport-noconfig.cmake
[4.339s] Invoked command in '/home/group1/dd2419_ws/build/robp_interfaces' returned '0': CMAKE_PREFIX_PATH=${CMAKE_PREFIX_PATH}:/home/group1/dd2419_ws/install/steering:/home/group1/dd2419_ws/install/stearing:/home/group1/dd2419_ws/install/robp_launch:/home/group1/dd2419_ws/install/robot_odometry:/home/group1/dd2419_ws/install/pickup:/home/group1/dd2419_ws/install/odometry:/home/group1/dd2419_ws/install/lidar:/home/group1/dd2419_ws/install/display:/home/group1/dd2419_ws/install/detection:/home/group1/dd2419_ws/install/controller:/home/group1/dd2419_ws/install/arm_servos_pubs_subs:/opt/ros/jazzy DEBUGINFOD_URLS=https://debuginfod.ubuntu.com /usr/bin/cmake --install /home/group1/dd2419_ws/build/robp_interfaces
