[2.959s] Invoking command in '/home/group1/dd2419_ws/build/arm_servos_pubs_subs': DEBUGINFOD_URLS=https://debuginfod.ubuntu.com PYTHONPATH=/home/group1/dd2419_ws/build/arm_servos_pubs_subs/prefix_override:/usr/lib/python3/dist-packages/colcon_core/task/python/colcon_distutils_commands:/home/group1/dd2419_ws/install/arm_servos_pubs_subs/lib/python3.12/site-packages:${PYTHONPATH} /usr/bin/python3 -W ignore:setup.py install is deprecated -W ignore:easy_install command is deprecated setup.py develop --editable --build-directory /home/group1/dd2419_ws/build/arm_servos_pubs_subs/build --no-deps symlink_data
[3.670s] running develop
[4.098s] running egg_info
[4.098s] creating arm_servos_pubs_subs.egg-info
[4.133s] writing arm_servos_pubs_subs.egg-info/PKG-INFO
[4.134s] writing dependency_links to arm_servos_pubs_subs.egg-info/dependency_links.txt
[4.134s] writing entry points to arm_servos_pubs_subs.egg-info/entry_points.txt
[4.134s] writing requirements to arm_servos_pubs_subs.egg-info/requires.txt
[4.134s] writing top-level names to arm_servos_pubs_subs.egg-info/top_level.txt
[4.135s] writing manifest file 'arm_servos_pubs_subs.egg-info/SOURCES.txt'
[4.214s] reading manifest file 'arm_servos_pubs_subs.egg-info/SOURCES.txt'
[4.218s] writing manifest file 'arm_servos_pubs_subs.egg-info/SOURCES.txt'
[4.262s] running build_ext
[4.262s] Creating /home/group1/dd2419_ws/install/arm_servos_pubs_subs/lib/python3.12/site-packages/arm-servos-pubs-subs.egg-link (link to .)
[4.262s] Installing listener script to /home/group1/dd2419_ws/install/arm_servos_pubs_subs/lib/arm_servos_pubs_subs
[4.262s] Installing talker script to /home/group1/dd2419_ws/install/arm_servos_pubs_subs/lib/arm_servos_pubs_subs
[4.263s] 
[4.263s] Installed /home/group1/dd2419_ws/build/arm_servos_pubs_subs
[4.263s] running symlink_data
[4.263s] symbolically linking /home/group1/dd2419_ws/build/arm_servos_pubs_subs/resource/arm_servos_pubs_subs -> /home/group1/dd2419_ws/install/arm_servos_pubs_subs/share/ament_index/resource_index/packages
[4.264s] error: [Errno 17] File exists: '/home/group1/dd2419_ws/build/arm_servos_pubs_subs/resource/arm_servos_pubs_subs' -> '/home/group1/dd2419_ws/install/arm_servos_pubs_subs/share/ament_index/resource_index/packages/arm_servos_pubs_subs'
