running develop
running egg_info
creating robp_launch.egg-info
writing robp_launch.egg-info/PKG-INFO
writing dependency_links to robp_launch.egg-info/dependency_links.txt
writing requirements to robp_launch.egg-info/requires.txt
writing top-level names to robp_launch.egg-info/top_level.txt
writing manifest file 'robp_launch.egg-info/SOURCES.txt'
reading manifest file 'robp_launch.egg-info/SOURCES.txt'
writing manifest file 'robp_launch.egg-info/SOURCES.txt'
running build_ext
Creating /home/group1/dd2419_ws/install/robp_launch/lib/python3.12/site-packages/robp-launch.egg-link (link to .)

Installed /home/group1/dd2419_ws/build/robp_launch
running symlink_data
creating /home/group1/dd2419_ws/install/robp_launch/share/ament_index
creating /home/group1/dd2419_ws/install/robp_launch/share/ament_index/resource_index
creating /home/group1/dd2419_ws/install/robp_launch/share/ament_index/resource_index/packages
symbolically linking /home/group1/dd2419_ws/build/robp_launch/resource/robp_launch -> /home/group1/dd2419_ws/install/robp_launch/share/ament_index/resource_index/packages
creating /home/group1/dd2419_ws/install/robp_launch/share/robp_launch/launch
symbolically linking /home/group1/dd2419_ws/build/robp_launch/launch/lidar_launch.yaml -> /home/group1/dd2419_ws/install/robp_launch/share/robp_launch/launch
symbolically linking /home/group1/dd2419_ws/build/robp_launch/launch/arm_camera_launch.yaml -> /home/group1/dd2419_ws/install/robp_launch/share/robp_launch/launch
symbolically linking /home/group1/dd2419_ws/build/robp_launch/launch/all_nodes_launch.py -> /home/group1/dd2419_ws/install/robp_launch/share/robp_launch/launch
symbolically linking /home/group1/dd2419_ws/build/robp_launch/launch/rs_d435i_launch.py -> /home/group1/dd2419_ws/install/robp_launch/share/robp_launch/launch
symbolically linking /home/group1/dd2419_ws/build/robp_launch/launch/phidgets_launch.py -> /home/group1/dd2419_ws/install/robp_launch/share/robp_launch/launch
symbolically linking /home/group1/dd2419_ws/build/robp_launch/launch/frames_launch.xml -> /home/group1/dd2419_ws/install/robp_launch/share/robp_launch/launch
symbolically linking /home/group1/dd2419_ws/build/robp_launch/package.xml -> /home/group1/dd2419_ws/install/robp_launch/share/robp_launch
