[3.886s] Invoking command in '/home/group1/dd2419_ws/build/controller': DEBUGINFOD_URLS=https://debuginfod.ubuntu.com PYTHONPATH=/home/group1/dd2419_ws/build/controller/prefix_override:/usr/lib/python3/dist-packages/colcon_core/task/python/colcon_distutils_commands:/home/group1/dd2419_ws/install/controller/lib/python3.12/site-packages:${PYTHONPATH} /usr/bin/python3 -W ignore:setup.py install is deprecated -W ignore:easy_install command is deprecated setup.py develop --editable --build-directory /home/group1/dd2419_ws/build/controller/build --no-deps symlink_data
[4.869s] running develop
[5.320s] running egg_info
[5.366s] writing controller.egg-info/PKG-INFO
[5.366s] writing dependency_links to controller.egg-info/dependency_links.txt
[5.366s] writing entry points to controller.egg-info/entry_points.txt
[5.368s] writing requirements to controller.egg-info/requires.txt
[5.368s] writing top-level names to controller.egg-info/top_level.txt
[5.463s] reading manifest file 'controller.egg-info/SOURCES.txt'
[5.465s] writing manifest file 'controller.egg-info/SOURCES.txt'
[5.558s] running build_ext
[5.558s] Creating /home/group1/dd2419_ws/install/controller/lib/python3.12/site-packages/controller.egg-link (link to .)
[5.558s] Installing controller script to /home/group1/dd2419_ws/install/controller/lib/controller
[5.558s] 
[5.558s] Installed /home/group1/dd2419_ws/build/controller
[5.560s] running symlink_data
[5.560s] creating /home/group1/dd2419_ws/install/controller/share/ament_index
[5.560s] creating /home/group1/dd2419_ws/install/controller/share/ament_index/resource_index
[5.560s] creating /home/group1/dd2419_ws/install/controller/share/ament_index/resource_index/packages
[5.567s] symbolically linking /home/group1/dd2419_ws/build/controller/resource/controller -> /home/group1/dd2419_ws/install/controller/share/ament_index/resource_index/packages
[5.567s] symbolically linking /home/group1/dd2419_ws/build/controller/package.xml -> /home/group1/dd2419_ws/install/controller/share/controller
[5.653s] Invoked command in '/home/group1/dd2419_ws/build/controller' returned '0': DEBUGINFOD_URLS=https://debuginfod.ubuntu.com PYTHONPATH=/home/group1/dd2419_ws/build/controller/prefix_override:/usr/lib/python3/dist-packages/colcon_core/task/python/colcon_distutils_commands:/home/group1/dd2419_ws/install/controller/lib/python3.12/site-packages:${PYTHONPATH} /usr/bin/python3 -W ignore:setup.py install is deprecated -W ignore:easy_install command is deprecated setup.py develop --editable --build-directory /home/group1/dd2419_ws/build/controller/build --no-deps symlink_data
