[0.053s] Invoking command in '/home/group1/dd2419_ws/build/robp_phidgets_temperature': CMAKE_PREFIX_PATH=${CMAKE_PREFIX_PATH}:/home/group1/dd2419_ws/install/robp_launch:/home/group1/dd2419_ws/install/robot_odometry:/home/group1/dd2419_ws/install/pickup:/home/group1/dd2419_ws/install/odometry:/home/group1/dd2419_ws/install/controller:/home/group1/dd2419_ws/install/arm_servos_pubs_subs:/opt/ros/jazzy DEBUGINFOD_URLS=https://debuginfod.ubuntu.com /usr/bin/cmake --build /home/group1/dd2419_ws/build/robp_phidgets_temperature -- -j8 -l8
[1.415s] [100%] Built target robp_phidgets_temperature
[1.430s] Invoked command in '/home/group1/dd2419_ws/build/robp_phidgets_temperature' returned '0': CMAKE_PREFIX_PATH=${CMAKE_PREFIX_PATH}:/home/group1/dd2419_ws/install/robp_launch:/home/group1/dd2419_ws/install/robot_odometry:/home/group1/dd2419_ws/install/pickup:/home/group1/dd2419_ws/install/odometry:/home/group1/dd2419_ws/install/controller:/home/group1/dd2419_ws/install/arm_servos_pubs_subs:/opt/ros/jazzy DEBUGINFOD_URLS=https://debuginfod.ubuntu.com /usr/bin/cmake --build /home/group1/dd2419_ws/build/robp_phidgets_temperature -- -j8 -l8
[1.431s] Invoking command in '/home/group1/dd2419_ws/build/robp_phidgets_temperature': CMAKE_PREFIX_PATH=${CMAKE_PREFIX_PATH}:/home/group1/dd2419_ws/install/robp_launch:/home/group1/dd2419_ws/install/robot_odometry:/home/group1/dd2419_ws/install/pickup:/home/group1/dd2419_ws/install/odometry:/home/group1/dd2419_ws/install/controller:/home/group1/dd2419_ws/install/arm_servos_pubs_subs:/opt/ros/jazzy DEBUGINFOD_URLS=https://debuginfod.ubuntu.com /usr/bin/cmake --install /home/group1/dd2419_ws/build/robp_phidgets_temperature
[1.445s] -- Install configuration: "Release"
[1.445s] -- Execute custom install script
[1.447s] -- Up-to-date symlink: /home/group1/dd2419_ws/install/robp_phidgets_temperature/lib/librobp_phidgets_temperature.so
[1.447s] -- Up-to-date symlink: /home/group1/dd2419_ws/install/robp_phidgets_temperature/include/robp_phidgets_temperature/temperature.hpp
[1.447s] -- Up-to-date symlink: /home/group1/dd2419_ws/install/robp_phidgets_temperature/share/robp_phidgets_temperature/launch/temperature_launch.py
[1.448s] -- Up-to-date symlink: /home/group1/dd2419_ws/install/robp_phidgets_temperature/share/ament_index/resource_index/package_run_dependencies/robp_phidgets_temperature
[1.449s] -- Up-to-date symlink: /home/group1/dd2419_ws/install/robp_phidgets_temperature/share/ament_index/resource_index/parent_prefix_path/robp_phidgets_temperature
[1.449s] -- Up-to-date symlink: /home/group1/dd2419_ws/install/robp_phidgets_temperature/share/robp_phidgets_temperature/environment/ament_prefix_path.sh
[1.449s] -- Up-to-date symlink: /home/group1/dd2419_ws/install/robp_phidgets_temperature/share/robp_phidgets_temperature/environment/ament_prefix_path.dsv
[1.449s] -- Up-to-date symlink: /home/group1/dd2419_ws/install/robp_phidgets_temperature/share/robp_phidgets_temperature/environment/path.sh
[1.450s] -- Up-to-date symlink: /home/group1/dd2419_ws/install/robp_phidgets_temperature/share/robp_phidgets_temperature/environment/path.dsv
[1.450s] -- Up-to-date symlink: /home/group1/dd2419_ws/install/robp_phidgets_temperature/share/robp_phidgets_temperature/local_setup.bash
[1.450s] -- Up-to-date symlink: /home/group1/dd2419_ws/install/robp_phidgets_temperature/share/robp_phidgets_temperature/local_setup.sh
[1.451s] -- Up-to-date symlink: /home/group1/dd2419_ws/install/robp_phidgets_temperature/share/robp_phidgets_temperature/local_setup.zsh
[1.451s] -- Up-to-date symlink: /home/group1/dd2419_ws/install/robp_phidgets_temperature/share/robp_phidgets_temperature/local_setup.dsv
[1.451s] -- Symlinking: /home/group1/dd2419_ws/install/robp_phidgets_temperature/share/robp_phidgets_temperature/package.dsv
[1.464s] -- Up-to-date symlink: /home/group1/dd2419_ws/install/robp_phidgets_temperature/share/ament_index/resource_index/packages/robp_phidgets_temperature
[1.467s] -- Up-to-date symlink: /home/group1/dd2419_ws/install/robp_phidgets_temperature/share/ament_index/resource_index/rclcpp_components/robp_phidgets_temperature
[1.467s] -- Up-to-date symlink: /home/group1/dd2419_ws/install/robp_phidgets_temperature/share/robp_phidgets_temperature/cmake/robp_phidgets_temperatureConfig.cmake
[1.468s] -- Up-to-date symlink: /home/group1/dd2419_ws/install/robp_phidgets_temperature/share/robp_phidgets_temperature/cmake/robp_phidgets_temperatureConfig-version.cmake
[1.468s] -- Up-to-date symlink: /home/group1/dd2419_ws/install/robp_phidgets_temperature/share/robp_phidgets_temperature/package.xml
[1.492s] Invoked command in '/home/group1/dd2419_ws/build/robp_phidgets_temperature' returned '0': CMAKE_PREFIX_PATH=${CMAKE_PREFIX_PATH}:/home/group1/dd2419_ws/install/robp_launch:/home/group1/dd2419_ws/install/robot_odometry:/home/group1/dd2419_ws/install/pickup:/home/group1/dd2419_ws/install/odometry:/home/group1/dd2419_ws/install/controller:/home/group1/dd2419_ws/install/arm_servos_pubs_subs:/opt/ros/jazzy DEBUGINFOD_URLS=https://debuginfod.ubuntu.com /usr/bin/cmake --install /home/group1/dd2419_ws/build/robp_phidgets_temperature
