[0.030s] Invoking command in '/home/group1/dd2419_ws/build/sllidar_ros2': CMAKE_PREFIX_PATH=${CMAKE_PREFIX_PATH}:/home/group1/dd2419_ws/install/robp_launch:/home/group1/dd2419_ws/install/robot_odometry:/home/group1/dd2419_ws/install/pickup:/home/group1/dd2419_ws/install/odometry:/home/group1/dd2419_ws/install/lidar:/home/group1/dd2419_ws/install/display:/home/group1/dd2419_ws/install/detection:/home/group1/dd2419_ws/install/controller:/home/group1/dd2419_ws/install/arm_servos_pubs_subs:/opt/ros/jazzy DEBUGINFOD_URLS=https://debuginfod.ubuntu.com /usr/bin/cmake --build /home/group1/dd2419_ws/build/sllidar_ros2 -- -j8 -l8
[0.149s] [ 10%] Built target sllidar_client
[0.154s] [100%] Built target sllidar_node
[0.496s] Invoked command in '/home/group1/dd2419_ws/build/sllidar_ros2' returned '0': CMAKE_PREFIX_PATH=${CMAKE_PREFIX_PATH}:/home/group1/dd2419_ws/install/robp_launch:/home/group1/dd2419_ws/install/robot_odometry:/home/group1/dd2419_ws/install/pickup:/home/group1/dd2419_ws/install/odometry:/home/group1/dd2419_ws/install/lidar:/home/group1/dd2419_ws/install/display:/home/group1/dd2419_ws/install/detection:/home/group1/dd2419_ws/install/controller:/home/group1/dd2419_ws/install/arm_servos_pubs_subs:/opt/ros/jazzy DEBUGINFOD_URLS=https://debuginfod.ubuntu.com /usr/bin/cmake --build /home/group1/dd2419_ws/build/sllidar_ros2 -- -j8 -l8
[0.496s] Invoking command in '/home/group1/dd2419_ws/build/sllidar_ros2': CMAKE_PREFIX_PATH=${CMAKE_PREFIX_PATH}:/home/group1/dd2419_ws/install/robp_launch:/home/group1/dd2419_ws/install/robot_odometry:/home/group1/dd2419_ws/install/pickup:/home/group1/dd2419_ws/install/odometry:/home/group1/dd2419_ws/install/lidar:/home/group1/dd2419_ws/install/display:/home/group1/dd2419_ws/install/detection:/home/group1/dd2419_ws/install/controller:/home/group1/dd2419_ws/install/arm_servos_pubs_subs:/opt/ros/jazzy DEBUGINFOD_URLS=https://debuginfod.ubuntu.com /usr/bin/cmake --install /home/group1/dd2419_ws/build/sllidar_ros2
[0.506s] -- Install configuration: ""
[0.507s] -- Execute custom install script
[0.507s] -- Up-to-date symlink: /home/group1/dd2419_ws/install/sllidar_ros2/share/sllidar_ros2/launch/sllidar_a1_launch.py
[0.509s] -- Up-to-date symlink: /home/group1/dd2419_ws/install/sllidar_ros2/share/sllidar_ros2/launch/sllidar_a2m12_launch .py
[0.509s] -- Up-to-date symlink: /home/group1/dd2419_ws/install/sllidar_ros2/share/sllidar_ros2/launch/sllidar_a2m7_launch.py
[0.509s] -- Up-to-date symlink: /home/group1/dd2419_ws/install/sllidar_ros2/share/sllidar_ros2/launch/sllidar_a2m8_launch.py
[0.509s] -- Up-to-date symlink: /home/group1/dd2419_ws/install/sllidar_ros2/share/sllidar_ros2/launch/sllidar_a3_launch.py
[0.510s] -- Up-to-date symlink: /home/group1/dd2419_ws/install/sllidar_ros2/share/sllidar_ros2/launch/sllidar_c1_launch.py
[0.510s] -- Up-to-date symlink: /home/group1/dd2419_ws/install/sllidar_ros2/share/sllidar_ros2/launch/sllidar_s1_launch.py
[0.510s] -- Up-to-date symlink: /home/group1/dd2419_ws/install/sllidar_ros2/share/sllidar_ros2/launch/sllidar_s1_tcp_launch.py
[0.510s] -- Up-to-date symlink: /home/group1/dd2419_ws/install/sllidar_ros2/share/sllidar_ros2/launch/sllidar_s2_launch.py
[0.511s] -- Up-to-date symlink: /home/group1/dd2419_ws/install/sllidar_ros2/share/sllidar_ros2/launch/sllidar_s2e_launch.py
[0.515s] -- Up-to-date symlink: /home/group1/dd2419_ws/install/sllidar_ros2/share/sllidar_ros2/launch/sllidar_s3_launch.py
[0.515s] -- Up-to-date symlink: /home/group1/dd2419_ws/install/sllidar_ros2/share/sllidar_ros2/launch/sllidar_t1_launch.py
[0.515s] -- Up-to-date symlink: /home/group1/dd2419_ws/install/sllidar_ros2/share/sllidar_ros2/launch/view_sllidar_a1_launch.py
[0.515s] -- Up-to-date symlink: /home/group1/dd2419_ws/install/sllidar_ros2/share/sllidar_ros2/launch/view_sllidar_a2m12_launch.py
[0.516s] -- Up-to-date symlink: /home/group1/dd2419_ws/install/sllidar_ros2/share/sllidar_ros2/launch/view_sllidar_a2m7_launch.py
[0.516s] -- Up-to-date symlink: /home/group1/dd2419_ws/install/sllidar_ros2/share/sllidar_ros2/launch/view_sllidar_a2m8_launch.py
[0.516s] -- Up-to-date symlink: /home/group1/dd2419_ws/install/sllidar_ros2/share/sllidar_ros2/launch/view_sllidar_a3_launch.py
[0.516s] -- Up-to-date symlink: /home/group1/dd2419_ws/install/sllidar_ros2/share/sllidar_ros2/launch/view_sllidar_c1_launch.py
[0.516s] -- Up-to-date symlink: /home/group1/dd2419_ws/install/sllidar_ros2/share/sllidar_ros2/launch/view_sllidar_s1_launch.py
[0.516s] -- Up-to-date symlink: /home/group1/dd2419_ws/install/sllidar_ros2/share/sllidar_ros2/launch/view_sllidar_s1_tcp_launch.py
[0.517s] -- Up-to-date symlink: /home/group1/dd2419_ws/install/sllidar_ros2/share/sllidar_ros2/launch/view_sllidar_s2_launch.py
[0.517s] -- Up-to-date symlink: /home/group1/dd2419_ws/install/sllidar_ros2/share/sllidar_ros2/launch/view_sllidar_s2e_launch.py
[0.517s] -- Up-to-date symlink: /home/group1/dd2419_ws/install/sllidar_ros2/share/sllidar_ros2/launch/view_sllidar_s3_launch.py
[0.517s] -- Up-to-date symlink: /home/group1/dd2419_ws/install/sllidar_ros2/share/sllidar_ros2/launch/view_sllidar_t1_launch.py
[0.517s] -- Up-to-date symlink: /home/group1/dd2419_ws/install/sllidar_ros2/share/sllidar_ros2/rviz/sllidar_ros2.rviz
[0.517s] -- Up-to-date symlink: /home/group1/dd2419_ws/install/sllidar_ros2/lib/sllidar_ros2/sllidar_node
[0.518s] -- Up-to-date symlink: /home/group1/dd2419_ws/install/sllidar_ros2/lib/sllidar_ros2/sllidar_client
[0.518s] -- Up-to-date symlink: /home/group1/dd2419_ws/install/sllidar_ros2/share/ament_index/resource_index/package_run_dependencies/sllidar_ros2
[0.518s] -- Up-to-date symlink: /home/group1/dd2419_ws/install/sllidar_ros2/share/ament_index/resource_index/parent_prefix_path/sllidar_ros2
[0.518s] -- Up-to-date symlink: /home/group1/dd2419_ws/install/sllidar_ros2/share/sllidar_ros2/environment/ament_prefix_path.sh
[0.518s] -- Up-to-date symlink: /home/group1/dd2419_ws/install/sllidar_ros2/share/sllidar_ros2/environment/ament_prefix_path.dsv
[0.519s] -- Up-to-date symlink: /home/group1/dd2419_ws/install/sllidar_ros2/share/sllidar_ros2/environment/path.sh
[0.519s] -- Up-to-date symlink: /home/group1/dd2419_ws/install/sllidar_ros2/share/sllidar_ros2/environment/path.dsv
[0.519s] -- Up-to-date symlink: /home/group1/dd2419_ws/install/sllidar_ros2/share/sllidar_ros2/local_setup.bash
[0.519s] -- Up-to-date symlink: /home/group1/dd2419_ws/install/sllidar_ros2/share/sllidar_ros2/local_setup.sh
[0.521s] -- Up-to-date symlink: /home/group1/dd2419_ws/install/sllidar_ros2/share/sllidar_ros2/local_setup.zsh
[0.521s] -- Up-to-date symlink: /home/group1/dd2419_ws/install/sllidar_ros2/share/sllidar_ros2/local_setup.dsv
[0.521s] -- Symlinking: /home/group1/dd2419_ws/install/sllidar_ros2/share/sllidar_ros2/package.dsv
[0.528s] -- Up-to-date symlink: /home/group1/dd2419_ws/install/sllidar_ros2/share/ament_index/resource_index/packages/sllidar_ros2
[0.528s] -- Up-to-date symlink: /home/group1/dd2419_ws/install/sllidar_ros2/share/sllidar_ros2/cmake/ament_cmake_export_dependencies-extras.cmake
[0.531s] -- Up-to-date symlink: /home/group1/dd2419_ws/install/sllidar_ros2/share/sllidar_ros2/cmake/ament_cmake_export_include_directories-extras.cmake
[0.532s] -- Up-to-date symlink: /home/group1/dd2419_ws/install/sllidar_ros2/share/sllidar_ros2/cmake/sllidar_ros2Config.cmake
[0.532s] -- Up-to-date symlink: /home/group1/dd2419_ws/install/sllidar_ros2/share/sllidar_ros2/cmake/sllidar_ros2Config-version.cmake
[0.532s] -- Up-to-date symlink: /home/group1/dd2419_ws/install/sllidar_ros2/share/sllidar_ros2/package.xml
[0.534s] Invoked command in '/home/group1/dd2419_ws/build/sllidar_ros2' returned '0': CMAKE_PREFIX_PATH=${CMAKE_PREFIX_PATH}:/home/group1/dd2419_ws/install/robp_launch:/home/group1/dd2419_ws/install/robot_odometry:/home/group1/dd2419_ws/install/pickup:/home/group1/dd2419_ws/install/odometry:/home/group1/dd2419_ws/install/lidar:/home/group1/dd2419_ws/install/display:/home/group1/dd2419_ws/install/detection:/home/group1/dd2419_ws/install/controller:/home/group1/dd2419_ws/install/arm_servos_pubs_subs:/opt/ros/jazzy DEBUGINFOD_URLS=https://debuginfod.ubuntu.com /usr/bin/cmake --install /home/group1/dd2419_ws/build/sllidar_ros2
