[2.177s] Invoking command in '/home/group1/dd2419_ws/build/steering': DEBUGINFOD_URLS=https://debuginfod.ubuntu.com PYTHONPATH=/home/group1/dd2419_ws/build/steering/prefix_override:/usr/lib/python3/dist-packages/colcon_core/task/python/colcon_distutils_commands:/home/group1/dd2419_ws/install/steering/lib/python3.12/site-packages:${PYTHONPATH} /usr/bin/python3 -W ignore:setup.py install is deprecated -W ignore:easy_install command is deprecated setup.py develop --editable --build-directory /home/group1/dd2419_ws/build/steering/build --no-deps symlink_data
[2.944s] running develop
[4.376s] running egg_info
[4.377s] creating steering.egg-info
[4.465s] writing steering.egg-info/PKG-INFO
[4.471s] writing dependency_links to steering.egg-info/dependency_links.txt
[4.472s] writing entry points to steering.egg-info/entry_points.txt
[4.472s] writing requirements to steering.egg-info/requires.txt
[4.472s] writing top-level names to steering.egg-info/top_level.txt
[4.472s] writing manifest file 'steering.egg-info/SOURCES.txt'
[4.681s] reading manifest file 'steering.egg-info/SOURCES.txt'
[4.681s] writing manifest file 'steering.egg-info/SOURCES.txt'
[4.831s] running build_ext
[4.839s] Creating /home/group1/dd2419_ws/install/steering/lib/python3.12/site-packages/steering.egg-link (link to .)
[4.842s] Installing auto_control script to /home/group1/dd2419_ws/install/steering/lib/steering
[4.842s] Installing wheel_control script to /home/group1/dd2419_ws/install/steering/lib/steering
[4.843s] 
[4.844s] Installed /home/group1/dd2419_ws/build/steering
[4.851s] running symlink_data
[4.851s] creating /home/group1/dd2419_ws/install/steering/share/ament_index
[4.851s] creating /home/group1/dd2419_ws/install/steering/share/ament_index/resource_index
[4.851s] creating /home/group1/dd2419_ws/install/steering/share/ament_index/resource_index/packages
[4.851s] symbolically linking /home/group1/dd2419_ws/build/steering/resource/steering -> /home/group1/dd2419_ws/install/steering/share/ament_index/resource_index/packages
[4.851s] symbolically linking /home/group1/dd2419_ws/build/steering/package.xml -> /home/group1/dd2419_ws/install/steering/share/steering
[5.092s] Invoked command in '/home/group1/dd2419_ws/build/steering' returned '0': DEBUGINFOD_URLS=https://debuginfod.ubuntu.com PYTHONPATH=/home/group1/dd2419_ws/build/steering/prefix_override:/usr/lib/python3/dist-packages/colcon_core/task/python/colcon_distutils_commands:/home/group1/dd2419_ws/install/steering/lib/python3.12/site-packages:${PYTHONPATH} /usr/bin/python3 -W ignore:setup.py install is deprecated -W ignore:easy_install command is deprecated setup.py develop --editable --build-directory /home/group1/dd2419_ws/build/steering/build --no-deps symlink_data
