[0.403s] Invoking command in '/home/group1/dd2419_ws/build/micro_ros_setup': CMAKE_PREFIX_PATH=${CMAKE_PREFIX_PATH}:/home/group1/dd2419_ws/install/robot_odometry:/home/group1/dd2419_ws/install/pickup:/home/group1/dd2419_ws/install/robp_launch:/home/group1/dd2419_ws/install/arm_servos_pubs_subs:/opt/ros/jazzy DEBUGINFOD_URLS=https://debuginfod.ubuntu.com /usr/bin/cmake --build /home/group1/dd2419_ws/build/micro_ros_setup -- -j8 -l8
[1.004s] Invoked command in '/home/group1/dd2419_ws/build/micro_ros_setup' returned '0': CMAKE_PREFIX_PATH=${CMAKE_PREFIX_PATH}:/home/group1/dd2419_ws/install/robot_odometry:/home/group1/dd2419_ws/install/pickup:/home/group1/dd2419_ws/install/robp_launch:/home/group1/dd2419_ws/install/arm_servos_pubs_subs:/opt/ros/jazzy DEBUGINFOD_URLS=https://debuginfod.ubuntu.com /usr/bin/cmake --build /home/group1/dd2419_ws/build/micro_ros_setup -- -j8 -l8
[1.005s] Invoking command in '/home/group1/dd2419_ws/build/micro_ros_setup': CMAKE_PREFIX_PATH=${CMAKE_PREFIX_PATH}:/home/group1/dd2419_ws/install/robot_odometry:/home/group1/dd2419_ws/install/pickup:/home/group1/dd2419_ws/install/robp_launch:/home/group1/dd2419_ws/install/arm_servos_pubs_subs:/opt/ros/jazzy DEBUGINFOD_URLS=https://debuginfod.ubuntu.com /usr/bin/cmake --install /home/group1/dd2419_ws/build/micro_ros_setup
[1.037s] -- Install configuration: ""
[1.038s] -- Up-to-date: /home/group1/dd2419_ws/install/micro_ros_setup/share/ament_index/resource_index/package_run_dependencies/micro_ros_setup
[1.038s] -- Up-to-date: /home/group1/dd2419_ws/install/micro_ros_setup/share/ament_index/resource_index/parent_prefix_path/micro_ros_setup
[1.038s] -- Up-to-date: /home/group1/dd2419_ws/install/micro_ros_setup/share/micro_ros_setup/environment/ament_prefix_path.sh
[1.038s] -- Up-to-date: /home/group1/dd2419_ws/install/micro_ros_setup/share/micro_ros_setup/environment/ament_prefix_path.dsv
[1.038s] -- Up-to-date: /home/group1/dd2419_ws/install/micro_ros_setup/share/micro_ros_setup/environment/path.sh
[1.038s] -- Up-to-date: /home/group1/dd2419_ws/install/micro_ros_setup/share/micro_ros_setup/environment/path.dsv
[1.038s] -- Up-to-date: /home/group1/dd2419_ws/install/micro_ros_setup/share/micro_ros_setup/local_setup.bash
[1.038s] -- Up-to-date: /home/group1/dd2419_ws/install/micro_ros_setup/share/micro_ros_setup/local_setup.sh
[1.038s] -- Up-to-date: /home/group1/dd2419_ws/install/micro_ros_setup/share/micro_ros_setup/local_setup.zsh
[1.038s] -- Up-to-date: /home/group1/dd2419_ws/install/micro_ros_setup/share/micro_ros_setup/local_setup.dsv
[1.038s] -- Installing: /home/group1/dd2419_ws/install/micro_ros_setup/share/micro_ros_setup/package.dsv
[1.038s] -- Up-to-date: /home/group1/dd2419_ws/install/micro_ros_setup/share/ament_index/resource_index/packages/micro_ros_setup
[1.039s] -- Up-to-date: /home/group1/dd2419_ws/install/micro_ros_setup/share/micro_ros_setup/cmake/micro_ros_setupConfig.cmake
[1.039s] -- Up-to-date: /home/group1/dd2419_ws/install/micro_ros_setup/share/micro_ros_setup/cmake/micro_ros_setupConfig-version.cmake
[1.039s] -- Up-to-date: /home/group1/dd2419_ws/install/micro_ros_setup/share/micro_ros_setup/package.xml
[1.040s] -- Up-to-date: /home/group1/dd2419_ws/install/micro_ros_setup/./config
[1.040s] -- Up-to-date: /home/group1/dd2419_ws/install/micro_ros_setup/./config/android
[1.040s] -- Up-to-date: /home/group1/dd2419_ws/install/micro_ros_setup/./config/android/generic
[1.040s] -- Up-to-date: /home/group1/dd2419_ws/install/micro_ros_setup/./config/android/generic/flash.sh
[1.040s] -- Up-to-date: /home/group1/dd2419_ws/install/micro_ros_setup/./config/android/generic/create.sh
[1.040s] -- Up-to-date: /home/group1/dd2419_ws/install/micro_ros_setup/./config/android/generic/package.xml
[1.040s] -- Up-to-date: /home/group1/dd2419_ws/install/micro_ros_setup/./config/android/generic/client_uros_packages.repos
[1.040s] -- Up-to-date: /home/group1/dd2419_ws/install/micro_ros_setup/./config/android/generic/client-colcon.meta
[1.040s] -- Up-to-date: /home/group1/dd2419_ws/install/micro_ros_setup/./config/android/generic/build.sh
[1.041s] -- Up-to-date: /home/group1/dd2419_ws/install/micro_ros_setup/./config/android/dev_uros_packages.repos
[1.041s] -- Up-to-date: /home/group1/dd2419_ws/install/micro_ros_setup/./config/android/dev_ros2_packages.txt
[1.041s] -- Up-to-date: /home/group1/dd2419_ws/install/micro_ros_setup/./config/zephyr
[1.041s] -- Up-to-date: /home/group1/dd2419_ws/install/micro_ros_setup/./config/zephyr/generic
[1.041s] -- Up-to-date: /home/group1/dd2419_ws/install/micro_ros_setup/./config/zephyr/generic/flash.sh
[1.041s] -- Up-to-date: /home/group1/dd2419_ws/install/micro_ros_setup/./config/zephyr/generic/configure.sh
[1.041s] -- Up-to-date: /home/group1/dd2419_ws/install/micro_ros_setup/./config/zephyr/generic/board.repos
[1.041s] -- Up-to-date: /home/group1/dd2419_ws/install/micro_ros_setup/./config/zephyr/generic/create.sh
[1.041s] -- Up-to-date: /home/group1/dd2419_ws/install/micro_ros_setup/./config/zephyr/generic/package.xml
[1.041s] -- Up-to-date: /home/group1/dd2419_ws/install/micro_ros_setup/./config/zephyr/generic/client_uros_packages.repos
[1.042s] -- Up-to-date: /home/group1/dd2419_ws/install/micro_ros_setup/./config/zephyr/generic/supported_platforms
[1.042s] -- Up-to-date: /home/group1/dd2419_ws/install/micro_ros_setup/./config/zephyr/generic/client-colcon.meta
[1.042s] -- Up-to-date: /home/group1/dd2419_ws/install/micro_ros_setup/./config/zephyr/generic/build.sh
[1.042s] -- Up-to-date: /home/group1/dd2419_ws/install/micro_ros_setup/./config/zephyr/dev_uros_packages.repos
[1.042s] -- Up-to-date: /home/group1/dd2419_ws/install/micro_ros_setup/./config/zephyr/list_apps.sh
[1.042s] -- Up-to-date: /home/group1/dd2419_ws/install/micro_ros_setup/./config/zephyr/dev_ros2_packages.txt
[1.042s] -- Up-to-date: /home/group1/dd2419_ws/install/micro_ros_setup/./config/generate_lib
[1.043s] -- Up-to-date: /home/group1/dd2419_ws/install/micro_ros_setup/./config/generate_lib/generic
[1.043s] -- Up-to-date: /home/group1/dd2419_ws/install/micro_ros_setup/./config/generate_lib/generic/flash.sh
[1.043s] -- Up-to-date: /home/group1/dd2419_ws/install/micro_ros_setup/./config/generate_lib/generic/create.sh
[1.043s] -- Up-to-date: /home/group1/dd2419_ws/install/micro_ros_setup/./config/generate_lib/generic/demo_toolchain.cmake
[1.043s] -- Up-to-date: /home/group1/dd2419_ws/install/micro_ros_setup/./config/generate_lib/generic/package.xml
[1.043s] -- Up-to-date: /home/group1/dd2419_ws/install/micro_ros_setup/./config/generate_lib/generic/client_uros_packages.repos
[1.043s] -- Up-to-date: /home/group1/dd2419_ws/install/micro_ros_setup/./config/generate_lib/generic/client-colcon.meta
[1.043s] -- Up-to-date: /home/group1/dd2419_ws/install/micro_ros_setup/./config/generate_lib/generic/build.sh
[1.043s] -- Up-to-date: /home/group1/dd2419_ws/install/micro_ros_setup/./config/generate_lib/dev_uros_packages.repos
[1.043s] -- Up-to-date: /home/group1/dd2419_ws/install/micro_ros_setup/./config/generate_lib/dev_ros2_packages.txt
[1.044s] -- Up-to-date: /home/group1/dd2419_ws/install/micro_ros_setup/./config/raspbian
[1.044s] -- Up-to-date: /home/group1/dd2419_ws/install/micro_ros_setup/./config/raspbian/generic
[1.044s] -- Up-to-date: /home/group1/dd2419_ws/install/micro_ros_setup/./config/raspbian/generic/flash.sh
[1.044s] -- Up-to-date: /home/group1/dd2419_ws/install/micro_ros_setup/./config/raspbian/generic/configure.sh
[1.044s] -- Up-to-date: /home/group1/dd2419_ws/install/micro_ros_setup/./config/raspbian/generic/create.sh
[1.044s] -- Up-to-date: /home/group1/dd2419_ws/install/micro_ros_setup/./config/raspbian/generic/client_uros_packages.repos
[1.044s] -- Up-to-date: /home/group1/dd2419_ws/install/micro_ros_setup/./config/raspbian/generic/supported_platforms
[1.044s] -- Up-to-date: /home/group1/dd2419_ws/install/micro_ros_setup/./config/raspbian/generic/client-colcon.meta
[1.044s] -- Up-to-date: /home/group1/dd2419_ws/install/micro_ros_setup/./config/raspbian/generic/build.sh
[1.044s] -- Up-to-date: /home/group1/dd2419_ws/install/micro_ros_setup/./config/raspbian/dev_uros_packages.repos
[1.044s] -- Up-to-date: /home/group1/dd2419_ws/install/micro_ros_setup/./config/raspbian/dev_ros2_packages.txt
[1.045s] -- Up-to-date: /home/group1/dd2419_ws/install/micro_ros_setup/./config/client_ros2_packages.txt
[1.045s] -- Up-to-date: /home/group1/dd2419_ws/install/micro_ros_setup/./config/agent_uros_packages.repos
[1.045s] -- Up-to-date: /home/group1/dd2419_ws/install/micro_ros_setup/./config/freertos
[1.045s] -- Up-to-date: /home/group1/dd2419_ws/install/micro_ros_setup/./config/freertos/esp32
[1.045s] -- Up-to-date: /home/group1/dd2419_ws/install/micro_ros_setup/./config/freertos/esp32/flash.sh
[1.045s] -- Up-to-date: /home/group1/dd2419_ws/install/micro_ros_setup/./config/freertos/esp32/configure.sh
[1.045s] -- Up-to-date: /home/group1/dd2419_ws/install/micro_ros_setup/./config/freertos/esp32/board.repos
[1.045s] -- Up-to-date: /home/group1/dd2419_ws/install/micro_ros_setup/./config/freertos/esp32/create.sh
[1.046s] -- Up-to-date: /home/group1/dd2419_ws/install/micro_ros_setup/./config/freertos/esp32/README.md
[1.046s] -- Up-to-date: /home/group1/dd2419_ws/install/micro_ros_setup/./config/freertos/esp32/package.xml
[1.046s] -- Up-to-date: /home/group1/dd2419_ws/install/micro_ros_setup/./config/freertos/esp32/client_uros_packages.repos
[1.046s] -- Up-to-date: /home/group1/dd2419_ws/install/micro_ros_setup/./config/freertos/esp32/client-colcon.meta
[1.046s] -- Up-to-date: /home/group1/dd2419_ws/install/micro_ros_setup/./config/freertos/esp32/build.sh
[1.048s] -- Up-to-date: /home/group1/dd2419_ws/install/micro_ros_setup/./config/freertos/nucleo_f746zg
[1.048s] -- Up-to-date: /home/group1/dd2419_ws/install/micro_ros_setup/./config/freertos/nucleo_f746zg/flash.sh
[1.049s] -- Up-to-date: /home/group1/dd2419_ws/install/micro_ros_setup/./config/freertos/nucleo_f746zg/configure.sh
[1.049s] -- Up-to-date: /home/group1/dd2419_ws/install/micro_ros_setup/./config/freertos/nucleo_f746zg/board.repos
[1.049s] -- Up-to-date: /home/group1/dd2419_ws/install/micro_ros_setup/./config/freertos/nucleo_f746zg/create.sh
[1.049s] -- Up-to-date: /home/group1/dd2419_ws/install/micro_ros_setup/./config/freertos/nucleo_f746zg/package.xml
[1.050s] -- Up-to-date: /home/group1/dd2419_ws/install/micro_ros_setup/./config/freertos/nucleo_f746zg/client_uros_packages.repos
[1.050s] -- Up-to-date: /home/group1/dd2419_ws/install/micro_ros_setup/./config/freertos/nucleo_f746zg/client-colcon.meta
[1.050s] -- Up-to-date: /home/group1/dd2419_ws/install/micro_ros_setup/./config/freertos/nucleo_f746zg/build.sh
[1.050s] -- Up-to-date: /home/group1/dd2419_ws/install/micro_ros_setup/./config/freertos/nucleo_f446ze
[1.050s] -- Up-to-date: /home/group1/dd2419_ws/install/micro_ros_setup/./config/freertos/nucleo_f446ze/flash.sh
[1.050s] -- Up-to-date: /home/group1/dd2419_ws/install/micro_ros_setup/./config/freertos/nucleo_f446ze/configure.sh
[1.051s] -- Up-to-date: /home/group1/dd2419_ws/install/micro_ros_setup/./config/freertos/nucleo_f446ze/board.repos
[1.051s] -- Up-to-date: /home/group1/dd2419_ws/install/micro_ros_setup/./config/freertos/nucleo_f446ze/create.sh
[1.051s] -- Up-to-date: /home/group1/dd2419_ws/install/micro_ros_setup/./config/freertos/nucleo_f446ze/package.xml
[1.051s] -- Up-to-date: /home/group1/dd2419_ws/install/micro_ros_setup/./config/freertos/nucleo_f446ze/client_uros_packages.repos
[1.051s] -- Up-to-date: /home/group1/dd2419_ws/install/micro_ros_setup/./config/freertos/nucleo_f446ze/client-colcon.meta
[1.052s] -- Up-to-date: /home/group1/dd2419_ws/install/micro_ros_setup/./config/freertos/nucleo_f446ze/build.sh
[1.054s] -- Up-to-date: /home/group1/dd2419_ws/install/micro_ros_setup/./config/freertos/olimex-stm32-e407
[1.054s] -- Up-to-date: /home/group1/dd2419_ws/install/micro_ros_setup/./config/freertos/olimex-stm32-e407/flash.sh
[1.055s] -- Up-to-date: /home/group1/dd2419_ws/install/micro_ros_setup/./config/freertos/olimex-stm32-e407/configure.sh
[1.055s] -- Up-to-date: /home/group1/dd2419_ws/install/micro_ros_setup/./config/freertos/olimex-stm32-e407/board.repos
[1.055s] -- Up-to-date: /home/group1/dd2419_ws/install/micro_ros_setup/./config/freertos/olimex-stm32-e407/create.sh
[1.055s] -- Up-to-date: /home/group1/dd2419_ws/install/micro_ros_setup/./config/freertos/olimex-stm32-e407/package.xml
[1.055s] -- Up-to-date: /home/group1/dd2419_ws/install/micro_ros_setup/./config/freertos/olimex-stm32-e407/client_uros_packages.repos
[1.060s] -- Up-to-date: /home/group1/dd2419_ws/install/micro_ros_setup/./config/freertos/olimex-stm32-e407/client-colcon.meta
[1.061s] -- Up-to-date: /home/group1/dd2419_ws/install/micro_ros_setup/./config/freertos/olimex-stm32-e407/build.sh
[1.061s] -- Up-to-date: /home/group1/dd2419_ws/install/micro_ros_setup/./config/freertos/crazyflie21
[1.061s] -- Up-to-date: /home/group1/dd2419_ws/install/micro_ros_setup/./config/freertos/crazyflie21/flash.sh
[1.061s] -- Up-to-date: /home/group1/dd2419_ws/install/micro_ros_setup/./config/freertos/crazyflie21/configure.sh
[1.061s] -- Up-to-date: /home/group1/dd2419_ws/install/micro_ros_setup/./config/freertos/crazyflie21/board.repos
[1.061s] -- Up-to-date: /home/group1/dd2419_ws/install/micro_ros_setup/./config/freertos/crazyflie21/create.sh
[1.062s] -- Up-to-date: /home/group1/dd2419_ws/install/micro_ros_setup/./config/freertos/crazyflie21/package.xml
[1.062s] -- Up-to-date: /home/group1/dd2419_ws/install/micro_ros_setup/./config/freertos/crazyflie21/client_uros_packages.repos
[1.062s] -- Up-to-date: /home/group1/dd2419_ws/install/micro_ros_setup/./config/freertos/crazyflie21/client-colcon.meta
[1.062s] -- Up-to-date: /home/group1/dd2419_ws/install/micro_ros_setup/./config/freertos/crazyflie21/build.sh
[1.062s] -- Up-to-date: /home/group1/dd2419_ws/install/micro_ros_setup/./config/freertos/dev_uros_packages.repos
[1.066s] -- Up-to-date: /home/group1/dd2419_ws/install/micro_ros_setup/./config/freertos/nucleo_f767zi
[1.067s] -- Up-to-date: /home/group1/dd2419_ws/install/micro_ros_setup/./config/freertos/nucleo_f767zi/flash.sh
[1.067s] -- Up-to-date: /home/group1/dd2419_ws/install/micro_ros_setup/./config/freertos/nucleo_f767zi/configure.sh
[1.067s] -- Up-to-date: /home/group1/dd2419_ws/install/micro_ros_setup/./config/freertos/nucleo_f767zi/board.repos
[1.067s] -- Up-to-date: /home/group1/dd2419_ws/install/micro_ros_setup/./config/freertos/nucleo_f767zi/create.sh
[1.067s] -- Up-to-date: /home/group1/dd2419_ws/install/micro_ros_setup/./config/freertos/nucleo_f767zi/package.xml
[1.067s] -- Up-to-date: /home/group1/dd2419_ws/install/micro_ros_setup/./config/freertos/nucleo_f767zi/client_uros_packages.repos
[1.068s] -- Up-to-date: /home/group1/dd2419_ws/install/micro_ros_setup/./config/freertos/nucleo_f767zi/client-colcon.meta
[1.068s] -- Up-to-date: /home/group1/dd2419_ws/install/micro_ros_setup/./config/freertos/nucleo_f767zi/build.sh
[1.068s] -- Up-to-date: /home/group1/dd2419_ws/install/micro_ros_setup/./config/freertos/list_apps.sh
[1.068s] -- Up-to-date: /home/group1/dd2419_ws/install/micro_ros_setup/./config/freertos/nucleo_f446re
[1.068s] -- Up-to-date: /home/group1/dd2419_ws/install/micro_ros_setup/./config/freertos/nucleo_f446re/flash.sh
[1.068s] -- Up-to-date: /home/group1/dd2419_ws/install/micro_ros_setup/./config/freertos/nucleo_f446re/configure.sh
[1.068s] -- Up-to-date: /home/group1/dd2419_ws/install/micro_ros_setup/./config/freertos/nucleo_f446re/board.repos
[1.069s] -- Up-to-date: /home/group1/dd2419_ws/install/micro_ros_setup/./config/freertos/nucleo_f446re/create.sh
[1.069s] -- Up-to-date: /home/group1/dd2419_ws/install/micro_ros_setup/./config/freertos/nucleo_f446re/package.xml
[1.069s] -- Up-to-date: /home/group1/dd2419_ws/install/micro_ros_setup/./config/freertos/nucleo_f446re/client_uros_packages.repos
[1.069s] -- Up-to-date: /home/group1/dd2419_ws/install/micro_ros_setup/./config/freertos/nucleo_f446re/client-colcon.meta
[1.069s] -- Up-to-date: /home/group1/dd2419_ws/install/micro_ros_setup/./config/freertos/nucleo_f446re/build.sh
[1.069s] -- Up-to-date: /home/group1/dd2419_ws/install/micro_ros_setup/./config/freertos/dev_ros2_packages.txt
[1.069s] -- Up-to-date: /home/group1/dd2419_ws/install/micro_ros_setup/./config/host
[1.070s] -- Up-to-date: /home/group1/dd2419_ws/install/micro_ros_setup/./config/host/generic
[1.070s] -- Up-to-date: /home/group1/dd2419_ws/install/micro_ros_setup/./config/host/generic/flash.sh
[1.070s] -- Up-to-date: /home/group1/dd2419_ws/install/micro_ros_setup/./config/host/generic/client_host_packages.repos
[1.070s] -- Up-to-date: /home/group1/dd2419_ws/install/micro_ros_setup/./config/host/generic/client-host-colcon.meta
[1.070s] -- Up-to-date: /home/group1/dd2419_ws/install/micro_ros_setup/./config/host/generic/create.sh
[1.070s] -- Up-to-date: /home/group1/dd2419_ws/install/micro_ros_setup/./config/host/generic/package.xml
[1.070s] -- Up-to-date: /home/group1/dd2419_ws/install/micro_ros_setup/./config/host/generic/build.sh
[1.071s] -- Up-to-date: /home/group1/dd2419_ws/install/micro_ros_setup/./config/host/client_ros2_packages.txt
[1.071s] -- Up-to-date: /home/group1/dd2419_ws/install/micro_ros_setup/./config/host/dev_uros_packages.repos
[1.071s] -- Up-to-date: /home/group1/dd2419_ws/install/micro_ros_setup/./config/host/dev_ros2_packages.txt
[1.071s] -- Up-to-date: /home/group1/dd2419_ws/install/micro_ros_setup/./config/client_uros_packages.repos
[1.071s] -- Up-to-date: /home/group1/dd2419_ws/install/micro_ros_setup/./config/utils.sh
[1.071s] -- Up-to-date: /home/group1/dd2419_ws/install/micro_ros_setup/./config/agent_ros2_packages.txt
[1.071s] -- Up-to-date: /home/group1/dd2419_ws/install/micro_ros_setup/lib/micro_ros_setup/create_ws.sh
[1.072s] -- Up-to-date: /home/group1/dd2419_ws/install/micro_ros_setup/lib/micro_ros_setup/create_agent_ws.sh
[1.072s] -- Up-to-date: /home/group1/dd2419_ws/install/micro_ros_setup/lib/micro_ros_setup/create_firmware_ws.sh
[1.072s] -- Up-to-date: /home/group1/dd2419_ws/install/micro_ros_setup/lib/micro_ros_setup/configure_firmware.sh
[1.072s] -- Up-to-date: /home/group1/dd2419_ws/install/micro_ros_setup/lib/micro_ros_setup/flash_firmware.sh
[1.072s] -- Up-to-date: /home/group1/dd2419_ws/install/micro_ros_setup/lib/micro_ros_setup/build_firmware.sh
[1.072s] -- Up-to-date: /home/group1/dd2419_ws/install/micro_ros_setup/lib/micro_ros_setup/build_agent.sh
[1.073s] -- Up-to-date: /home/group1/dd2419_ws/install/micro_ros_setup/lib/micro_ros_setup/yaml_filter.py
[1.073s] -- Up-to-date: /home/group1/dd2419_ws/install/micro_ros_setup/lib/micro_ros_setup/clean_env.sh
[1.073s] -- Up-to-date: /home/group1/dd2419_ws/install/micro_ros_setup/lib/micro_ros_setup/component
[1.144s] Invoked command in '/home/group1/dd2419_ws/build/micro_ros_setup' returned '0': CMAKE_PREFIX_PATH=${CMAKE_PREFIX_PATH}:/home/group1/dd2419_ws/install/robot_odometry:/home/group1/dd2419_ws/install/pickup:/home/group1/dd2419_ws/install/robp_launch:/home/group1/dd2419_ws/install/arm_servos_pubs_subs:/opt/ros/jazzy DEBUGINFOD_URLS=https://debuginfod.ubuntu.com /usr/bin/cmake --install /home/group1/dd2419_ws/build/micro_ros_setup
