[2.289s] Invoking command in '/home/group1/dd2419_ws/build/robot_odometry': DEBUGINFOD_URLS=https://debuginfod.ubuntu.com PYTHONPATH=/home/group1/dd2419_ws/build/robot_odometry/prefix_override:/usr/lib/python3/dist-packages/colcon_core/task/python/colcon_distutils_commands:/home/group1/dd2419_ws/install/robot_odometry/lib/python3.12/site-packages:${PYTHONPATH} /usr/bin/python3 -W ignore:setup.py install is deprecated -W ignore:easy_install command is deprecated setup.py develop --editable --build-directory /home/group1/dd2419_ws/build/robot_odometry/build --no-deps symlink_data
[3.324s] running develop
[3.927s] running egg_info
[3.927s] creating robot_odometry.egg-info
[3.968s] writing robot_odometry.egg-info/PKG-INFO
[3.971s] writing dependency_links to robot_odometry.egg-info/dependency_links.txt
[3.973s] writing entry points to robot_odometry.egg-info/entry_points.txt
[3.978s] writing requirements to robot_odometry.egg-info/requires.txt
[3.979s] writing top-level names to robot_odometry.egg-info/top_level.txt
[3.979s] writing manifest file 'robot_odometry.egg-info/SOURCES.txt'
[4.100s] reading manifest file 'robot_odometry.egg-info/SOURCES.txt'
[4.100s] writing manifest file 'robot_odometry.egg-info/SOURCES.txt'
[4.172s] running build_ext
[4.172s] Creating /home/group1/dd2419_ws/install/robot_odometry/lib/python3.12/site-packages/robot-odometry.egg-link (link to .)
[4.176s] Installing robot_odometry script to /home/group1/dd2419_ws/install/robot_odometry/lib/robot_odometry
[4.177s] 
[4.177s] Installed /home/group1/dd2419_ws/build/robot_odometry
[4.178s] running symlink_data
[4.178s] creating /home/group1/dd2419_ws/install/robot_odometry/share/ament_index
[4.179s] creating /home/group1/dd2419_ws/install/robot_odometry/share/ament_index/resource_index
[4.179s] creating /home/group1/dd2419_ws/install/robot_odometry/share/ament_index/resource_index/packages
[4.179s] symbolically linking /home/group1/dd2419_ws/build/robot_odometry/resource/robot_odometry -> /home/group1/dd2419_ws/install/robot_odometry/share/ament_index/resource_index/packages
[4.180s] symbolically linking /home/group1/dd2419_ws/build/robot_odometry/package.xml -> /home/group1/dd2419_ws/install/robot_odometry/share/robot_odometry
[4.271s] Invoked command in '/home/group1/dd2419_ws/build/robot_odometry' returned '0': DEBUGINFOD_URLS=https://debuginfod.ubuntu.com PYTHONPATH=/home/group1/dd2419_ws/build/robot_odometry/prefix_override:/usr/lib/python3/dist-packages/colcon_core/task/python/colcon_distutils_commands:/home/group1/dd2419_ws/install/robot_odometry/lib/python3.12/site-packages:${PYTHONPATH} /usr/bin/python3 -W ignore:setup.py install is deprecated -W ignore:easy_install command is deprecated setup.py develop --editable --build-directory /home/group1/dd2419_ws/build/robot_odometry/build --no-deps symlink_data
