[3.043s] Invoking command in '/home/group1/dd2419_ws/build/lidar': DEBUGINFOD_URLS=https://debuginfod.ubuntu.com PYTHONPATH=/home/group1/dd2419_ws/build/lidar/prefix_override:/usr/lib/python3/dist-packages/colcon_core/task/python/colcon_distutils_commands:/home/group1/dd2419_ws/install/lidar/lib/python3.12/site-packages:${PYTHONPATH} /usr/bin/python3 -W ignore:setup.py install is deprecated -W ignore:easy_install command is deprecated setup.py develop --editable --build-directory /home/group1/dd2419_ws/build/lidar/build --no-deps symlink_data
[3.810s] running develop
[4.274s] running egg_info
[4.275s] creating lidar.egg-info
[4.322s] writing lidar.egg-info/PKG-INFO
[4.324s] writing dependency_links to lidar.egg-info/dependency_links.txt
[4.326s] writing entry points to lidar.egg-info/entry_points.txt
[4.326s] writing requirements to lidar.egg-info/requires.txt
[4.327s] writing top-level names to lidar.egg-info/top_level.txt
[4.327s] writing manifest file 'lidar.egg-info/SOURCES.txt'
[4.438s] reading manifest file 'lidar.egg-info/SOURCES.txt'
[4.439s] writing manifest file 'lidar.egg-info/SOURCES.txt'
[4.502s] running build_ext
[4.502s] Creating /home/group1/dd2419_ws/install/lidar/lib/python3.12/site-packages/lidar.egg-link (link to .)
[4.504s] Installing lidar script to /home/group1/dd2419_ws/install/lidar/lib/lidar
[4.506s] 
[4.506s] Installed /home/group1/dd2419_ws/build/lidar
[4.506s] running symlink_data
[4.506s] creating /home/group1/dd2419_ws/install/lidar/share/ament_index
[4.506s] creating /home/group1/dd2419_ws/install/lidar/share/ament_index/resource_index
[4.506s] creating /home/group1/dd2419_ws/install/lidar/share/ament_index/resource_index/packages
[4.507s] symbolically linking /home/group1/dd2419_ws/build/lidar/resource/lidar -> /home/group1/dd2419_ws/install/lidar/share/ament_index/resource_index/packages
[4.507s] symbolically linking /home/group1/dd2419_ws/build/lidar/package.xml -> /home/group1/dd2419_ws/install/lidar/share/lidar
[4.594s] Invoked command in '/home/group1/dd2419_ws/build/lidar' returned '0': DEBUGINFOD_URLS=https://debuginfod.ubuntu.com PYTHONPATH=/home/group1/dd2419_ws/build/lidar/prefix_override:/usr/lib/python3/dist-packages/colcon_core/task/python/colcon_distutils_commands:/home/group1/dd2419_ws/install/lidar/lib/python3.12/site-packages:${PYTHONPATH} /usr/bin/python3 -W ignore:setup.py install is deprecated -W ignore:easy_install command is deprecated setup.py develop --editable --build-directory /home/group1/dd2419_ws/build/lidar/build --no-deps symlink_data
