[0.269s] Invoking command in '/home/group1/dd2419_ws/build/usb_cam': CMAKE_PREFIX_PATH=${CMAKE_PREFIX_PATH}:/opt/ros/jazzy DEBUGINFOD_URLS=https://debuginfod.ubuntu.com /usr/bin/cmake /home/group1/dd2419_ws/src/robp_robot/usb_cam -DAMENT_CMAKE_SYMLINK_INSTALL=1 -DCMAKE_INSTALL_PREFIX=/home/group1/dd2419_ws/install/usb_cam
[0.330s] -- The C compiler identification is GNU 13.3.0
[0.406s] -- The CXX compiler identification is GNU 13.3.0
[0.428s] -- Detecting C compiler ABI info
[0.529s] -- Detecting C compiler ABI info - done
[0.550s] -- Check for working C compiler: /usr/bin/cc - skipped
[0.551s] -- Detecting C compile features
[0.551s] -- Detecting C compile features - done
[0.564s] -- Detecting CXX compiler ABI info
[0.689s] -- Detecting CXX compiler ABI info - done
[0.705s] -- Check for working CXX compiler: /usr/bin/c++ - skipped
[0.706s] -- Detecting CXX compile features
[0.706s] -- Detecting CXX compile features - done
[0.710s] -- Found ament_cmake_auto: 2.5.3 (/opt/ros/jazzy/share/ament_cmake_auto/cmake)
[0.940s] -- Found Python3: /usr/bin/python3 (found version "3.12.3") found components: Interpreter 
[1.063s] -- Override CMake install command with custom implementation using symlinks instead of copying resources
[1.264s] -- Found rosidl_generator_c: 4.6.5 (/opt/ros/jazzy/share/rosidl_generator_c/cmake)
[1.281s] -- Found rosidl_generator_cpp: 4.6.5 (/opt/ros/jazzy/share/rosidl_generator_cpp/cmake)
[1.300s] -- Using all available rosidl_typesupport_c: rosidl_typesupport_fastrtps_c;rosidl_typesupport_introspection_c
[1.322s] -- Using all available rosidl_typesupport_cpp: rosidl_typesupport_fastrtps_cpp;rosidl_typesupport_introspection_cpp
[1.428s] -- Found rmw_implementation_cmake: 7.3.1 (/opt/ros/jazzy/share/rmw_implementation_cmake/cmake)
[1.431s] -- Found rmw_fastrtps_cpp: 8.4.1 (/opt/ros/jazzy/share/rmw_fastrtps_cpp/cmake)
[1.522s] -- Found OpenSSL: /usr/lib/x86_64-linux-gnu/libcrypto.so (found version "3.0.13")  
[1.555s] -- Found FastRTPS: /opt/ros/jazzy/include (Required is at least version "2.13") 
[1.596s] -- Using RMW implementation 'rmw_fastrtps_cpp' as default
[1.974s] -- Setting yaml-cpp_DIR to: '/opt/ros/jazzy/share/yaml_cpp_vendor/cmake/../../../opt/yaml_cpp_vendor/share/cmake/yaml-cpp'
[2.215s] -- Found rosidl_adapter: 4.6.5 (/opt/ros/jazzy/share/rosidl_adapter/cmake)
[2.224s] -- Found OpenCV: /usr (found version "4.6.0") 
[2.233s] -- Found PkgConfig: /usr/bin/pkg-config (found version "1.8.1") 
[2.234s] -- Checking for module 'libavcodec'
[2.275s] --   Found libavcodec, version 60.31.102
[2.335s] -- Checking for module 'libavutil'
[2.365s] --   Found libavutil, version 58.29.100
[2.457s] -- Checking for module 'libswscale'
[2.509s] --   Found libswscale, version 7.5.100
[2.636s] -- Found ament_lint_auto: 0.17.1 (/opt/ros/jazzy/share/ament_lint_auto/cmake)
[2.755s] -- Found gtest sources under '/opt/ros/jazzy/src/gtest_vendor': C++ tests using 'Google Test' will be built
[2.782s] -- Performing Test CMAKE_HAVE_LIBC_PTHREAD
[3.047s] -- Performing Test CMAKE_HAVE_LIBC_PTHREAD - Success
[3.048s] -- Found Threads: TRUE  
[3.092s] -- Added test 'copyright' to check source files copyright and LICENSE
[3.101s] -- Added test 'cppcheck' to perform static code analysis on C / C++ code
[3.103s] -- Configured cppcheck include dirs: /home/group1/dd2419_ws/src/robp_robot/usb_cam/include
[3.110s] -- Configured cppcheck exclude dirs and/or files: 
[3.117s] -- Added test 'cpplint' to check C / C++ code against the Google style
[3.118s] -- Configured cpplint exclude dirs and/or files: 
[3.119s] -- Added test 'flake8' to check Python code syntax and style conventions
[3.120s] -- Configured 'flake8' exclude dirs and/or files: 
[3.126s] -- Added test 'lint_cmake' to check CMake code style
[3.127s] -- Added test 'pep257' to check Python code against some of the docstring style conventions in PEP 257
[3.141s] -- Added test 'uncrustify' to check C / C++ code style
[3.141s] -- Configured uncrustify additional arguments: 
[3.142s] -- Added test 'xmllint' to check XML markup files
[3.148s] -- Configuring done (2.9s)
[3.261s] -- Generating done (0.1s)
[3.298s] -- Build files have been written to: /home/group1/dd2419_ws/build/usb_cam
[3.351s] Invoked command in '/home/group1/dd2419_ws/build/usb_cam' returned '0': CMAKE_PREFIX_PATH=${CMAKE_PREFIX_PATH}:/opt/ros/jazzy DEBUGINFOD_URLS=https://debuginfod.ubuntu.com /usr/bin/cmake /home/group1/dd2419_ws/src/robp_robot/usb_cam -DAMENT_CMAKE_SYMLINK_INSTALL=1 -DCMAKE_INSTALL_PREFIX=/home/group1/dd2419_ws/install/usb_cam
[3.352s] Invoking command in '/home/group1/dd2419_ws/build/usb_cam': CMAKE_PREFIX_PATH=${CMAKE_PREFIX_PATH}:/opt/ros/jazzy DEBUGINFOD_URLS=https://debuginfod.ubuntu.com /usr/bin/cmake --build /home/group1/dd2419_ws/build/usb_cam -- -j8 -l8
[3.526s] [  7%] [32mBuilding CXX object CMakeFiles/usb_cam.dir/src/usb_cam.cpp.o[0m
[3.540s] [ 14%] [32mBuilding CXX object gtest/CMakeFiles/gtest.dir/src/gtest-all.cc.o[0m
[3.547s] [ 21%] [32mBuilding CXX object gtest/CMakeFiles/gtest_main.dir/src/gtest_main.cc.o[0m
[3.547s] [ 28%] [32mBuilding CXX object CMakeFiles/usb_cam_node_exe.dir/rclcpp_components/node_main_usb_cam_node_exe.cpp.o[0m
[6.531s] [ 35%] [32m[1mLinking CXX static library libgtest_main.a[0m
[6.606s] [ 35%] Built target gtest_main
[8.133s] [ 42%] [32m[1mLinking CXX shared library libusb_cam.so[0m
[8.518s] [ 42%] Built target usb_cam
[8.553s] [ 50%] [32mBuilding CXX object CMakeFiles/usb_cam_node.dir/src/usb_cam_node.cpp.o[0m
[11.667s] [ 57%] [32m[1mLinking CXX executable usb_cam_node_exe[0m
[12.013s] [ 57%] Built target usb_cam_node_exe
[12.998s] [ 64%] [32m[1mLinking CXX static library libgtest.a[0m
[13.092s] [ 64%] Built target gtest
[13.129s] [ 78%] [32mBuilding CXX object CMakeFiles/test_pixel_formats.dir/test/test_pixel_formats.cpp.o[0m
[13.131s] [ 78%] [32mBuilding CXX object CMakeFiles/test_usb_cam_utils.dir/test/test_usb_cam_utils.cpp.o[0m
[15.082s] [ 85%] [32m[1mLinking CXX executable test_usb_cam_utils[0m
[15.366s] [ 85%] Built target test_usb_cam_utils
[15.652s] [ 92%] [32m[1mLinking CXX executable test_pixel_formats[0m
[15.896s] [ 92%] Built target test_pixel_formats
[21.826s] [100%] [32m[1mLinking CXX shared library libusb_cam_node.so[0m
[22.294s] [100%] Built target usb_cam_node
[22.307s] Invoked command in '/home/group1/dd2419_ws/build/usb_cam' returned '0': CMAKE_PREFIX_PATH=${CMAKE_PREFIX_PATH}:/opt/ros/jazzy DEBUGINFOD_URLS=https://debuginfod.ubuntu.com /usr/bin/cmake --build /home/group1/dd2419_ws/build/usb_cam -- -j8 -l8
[22.308s] Invoking command in '/home/group1/dd2419_ws/build/usb_cam': CMAKE_PREFIX_PATH=${CMAKE_PREFIX_PATH}:/opt/ros/jazzy DEBUGINFOD_URLS=https://debuginfod.ubuntu.com /usr/bin/cmake --install /home/group1/dd2419_ws/build/usb_cam
[22.320s] -- Install configuration: ""
[22.321s] -- Execute custom install script
[22.321s] -- Symlinking: /home/group1/dd2419_ws/install/usb_cam/share/usb_cam/environment/library_path.sh
[22.332s] -- Symlinking: /home/group1/dd2419_ws/install/usb_cam/share/usb_cam/environment/library_path.dsv
[22.342s] -- Symlinking: /home/group1/dd2419_ws/install/usb_cam/lib/usb_cam/usb_cam_node_exe
[22.352s] -- Symlinking: /home/group1/dd2419_ws/install/usb_cam/lib/usb_cam/show_image.py
[22.363s] -- Symlinking: /home/group1/dd2419_ws/install/usb_cam/lib/libusb_cam.so
[22.373s] -- Symlinking: /home/group1/dd2419_ws/install/usb_cam/lib/libusb_cam_node.so
[22.384s] -- Symlinking: /home/group1/dd2419_ws/install/usb_cam/include/usb_cam/constants.hpp
[22.394s] -- Symlinking: /home/group1/dd2419_ws/install/usb_cam/include/usb_cam/conversions.hpp
[22.405s] -- Symlinking: /home/group1/dd2419_ws/install/usb_cam/include/usb_cam/formats/av_pixel_format_helper.hpp
[22.415s] -- Symlinking: /home/group1/dd2419_ws/install/usb_cam/include/usb_cam/formats/m420.hpp
[22.426s] -- Symlinking: /home/group1/dd2419_ws/install/usb_cam/include/usb_cam/formats/mjpeg.hpp
[22.436s] -- Symlinking: /home/group1/dd2419_ws/install/usb_cam/include/usb_cam/formats/mono.hpp
[22.446s] -- Symlinking: /home/group1/dd2419_ws/install/usb_cam/include/usb_cam/formats/pixel_format_base.hpp
[22.456s] -- Symlinking: /home/group1/dd2419_ws/install/usb_cam/include/usb_cam/formats/rgb.hpp
[22.466s] -- Symlinking: /home/group1/dd2419_ws/install/usb_cam/include/usb_cam/formats/utils.hpp
[22.476s] -- Symlinking: /home/group1/dd2419_ws/install/usb_cam/include/usb_cam/formats/uyvy.hpp
[22.486s] -- Symlinking: /home/group1/dd2419_ws/install/usb_cam/include/usb_cam/formats/yuyv.hpp
[22.496s] -- Symlinking: /home/group1/dd2419_ws/install/usb_cam/include/usb_cam/usb_cam.hpp
[22.506s] -- Symlinking: /home/group1/dd2419_ws/install/usb_cam/include/usb_cam/usb_cam_node.hpp
[22.516s] -- Symlinking: /home/group1/dd2419_ws/install/usb_cam/include/usb_cam/utils.hpp
[22.527s] -- Up-to-date symlink: /home/group1/dd2419_ws/install/usb_cam/lib/libusb_cam_node.so
[22.527s] -- Symlinking: /home/group1/dd2419_ws/install/usb_cam/share/usb_cam/launch/__init__.py
[22.537s] -- Symlinking: /home/group1/dd2419_ws/install/usb_cam/share/usb_cam/launch/camera.launch.py
[22.548s] -- Symlinking: /home/group1/dd2419_ws/install/usb_cam/share/usb_cam/launch/camera_config.py
[22.559s] -- Symlinking: /home/group1/dd2419_ws/install/usb_cam/share/usb_cam/config/camera_info.yaml
[22.569s] -- Symlinking: /home/group1/dd2419_ws/install/usb_cam/share/usb_cam/config/params_1.yaml
[22.579s] -- Symlinking: /home/group1/dd2419_ws/install/usb_cam/share/usb_cam/config/params_2.yaml
[22.590s] -- Symlinking: /home/group1/dd2419_ws/install/usb_cam/share/ament_index/resource_index/package_run_dependencies/usb_cam
[22.601s] -- Symlinking: /home/group1/dd2419_ws/install/usb_cam/share/ament_index/resource_index/parent_prefix_path/usb_cam
[22.612s] -- Symlinking: /home/group1/dd2419_ws/install/usb_cam/share/usb_cam/environment/ament_prefix_path.sh
[22.624s] -- Symlinking: /home/group1/dd2419_ws/install/usb_cam/share/usb_cam/environment/ament_prefix_path.dsv
[22.634s] -- Symlinking: /home/group1/dd2419_ws/install/usb_cam/share/usb_cam/environment/path.sh
[22.646s] -- Symlinking: /home/group1/dd2419_ws/install/usb_cam/share/usb_cam/environment/path.dsv
[22.658s] -- Symlinking: /home/group1/dd2419_ws/install/usb_cam/share/usb_cam/local_setup.bash
[22.668s] -- Symlinking: /home/group1/dd2419_ws/install/usb_cam/share/usb_cam/local_setup.sh
[22.680s] -- Symlinking: /home/group1/dd2419_ws/install/usb_cam/share/usb_cam/local_setup.zsh
[22.691s] -- Symlinking: /home/group1/dd2419_ws/install/usb_cam/share/usb_cam/local_setup.dsv
[22.701s] -- Symlinking: /home/group1/dd2419_ws/install/usb_cam/share/usb_cam/package.dsv
[22.713s] -- Symlinking: /home/group1/dd2419_ws/install/usb_cam/share/ament_index/resource_index/packages/usb_cam
[22.725s] -- Symlinking: /home/group1/dd2419_ws/install/usb_cam/share/ament_index/resource_index/rclcpp_components/usb_cam
[22.735s] -- Symlinking: /home/group1/dd2419_ws/install/usb_cam/share/usb_cam/cmake/ament_cmake_export_libraries-extras.cmake
[22.750s] -- Symlinking: /home/group1/dd2419_ws/install/usb_cam/share/usb_cam/cmake/ament_cmake_export_dependencies-extras.cmake
[22.761s] -- Symlinking: /home/group1/dd2419_ws/install/usb_cam/share/usb_cam/cmake/ament_cmake_export_include_directories-extras.cmake
[22.772s] -- Symlinking: /home/group1/dd2419_ws/install/usb_cam/share/usb_cam/cmake/usb_camConfig.cmake
[22.783s] -- Symlinking: /home/group1/dd2419_ws/install/usb_cam/share/usb_cam/cmake/usb_camConfig-version.cmake
[22.794s] -- Symlinking: /home/group1/dd2419_ws/install/usb_cam/share/usb_cam/package.xml
[22.807s] Invoked command in '/home/group1/dd2419_ws/build/usb_cam' returned '0': CMAKE_PREFIX_PATH=${CMAKE_PREFIX_PATH}:/opt/ros/jazzy DEBUGINFOD_URLS=https://debuginfod.ubuntu.com /usr/bin/cmake --install /home/group1/dd2419_ws/build/usb_cam
