[1.348s] Invoking command in '/home/group1/dd2419_ws/src/robp_robot/robp_arm/arm_servos_pubs_subs': DEBUGINFOD_URLS=https://debuginfod.ubuntu.com PYTHONPATH=/home/group1/dd2419_ws/build/arm_servos_pubs_subs/prefix_override:/usr/lib/python3/dist-packages/colcon_core/task/python/colcon_distutils_commands:/home/group1/dd2419_ws/install/arm_servos_pubs_subs/lib/python3.12/site-packages:${PYTHONPATH} /usr/bin/python3 -W ignore:setup.py install is deprecated -W ignore:easy_install command is deprecated setup.py egg_info --egg-base ../../../../build/arm_servos_pubs_subs build --build-base /home/group1/dd2419_ws/build/arm_servos_pubs_subs/build install --record /home/group1/dd2419_ws/build/arm_servos_pubs_subs/install.log --single-version-externally-managed install_data
[1.741s] running egg_info
[1.764s] writing ../../../../build/arm_servos_pubs_subs/arm_servos_pubs_subs.egg-info/PKG-INFO
[1.765s] writing dependency_links to ../../../../build/arm_servos_pubs_subs/arm_servos_pubs_subs.egg-info/dependency_links.txt
[1.765s] writing entry points to ../../../../build/arm_servos_pubs_subs/arm_servos_pubs_subs.egg-info/entry_points.txt
[1.765s] writing requirements to ../../../../build/arm_servos_pubs_subs/arm_servos_pubs_subs.egg-info/requires.txt
[1.765s] writing top-level names to ../../../../build/arm_servos_pubs_subs/arm_servos_pubs_subs.egg-info/top_level.txt
[1.838s] reading manifest file '../../../../build/arm_servos_pubs_subs/arm_servos_pubs_subs.egg-info/SOURCES.txt'
[1.839s] writing manifest file '../../../../build/arm_servos_pubs_subs/arm_servos_pubs_subs.egg-info/SOURCES.txt'
[1.839s] running build
[1.839s] running build_py
[1.840s] running install
[1.848s] running install_lib
[1.871s] running install_data
[1.871s] running install_egg_info
[1.895s] removing '/home/group1/dd2419_ws/install/arm_servos_pubs_subs/lib/python3.12/site-packages/arm_servos_pubs_subs-0.0.0-py3.12.egg-info' (and everything under it)
[1.896s] Copying ../../../../build/arm_servos_pubs_subs/arm_servos_pubs_subs.egg-info to /home/group1/dd2419_ws/install/arm_servos_pubs_subs/lib/python3.12/site-packages/arm_servos_pubs_subs-0.0.0-py3.12.egg-info
[1.896s] running install_scripts
[2.066s] Installing listener script to /home/group1/dd2419_ws/install/arm_servos_pubs_subs/lib/arm_servos_pubs_subs
[2.066s] Installing talker script to /home/group1/dd2419_ws/install/arm_servos_pubs_subs/lib/arm_servos_pubs_subs
[2.067s] writing list of installed files to '/home/group1/dd2419_ws/build/arm_servos_pubs_subs/install.log'
[2.109s] Invoked command in '/home/group1/dd2419_ws/src/robp_robot/robp_arm/arm_servos_pubs_subs' returned '0': DEBUGINFOD_URLS=https://debuginfod.ubuntu.com PYTHONPATH=/home/group1/dd2419_ws/build/arm_servos_pubs_subs/prefix_override:/usr/lib/python3/dist-packages/colcon_core/task/python/colcon_distutils_commands:/home/group1/dd2419_ws/install/arm_servos_pubs_subs/lib/python3.12/site-packages:${PYTHONPATH} /usr/bin/python3 -W ignore:setup.py install is deprecated -W ignore:easy_install command is deprecated setup.py egg_info --egg-base ../../../../build/arm_servos_pubs_subs build --build-base /home/group1/dd2419_ws/build/arm_servos_pubs_subs/build install --record /home/group1/dd2419_ws/build/arm_servos_pubs_subs/install.log --single-version-externally-managed install_data
