[0.058s] Invoking command in '/home/group1/dd2419_ws/build/robp_phidgets_temperature': CMAKE_PREFIX_PATH=${CMAKE_PREFIX_PATH}:/home/group1/dd2419_ws/install/steering:/home/group1/dd2419_ws/install/stearing:/home/group1/dd2419_ws/install/robp_launch:/home/group1/dd2419_ws/install/robot_odometry:/home/group1/dd2419_ws/install/pickup:/home/group1/dd2419_ws/install/odometry:/home/group1/dd2419_ws/install/lidar:/home/group1/dd2419_ws/install/display:/home/group1/dd2419_ws/install/detection:/home/group1/dd2419_ws/install/controller:/home/group1/dd2419_ws/install/arm_servos_pubs_subs:/opt/ros/jazzy DEBUGINFOD_URLS=https://debuginfod.ubuntu.com /usr/bin/cmake --build /home/group1/dd2419_ws/build/robp_phidgets_temperature -- -j8 -l8
[1.643s] [100%] Built target robp_phidgets_temperature
[1.953s] Invoked command in '/home/group1/dd2419_ws/build/robp_phidgets_temperature' returned '0': CMAKE_PREFIX_PATH=${CMAKE_PREFIX_PATH}:/home/group1/dd2419_ws/install/steering:/home/group1/dd2419_ws/install/stearing:/home/group1/dd2419_ws/install/robp_launch:/home/group1/dd2419_ws/install/robot_odometry:/home/group1/dd2419_ws/install/pickup:/home/group1/dd2419_ws/install/odometry:/home/group1/dd2419_ws/install/lidar:/home/group1/dd2419_ws/install/display:/home/group1/dd2419_ws/install/detection:/home/group1/dd2419_ws/install/controller:/home/group1/dd2419_ws/install/arm_servos_pubs_subs:/opt/ros/jazzy DEBUGINFOD_URLS=https://debuginfod.ubuntu.com /usr/bin/cmake --build /home/group1/dd2419_ws/build/robp_phidgets_temperature -- -j8 -l8
[1.955s] Invoking command in '/home/group1/dd2419_ws/build/robp_phidgets_temperature': CMAKE_PREFIX_PATH=${CMAKE_PREFIX_PATH}:/home/group1/dd2419_ws/install/steering:/home/group1/dd2419_ws/install/stearing:/home/group1/dd2419_ws/install/robp_launch:/home/group1/dd2419_ws/install/robot_odometry:/home/group1/dd2419_ws/install/pickup:/home/group1/dd2419_ws/install/odometry:/home/group1/dd2419_ws/install/lidar:/home/group1/dd2419_ws/install/display:/home/group1/dd2419_ws/install/detection:/home/group1/dd2419_ws/install/controller:/home/group1/dd2419_ws/install/arm_servos_pubs_subs:/opt/ros/jazzy DEBUGINFOD_URLS=https://debuginfod.ubuntu.com /usr/bin/cmake --install /home/group1/dd2419_ws/build/robp_phidgets_temperature
[1.965s] -- Install configuration: "Release"
[1.968s] -- Execute custom install script
[1.968s] -- Symlinking: /home/group1/dd2419_ws/install/robp_phidgets_temperature/lib/librobp_phidgets_temperature.so
[1.987s] -- Symlinking: /home/group1/dd2419_ws/install/robp_phidgets_temperature/include/robp_phidgets_temperature/temperature.hpp
[2.003s] -- Symlinking: /home/group1/dd2419_ws/install/robp_phidgets_temperature/share/robp_phidgets_temperature/launch/temperature_launch.py
[2.024s] -- Symlinking: /home/group1/dd2419_ws/install/robp_phidgets_temperature/share/ament_index/resource_index/package_run_dependencies/robp_phidgets_temperature
[2.051s] -- Symlinking: /home/group1/dd2419_ws/install/robp_phidgets_temperature/share/ament_index/resource_index/parent_prefix_path/robp_phidgets_temperature
[2.073s] -- Up-to-date symlink: /home/group1/dd2419_ws/install/robp_phidgets_temperature/share/robp_phidgets_temperature/environment/ament_prefix_path.sh
[2.074s] -- Symlinking: /home/group1/dd2419_ws/install/robp_phidgets_temperature/share/robp_phidgets_temperature/environment/ament_prefix_path.dsv
[2.092s] -- Up-to-date symlink: /home/group1/dd2419_ws/install/robp_phidgets_temperature/share/robp_phidgets_temperature/environment/path.sh
[2.098s] -- Symlinking: /home/group1/dd2419_ws/install/robp_phidgets_temperature/share/robp_phidgets_temperature/environment/path.dsv
[2.114s] -- Symlinking: /home/group1/dd2419_ws/install/robp_phidgets_temperature/share/robp_phidgets_temperature/local_setup.bash
[2.132s] -- Symlinking: /home/group1/dd2419_ws/install/robp_phidgets_temperature/share/robp_phidgets_temperature/local_setup.sh
[2.153s] -- Symlinking: /home/group1/dd2419_ws/install/robp_phidgets_temperature/share/robp_phidgets_temperature/local_setup.zsh
[2.170s] -- Symlinking: /home/group1/dd2419_ws/install/robp_phidgets_temperature/share/robp_phidgets_temperature/local_setup.dsv
[2.187s] -- Symlinking: /home/group1/dd2419_ws/install/robp_phidgets_temperature/share/robp_phidgets_temperature/package.dsv
[2.208s] -- Symlinking: /home/group1/dd2419_ws/install/robp_phidgets_temperature/share/ament_index/resource_index/packages/robp_phidgets_temperature
[2.226s] -- Symlinking: /home/group1/dd2419_ws/install/robp_phidgets_temperature/share/ament_index/resource_index/rclcpp_components/robp_phidgets_temperature
[2.256s] -- Symlinking: /home/group1/dd2419_ws/install/robp_phidgets_temperature/share/robp_phidgets_temperature/cmake/robp_phidgets_temperatureConfig.cmake
[2.281s] -- Symlinking: /home/group1/dd2419_ws/install/robp_phidgets_temperature/share/robp_phidgets_temperature/cmake/robp_phidgets_temperatureConfig-version.cmake
[2.299s] -- Symlinking: /home/group1/dd2419_ws/install/robp_phidgets_temperature/share/robp_phidgets_temperature/package.xml
[2.328s] Invoked command in '/home/group1/dd2419_ws/build/robp_phidgets_temperature' returned '0': CMAKE_PREFIX_PATH=${CMAKE_PREFIX_PATH}:/home/group1/dd2419_ws/install/steering:/home/group1/dd2419_ws/install/stearing:/home/group1/dd2419_ws/install/robp_launch:/home/group1/dd2419_ws/install/robot_odometry:/home/group1/dd2419_ws/install/pickup:/home/group1/dd2419_ws/install/odometry:/home/group1/dd2419_ws/install/lidar:/home/group1/dd2419_ws/install/display:/home/group1/dd2419_ws/install/detection:/home/group1/dd2419_ws/install/controller:/home/group1/dd2419_ws/install/arm_servos_pubs_subs:/opt/ros/jazzy DEBUGINFOD_URLS=https://debuginfod.ubuntu.com /usr/bin/cmake --install /home/group1/dd2419_ws/build/robp_phidgets_temperature
