[3.532s] Invoking command in '/home/robot/dd2419_ws/build/controller': DEBUGINFOD_URLS=https://debuginfod.ubuntu.com PYTHONPATH=/home/robot/dd2419_ws/build/controller/prefix_override:/usr/lib/python3/dist-packages/colcon_core/task/python/colcon_distutils_commands:/home/robot/dd2419_ws/install/controller/lib/python3.12/site-packages:${PYTHONPATH} /usr/bin/python3 -W ignore:setup.py install is deprecated -W ignore:easy_install command is deprecated setup.py develop --editable --build-directory /home/robot/dd2419_ws/build/controller/build --no-deps symlink_data
[4.199s] running develop
[4.595s] running egg_info
[4.631s] writing controller.egg-info/PKG-INFO
[4.631s] writing dependency_links to controller.egg-info/dependency_links.txt
[4.631s] writing entry points to controller.egg-info/entry_points.txt
[4.631s] writing requirements to controller.egg-info/requires.txt
[4.632s] writing top-level names to controller.egg-info/top_level.txt
[4.710s] reading manifest file 'controller.egg-info/SOURCES.txt'
[4.710s] writing manifest file 'controller.egg-info/SOURCES.txt'
[4.723s] running build_ext
[4.723s] Creating /home/robot/dd2419_ws/install/controller/lib/python3.12/site-packages/controller.egg-link (link to .)
[4.724s] Installing controller script to /home/robot/dd2419_ws/install/controller/lib/controller
[4.724s] 
[4.725s] Installed /home/robot/dd2419_ws/build/controller
[4.726s] running symlink_data
[4.726s] creating /home/robot/dd2419_ws/install/controller/share/ament_index
[4.726s] creating /home/robot/dd2419_ws/install/controller/share/ament_index/resource_index
[4.726s] creating /home/robot/dd2419_ws/install/controller/share/ament_index/resource_index/packages
[4.726s] symbolically linking /home/robot/dd2419_ws/build/controller/resource/controller -> /home/robot/dd2419_ws/install/controller/share/ament_index/resource_index/packages
[4.726s] symbolically linking /home/robot/dd2419_ws/build/controller/package.xml -> /home/robot/dd2419_ws/install/controller/share/controller
[5.003s] Invoked command in '/home/robot/dd2419_ws/build/controller' returned '0': DEBUGINFOD_URLS=https://debuginfod.ubuntu.com PYTHONPATH=/home/robot/dd2419_ws/build/controller/prefix_override:/usr/lib/python3/dist-packages/colcon_core/task/python/colcon_distutils_commands:/home/robot/dd2419_ws/install/controller/lib/python3.12/site-packages:${PYTHONPATH} /usr/bin/python3 -W ignore:setup.py install is deprecated -W ignore:easy_install command is deprecated setup.py develop --editable --build-directory /home/robot/dd2419_ws/build/controller/build --no-deps symlink_data
