[0.019s] Invoking command in '/home/group1/dd2419_ws/build/robp_phidgets_encoders': AMENT_PREFIX_PATH=/home/group1/dd2419_ws/install/robp_interfaces:${AMENT_PREFIX_PATH} CMAKE_PREFIX_PATH=/home/group1/dd2419_ws/install/robp_interfaces:/opt/ros/jazzy/opt/gz_math_vendor:/opt/ros/jazzy/opt/gz_utils_vendor:/opt/ros/jazzy/opt/gz_cmake_vendor:/opt/ros/jazzy DEBUGINFOD_URLS=https://debuginfod.ubuntu.com LD_LIBRARY_PATH=/home/group1/dd2419_ws/install/robp_interfaces/lib:${LD_LIBRARY_PATH} PYTHONPATH=/home/group1/dd2419_ws/install/robp_interfaces/lib/python3.12/site-packages:${PYTHONPATH} /usr/bin/cmake /home/group1/dd2419_ws/src/robp_robot/robp_phidgets/robp_phidgets_encoders -DAMENT_CMAKE_SYMLINK_INSTALL=1 -DCMAKE_INSTALL_PREFIX=/home/group1/dd2419_ws/install/robp_phidgets_encoders
[0.128s] -- The C compiler identification is GNU 13.3.0
[0.234s] -- The CXX compiler identification is GNU 13.3.0
[0.263s] -- Detecting C compiler ABI info
[0.398s] -- Detecting C compiler ABI info - done
[0.420s] -- Check for working C compiler: /usr/bin/cc - skipped
[0.420s] -- Detecting C compile features
[0.420s] -- Detecting C compile features - done
[0.433s] -- Detecting CXX compiler ABI info
[0.592s] -- Detecting CXX compiler ABI info - done
[0.615s] -- Check for working CXX compiler: /usr/bin/c++ - skipped
[0.616s] -- Detecting CXX compile features
[0.617s] -- Detecting CXX compile features - done
[0.621s] -- Found ament_cmake_ros: 0.12.0 (/opt/ros/jazzy/share/ament_cmake_ros/cmake)
[0.836s] -- Found Python3: /usr/bin/python3 (found version "3.12.3") found components: Interpreter 
[0.976s] -- Override CMake install command with custom implementation using symlinks instead of copying resources
[1.021s] -- Found libphidget22: 2.3.3 (/opt/ros/jazzy/share/libphidget22/cmake)
[1.024s] -- Found phidgets_api: 2.3.3 (/opt/ros/jazzy/share/phidgets_api/cmake)
[1.030s] -- Found rclcpp: 28.1.6 (/opt/ros/jazzy/share/rclcpp/cmake)
[1.102s] -- Found rosidl_generator_c: 4.6.5 (/opt/ros/jazzy/share/rosidl_generator_c/cmake)
[1.130s] -- Found rosidl_generator_cpp: 4.6.5 (/opt/ros/jazzy/share/rosidl_generator_cpp/cmake)
[1.163s] -- Using all available rosidl_typesupport_c: rosidl_typesupport_fastrtps_c;rosidl_typesupport_introspection_c
[1.201s] -- Using all available rosidl_typesupport_cpp: rosidl_typesupport_fastrtps_cpp;rosidl_typesupport_introspection_cpp
[1.363s] -- Found rmw_implementation_cmake: 7.3.1 (/opt/ros/jazzy/share/rmw_implementation_cmake/cmake)
[1.368s] -- Found rmw_fastrtps_cpp: 8.4.1 (/opt/ros/jazzy/share/rmw_fastrtps_cpp/cmake)
[1.482s] -- Found OpenSSL: /usr/lib/x86_64-linux-gnu/libcrypto.so (found version "3.0.13")  
[1.505s] -- Found FastRTPS: /opt/ros/jazzy/include (Required is at least version "2.13") 
[1.535s] -- Using RMW implementation 'rmw_fastrtps_cpp' as default
[1.629s] -- Found rclcpp_components: 28.1.6 (/opt/ros/jazzy/share/rclcpp_components/cmake)
[1.674s] -- Found robp_interfaces: 1.0.0 (/home/group1/dd2419_ws/install/robp_interfaces/share/robp_interfaces/cmake)
[1.865s] -- Configuring done (1.8s)
[1.879s] -- Generating done (0.0s)
[1.884s] -- Build files have been written to: /home/group1/dd2419_ws/build/robp_phidgets_encoders
[1.896s] Invoked command in '/home/group1/dd2419_ws/build/robp_phidgets_encoders' returned '0': AMENT_PREFIX_PATH=/home/group1/dd2419_ws/install/robp_interfaces:${AMENT_PREFIX_PATH} CMAKE_PREFIX_PATH=/home/group1/dd2419_ws/install/robp_interfaces:/opt/ros/jazzy/opt/gz_math_vendor:/opt/ros/jazzy/opt/gz_utils_vendor:/opt/ros/jazzy/opt/gz_cmake_vendor:/opt/ros/jazzy DEBUGINFOD_URLS=https://debuginfod.ubuntu.com LD_LIBRARY_PATH=/home/group1/dd2419_ws/install/robp_interfaces/lib:${LD_LIBRARY_PATH} PYTHONPATH=/home/group1/dd2419_ws/install/robp_interfaces/lib/python3.12/site-packages:${PYTHONPATH} /usr/bin/cmake /home/group1/dd2419_ws/src/robp_robot/robp_phidgets/robp_phidgets_encoders -DAMENT_CMAKE_SYMLINK_INSTALL=1 -DCMAKE_INSTALL_PREFIX=/home/group1/dd2419_ws/install/robp_phidgets_encoders
[1.897s] Invoking command in '/home/group1/dd2419_ws/build/robp_phidgets_encoders': AMENT_PREFIX_PATH=/home/group1/dd2419_ws/install/robp_interfaces:${AMENT_PREFIX_PATH} CMAKE_PREFIX_PATH=/home/group1/dd2419_ws/install/robp_interfaces:/opt/ros/jazzy/opt/gz_math_vendor:/opt/ros/jazzy/opt/gz_utils_vendor:/opt/ros/jazzy/opt/gz_cmake_vendor:/opt/ros/jazzy DEBUGINFOD_URLS=https://debuginfod.ubuntu.com LD_LIBRARY_PATH=/home/group1/dd2419_ws/install/robp_interfaces/lib:${LD_LIBRARY_PATH} PYTHONPATH=/home/group1/dd2419_ws/install/robp_interfaces/lib/python3.12/site-packages:${PYTHONPATH} /usr/bin/cmake --build /home/group1/dd2419_ws/build/robp_phidgets_encoders -- -j8 -l8
[1.953s] [ 33%] [32mBuilding CXX object CMakeFiles/robp_phidgets_encoders.dir/src/encoders.cpp.o[0m
[1.955s] [ 66%] [32mBuilding CXX object CMakeFiles/robp_phidgets_encoders.dir/src/encoder.cpp.o[0m
[9.088s] [100%] [32m[1mLinking CXX shared library librobp_phidgets_encoders.so[0m
[9.291s] [100%] Built target robp_phidgets_encoders
[9.304s] Invoked command in '/home/group1/dd2419_ws/build/robp_phidgets_encoders' returned '0': AMENT_PREFIX_PATH=/home/group1/dd2419_ws/install/robp_interfaces:${AMENT_PREFIX_PATH} CMAKE_PREFIX_PATH=/home/group1/dd2419_ws/install/robp_interfaces:/opt/ros/jazzy/opt/gz_math_vendor:/opt/ros/jazzy/opt/gz_utils_vendor:/opt/ros/jazzy/opt/gz_cmake_vendor:/opt/ros/jazzy DEBUGINFOD_URLS=https://debuginfod.ubuntu.com LD_LIBRARY_PATH=/home/group1/dd2419_ws/install/robp_interfaces/lib:${LD_LIBRARY_PATH} PYTHONPATH=/home/group1/dd2419_ws/install/robp_interfaces/lib/python3.12/site-packages:${PYTHONPATH} /usr/bin/cmake --build /home/group1/dd2419_ws/build/robp_phidgets_encoders -- -j8 -l8
[9.306s] Invoking command in '/home/group1/dd2419_ws/build/robp_phidgets_encoders': AMENT_PREFIX_PATH=/home/group1/dd2419_ws/install/robp_interfaces:${AMENT_PREFIX_PATH} CMAKE_PREFIX_PATH=/home/group1/dd2419_ws/install/robp_interfaces:/opt/ros/jazzy/opt/gz_math_vendor:/opt/ros/jazzy/opt/gz_utils_vendor:/opt/ros/jazzy/opt/gz_cmake_vendor:/opt/ros/jazzy DEBUGINFOD_URLS=https://debuginfod.ubuntu.com LD_LIBRARY_PATH=/home/group1/dd2419_ws/install/robp_interfaces/lib:${LD_LIBRARY_PATH} PYTHONPATH=/home/group1/dd2419_ws/install/robp_interfaces/lib/python3.12/site-packages:${PYTHONPATH} /usr/bin/cmake --install /home/group1/dd2419_ws/build/robp_phidgets_encoders
[9.314s] -- Install configuration: "Release"
[9.314s] -- Execute custom install script
[9.315s] -- Symlinking: /home/group1/dd2419_ws/install/robp_phidgets_encoders/lib/librobp_phidgets_encoders.so
[9.325s] -- Symlinking: /home/group1/dd2419_ws/install/robp_phidgets_encoders/include/robp_phidgets_encoders/encoder.hpp
[9.335s] -- Symlinking: /home/group1/dd2419_ws/install/robp_phidgets_encoders/include/robp_phidgets_encoders/encoders.hpp
[9.345s] -- Symlinking: /home/group1/dd2419_ws/install/robp_phidgets_encoders/share/robp_phidgets_encoders/launch/encoders_launch.py
[9.356s] -- Symlinking: /home/group1/dd2419_ws/install/robp_phidgets_encoders/share/ament_index/resource_index/package_run_dependencies/robp_phidgets_encoders
[9.366s] -- Symlinking: /home/group1/dd2419_ws/install/robp_phidgets_encoders/share/ament_index/resource_index/parent_prefix_path/robp_phidgets_encoders
[9.376s] -- Symlinking: /home/group1/dd2419_ws/install/robp_phidgets_encoders/share/robp_phidgets_encoders/environment/ament_prefix_path.sh
[9.386s] -- Symlinking: /home/group1/dd2419_ws/install/robp_phidgets_encoders/share/robp_phidgets_encoders/environment/ament_prefix_path.dsv
[9.396s] -- Symlinking: /home/group1/dd2419_ws/install/robp_phidgets_encoders/share/robp_phidgets_encoders/environment/path.sh
[9.406s] -- Symlinking: /home/group1/dd2419_ws/install/robp_phidgets_encoders/share/robp_phidgets_encoders/environment/path.dsv
[9.416s] -- Symlinking: /home/group1/dd2419_ws/install/robp_phidgets_encoders/share/robp_phidgets_encoders/local_setup.bash
[9.425s] -- Symlinking: /home/group1/dd2419_ws/install/robp_phidgets_encoders/share/robp_phidgets_encoders/local_setup.sh
[9.435s] -- Symlinking: /home/group1/dd2419_ws/install/robp_phidgets_encoders/share/robp_phidgets_encoders/local_setup.zsh
[9.445s] -- Symlinking: /home/group1/dd2419_ws/install/robp_phidgets_encoders/share/robp_phidgets_encoders/local_setup.dsv
[9.456s] -- Symlinking: /home/group1/dd2419_ws/install/robp_phidgets_encoders/share/robp_phidgets_encoders/package.dsv
[9.466s] -- Symlinking: /home/group1/dd2419_ws/install/robp_phidgets_encoders/share/ament_index/resource_index/packages/robp_phidgets_encoders
[9.476s] -- Symlinking: /home/group1/dd2419_ws/install/robp_phidgets_encoders/share/ament_index/resource_index/rclcpp_components/robp_phidgets_encoders
[9.486s] -- Symlinking: /home/group1/dd2419_ws/install/robp_phidgets_encoders/share/robp_phidgets_encoders/cmake/robp_phidgets_encodersConfig.cmake
[9.495s] -- Symlinking: /home/group1/dd2419_ws/install/robp_phidgets_encoders/share/robp_phidgets_encoders/cmake/robp_phidgets_encodersConfig-version.cmake
[9.505s] -- Symlinking: /home/group1/dd2419_ws/install/robp_phidgets_encoders/share/robp_phidgets_encoders/package.xml
[9.518s] Invoked command in '/home/group1/dd2419_ws/build/robp_phidgets_encoders' returned '0': AMENT_PREFIX_PATH=/home/group1/dd2419_ws/install/robp_interfaces:${AMENT_PREFIX_PATH} CMAKE_PREFIX_PATH=/home/group1/dd2419_ws/install/robp_interfaces:/opt/ros/jazzy/opt/gz_math_vendor:/opt/ros/jazzy/opt/gz_utils_vendor:/opt/ros/jazzy/opt/gz_cmake_vendor:/opt/ros/jazzy DEBUGINFOD_URLS=https://debuginfod.ubuntu.com LD_LIBRARY_PATH=/home/group1/dd2419_ws/install/robp_interfaces/lib:${LD_LIBRARY_PATH} PYTHONPATH=/home/group1/dd2419_ws/install/robp_interfaces/lib/python3.12/site-packages:${PYTHONPATH} /usr/bin/cmake --install /home/group1/dd2419_ws/build/robp_phidgets_encoders
