[0.011s] Invoking command in '/home/group1/dd2419_ws/build/micro_ros_msgs': CMAKE_PREFIX_PATH=${CMAKE_PREFIX_PATH}:/home/group1/dd2419_ws/install/robp_launch:/home/group1/dd2419_ws/install/arm_servos_pubs_subs:/opt/ros/jazzy DEBUGINFOD_URLS=https://debuginfod.ubuntu.com /usr/bin/cmake /home/group1/dd2419_ws/src/uros/micro_ros_msgs -DUAGENT_BUILD_EXECUTABLE=OFF -DUAGENT_P2P_PROFILE=OFF --no-warn-unused-cli -DCMAKE_INSTALL_PREFIX=/home/group1/dd2419_ws/install/micro_ros_msgs
[0.019s] Not searching for unused variables given on the command line.
[0.073s] -- The C compiler identification is GNU 13.3.0
[0.139s] -- The CXX compiler identification is GNU 13.3.0
[0.157s] -- Detecting C compiler ABI info
[0.260s] -- Detecting C compiler ABI info - done
[0.271s] -- Check for working C compiler: /usr/bin/cc - skipped
[0.272s] -- Detecting C compile features
[0.272s] -- Detecting C compile features - done
[0.282s] -- Detecting CXX compiler ABI info
[0.399s] -- Detecting CXX compiler ABI info - done
[0.410s] -- Check for working CXX compiler: /usr/bin/c++ - skipped
[0.410s] -- Detecting CXX compile features
[0.411s] -- Detecting CXX compile features - done
[0.414s] -- Found ament_cmake: 2.5.3 (/opt/ros/jazzy/share/ament_cmake/cmake)
[0.597s] -- Found Python3: /usr/bin/python3 (found version "3.12.3") found components: Interpreter 
[0.727s] -- Found rosidl_default_generators: 1.6.0 (/opt/ros/jazzy/share/rosidl_default_generators/cmake)
[0.736s] -- Using all available rosidl_typesupport_c: rosidl_typesupport_fastrtps_c;rosidl_typesupport_introspection_c
[0.801s] -- Using all available rosidl_typesupport_cpp: rosidl_typesupport_fastrtps_cpp;rosidl_typesupport_introspection_cpp
[0.854s] -- Found rosidl_adapter: 4.6.5 (/opt/ros/jazzy/share/rosidl_adapter/cmake)
[0.858s] -- Found ament_lint_auto: 0.17.1 (/opt/ros/jazzy/share/ament_lint_auto/cmake)
[1.582s] -- Found ament_cmake_ros: 0.12.0 (/opt/ros/jazzy/share/ament_cmake_ros/cmake)
[2.097s] -- Using all available rosidl_typesupport_c: rosidl_typesupport_fastrtps_c;rosidl_typesupport_introspection_c
[2.769s] -- Using all available rosidl_typesupport_cpp: rosidl_typesupport_fastrtps_cpp;rosidl_typesupport_introspection_cpp
[2.773s] -- Found python_cmake_module: 0.11.1 (/opt/ros/jazzy/share/python_cmake_module/cmake)
[2.937s] -- Found PythonExtra: /usr/bin/python3  
[3.470s] -- Found Python3: /usr/bin/python3 (found version "3.12.3") found components: Interpreter Development NumPy Development.Module Development.Embed 
[3.512s] -- Added test 'copyright' to check source files copyright and LICENSE
[3.519s] -- Added test 'lint_cmake' to check CMake code style
[3.523s] -- Added test 'xmllint' to check XML markup files
[3.529s] -- Configuring done (3.5s)
[3.565s] -- Generating done (0.0s)
[3.577s] -- Build files have been written to: /home/group1/dd2419_ws/build/micro_ros_msgs
[3.584s] Invoked command in '/home/group1/dd2419_ws/build/micro_ros_msgs' returned '0': CMAKE_PREFIX_PATH=${CMAKE_PREFIX_PATH}:/home/group1/dd2419_ws/install/robp_launch:/home/group1/dd2419_ws/install/arm_servos_pubs_subs:/opt/ros/jazzy DEBUGINFOD_URLS=https://debuginfod.ubuntu.com /usr/bin/cmake /home/group1/dd2419_ws/src/uros/micro_ros_msgs -DUAGENT_BUILD_EXECUTABLE=OFF -DUAGENT_P2P_PROFILE=OFF --no-warn-unused-cli -DCMAKE_INSTALL_PREFIX=/home/group1/dd2419_ws/install/micro_ros_msgs
[3.585s] Invoking command in '/home/group1/dd2419_ws/build/micro_ros_msgs': CMAKE_PREFIX_PATH=${CMAKE_PREFIX_PATH}:/home/group1/dd2419_ws/install/robp_launch:/home/group1/dd2419_ws/install/arm_servos_pubs_subs:/opt/ros/jazzy DEBUGINFOD_URLS=https://debuginfod.ubuntu.com /usr/bin/cmake --build /home/group1/dd2419_ws/build/micro_ros_msgs -- -j8 -l8
[3.642s] [  1%] [34m[1mGenerating type hashes for ROS interfaces[0m
[3.652s] [  1%] Built target ament_cmake_python_copy_micro_ros_msgs
[3.909s] running egg_info
[3.910s] creating micro_ros_msgs.egg-info
[3.932s] writing micro_ros_msgs.egg-info/PKG-INFO
[3.932s] writing dependency_links to micro_ros_msgs.egg-info/dependency_links.txt
[3.932s] writing top-level names to micro_ros_msgs.egg-info/top_level.txt
[3.932s] writing manifest file 'micro_ros_msgs.egg-info/SOURCES.txt'
[3.933s] [  1%] Built target micro_ros_msgs__rosidl_generator_type_description
[3.944s] [  3%] [34m[1mGenerating C code for ROS interfaces[0m
[3.956s] [  5%] [34m[1mGenerating C++ code for ROS interfaces[0m
[4.000s] reading manifest file 'micro_ros_msgs.egg-info/SOURCES.txt'
[4.000s] writing manifest file 'micro_ros_msgs.egg-info/SOURCES.txt'
[4.033s] [  5%] Built target ament_cmake_python_build_micro_ros_msgs_egg
[4.370s] [  5%] Built target micro_ros_msgs__cpp
[4.448s] [ 11%] [32mBuilding C object CMakeFiles/micro_ros_msgs__rosidl_generator_c.dir/rosidl_generator_c/micro_ros_msgs/msg/detail/graph__type_support.c.o[0m
[4.448s] [ 11%] [32mBuilding C object CMakeFiles/micro_ros_msgs__rosidl_generator_c.dir/rosidl_generator_c/micro_ros_msgs/msg/detail/graph__functions.c.o[0m
[4.449s] [ 11%] [32mBuilding C object CMakeFiles/micro_ros_msgs__rosidl_generator_c.dir/rosidl_generator_c/micro_ros_msgs/msg/detail/graph__description.c.o[0m
[4.449s] [ 12%] [32mBuilding C object CMakeFiles/micro_ros_msgs__rosidl_generator_c.dir/rosidl_generator_c/micro_ros_msgs/msg/detail/node__description.c.o[0m
[4.449s] [ 14%] [32mBuilding C object CMakeFiles/micro_ros_msgs__rosidl_generator_c.dir/rosidl_generator_c/micro_ros_msgs/msg/detail/entity__description.c.o[0m
[4.449s] [ 16%] [32mBuilding C object CMakeFiles/micro_ros_msgs__rosidl_generator_c.dir/rosidl_generator_c/micro_ros_msgs/msg/detail/node__type_support.c.o[0m
[4.449s] [ 18%] [32mBuilding C object CMakeFiles/micro_ros_msgs__rosidl_generator_c.dir/rosidl_generator_c/micro_ros_msgs/msg/detail/entity__functions.c.o[0m
[4.450s] [ 20%] [32mBuilding C object CMakeFiles/micro_ros_msgs__rosidl_generator_c.dir/rosidl_generator_c/micro_ros_msgs/msg/detail/node__functions.c.o[0m
[4.501s] [ 22%] [32mBuilding C object CMakeFiles/micro_ros_msgs__rosidl_generator_c.dir/rosidl_generator_c/micro_ros_msgs/msg/detail/entity__type_support.c.o[0m
[4.533s] [ 24%] [32m[1mLinking C shared library libmicro_ros_msgs__rosidl_generator_c.so[0m
[4.581s] [ 24%] Built target micro_ros_msgs__rosidl_generator_c
[4.592s] [ 25%] [34m[1mGenerating C type support dispatch for ROS interfaces[0m
[4.594s] [ 27%] [34m[1mGenerating C++ type support dispatch for ROS interfaces[0m
[4.596s] [ 31%] [34m[1mGenerating C introspection for ROS interfaces[0m
[4.596s] [ 31%] [34m[1mGenerating C type support for eProsima Fast-RTPS[0m
[4.597s] [ 33%] [34m[1mGenerating C++ type support for eProsima Fast-RTPS[0m
[4.597s] [ 35%] [34m[1mGenerating C++ introspection for ROS interfaces[0m
[4.940s] [ 37%] [32mBuilding CXX object CMakeFiles/micro_ros_msgs__rosidl_typesupport_c.dir/rosidl_typesupport_c/micro_ros_msgs/msg/graph__type_support.cpp.o[0m
[4.942s] [ 38%] [32mBuilding CXX object CMakeFiles/micro_ros_msgs__rosidl_typesupport_c.dir/rosidl_typesupport_c/micro_ros_msgs/msg/node__type_support.cpp.o[0m
[4.944s] [ 40%] [32mBuilding CXX object CMakeFiles/micro_ros_msgs__rosidl_typesupport_c.dir/rosidl_typesupport_c/micro_ros_msgs/msg/entity__type_support.cpp.o[0m
[4.956s] [ 42%] [32mBuilding CXX object CMakeFiles/micro_ros_msgs__rosidl_typesupport_cpp.dir/rosidl_typesupport_cpp/micro_ros_msgs/msg/graph__type_support.cpp.o[0m
[5.016s] [ 46%] [32mBuilding CXX object CMakeFiles/micro_ros_msgs__rosidl_typesupport_cpp.dir/rosidl_typesupport_cpp/micro_ros_msgs/msg/node__type_support.cpp.o[0m
[5.017s] [ 46%] [32mBuilding CXX object CMakeFiles/micro_ros_msgs__rosidl_typesupport_cpp.dir/rosidl_typesupport_cpp/micro_ros_msgs/msg/entity__type_support.cpp.o[0m
[5.021s] [ 48%] [32m[1mLinking CXX shared library libmicro_ros_msgs__rosidl_typesupport_c.so[0m
[5.096s] [ 48%] Built target micro_ros_msgs__rosidl_typesupport_c
[5.289s] [ 50%] [32mBuilding CXX object CMakeFiles/micro_ros_msgs__rosidl_typesupport_introspection_cpp.dir/rosidl_typesupport_introspection_cpp/micro_ros_msgs/msg/detail/graph__type_support.cpp.o[0m
[5.289s] [ 51%] [32mBuilding CXX object CMakeFiles/micro_ros_msgs__rosidl_typesupport_introspection_cpp.dir/rosidl_typesupport_introspection_cpp/micro_ros_msgs/msg/detail/node__type_support.cpp.o[0m
[5.320s] [ 53%] [32mBuilding C object CMakeFiles/micro_ros_msgs__rosidl_typesupport_introspection_c.dir/rosidl_typesupport_introspection_c/micro_ros_msgs/msg/detail/graph__type_support.c.o[0m
[5.406s] [ 55%] [32mBuilding C object CMakeFiles/micro_ros_msgs__rosidl_typesupport_introspection_c.dir/rosidl_typesupport_introspection_c/micro_ros_msgs/msg/detail/node__type_support.c.o[0m
[5.427s] [ 57%] [32mBuilding CXX object CMakeFiles/micro_ros_msgs__rosidl_typesupport_fastrtps_cpp.dir/rosidl_typesupport_fastrtps_cpp/micro_ros_msgs/msg/detail/dds_fastrtps/graph__type_support.cpp.o[0m
[5.441s] [ 59%] [32mBuilding CXX object CMakeFiles/micro_ros_msgs__rosidl_typesupport_introspection_cpp.dir/rosidl_typesupport_introspection_cpp/micro_ros_msgs/msg/detail/entity__type_support.cpp.o[0m
[5.462s] [ 61%] [32mBuilding CXX object CMakeFiles/micro_ros_msgs__rosidl_typesupport_fastrtps_c.dir/rosidl_typesupport_fastrtps_c/micro_ros_msgs/msg/detail/graph__type_support_c.cpp.o[0m
[5.490s] [ 62%] [32mBuilding C object CMakeFiles/micro_ros_msgs__rosidl_typesupport_introspection_c.dir/rosidl_typesupport_introspection_c/micro_ros_msgs/msg/detail/entity__type_support.c.o[0m
[5.558s] [ 64%] [32m[1mLinking C shared library libmicro_ros_msgs__rosidl_typesupport_introspection_c.so[0m
[5.575s] [ 66%] [32mBuilding CXX object CMakeFiles/micro_ros_msgs__rosidl_typesupport_fastrtps_cpp.dir/rosidl_typesupport_fastrtps_cpp/micro_ros_msgs/msg/detail/dds_fastrtps/node__type_support.cpp.o[0m
[5.595s] [ 68%] [32m[1mLinking CXX shared library libmicro_ros_msgs__rosidl_typesupport_cpp.so[0m
[5.610s] [ 68%] Built target micro_ros_msgs__rosidl_typesupport_introspection_c
[5.625s] [ 70%] [32mBuilding CXX object CMakeFiles/micro_ros_msgs__rosidl_typesupport_fastrtps_cpp.dir/rosidl_typesupport_fastrtps_cpp/micro_ros_msgs/msg/detail/dds_fastrtps/entity__type_support.cpp.o[0m
[5.660s] [ 70%] Built target micro_ros_msgs__rosidl_typesupport_cpp
[5.675s] [ 72%] [32mBuilding CXX object CMakeFiles/micro_ros_msgs__rosidl_typesupport_fastrtps_c.dir/rosidl_typesupport_fastrtps_c/micro_ros_msgs/msg/detail/node__type_support_c.cpp.o[0m
[6.019s] [ 74%] [32mBuilding CXX object CMakeFiles/micro_ros_msgs__rosidl_typesupport_fastrtps_c.dir/rosidl_typesupport_fastrtps_c/micro_ros_msgs/msg/detail/entity__type_support_c.cpp.o[0m
[6.148s] [ 75%] [32m[1mLinking CXX shared library libmicro_ros_msgs__rosidl_typesupport_introspection_cpp.so[0m
[6.291s] [ 75%] Built target micro_ros_msgs__rosidl_typesupport_introspection_cpp
[6.501s] [ 77%] [32m[1mLinking CXX shared library libmicro_ros_msgs__rosidl_typesupport_fastrtps_cpp.so[0m
[6.586s] [ 77%] Built target micro_ros_msgs__rosidl_typesupport_fastrtps_cpp
[6.667s] [ 79%] [32m[1mLinking CXX shared library libmicro_ros_msgs__rosidl_typesupport_fastrtps_c.so[0m
[6.752s] [ 79%] Built target micro_ros_msgs__rosidl_typesupport_fastrtps_c
[6.774s] [ 79%] Built target micro_ros_msgs
[6.796s] [ 81%] [34m[1mGenerating Python code for ROS interfaces[0m
[7.346s] [ 81%] Built target micro_ros_msgs__py
[7.368s] [ 83%] [32mBuilding C object CMakeFiles/micro_ros_msgs__rosidl_generator_py.dir/rosidl_generator_py/micro_ros_msgs/msg/_graph_s.c.o[0m
[7.368s] [ 85%] [32mBuilding C object CMakeFiles/micro_ros_msgs__rosidl_generator_py.dir/rosidl_generator_py/micro_ros_msgs/msg/_node_s.c.o[0m
[7.368s] [ 87%] [32mBuilding C object CMakeFiles/micro_ros_msgs__rosidl_generator_py.dir/rosidl_generator_py/micro_ros_msgs/msg/_entity_s.c.o[0m
[7.505s] [ 88%] [32m[1mLinking C shared library libmicro_ros_msgs__rosidl_generator_py.so[0m
[7.550s] [ 88%] Built target micro_ros_msgs__rosidl_generator_py
[7.572s] [ 90%] [32mBuilding C object CMakeFiles/micro_ros_msgs_s__rosidl_typesupport_c.dir/rosidl_generator_py/micro_ros_msgs/_micro_ros_msgs_s.ep.rosidl_typesupport_c.c.o[0m
[7.572s] [ 94%] [32mBuilding C object CMakeFiles/micro_ros_msgs_s__rosidl_typesupport_fastrtps_c.dir/rosidl_generator_py/micro_ros_msgs/_micro_ros_msgs_s.ep.rosidl_typesupport_fastrtps_c.c.o[0m
[7.572s] [ 94%] [32mBuilding C object CMakeFiles/micro_ros_msgs_s__rosidl_typesupport_introspection_c.dir/rosidl_generator_py/micro_ros_msgs/_micro_ros_msgs_s.ep.rosidl_typesupport_introspection_c.c.o[0m
[7.691s] [ 98%] [32m[1mLinking C shared module rosidl_generator_py/micro_ros_msgs/micro_ros_msgs_s__rosidl_typesupport_introspection_c.so[0m
[7.691s] [ 98%] [32m[1mLinking C shared module rosidl_generator_py/micro_ros_msgs/micro_ros_msgs_s__rosidl_typesupport_c.so[0m
[7.691s] [100%] [32m[1mLinking C shared module rosidl_generator_py/micro_ros_msgs/micro_ros_msgs_s__rosidl_typesupport_fastrtps_c.so[0m
[7.725s] [100%] Built target micro_ros_msgs_s__rosidl_typesupport_c
[7.725s] [100%] Built target micro_ros_msgs_s__rosidl_typesupport_fastrtps_c
[7.725s] [100%] Built target micro_ros_msgs_s__rosidl_typesupport_introspection_c
[7.739s] Invoked command in '/home/group1/dd2419_ws/build/micro_ros_msgs' returned '0': CMAKE_PREFIX_PATH=${CMAKE_PREFIX_PATH}:/home/group1/dd2419_ws/install/robp_launch:/home/group1/dd2419_ws/install/arm_servos_pubs_subs:/opt/ros/jazzy DEBUGINFOD_URLS=https://debuginfod.ubuntu.com /usr/bin/cmake --build /home/group1/dd2419_ws/build/micro_ros_msgs -- -j8 -l8
[7.750s] Invoking command in '/home/group1/dd2419_ws/build/micro_ros_msgs': CMAKE_PREFIX_PATH=${CMAKE_PREFIX_PATH}:/home/group1/dd2419_ws/install/robp_launch:/home/group1/dd2419_ws/install/arm_servos_pubs_subs:/opt/ros/jazzy DEBUGINFOD_URLS=https://debuginfod.ubuntu.com /usr/bin/cmake --install /home/group1/dd2419_ws/build/micro_ros_msgs
[7.759s] -- Install configuration: ""
[7.759s] -- Installing: /home/group1/dd2419_ws/install/micro_ros_msgs/share/ament_index/resource_index/rosidl_interfaces/micro_ros_msgs
[7.760s] -- Installing: /home/group1/dd2419_ws/install/micro_ros_msgs/share/micro_ros_msgs/msg/Graph.json
[7.760s] -- Installing: /home/group1/dd2419_ws/install/micro_ros_msgs/share/micro_ros_msgs/msg/Node.json
[7.760s] -- Installing: /home/group1/dd2419_ws/install/micro_ros_msgs/share/micro_ros_msgs/msg/Entity.json
[7.760s] -- Installing: /home/group1/dd2419_ws/install/micro_ros_msgs/include/micro_ros_msgs/micro_ros_msgs
[7.760s] -- Installing: /home/group1/dd2419_ws/install/micro_ros_msgs/include/micro_ros_msgs/micro_ros_msgs/msg
[7.760s] -- Installing: /home/group1/dd2419_ws/install/micro_ros_msgs/include/micro_ros_msgs/micro_ros_msgs/msg/graph.h
[7.760s] -- Installing: /home/group1/dd2419_ws/install/micro_ros_msgs/include/micro_ros_msgs/micro_ros_msgs/msg/detail
[7.760s] -- Installing: /home/group1/dd2419_ws/install/micro_ros_msgs/include/micro_ros_msgs/micro_ros_msgs/msg/detail/node__type_support.c
[7.761s] -- Installing: /home/group1/dd2419_ws/install/micro_ros_msgs/include/micro_ros_msgs/micro_ros_msgs/msg/detail/entity__description.c
[7.761s] -- Installing: /home/group1/dd2419_ws/install/micro_ros_msgs/include/micro_ros_msgs/micro_ros_msgs/msg/detail/entity__type_support.c
[7.761s] -- Installing: /home/group1/dd2419_ws/install/micro_ros_msgs/include/micro_ros_msgs/micro_ros_msgs/msg/detail/node__struct.h
[7.761s] -- Installing: /home/group1/dd2419_ws/install/micro_ros_msgs/include/micro_ros_msgs/micro_ros_msgs/msg/detail/graph__type_support.c
[7.761s] -- Installing: /home/group1/dd2419_ws/install/micro_ros_msgs/include/micro_ros_msgs/micro_ros_msgs/msg/detail/graph__struct.h
[7.761s] -- Installing: /home/group1/dd2419_ws/install/micro_ros_msgs/include/micro_ros_msgs/micro_ros_msgs/msg/detail/node__description.c
[7.761s] -- Installing: /home/group1/dd2419_ws/install/micro_ros_msgs/include/micro_ros_msgs/micro_ros_msgs/msg/detail/graph__functions.h
[7.761s] -- Installing: /home/group1/dd2419_ws/install/micro_ros_msgs/include/micro_ros_msgs/micro_ros_msgs/msg/detail/entity__functions.h
[7.761s] -- Installing: /home/group1/dd2419_ws/install/micro_ros_msgs/include/micro_ros_msgs/micro_ros_msgs/msg/detail/entity__functions.c
[7.762s] -- Installing: /home/group1/dd2419_ws/install/micro_ros_msgs/include/micro_ros_msgs/micro_ros_msgs/msg/detail/entity__struct.h
[7.762s] -- Installing: /home/group1/dd2419_ws/install/micro_ros_msgs/include/micro_ros_msgs/micro_ros_msgs/msg/detail/node__type_support.h
[7.762s] -- Installing: /home/group1/dd2419_ws/install/micro_ros_msgs/include/micro_ros_msgs/micro_ros_msgs/msg/detail/graph__description.c
[7.762s] -- Installing: /home/group1/dd2419_ws/install/micro_ros_msgs/include/micro_ros_msgs/micro_ros_msgs/msg/detail/node__functions.c
[7.762s] -- Installing: /home/group1/dd2419_ws/install/micro_ros_msgs/include/micro_ros_msgs/micro_ros_msgs/msg/detail/graph__functions.c
[7.762s] -- Installing: /home/group1/dd2419_ws/install/micro_ros_msgs/include/micro_ros_msgs/micro_ros_msgs/msg/detail/graph__type_support.h
[7.762s] -- Installing: /home/group1/dd2419_ws/install/micro_ros_msgs/include/micro_ros_msgs/micro_ros_msgs/msg/detail/entity__type_support.h
[7.762s] -- Installing: /home/group1/dd2419_ws/install/micro_ros_msgs/include/micro_ros_msgs/micro_ros_msgs/msg/detail/node__functions.h
[7.762s] -- Installing: /home/group1/dd2419_ws/install/micro_ros_msgs/include/micro_ros_msgs/micro_ros_msgs/msg/entity.h
[7.762s] -- Installing: /home/group1/dd2419_ws/install/micro_ros_msgs/include/micro_ros_msgs/micro_ros_msgs/msg/rosidl_generator_c__visibility_control.h
[7.763s] -- Installing: /home/group1/dd2419_ws/install/micro_ros_msgs/include/micro_ros_msgs/micro_ros_msgs/msg/node.h
[7.763s] -- Installing: /home/group1/dd2419_ws/install/micro_ros_msgs/share/micro_ros_msgs/environment/library_path.sh
[7.763s] -- Installing: /home/group1/dd2419_ws/install/micro_ros_msgs/share/micro_ros_msgs/environment/library_path.dsv
[7.763s] -- Installing: /home/group1/dd2419_ws/install/micro_ros_msgs/lib/libmicro_ros_msgs__rosidl_generator_c.so
[7.763s] -- Set non-toolchain portion of runtime path of "/home/group1/dd2419_ws/install/micro_ros_msgs/lib/libmicro_ros_msgs__rosidl_generator_c.so" to ""
[7.763s] -- Up-to-date: /home/group1/dd2419_ws/install/micro_ros_msgs/include/micro_ros_msgs/micro_ros_msgs
[7.763s] -- Up-to-date: /home/group1/dd2419_ws/install/micro_ros_msgs/include/micro_ros_msgs/micro_ros_msgs/msg
[7.763s] -- Installing: /home/group1/dd2419_ws/install/micro_ros_msgs/include/micro_ros_msgs/micro_ros_msgs/msg/rosidl_typesupport_fastrtps_c__visibility_control.h
[7.763s] -- Up-to-date: /home/group1/dd2419_ws/install/micro_ros_msgs/include/micro_ros_msgs/micro_ros_msgs/msg/detail
[7.763s] -- Installing: /home/group1/dd2419_ws/install/micro_ros_msgs/include/micro_ros_msgs/micro_ros_msgs/msg/detail/node__rosidl_typesupport_fastrtps_c.h
[7.764s] -- Installing: /home/group1/dd2419_ws/install/micro_ros_msgs/include/micro_ros_msgs/micro_ros_msgs/msg/detail/entity__rosidl_typesupport_fastrtps_c.h
[7.764s] -- Installing: /home/group1/dd2419_ws/install/micro_ros_msgs/include/micro_ros_msgs/micro_ros_msgs/msg/detail/graph__rosidl_typesupport_fastrtps_c.h
[7.764s] -- Installing: /home/group1/dd2419_ws/install/micro_ros_msgs/lib/libmicro_ros_msgs__rosidl_typesupport_fastrtps_c.so
[7.764s] -- Set non-toolchain portion of runtime path of "/home/group1/dd2419_ws/install/micro_ros_msgs/lib/libmicro_ros_msgs__rosidl_typesupport_fastrtps_c.so" to ""
[7.764s] -- Up-to-date: /home/group1/dd2419_ws/install/micro_ros_msgs/include/micro_ros_msgs/micro_ros_msgs
[7.764s] -- Up-to-date: /home/group1/dd2419_ws/install/micro_ros_msgs/include/micro_ros_msgs/micro_ros_msgs/msg
[7.764s] -- Up-to-date: /home/group1/dd2419_ws/install/micro_ros_msgs/include/micro_ros_msgs/micro_ros_msgs/msg/detail
[7.764s] -- Installing: /home/group1/dd2419_ws/install/micro_ros_msgs/include/micro_ros_msgs/micro_ros_msgs/msg/detail/node__type_support.c
[7.764s] -- Installing: /home/group1/dd2419_ws/install/micro_ros_msgs/include/micro_ros_msgs/micro_ros_msgs/msg/detail/entity__type_support.c
[7.765s] -- Installing: /home/group1/dd2419_ws/install/micro_ros_msgs/include/micro_ros_msgs/micro_ros_msgs/msg/detail/graph__type_support.c
[7.765s] -- Installing: /home/group1/dd2419_ws/install/micro_ros_msgs/include/micro_ros_msgs/micro_ros_msgs/msg/detail/graph__rosidl_typesupport_introspection_c.h
[7.765s] -- Installing: /home/group1/dd2419_ws/install/micro_ros_msgs/include/micro_ros_msgs/micro_ros_msgs/msg/detail/entity__rosidl_typesupport_introspection_c.h
[7.765s] -- Installing: /home/group1/dd2419_ws/install/micro_ros_msgs/include/micro_ros_msgs/micro_ros_msgs/msg/detail/node__rosidl_typesupport_introspection_c.h
[7.765s] -- Installing: /home/group1/dd2419_ws/install/micro_ros_msgs/include/micro_ros_msgs/micro_ros_msgs/msg/rosidl_typesupport_introspection_c__visibility_control.h
[7.765s] -- Installing: /home/group1/dd2419_ws/install/micro_ros_msgs/lib/libmicro_ros_msgs__rosidl_typesupport_introspection_c.so
[7.765s] -- Set non-toolchain portion of runtime path of "/home/group1/dd2419_ws/install/micro_ros_msgs/lib/libmicro_ros_msgs__rosidl_typesupport_introspection_c.so" to ""
[7.765s] -- Installing: /home/group1/dd2419_ws/install/micro_ros_msgs/lib/libmicro_ros_msgs__rosidl_typesupport_c.so
[7.765s] -- Set non-toolchain portion of runtime path of "/home/group1/dd2419_ws/install/micro_ros_msgs/lib/libmicro_ros_msgs__rosidl_typesupport_c.so" to ""
[7.765s] -- Up-to-date: /home/group1/dd2419_ws/install/micro_ros_msgs/include/micro_ros_msgs/micro_ros_msgs
[7.766s] -- Up-to-date: /home/group1/dd2419_ws/install/micro_ros_msgs/include/micro_ros_msgs/micro_ros_msgs/msg
[7.766s] -- Installing: /home/group1/dd2419_ws/install/micro_ros_msgs/include/micro_ros_msgs/micro_ros_msgs/msg/graph.hpp
[7.766s] -- Up-to-date: /home/group1/dd2419_ws/install/micro_ros_msgs/include/micro_ros_msgs/micro_ros_msgs/msg/detail
[7.766s] -- Installing: /home/group1/dd2419_ws/install/micro_ros_msgs/include/micro_ros_msgs/micro_ros_msgs/msg/detail/graph__type_support.hpp
[7.766s] -- Installing: /home/group1/dd2419_ws/install/micro_ros_msgs/include/micro_ros_msgs/micro_ros_msgs/msg/detail/entity__builder.hpp
[7.766s] -- Installing: /home/group1/dd2419_ws/install/micro_ros_msgs/include/micro_ros_msgs/micro_ros_msgs/msg/detail/node__builder.hpp
[7.766s] -- Installing: /home/group1/dd2419_ws/install/micro_ros_msgs/include/micro_ros_msgs/micro_ros_msgs/msg/detail/entity__type_support.hpp
[7.766s] -- Installing: /home/group1/dd2419_ws/install/micro_ros_msgs/include/micro_ros_msgs/micro_ros_msgs/msg/detail/entity__traits.hpp
[7.766s] -- Installing: /home/group1/dd2419_ws/install/micro_ros_msgs/include/micro_ros_msgs/micro_ros_msgs/msg/detail/graph__builder.hpp
[7.767s] -- Installing: /home/group1/dd2419_ws/install/micro_ros_msgs/include/micro_ros_msgs/micro_ros_msgs/msg/detail/graph__struct.hpp
[7.767s] -- Installing: /home/group1/dd2419_ws/install/micro_ros_msgs/include/micro_ros_msgs/micro_ros_msgs/msg/detail/node__struct.hpp
[7.767s] -- Installing: /home/group1/dd2419_ws/install/micro_ros_msgs/include/micro_ros_msgs/micro_ros_msgs/msg/detail/entity__struct.hpp
[7.767s] -- Installing: /home/group1/dd2419_ws/install/micro_ros_msgs/include/micro_ros_msgs/micro_ros_msgs/msg/detail/graph__traits.hpp
[7.767s] -- Installing: /home/group1/dd2419_ws/install/micro_ros_msgs/include/micro_ros_msgs/micro_ros_msgs/msg/detail/node__type_support.hpp
[7.767s] -- Installing: /home/group1/dd2419_ws/install/micro_ros_msgs/include/micro_ros_msgs/micro_ros_msgs/msg/detail/node__traits.hpp
[7.767s] -- Installing: /home/group1/dd2419_ws/install/micro_ros_msgs/include/micro_ros_msgs/micro_ros_msgs/msg/rosidl_generator_cpp__visibility_control.hpp
[7.767s] -- Installing: /home/group1/dd2419_ws/install/micro_ros_msgs/include/micro_ros_msgs/micro_ros_msgs/msg/entity.hpp
[7.767s] -- Installing: /home/group1/dd2419_ws/install/micro_ros_msgs/include/micro_ros_msgs/micro_ros_msgs/msg/node.hpp
[7.767s] -- Up-to-date: /home/group1/dd2419_ws/install/micro_ros_msgs/include/micro_ros_msgs/micro_ros_msgs
[7.768s] -- Up-to-date: /home/group1/dd2419_ws/install/micro_ros_msgs/include/micro_ros_msgs/micro_ros_msgs/msg
[7.768s] -- Up-to-date: /home/group1/dd2419_ws/install/micro_ros_msgs/include/micro_ros_msgs/micro_ros_msgs/msg/detail
[7.768s] -- Installing: /home/group1/dd2419_ws/install/micro_ros_msgs/include/micro_ros_msgs/micro_ros_msgs/msg/detail/graph__rosidl_typesupport_fastrtps_cpp.hpp
[7.768s] -- Installing: /home/group1/dd2419_ws/install/micro_ros_msgs/include/micro_ros_msgs/micro_ros_msgs/msg/detail/entity__rosidl_typesupport_fastrtps_cpp.hpp
[7.768s] -- Installing: /home/group1/dd2419_ws/install/micro_ros_msgs/include/micro_ros_msgs/micro_ros_msgs/msg/detail/dds_fastrtps
[7.768s] -- Installing: /home/group1/dd2419_ws/install/micro_ros_msgs/include/micro_ros_msgs/micro_ros_msgs/msg/detail/node__rosidl_typesupport_fastrtps_cpp.hpp
[7.768s] -- Installing: /home/group1/dd2419_ws/install/micro_ros_msgs/include/micro_ros_msgs/micro_ros_msgs/msg/rosidl_typesupport_fastrtps_cpp__visibility_control.h
[7.768s] -- Installing: /home/group1/dd2419_ws/install/micro_ros_msgs/lib/libmicro_ros_msgs__rosidl_typesupport_fastrtps_cpp.so
[7.768s] -- Set non-toolchain portion of runtime path of "/home/group1/dd2419_ws/install/micro_ros_msgs/lib/libmicro_ros_msgs__rosidl_typesupport_fastrtps_cpp.so" to ""
[7.769s] -- Up-to-date: /home/group1/dd2419_ws/install/micro_ros_msgs/include/micro_ros_msgs/micro_ros_msgs
[7.769s] -- Up-to-date: /home/group1/dd2419_ws/install/micro_ros_msgs/include/micro_ros_msgs/micro_ros_msgs/msg
[7.769s] -- Up-to-date: /home/group1/dd2419_ws/install/micro_ros_msgs/include/micro_ros_msgs/micro_ros_msgs/msg/detail
[7.769s] -- Installing: /home/group1/dd2419_ws/install/micro_ros_msgs/include/micro_ros_msgs/micro_ros_msgs/msg/detail/entity__rosidl_typesupport_introspection_cpp.hpp
[7.769s] -- Installing: /home/group1/dd2419_ws/install/micro_ros_msgs/include/micro_ros_msgs/micro_ros_msgs/msg/detail/graph__type_support.cpp
[7.769s] -- Installing: /home/group1/dd2419_ws/install/micro_ros_msgs/include/micro_ros_msgs/micro_ros_msgs/msg/detail/graph__rosidl_typesupport_introspection_cpp.hpp
[7.769s] -- Installing: /home/group1/dd2419_ws/install/micro_ros_msgs/include/micro_ros_msgs/micro_ros_msgs/msg/detail/node__type_support.cpp
[7.769s] -- Installing: /home/group1/dd2419_ws/install/micro_ros_msgs/include/micro_ros_msgs/micro_ros_msgs/msg/detail/node__rosidl_typesupport_introspection_cpp.hpp
[7.769s] -- Installing: /home/group1/dd2419_ws/install/micro_ros_msgs/include/micro_ros_msgs/micro_ros_msgs/msg/detail/entity__type_support.cpp
[7.769s] -- Installing: /home/group1/dd2419_ws/install/micro_ros_msgs/lib/libmicro_ros_msgs__rosidl_typesupport_introspection_cpp.so
[7.770s] -- Set non-toolchain portion of runtime path of "/home/group1/dd2419_ws/install/micro_ros_msgs/lib/libmicro_ros_msgs__rosidl_typesupport_introspection_cpp.so" to ""
[7.770s] -- Installing: /home/group1/dd2419_ws/install/micro_ros_msgs/lib/libmicro_ros_msgs__rosidl_typesupport_cpp.so
[7.770s] -- Set non-toolchain portion of runtime path of "/home/group1/dd2419_ws/install/micro_ros_msgs/lib/libmicro_ros_msgs__rosidl_typesupport_cpp.so" to ""
[7.770s] -- Installing: /home/group1/dd2419_ws/install/micro_ros_msgs/share/micro_ros_msgs/environment/pythonpath.sh
[7.770s] -- Installing: /home/group1/dd2419_ws/install/micro_ros_msgs/share/micro_ros_msgs/environment/pythonpath.dsv
[7.770s] -- Installing: /home/group1/dd2419_ws/install/micro_ros_msgs/lib/python3.12/site-packages/micro_ros_msgs-5.0.2-py3.12.egg-info
[7.770s] -- Installing: /home/group1/dd2419_ws/install/micro_ros_msgs/lib/python3.12/site-packages/micro_ros_msgs-5.0.2-py3.12.egg-info/SOURCES.txt
[7.770s] -- Installing: /home/group1/dd2419_ws/install/micro_ros_msgs/lib/python3.12/site-packages/micro_ros_msgs-5.0.2-py3.12.egg-info/dependency_links.txt
[7.770s] -- Installing: /home/group1/dd2419_ws/install/micro_ros_msgs/lib/python3.12/site-packages/micro_ros_msgs-5.0.2-py3.12.egg-info/PKG-INFO
[7.771s] -- Installing: /home/group1/dd2419_ws/install/micro_ros_msgs/lib/python3.12/site-packages/micro_ros_msgs-5.0.2-py3.12.egg-info/top_level.txt
[7.771s] -- Installing: /home/group1/dd2419_ws/install/micro_ros_msgs/lib/python3.12/site-packages/micro_ros_msgs
[7.771s] -- Installing: /home/group1/dd2419_ws/install/micro_ros_msgs/lib/python3.12/site-packages/micro_ros_msgs/micro_ros_msgs_s__rosidl_typesupport_c.so
[7.771s] -- Installing: /home/group1/dd2419_ws/install/micro_ros_msgs/lib/python3.12/site-packages/micro_ros_msgs/_micro_ros_msgs_s.ep.rosidl_typesupport_fastrtps_c.c
[7.771s] -- Installing: /home/group1/dd2419_ws/install/micro_ros_msgs/lib/python3.12/site-packages/micro_ros_msgs/__init__.py
[7.771s] -- Installing: /home/group1/dd2419_ws/install/micro_ros_msgs/lib/python3.12/site-packages/micro_ros_msgs/msg
[7.771s] -- Installing: /home/group1/dd2419_ws/install/micro_ros_msgs/lib/python3.12/site-packages/micro_ros_msgs/msg/_node_s.c
[7.771s] -- Installing: /home/group1/dd2419_ws/install/micro_ros_msgs/lib/python3.12/site-packages/micro_ros_msgs/msg/_entity.py
[7.771s] -- Installing: /home/group1/dd2419_ws/install/micro_ros_msgs/lib/python3.12/site-packages/micro_ros_msgs/msg/_node.py
[7.771s] -- Installing: /home/group1/dd2419_ws/install/micro_ros_msgs/lib/python3.12/site-packages/micro_ros_msgs/msg/__init__.py
[7.771s] -- Installing: /home/group1/dd2419_ws/install/micro_ros_msgs/lib/python3.12/site-packages/micro_ros_msgs/msg/_graph.py
[7.771s] -- Installing: /home/group1/dd2419_ws/install/micro_ros_msgs/lib/python3.12/site-packages/micro_ros_msgs/msg/_entity_s.c
[7.771s] -- Installing: /home/group1/dd2419_ws/install/micro_ros_msgs/lib/python3.12/site-packages/micro_ros_msgs/msg/_graph_s.c
[7.772s] -- Installing: /home/group1/dd2419_ws/install/micro_ros_msgs/lib/python3.12/site-packages/micro_ros_msgs/micro_ros_msgs_s__rosidl_typesupport_fastrtps_c.so
[7.772s] -- Installing: /home/group1/dd2419_ws/install/micro_ros_msgs/lib/python3.12/site-packages/micro_ros_msgs/_micro_ros_msgs_s.ep.rosidl_typesupport_introspection_c.c
[7.772s] -- Installing: /home/group1/dd2419_ws/install/micro_ros_msgs/lib/python3.12/site-packages/micro_ros_msgs/_micro_ros_msgs_s.ep.rosidl_typesupport_c.c
[7.772s] -- Installing: /home/group1/dd2419_ws/install/micro_ros_msgs/lib/python3.12/site-packages/micro_ros_msgs/micro_ros_msgs_s__rosidl_typesupport_introspection_c.so
[7.822s] Listing '/home/group1/dd2419_ws/install/micro_ros_msgs/lib/python3.12/site-packages/micro_ros_msgs'...
[7.822s] Compiling '/home/group1/dd2419_ws/install/micro_ros_msgs/lib/python3.12/site-packages/micro_ros_msgs/__init__.py'...
[7.822s] Listing '/home/group1/dd2419_ws/install/micro_ros_msgs/lib/python3.12/site-packages/micro_ros_msgs/msg'...
[7.822s] Compiling '/home/group1/dd2419_ws/install/micro_ros_msgs/lib/python3.12/site-packages/micro_ros_msgs/msg/__init__.py'...
[7.822s] Compiling '/home/group1/dd2419_ws/install/micro_ros_msgs/lib/python3.12/site-packages/micro_ros_msgs/msg/_entity.py'...
[7.822s] Compiling '/home/group1/dd2419_ws/install/micro_ros_msgs/lib/python3.12/site-packages/micro_ros_msgs/msg/_graph.py'...
[7.822s] Compiling '/home/group1/dd2419_ws/install/micro_ros_msgs/lib/python3.12/site-packages/micro_ros_msgs/msg/_node.py'...
[7.828s] -- Installing: /home/group1/dd2419_ws/install/micro_ros_msgs/lib/python3.12/site-packages/micro_ros_msgs/micro_ros_msgs_s__rosidl_typesupport_fastrtps_c.so
[7.829s] -- Set non-toolchain portion of runtime path of "/home/group1/dd2419_ws/install/micro_ros_msgs/lib/python3.12/site-packages/micro_ros_msgs/micro_ros_msgs_s__rosidl_typesupport_fastrtps_c.so" to ""
[7.829s] -- Installing: /home/group1/dd2419_ws/install/micro_ros_msgs/lib/python3.12/site-packages/micro_ros_msgs/micro_ros_msgs_s__rosidl_typesupport_introspection_c.so
[7.829s] -- Set non-toolchain portion of runtime path of "/home/group1/dd2419_ws/install/micro_ros_msgs/lib/python3.12/site-packages/micro_ros_msgs/micro_ros_msgs_s__rosidl_typesupport_introspection_c.so" to ""
[7.829s] -- Installing: /home/group1/dd2419_ws/install/micro_ros_msgs/lib/python3.12/site-packages/micro_ros_msgs/micro_ros_msgs_s__rosidl_typesupport_c.so
[7.829s] -- Set non-toolchain portion of runtime path of "/home/group1/dd2419_ws/install/micro_ros_msgs/lib/python3.12/site-packages/micro_ros_msgs/micro_ros_msgs_s__rosidl_typesupport_c.so" to ""
[7.830s] -- Installing: /home/group1/dd2419_ws/install/micro_ros_msgs/lib/libmicro_ros_msgs__rosidl_generator_py.so
[7.830s] -- Set non-toolchain portion of runtime path of "/home/group1/dd2419_ws/install/micro_ros_msgs/lib/libmicro_ros_msgs__rosidl_generator_py.so" to ""
[7.830s] -- Installing: /home/group1/dd2419_ws/install/micro_ros_msgs/share/micro_ros_msgs/msg/Graph.idl
[7.830s] -- Installing: /home/group1/dd2419_ws/install/micro_ros_msgs/share/micro_ros_msgs/msg/Node.idl
[7.830s] -- Installing: /home/group1/dd2419_ws/install/micro_ros_msgs/share/micro_ros_msgs/msg/Entity.idl
[7.830s] -- Installing: /home/group1/dd2419_ws/install/micro_ros_msgs/share/micro_ros_msgs/msg/Graph.msg
[7.831s] -- Installing: /home/group1/dd2419_ws/install/micro_ros_msgs/share/micro_ros_msgs/msg/Node.msg
[7.831s] -- Installing: /home/group1/dd2419_ws/install/micro_ros_msgs/share/micro_ros_msgs/msg/Entity.msg
[7.831s] -- Installing: /home/group1/dd2419_ws/install/micro_ros_msgs/share/ament_index/resource_index/package_run_dependencies/micro_ros_msgs
[7.831s] -- Installing: /home/group1/dd2419_ws/install/micro_ros_msgs/share/ament_index/resource_index/parent_prefix_path/micro_ros_msgs
[7.831s] -- Installing: /home/group1/dd2419_ws/install/micro_ros_msgs/share/micro_ros_msgs/environment/ament_prefix_path.sh
[7.831s] -- Installing: /home/group1/dd2419_ws/install/micro_ros_msgs/share/micro_ros_msgs/environment/ament_prefix_path.dsv
[7.831s] -- Installing: /home/group1/dd2419_ws/install/micro_ros_msgs/share/micro_ros_msgs/environment/path.sh
[7.831s] -- Installing: /home/group1/dd2419_ws/install/micro_ros_msgs/share/micro_ros_msgs/environment/path.dsv
[7.831s] -- Installing: /home/group1/dd2419_ws/install/micro_ros_msgs/share/micro_ros_msgs/local_setup.bash
[7.832s] -- Installing: /home/group1/dd2419_ws/install/micro_ros_msgs/share/micro_ros_msgs/local_setup.sh
[7.832s] -- Installing: /home/group1/dd2419_ws/install/micro_ros_msgs/share/micro_ros_msgs/local_setup.zsh
[7.832s] -- Installing: /home/group1/dd2419_ws/install/micro_ros_msgs/share/micro_ros_msgs/local_setup.dsv
[7.832s] -- Installing: /home/group1/dd2419_ws/install/micro_ros_msgs/share/micro_ros_msgs/package.dsv
[7.832s] -- Installing: /home/group1/dd2419_ws/install/micro_ros_msgs/share/ament_index/resource_index/packages/micro_ros_msgs
[7.832s] -- Installing: /home/group1/dd2419_ws/install/micro_ros_msgs/share/micro_ros_msgs/cmake/export_micro_ros_msgs__rosidl_generator_cExport.cmake
[7.832s] -- Installing: /home/group1/dd2419_ws/install/micro_ros_msgs/share/micro_ros_msgs/cmake/export_micro_ros_msgs__rosidl_generator_cExport-noconfig.cmake
[7.832s] -- Installing: /home/group1/dd2419_ws/install/micro_ros_msgs/share/micro_ros_msgs/cmake/export_micro_ros_msgs__rosidl_typesupport_fastrtps_cExport.cmake
[7.832s] -- Installing: /home/group1/dd2419_ws/install/micro_ros_msgs/share/micro_ros_msgs/cmake/export_micro_ros_msgs__rosidl_typesupport_fastrtps_cExport-noconfig.cmake
[7.833s] -- Installing: /home/group1/dd2419_ws/install/micro_ros_msgs/share/micro_ros_msgs/cmake/micro_ros_msgs__rosidl_typesupport_introspection_cExport.cmake
[7.833s] -- Installing: /home/group1/dd2419_ws/install/micro_ros_msgs/share/micro_ros_msgs/cmake/micro_ros_msgs__rosidl_typesupport_introspection_cExport-noconfig.cmake
[7.833s] -- Installing: /home/group1/dd2419_ws/install/micro_ros_msgs/share/micro_ros_msgs/cmake/micro_ros_msgs__rosidl_typesupport_cExport.cmake
[7.833s] -- Installing: /home/group1/dd2419_ws/install/micro_ros_msgs/share/micro_ros_msgs/cmake/micro_ros_msgs__rosidl_typesupport_cExport-noconfig.cmake
[7.833s] -- Installing: /home/group1/dd2419_ws/install/micro_ros_msgs/share/micro_ros_msgs/cmake/export_micro_ros_msgs__rosidl_generator_cppExport.cmake
[7.833s] -- Installing: /home/group1/dd2419_ws/install/micro_ros_msgs/share/micro_ros_msgs/cmake/export_micro_ros_msgs__rosidl_typesupport_fastrtps_cppExport.cmake
[7.833s] -- Installing: /home/group1/dd2419_ws/install/micro_ros_msgs/share/micro_ros_msgs/cmake/export_micro_ros_msgs__rosidl_typesupport_fastrtps_cppExport-noconfig.cmake
[7.833s] -- Installing: /home/group1/dd2419_ws/install/micro_ros_msgs/share/micro_ros_msgs/cmake/micro_ros_msgs__rosidl_typesupport_introspection_cppExport.cmake
[7.834s] -- Installing: /home/group1/dd2419_ws/install/micro_ros_msgs/share/micro_ros_msgs/cmake/micro_ros_msgs__rosidl_typesupport_introspection_cppExport-noconfig.cmake
[7.834s] -- Installing: /home/group1/dd2419_ws/install/micro_ros_msgs/share/micro_ros_msgs/cmake/micro_ros_msgs__rosidl_typesupport_cppExport.cmake
[7.834s] -- Installing: /home/group1/dd2419_ws/install/micro_ros_msgs/share/micro_ros_msgs/cmake/micro_ros_msgs__rosidl_typesupport_cppExport-noconfig.cmake
[7.834s] -- Installing: /home/group1/dd2419_ws/install/micro_ros_msgs/share/micro_ros_msgs/cmake/export_micro_ros_msgs__rosidl_generator_pyExport.cmake
[7.834s] -- Installing: /home/group1/dd2419_ws/install/micro_ros_msgs/share/micro_ros_msgs/cmake/export_micro_ros_msgs__rosidl_generator_pyExport-noconfig.cmake
[7.834s] -- Installing: /home/group1/dd2419_ws/install/micro_ros_msgs/share/micro_ros_msgs/cmake/rosidl_cmake-extras.cmake
[7.834s] -- Installing: /home/group1/dd2419_ws/install/micro_ros_msgs/share/micro_ros_msgs/cmake/ament_cmake_export_include_directories-extras.cmake
[7.834s] -- Installing: /home/group1/dd2419_ws/install/micro_ros_msgs/share/micro_ros_msgs/cmake/ament_cmake_export_libraries-extras.cmake
[7.834s] -- Installing: /home/group1/dd2419_ws/install/micro_ros_msgs/share/micro_ros_msgs/cmake/ament_cmake_export_targets-extras.cmake
[7.835s] -- Installing: /home/group1/dd2419_ws/install/micro_ros_msgs/share/micro_ros_msgs/cmake/rosidl_cmake_export_typesupport_targets-extras.cmake
[7.835s] -- Installing: /home/group1/dd2419_ws/install/micro_ros_msgs/share/micro_ros_msgs/cmake/ament_cmake_export_dependencies-extras.cmake
[7.835s] -- Installing: /home/group1/dd2419_ws/install/micro_ros_msgs/share/micro_ros_msgs/cmake/rosidl_cmake_export_typesupport_libraries-extras.cmake
[7.835s] -- Installing: /home/group1/dd2419_ws/install/micro_ros_msgs/share/micro_ros_msgs/cmake/micro_ros_msgsConfig.cmake
[7.835s] -- Installing: /home/group1/dd2419_ws/install/micro_ros_msgs/share/micro_ros_msgs/cmake/micro_ros_msgsConfig-version.cmake
[7.835s] -- Installing: /home/group1/dd2419_ws/install/micro_ros_msgs/share/micro_ros_msgs/package.xml
[7.837s] Invoked command in '/home/group1/dd2419_ws/build/micro_ros_msgs' returned '0': CMAKE_PREFIX_PATH=${CMAKE_PREFIX_PATH}:/home/group1/dd2419_ws/install/robp_launch:/home/group1/dd2419_ws/install/arm_servos_pubs_subs:/opt/ros/jazzy DEBUGINFOD_URLS=https://debuginfod.ubuntu.com /usr/bin/cmake --install /home/group1/dd2419_ws/build/micro_ros_msgs
