[1.896s] Invoking command in '/home/group1/dd2419_ws/src/pickup': DEBUGINFOD_URLS=https://debuginfod.ubuntu.com PYTHONPATH=/home/group1/dd2419_ws/build/pickup/prefix_override:/usr/lib/python3/dist-packages/colcon_core/task/python/colcon_distutils_commands:/home/group1/dd2419_ws/install/pickup/lib/python3.12/site-packages:${PYTHONPATH} /usr/bin/python3 -W ignore:setup.py install is deprecated -W ignore:easy_install command is deprecated setup.py egg_info --egg-base ../../build/pickup build --build-base /home/group1/dd2419_ws/build/pickup/build install --record /home/group1/dd2419_ws/build/pickup/install.log --single-version-externally-managed install_data
[2.217s] running egg_info
[2.218s] creating ../../build/pickup/pickup.egg-info
[2.240s] writing ../../build/pickup/pickup.egg-info/PKG-INFO
[2.241s] writing dependency_links to ../../build/pickup/pickup.egg-info/dependency_links.txt
[2.241s] writing entry points to ../../build/pickup/pickup.egg-info/entry_points.txt
[2.241s] writing requirements to ../../build/pickup/pickup.egg-info/requires.txt
[2.241s] writing top-level names to ../../build/pickup/pickup.egg-info/top_level.txt
[2.242s] writing manifest file '../../build/pickup/pickup.egg-info/SOURCES.txt'
[2.287s] reading manifest file '../../build/pickup/pickup.egg-info/SOURCES.txt'
[2.288s] writing manifest file '../../build/pickup/pickup.egg-info/SOURCES.txt'
[2.288s] running build
[2.288s] running build_py
[2.288s] creating /home/group1/dd2419_ws/build/pickup/build
[2.289s] creating /home/group1/dd2419_ws/build/pickup/build/lib
[2.289s] creating /home/group1/dd2419_ws/build/pickup/build/lib/pickup
[2.290s] copying pickup/__init__.py -> /home/group1/dd2419_ws/build/pickup/build/lib/pickup
[2.290s] copying pickup/pickup.py -> /home/group1/dd2419_ws/build/pickup/build/lib/pickup
[2.290s] running install
[2.297s] running install_lib
[2.320s] creating /home/group1/dd2419_ws/install/pickup/lib/python3.12/site-packages/pickup
[2.320s] copying /home/group1/dd2419_ws/build/pickup/build/lib/pickup/__init__.py -> /home/group1/dd2419_ws/install/pickup/lib/python3.12/site-packages/pickup
[2.320s] copying /home/group1/dd2419_ws/build/pickup/build/lib/pickup/pickup.py -> /home/group1/dd2419_ws/install/pickup/lib/python3.12/site-packages/pickup
[2.321s] byte-compiling /home/group1/dd2419_ws/install/pickup/lib/python3.12/site-packages/pickup/__init__.py to __init__.cpython-312.pyc
[2.321s] byte-compiling /home/group1/dd2419_ws/install/pickup/lib/python3.12/site-packages/pickup/pickup.py to pickup.cpython-312.pyc
[2.322s] Sorry: IndentationError: unexpected indent (pickup.py, line 25)
[2.322s] running install_data
[2.322s] creating /home/group1/dd2419_ws/install/pickup/share/ament_index
[2.322s] creating /home/group1/dd2419_ws/install/pickup/share/ament_index/resource_index
[2.322s] creating /home/group1/dd2419_ws/install/pickup/share/ament_index/resource_index/packages
[2.322s] copying resource/pickup -> /home/group1/dd2419_ws/install/pickup/share/ament_index/resource_index/packages
[2.323s] copying package.xml -> /home/group1/dd2419_ws/install/pickup/share/pickup
[2.323s] running install_egg_info
[2.346s] Copying ../../build/pickup/pickup.egg-info to /home/group1/dd2419_ws/install/pickup/lib/python3.12/site-packages/pickup-0.0.0-py3.12.egg-info
[2.347s] running install_scripts
[2.507s] Installing pickup script to /home/group1/dd2419_ws/install/pickup/lib/pickup
[2.507s] writing list of installed files to '/home/group1/dd2419_ws/build/pickup/install.log'
[2.554s] Invoked command in '/home/group1/dd2419_ws/src/pickup' returned '0': DEBUGINFOD_URLS=https://debuginfod.ubuntu.com PYTHONPATH=/home/group1/dd2419_ws/build/pickup/prefix_override:/usr/lib/python3/dist-packages/colcon_core/task/python/colcon_distutils_commands:/home/group1/dd2419_ws/install/pickup/lib/python3.12/site-packages:${PYTHONPATH} /usr/bin/python3 -W ignore:setup.py install is deprecated -W ignore:easy_install command is deprecated setup.py egg_info --egg-base ../../build/pickup build --build-base /home/group1/dd2419_ws/build/pickup/build install --record /home/group1/dd2419_ws/build/pickup/install.log --single-version-externally-managed install_data
