[2.229s] Invoking command in '/home/group1/dd2419_ws/build/odometry': DEBUGINFOD_URLS=https://debuginfod.ubuntu.com PYTHONPATH=/home/group1/dd2419_ws/build/odometry/prefix_override:/usr/lib/python3/dist-packages/colcon_core/task/python/colcon_distutils_commands:/home/group1/dd2419_ws/install/odometry/lib/python3.12/site-packages:${PYTHONPATH} /usr/bin/python3 -W ignore:setup.py install is deprecated -W ignore:easy_install command is deprecated setup.py develop --editable --build-directory /home/group1/dd2419_ws/build/odometry/build --no-deps symlink_data
[2.644s] running develop
[2.892s] running egg_info
[2.893s] creating odometry.egg-info
[2.915s] writing odometry.egg-info/PKG-INFO
[2.915s] writing dependency_links to odometry.egg-info/dependency_links.txt
[2.915s] writing entry points to odometry.egg-info/entry_points.txt
[2.915s] writing requirements to odometry.egg-info/requires.txt
[2.916s] writing top-level names to odometry.egg-info/top_level.txt
[2.916s] writing manifest file 'odometry.egg-info/SOURCES.txt'
[2.962s] reading manifest file 'odometry.egg-info/SOURCES.txt'
[2.963s] writing manifest file 'odometry.egg-info/SOURCES.txt'
[2.988s] running build_ext
[2.988s] Creating /home/group1/dd2419_ws/install/odometry/lib/python3.12/site-packages/odometry.egg-link (link to .)
[2.989s] Installing odometry script to /home/group1/dd2419_ws/install/odometry/lib/odometry
[2.989s] 
[2.989s] Installed /home/group1/dd2419_ws/build/odometry
[2.990s] running symlink_data
[2.990s] creating /home/group1/dd2419_ws/install/odometry/share/ament_index
[2.990s] creating /home/group1/dd2419_ws/install/odometry/share/ament_index/resource_index
[2.990s] creating /home/group1/dd2419_ws/install/odometry/share/ament_index/resource_index/packages
[2.990s] symbolically linking /home/group1/dd2419_ws/build/odometry/resource/odometry -> /home/group1/dd2419_ws/install/odometry/share/ament_index/resource_index/packages
[2.991s] symbolically linking /home/group1/dd2419_ws/build/odometry/package.xml -> /home/group1/dd2419_ws/install/odometry/share/odometry
