[0.011s] Invoking command in '/home/robot/dd2419_ws/src/build/robp_phidgets_encoders': AMENT_PREFIX_PATH=/home/robot/dd2419_ws/src/install/robp_interfaces:${AMENT_PREFIX_PATH} CMAKE_PREFIX_PATH=/home/robot/dd2419_ws/src/install/robp_interfaces:/home/robot/esp32_microros_ws/install/micro_ros_agent:/home/robot/esp32_microros_ws/install/micro_ros_msgs:/home/robot/esp32_microros_ws/install/micro_ros_setup:/home/robot/dd2419_ws/install/usb_cam:/home/robot/dd2419_ws/install/sllidar_ros2:/home/robot/dd2419_ws/install/robp_phidgets_temperature:/home/robot/dd2419_ws/install/robp_phidgets_spatial:/home/robot/dd2419_ws/install/robp_phidgets_motors:/home/robot/dd2419_ws/install/robp_phidgets_encoders:/home/robot/dd2419_ws/install/robp_interfaces:/home/robot/dd2419_ws/install/micro_ros_setup:/home/robot/dd2419_ws/install/micro_ros_agent:/home/robot/dd2419_ws/install/micro_ros_msgs:/home/robot/dd2419_ws/install/drive_base_msgs:/opt/ros/jazzy/opt/gz_math_vendor:/opt/ros/jazzy/opt/gz_utils_vendor:/opt/ros/jazzy/opt/gz_cmake_vendor:/home/robot/dd2419_ws/install/robp_launch:/home/robot/dd2419_ws/install/robot_odometry:/home/robot/dd2419_ws/install/pickup:/home/robot/dd2419_ws/install/odometry:/home/robot/dd2419_ws/install/lidar:/home/robot/dd2419_ws/install/display:/home/robot/dd2419_ws/install/detection:/home/robot/dd2419_ws/install/controller:/home/robot/dd2419_ws/install/arm_servos_pubs_subs:/opt/ros/jazzy DEBUGINFOD_URLS=https://debuginfod.ubuntu.com LD_LIBRARY_PATH=/home/robot/dd2419_ws/src/install/robp_interfaces/lib:${LD_LIBRARY_PATH} PYTHONPATH=/home/robot/dd2419_ws/src/install/robp_interfaces/lib/python3.12/site-packages:${PYTHONPATH} /usr/bin/cmake /home/robot/dd2419_ws/src/robp_robot/robp_phidgets/robp_phidgets_encoders -DCMAKE_INSTALL_PREFIX=/home/robot/dd2419_ws/src/install/robp_phidgets_encoders
[0.057s] -- The C compiler identification is GNU 13.3.0
[0.104s] -- The CXX compiler identification is GNU 13.3.0
[0.117s] -- Detecting C compiler ABI info
[0.195s] -- Detecting C compiler ABI info - done
[0.205s] -- Check for working C compiler: /usr/bin/cc - skipped
[0.205s] -- Detecting C compile features
[0.206s] -- Detecting C compile features - done
[0.215s] -- Detecting CXX compiler ABI info
[0.288s] -- Detecting CXX compiler ABI info - done
[0.299s] -- Check for working CXX compiler: /usr/bin/c++ - skipped
[0.299s] -- Detecting CXX compile features
[0.300s] -- Detecting CXX compile features - done
[0.303s] -- Found ament_cmake_ros: 0.12.0 (/opt/ros/jazzy/share/ament_cmake_ros/cmake)
[0.476s] -- Found Python3: /usr/bin/python3 (found version "3.12.3") found components: Interpreter 
[0.603s] -- Found libphidget22: 2.3.3 (/opt/ros/jazzy/share/libphidget22/cmake)
[0.605s] -- Found phidgets_api: 2.3.3 (/opt/ros/jazzy/share/phidgets_api/cmake)
[0.610s] -- Found rclcpp: 28.1.6 (/opt/ros/jazzy/share/rclcpp/cmake)
[0.658s] -- Found rosidl_generator_c: 4.6.5 (/opt/ros/jazzy/share/rosidl_generator_c/cmake)
[0.674s] -- Found rosidl_generator_cpp: 4.6.5 (/opt/ros/jazzy/share/rosidl_generator_cpp/cmake)
[0.688s] -- Using all available rosidl_typesupport_c: rosidl_typesupport_fastrtps_c;rosidl_typesupport_introspection_c
[0.704s] -- Using all available rosidl_typesupport_cpp: rosidl_typesupport_fastrtps_cpp;rosidl_typesupport_introspection_cpp
[0.764s] -- Found rmw_implementation_cmake: 7.3.1 (/opt/ros/jazzy/share/rmw_implementation_cmake/cmake)
[0.767s] -- Found rmw_fastrtps_cpp: 8.4.1 (/opt/ros/jazzy/share/rmw_fastrtps_cpp/cmake)
[0.825s] -- Found OpenSSL: /usr/lib/x86_64-linux-gnu/libcrypto.so (found version "3.0.13")  
[0.847s] -- Found FastRTPS: /opt/ros/jazzy/include (Required is at least version "2.13") 
[0.872s] -- Using RMW implementation 'rmw_fastrtps_cpp' as default
[0.965s] -- Found rclcpp_components: 28.1.6 (/opt/ros/jazzy/share/rclcpp_components/cmake)
[0.997s] -- Found robp_interfaces: 1.0.0 (/home/robot/dd2419_ws/src/install/robp_interfaces/share/robp_interfaces/cmake)
[1.095s] -- Configuring done (1.1s)
[1.103s] -- Generating done (0.0s)
[1.106s] -- Build files have been written to: /home/robot/dd2419_ws/src/build/robp_phidgets_encoders
[1.114s] Invoked command in '/home/robot/dd2419_ws/src/build/robp_phidgets_encoders' returned '0': AMENT_PREFIX_PATH=/home/robot/dd2419_ws/src/install/robp_interfaces:${AMENT_PREFIX_PATH} CMAKE_PREFIX_PATH=/home/robot/dd2419_ws/src/install/robp_interfaces:/home/robot/esp32_microros_ws/install/micro_ros_agent:/home/robot/esp32_microros_ws/install/micro_ros_msgs:/home/robot/esp32_microros_ws/install/micro_ros_setup:/home/robot/dd2419_ws/install/usb_cam:/home/robot/dd2419_ws/install/sllidar_ros2:/home/robot/dd2419_ws/install/robp_phidgets_temperature:/home/robot/dd2419_ws/install/robp_phidgets_spatial:/home/robot/dd2419_ws/install/robp_phidgets_motors:/home/robot/dd2419_ws/install/robp_phidgets_encoders:/home/robot/dd2419_ws/install/robp_interfaces:/home/robot/dd2419_ws/install/micro_ros_setup:/home/robot/dd2419_ws/install/micro_ros_agent:/home/robot/dd2419_ws/install/micro_ros_msgs:/home/robot/dd2419_ws/install/drive_base_msgs:/opt/ros/jazzy/opt/gz_math_vendor:/opt/ros/jazzy/opt/gz_utils_vendor:/opt/ros/jazzy/opt/gz_cmake_vendor:/home/robot/dd2419_ws/install/robp_launch:/home/robot/dd2419_ws/install/robot_odometry:/home/robot/dd2419_ws/install/pickup:/home/robot/dd2419_ws/install/odometry:/home/robot/dd2419_ws/install/lidar:/home/robot/dd2419_ws/install/display:/home/robot/dd2419_ws/install/detection:/home/robot/dd2419_ws/install/controller:/home/robot/dd2419_ws/install/arm_servos_pubs_subs:/opt/ros/jazzy DEBUGINFOD_URLS=https://debuginfod.ubuntu.com LD_LIBRARY_PATH=/home/robot/dd2419_ws/src/install/robp_interfaces/lib:${LD_LIBRARY_PATH} PYTHONPATH=/home/robot/dd2419_ws/src/install/robp_interfaces/lib/python3.12/site-packages:${PYTHONPATH} /usr/bin/cmake /home/robot/dd2419_ws/src/robp_robot/robp_phidgets/robp_phidgets_encoders -DCMAKE_INSTALL_PREFIX=/home/robot/dd2419_ws/src/install/robp_phidgets_encoders
[1.115s] Invoking command in '/home/robot/dd2419_ws/src/build/robp_phidgets_encoders': AMENT_PREFIX_PATH=/home/robot/dd2419_ws/src/install/robp_interfaces:${AMENT_PREFIX_PATH} CMAKE_PREFIX_PATH=/home/robot/dd2419_ws/src/install/robp_interfaces:/home/robot/esp32_microros_ws/install/micro_ros_agent:/home/robot/esp32_microros_ws/install/micro_ros_msgs:/home/robot/esp32_microros_ws/install/micro_ros_setup:/home/robot/dd2419_ws/install/usb_cam:/home/robot/dd2419_ws/install/sllidar_ros2:/home/robot/dd2419_ws/install/robp_phidgets_temperature:/home/robot/dd2419_ws/install/robp_phidgets_spatial:/home/robot/dd2419_ws/install/robp_phidgets_motors:/home/robot/dd2419_ws/install/robp_phidgets_encoders:/home/robot/dd2419_ws/install/robp_interfaces:/home/robot/dd2419_ws/install/micro_ros_setup:/home/robot/dd2419_ws/install/micro_ros_agent:/home/robot/dd2419_ws/install/micro_ros_msgs:/home/robot/dd2419_ws/install/drive_base_msgs:/opt/ros/jazzy/opt/gz_math_vendor:/opt/ros/jazzy/opt/gz_utils_vendor:/opt/ros/jazzy/opt/gz_cmake_vendor:/home/robot/dd2419_ws/install/robp_launch:/home/robot/dd2419_ws/install/robot_odometry:/home/robot/dd2419_ws/install/pickup:/home/robot/dd2419_ws/install/odometry:/home/robot/dd2419_ws/install/lidar:/home/robot/dd2419_ws/install/display:/home/robot/dd2419_ws/install/detection:/home/robot/dd2419_ws/install/controller:/home/robot/dd2419_ws/install/arm_servos_pubs_subs:/opt/ros/jazzy DEBUGINFOD_URLS=https://debuginfod.ubuntu.com LD_LIBRARY_PATH=/home/robot/dd2419_ws/src/install/robp_interfaces/lib:${LD_LIBRARY_PATH} PYTHONPATH=/home/robot/dd2419_ws/src/install/robp_interfaces/lib/python3.12/site-packages:${PYTHONPATH} /usr/bin/cmake --build /home/robot/dd2419_ws/src/build/robp_phidgets_encoders -- -j12 -l12
[1.149s] [ 33%] [32mBuilding CXX object CMakeFiles/robp_phidgets_encoders.dir/src/encoders.cpp.o[0m
[1.151s] [ 66%] [32mBuilding CXX object CMakeFiles/robp_phidgets_encoders.dir/src/encoder.cpp.o[0m
[4.642s] [100%] [32m[1mLinking CXX shared library librobp_phidgets_encoders.so[0m
[4.743s] [100%] Built target robp_phidgets_encoders
