[3.420s] Invoking command in '/home/robot/dd2419_ws/build/display': DEBUGINFOD_URLS=https://debuginfod.ubuntu.com PYTHONPATH=/home/robot/dd2419_ws/build/display/prefix_override:/usr/lib/python3/dist-packages/colcon_core/task/python/colcon_distutils_commands:/home/robot/dd2419_ws/install/display/lib/python3.12/site-packages:${PYTHONPATH} /usr/bin/python3 -W ignore:setup.py install is deprecated -W ignore:easy_install command is deprecated setup.py develop --editable --build-directory /home/robot/dd2419_ws/build/display/build --no-deps symlink_data
[4.088s] running develop
[4.491s] running egg_info
[4.528s] writing display.egg-info/PKG-INFO
[4.529s] writing dependency_links to display.egg-info/dependency_links.txt
[4.529s] writing entry points to display.egg-info/entry_points.txt
[4.529s] writing requirements to display.egg-info/requires.txt
[4.530s] writing top-level names to display.egg-info/top_level.txt
[4.609s] reading manifest file 'display.egg-info/SOURCES.txt'
[4.609s] writing manifest file 'display.egg-info/SOURCES.txt'
[4.643s] running build_ext
[4.644s] Creating /home/robot/dd2419_ws/install/display/lib/python3.12/site-packages/display.egg-link (link to .)
[4.645s] Installing display script to /home/robot/dd2419_ws/install/display/lib/display
[4.645s] 
[4.646s] Installed /home/robot/dd2419_ws/build/display
[4.646s] running symlink_data
[4.646s] creating /home/robot/dd2419_ws/install/display/share/ament_index
[4.647s] creating /home/robot/dd2419_ws/install/display/share/ament_index/resource_index
[4.647s] creating /home/robot/dd2419_ws/install/display/share/ament_index/resource_index/packages
[4.647s] symbolically linking /home/robot/dd2419_ws/build/display/resource/display -> /home/robot/dd2419_ws/install/display/share/ament_index/resource_index/packages
[4.647s] symbolically linking /home/robot/dd2419_ws/build/display/package.xml -> /home/robot/dd2419_ws/install/display/share/display
[5.012s] Invoked command in '/home/robot/dd2419_ws/build/display' returned '0': DEBUGINFOD_URLS=https://debuginfod.ubuntu.com PYTHONPATH=/home/robot/dd2419_ws/build/display/prefix_override:/usr/lib/python3/dist-packages/colcon_core/task/python/colcon_distutils_commands:/home/robot/dd2419_ws/install/display/lib/python3.12/site-packages:${PYTHONPATH} /usr/bin/python3 -W ignore:setup.py install is deprecated -W ignore:easy_install command is deprecated setup.py develop --editable --build-directory /home/robot/dd2419_ws/build/display/build --no-deps symlink_data
