[2.951s] Invoking command in '/home/group1/dd2419_ws/build/detection': DEBUGINFOD_URLS=https://debuginfod.ubuntu.com PYTHONPATH=/home/group1/dd2419_ws/build/detection/prefix_override:/usr/lib/python3/dist-packages/colcon_core/task/python/colcon_distutils_commands:/home/group1/dd2419_ws/install/detection/lib/python3.12/site-packages:${PYTHONPATH} /usr/bin/python3 -W ignore:setup.py install is deprecated -W ignore:easy_install command is deprecated setup.py develop --editable --build-directory /home/group1/dd2419_ws/build/detection/build --no-deps symlink_data
[4.276s] error: [Errno 17] File exists: '/home/group1/dd2419_ws/build/detection/resource/detection' -> '/home/group1/dd2419_ws/install/detection/share/ament_index/resource_index/packages/detection'
[4.276s] running develop
[4.276s] running egg_info
[4.276s] creating detection.egg-info
[4.276s] writing detection.egg-info/PKG-INFO
[4.276s] writing dependency_links to detection.egg-info/dependency_links.txt
[4.276s] writing entry points to detection.egg-info/entry_points.txt
[4.277s] writing requirements to detection.egg-info/requires.txt
[4.277s] writing top-level names to detection.egg-info/top_level.txt
[4.277s] writing manifest file 'detection.egg-info/SOURCES.txt'
[4.277s] reading manifest file 'detection.egg-info/SOURCES.txt'
[4.277s] writing manifest file 'detection.egg-info/SOURCES.txt'
[4.277s] running build_ext
[4.277s] Creating /home/group1/dd2419_ws/install/detection/lib/python3.12/site-packages/detection.egg-link (link to .)
[4.278s] Installing detection script to /home/group1/dd2419_ws/install/detection/lib/detection
[4.278s] 
[4.278s] Installed /home/group1/dd2419_ws/build/detection
[4.278s] running symlink_data
[4.278s] symbolically linking /home/group1/dd2419_ws/build/detection/resource/detection -> /home/group1/dd2419_ws/install/detection/share/ament_index/resource_index/packages
