running egg_info
writing ../../build/pickup/pickup.egg-info/PKG-INFO
writing dependency_links to ../../build/pickup/pickup.egg-info/dependency_links.txt
writing entry points to ../../build/pickup/pickup.egg-info/entry_points.txt
writing requirements to ../../build/pickup/pickup.egg-info/requires.txt
writing top-level names to ../../build/pickup/pickup.egg-info/top_level.txt
reading manifest file '../../build/pickup/pickup.egg-info/SOURCES.txt'
writing manifest file '../../build/pickup/pickup.egg-info/SOURCES.txt'
running build
running build_py
running install
running install_lib
byte-compiling /home/group1/dd2419_ws/install/pickup/lib/python3.12/site-packages/pickup/pickup.py to pickup.cpython-312.pyc
Sorry: IndentationError: unexpected indent (pickup.py, line 25)
running install_data
running install_egg_info
removing '/home/group1/dd2419_ws/install/pickup/lib/python3.12/site-packages/pickup-0.0.0-py3.12.egg-info' (and everything under it)
Copying ../../build/pickup/pickup.egg-info to /home/group1/dd2419_ws/install/pickup/lib/python3.12/site-packages/pickup-0.0.0-py3.12.egg-info
running install_scripts
Installing pickup script to /home/group1/dd2419_ws/install/pickup/lib/pickup
writing list of installed files to '/home/group1/dd2419_ws/build/pickup/install.log'
