[1.955s] Invoking command in '/home/group1/dd2419_ws/src/pickup': DEBUGINFOD_URLS=https://debuginfod.ubuntu.com PYTHONPATH=/home/group1/dd2419_ws/build/pickup/prefix_override:/usr/lib/python3/dist-packages/colcon_core/task/python/colcon_distutils_commands:/home/group1/dd2419_ws/install/pickup/lib/python3.12/site-packages:${PYTHONPATH} /usr/bin/python3 -W ignore:setup.py install is deprecated -W ignore:easy_install command is deprecated setup.py egg_info --egg-base ../../build/pickup build --build-base /home/group1/dd2419_ws/build/pickup/build install --record /home/group1/dd2419_ws/build/pickup/install.log --single-version-externally-managed install_data
[2.280s] running egg_info
[2.303s] writing ../../build/pickup/pickup.egg-info/PKG-INFO
[2.303s] writing dependency_links to ../../build/pickup/pickup.egg-info/dependency_links.txt
[2.303s] writing entry points to ../../build/pickup/pickup.egg-info/entry_points.txt
[2.303s] writing requirements to ../../build/pickup/pickup.egg-info/requires.txt
[2.303s] writing top-level names to ../../build/pickup/pickup.egg-info/top_level.txt
[2.349s] reading manifest file '../../build/pickup/pickup.egg-info/SOURCES.txt'
[2.350s] writing manifest file '../../build/pickup/pickup.egg-info/SOURCES.txt'
[2.350s] running build
[2.350s] running build_py
[2.351s] running install
[2.359s] running install_lib
[2.383s] byte-compiling /home/group1/dd2419_ws/install/pickup/lib/python3.12/site-packages/pickup/pickup.py to pickup.cpython-312.pyc
[2.384s] Sorry: IndentationError: unexpected indent (pickup.py, line 25)
[2.384s] running install_data
[2.384s] running install_egg_info
[2.408s] removing '/home/group1/dd2419_ws/install/pickup/lib/python3.12/site-packages/pickup-0.0.0-py3.12.egg-info' (and everything under it)
[2.408s] Copying ../../build/pickup/pickup.egg-info to /home/group1/dd2419_ws/install/pickup/lib/python3.12/site-packages/pickup-0.0.0-py3.12.egg-info
[2.409s] running install_scripts
[2.565s] Installing pickup script to /home/group1/dd2419_ws/install/pickup/lib/pickup
[2.566s] writing list of installed files to '/home/group1/dd2419_ws/build/pickup/install.log'
[2.603s] Invoked command in '/home/group1/dd2419_ws/src/pickup' returned '0': DEBUGINFOD_URLS=https://debuginfod.ubuntu.com PYTHONPATH=/home/group1/dd2419_ws/build/pickup/prefix_override:/usr/lib/python3/dist-packages/colcon_core/task/python/colcon_distutils_commands:/home/group1/dd2419_ws/install/pickup/lib/python3.12/site-packages:${PYTHONPATH} /usr/bin/python3 -W ignore:setup.py install is deprecated -W ignore:easy_install command is deprecated setup.py egg_info --egg-base ../../build/pickup build --build-base /home/group1/dd2419_ws/build/pickup/build install --record /home/group1/dd2419_ws/build/pickup/install.log --single-version-externally-managed install_data
