[0.940s] Invoking command in '/home/group1/dd2419_ws/build/robp_launch': AMENT_PREFIX_PATH=/home/group1/dd2419_ws/install/robp_phidgets_spatial:/home/group1/dd2419_ws/install/robp_phidgets_motors:/home/group1/dd2419_ws/install/robp_phidgets_encoders:/home/group1/dd2419_ws/install/robp_phidgets_temperature:/home/group1/dd2419_ws/install/robp_interfaces:${AMENT_PREFIX_PATH} CMAKE_PREFIX_PATH=/home/group1/dd2419_ws/install/robp_phidgets_spatial:/home/group1/dd2419_ws/install/robp_phidgets_motors:/home/group1/dd2419_ws/install/robp_phidgets_encoders:/home/group1/dd2419_ws/install/robp_phidgets_temperature:/home/group1/dd2419_ws/install/robp_interfaces:${CMAKE_PREFIX_PATH} DEBUGINFOD_URLS=https://debuginfod.ubuntu.com LD_LIBRARY_PATH=/home/group1/dd2419_ws/install/robp_phidgets_spatial/lib:/home/group1/dd2419_ws/install/robp_phidgets_motors/lib:/home/group1/dd2419_ws/install/robp_phidgets_encoders/lib:/home/group1/dd2419_ws/install/robp_phidgets_temperature/lib:/home/group1/dd2419_ws/install/robp_interfaces/lib:${LD_LIBRARY_PATH} PYTHONPATH=/home/group1/dd2419_ws/build/robp_launch/prefix_override:/usr/lib/python3/dist-packages/colcon_core/task/python/colcon_distutils_commands:/home/group1/dd2419_ws/install/robp_launch/lib/python3.12/site-packages:/home/group1/dd2419_ws/install/robp_interfaces/lib/python3.12/site-packages:${PYTHONPATH} /usr/bin/python3 -W ignore:setup.py install is deprecated -W ignore:easy_install command is deprecated setup.py develop --editable --build-directory /home/group1/dd2419_ws/build/robp_launch/build --no-deps symlink_data
[1.307s] running develop
[1.528s] running egg_info
[1.528s] creating robp_launch.egg-info
[1.549s] writing robp_launch.egg-info/PKG-INFO
[1.549s] writing dependency_links to robp_launch.egg-info/dependency_links.txt
[1.549s] writing requirements to robp_launch.egg-info/requires.txt
[1.549s] writing top-level names to robp_launch.egg-info/top_level.txt
[1.550s] writing manifest file 'robp_launch.egg-info/SOURCES.txt'
[1.593s] reading manifest file 'robp_launch.egg-info/SOURCES.txt'
[1.594s] writing manifest file 'robp_launch.egg-info/SOURCES.txt'
[1.617s] running build_ext
[1.617s] Creating /home/group1/dd2419_ws/install/robp_launch/lib/python3.12/site-packages/robp-launch.egg-link (link to .)
[1.618s] 
[1.618s] Installed /home/group1/dd2419_ws/build/robp_launch
[1.618s] running symlink_data
[1.619s] creating /home/group1/dd2419_ws/install/robp_launch/share/ament_index
[1.619s] creating /home/group1/dd2419_ws/install/robp_launch/share/ament_index/resource_index
[1.619s] creating /home/group1/dd2419_ws/install/robp_launch/share/ament_index/resource_index/packages
[1.619s] symbolically linking /home/group1/dd2419_ws/build/robp_launch/resource/robp_launch -> /home/group1/dd2419_ws/install/robp_launch/share/ament_index/resource_index/packages
[1.619s] creating /home/group1/dd2419_ws/install/robp_launch/share/robp_launch/launch
[1.619s] symbolically linking /home/group1/dd2419_ws/build/robp_launch/launch/lidar_launch.yaml -> /home/group1/dd2419_ws/install/robp_launch/share/robp_launch/launch
[1.619s] symbolically linking /home/group1/dd2419_ws/build/robp_launch/launch/arm_camera_launch.yaml -> /home/group1/dd2419_ws/install/robp_launch/share/robp_launch/launch
[1.619s] symbolically linking /home/group1/dd2419_ws/build/robp_launch/launch/rs_d435i_launch.py -> /home/group1/dd2419_ws/install/robp_launch/share/robp_launch/launch
[1.619s] symbolically linking /home/group1/dd2419_ws/build/robp_launch/launch/phidgets_launch.py -> /home/group1/dd2419_ws/install/robp_launch/share/robp_launch/launch
[1.619s] symbolically linking /home/group1/dd2419_ws/build/robp_launch/launch/frames_launch.xml -> /home/group1/dd2419_ws/install/robp_launch/share/robp_launch/launch
[1.619s] symbolically linking /home/group1/dd2419_ws/build/robp_launch/package.xml -> /home/group1/dd2419_ws/install/robp_launch/share/robp_launch
[1.653s] Invoked command in '/home/group1/dd2419_ws/build/robp_launch' returned '0': AMENT_PREFIX_PATH=/home/group1/dd2419_ws/install/robp_phidgets_spatial:/home/group1/dd2419_ws/install/robp_phidgets_motors:/home/group1/dd2419_ws/install/robp_phidgets_encoders:/home/group1/dd2419_ws/install/robp_phidgets_temperature:/home/group1/dd2419_ws/install/robp_interfaces:${AMENT_PREFIX_PATH} CMAKE_PREFIX_PATH=/home/group1/dd2419_ws/install/robp_phidgets_spatial:/home/group1/dd2419_ws/install/robp_phidgets_motors:/home/group1/dd2419_ws/install/robp_phidgets_encoders:/home/group1/dd2419_ws/install/robp_phidgets_temperature:/home/group1/dd2419_ws/install/robp_interfaces:${CMAKE_PREFIX_PATH} DEBUGINFOD_URLS=https://debuginfod.ubuntu.com LD_LIBRARY_PATH=/home/group1/dd2419_ws/install/robp_phidgets_spatial/lib:/home/group1/dd2419_ws/install/robp_phidgets_motors/lib:/home/group1/dd2419_ws/install/robp_phidgets_encoders/lib:/home/group1/dd2419_ws/install/robp_phidgets_temperature/lib:/home/group1/dd2419_ws/install/robp_interfaces/lib:${LD_LIBRARY_PATH} PYTHONPATH=/home/group1/dd2419_ws/build/robp_launch/prefix_override:/usr/lib/python3/dist-packages/colcon_core/task/python/colcon_distutils_commands:/home/group1/dd2419_ws/install/robp_launch/lib/python3.12/site-packages:/home/group1/dd2419_ws/install/robp_interfaces/lib/python3.12/site-packages:${PYTHONPATH} /usr/bin/python3 -W ignore:setup.py install is deprecated -W ignore:easy_install command is deprecated setup.py develop --editable --build-directory /home/group1/dd2419_ws/build/robp_launch/build --no-deps symlink_data
