[0.040s] Invoking command in '/home/group1/dd2419_ws/build/micro_ros_msgs': CMAKE_PREFIX_PATH=${CMAKE_PREFIX_PATH}:/home/group1/dd2419_ws/install/robp_launch:/home/group1/dd2419_ws/install/arm_servos_pubs_subs:/opt/ros/jazzy DEBUGINFOD_URLS=https://debuginfod.ubuntu.com /usr/bin/cmake /home/group1/dd2419_ws/src/uros/micro_ros_msgs -DCMAKE_INSTALL_PREFIX=/home/group1/dd2419_ws/install/micro_ros_msgs
[0.362s] -- Found ament_cmake: 2.5.3 (/opt/ros/jazzy/share/ament_cmake/cmake)
[0.362s] -- Found Python3: /usr/bin/python3 (found version "3.12.3") found components: Interpreter 
[0.362s] -- Found rosidl_default_generators: 1.6.0 (/opt/ros/jazzy/share/rosidl_default_generators/cmake)
[0.362s] -- Using all available rosidl_typesupport_c: rosidl_typesupport_fastrtps_c;rosidl_typesupport_introspection_c
[0.362s] -- Using all available rosidl_typesupport_cpp: rosidl_typesupport_fastrtps_cpp;rosidl_typesupport_introspection_cpp
[0.362s] -- Found rosidl_adapter: 4.6.5 (/opt/ros/jazzy/share/rosidl_adapter/cmake)
[0.362s] -- Found ament_lint_auto: 0.17.1 (/opt/ros/jazzy/share/ament_lint_auto/cmake)
[0.781s] -- Found ament_cmake_ros: 0.12.0 (/opt/ros/jazzy/share/ament_cmake_ros/cmake)
[0.908s] -- Using all available rosidl_typesupport_c: rosidl_typesupport_fastrtps_c;rosidl_typesupport_introspection_c
[1.073s] -- Using all available rosidl_typesupport_cpp: rosidl_typesupport_fastrtps_cpp;rosidl_typesupport_introspection_cpp
[1.074s] -- Found python_cmake_module: 0.11.1 (/opt/ros/jazzy/share/python_cmake_module/cmake)
[1.414s] -- Found Python3: /usr/bin/python3 (found version "3.12.3") found components: Interpreter Development NumPy Development.Module Development.Embed 
[1.437s] -- Added test 'copyright' to check source files copyright and LICENSE
[1.448s] -- Added test 'lint_cmake' to check CMake code style
[1.455s] -- Added test 'xmllint' to check XML markup files
[1.461s] -- Configuring done (1.4s)
[1.517s] -- Generating done (0.0s)
[1.531s] -- Build files have been written to: /home/group1/dd2419_ws/build/micro_ros_msgs
[1.539s] Invoked command in '/home/group1/dd2419_ws/build/micro_ros_msgs' returned '0': CMAKE_PREFIX_PATH=${CMAKE_PREFIX_PATH}:/home/group1/dd2419_ws/install/robp_launch:/home/group1/dd2419_ws/install/arm_servos_pubs_subs:/opt/ros/jazzy DEBUGINFOD_URLS=https://debuginfod.ubuntu.com /usr/bin/cmake /home/group1/dd2419_ws/src/uros/micro_ros_msgs -DCMAKE_INSTALL_PREFIX=/home/group1/dd2419_ws/install/micro_ros_msgs
[1.540s] Invoking command in '/home/group1/dd2419_ws/build/micro_ros_msgs': CMAKE_PREFIX_PATH=${CMAKE_PREFIX_PATH}:/home/group1/dd2419_ws/install/robp_launch:/home/group1/dd2419_ws/install/arm_servos_pubs_subs:/opt/ros/jazzy DEBUGINFOD_URLS=https://debuginfod.ubuntu.com /usr/bin/cmake --build /home/group1/dd2419_ws/build/micro_ros_msgs -- -j8 -l8
[1.599s] [  1%] Built target micro_ros_msgs__rosidl_generator_type_description
[1.615s] [  1%] Built target ament_cmake_python_copy_micro_ros_msgs
[1.629s] [  3%] Built target micro_ros_msgs__cpp
[1.638s] [ 24%] Built target micro_ros_msgs__rosidl_generator_c
[1.691s] [ 33%] Built target micro_ros_msgs__rosidl_typesupport_cpp
[1.693s] [ 42%] Built target micro_ros_msgs__rosidl_typesupport_introspection_c
[1.693s] [ 51%] Built target micro_ros_msgs__rosidl_typesupport_fastrtps_c
[1.698s] [ 61%] Built target micro_ros_msgs__rosidl_typesupport_c
[1.699s] [ 70%] Built target micro_ros_msgs__rosidl_typesupport_fastrtps_cpp
[1.700s] [ 79%] Built target micro_ros_msgs__rosidl_typesupport_introspection_cpp
[1.723s] [ 79%] Built target micro_ros_msgs
[1.747s] [ 81%] Built target micro_ros_msgs__py
[1.776s] [ 88%] Built target micro_ros_msgs__rosidl_generator_py
[1.813s] [ 92%] Built target micro_ros_msgs_s__rosidl_typesupport_fastrtps_c
[1.814s] [100%] Built target micro_ros_msgs_s__rosidl_typesupport_introspection_c
[1.814s] [100%] Built target micro_ros_msgs_s__rosidl_typesupport_c
[1.948s] running egg_info
[1.971s] writing micro_ros_msgs.egg-info/PKG-INFO
[1.972s] writing dependency_links to micro_ros_msgs.egg-info/dependency_links.txt
[1.972s] writing top-level names to micro_ros_msgs.egg-info/top_level.txt
[2.039s] reading manifest file 'micro_ros_msgs.egg-info/SOURCES.txt'
[2.040s] writing manifest file 'micro_ros_msgs.egg-info/SOURCES.txt'
[2.072s] [100%] Built target ament_cmake_python_build_micro_ros_msgs_egg
[2.086s] Invoked command in '/home/group1/dd2419_ws/build/micro_ros_msgs' returned '0': CMAKE_PREFIX_PATH=${CMAKE_PREFIX_PATH}:/home/group1/dd2419_ws/install/robp_launch:/home/group1/dd2419_ws/install/arm_servos_pubs_subs:/opt/ros/jazzy DEBUGINFOD_URLS=https://debuginfod.ubuntu.com /usr/bin/cmake --build /home/group1/dd2419_ws/build/micro_ros_msgs -- -j8 -l8
[2.088s] Invoking command in '/home/group1/dd2419_ws/build/micro_ros_msgs': CMAKE_PREFIX_PATH=${CMAKE_PREFIX_PATH}:/home/group1/dd2419_ws/install/robp_launch:/home/group1/dd2419_ws/install/arm_servos_pubs_subs:/opt/ros/jazzy DEBUGINFOD_URLS=https://debuginfod.ubuntu.com /usr/bin/cmake --install /home/group1/dd2419_ws/build/micro_ros_msgs
[2.099s] -- Install configuration: ""
[2.099s] -- Up-to-date: /home/group1/dd2419_ws/install/micro_ros_msgs/share/ament_index/resource_index/rosidl_interfaces/micro_ros_msgs
[2.099s] -- Up-to-date: /home/group1/dd2419_ws/install/micro_ros_msgs/share/micro_ros_msgs/msg/Graph.json
[2.099s] -- Up-to-date: /home/group1/dd2419_ws/install/micro_ros_msgs/share/micro_ros_msgs/msg/Node.json
[2.100s] -- Up-to-date: /home/group1/dd2419_ws/install/micro_ros_msgs/share/micro_ros_msgs/msg/Entity.json
[2.100s] -- Up-to-date: /home/group1/dd2419_ws/install/micro_ros_msgs/include/micro_ros_msgs/micro_ros_msgs
[2.100s] -- Up-to-date: /home/group1/dd2419_ws/install/micro_ros_msgs/include/micro_ros_msgs/micro_ros_msgs/msg
[2.100s] -- Up-to-date: /home/group1/dd2419_ws/install/micro_ros_msgs/include/micro_ros_msgs/micro_ros_msgs/msg/graph.h
[2.100s] -- Up-to-date: /home/group1/dd2419_ws/install/micro_ros_msgs/include/micro_ros_msgs/micro_ros_msgs/msg/detail
[2.100s] -- Up-to-date: /home/group1/dd2419_ws/install/micro_ros_msgs/include/micro_ros_msgs/micro_ros_msgs/msg/detail/node__type_support.c
[2.101s] -- Up-to-date: /home/group1/dd2419_ws/install/micro_ros_msgs/include/micro_ros_msgs/micro_ros_msgs/msg/detail/entity__description.c
[2.101s] -- Up-to-date: /home/group1/dd2419_ws/install/micro_ros_msgs/include/micro_ros_msgs/micro_ros_msgs/msg/detail/entity__type_support.c
[2.101s] -- Up-to-date: /home/group1/dd2419_ws/install/micro_ros_msgs/include/micro_ros_msgs/micro_ros_msgs/msg/detail/node__struct.h
[2.101s] -- Up-to-date: /home/group1/dd2419_ws/install/micro_ros_msgs/include/micro_ros_msgs/micro_ros_msgs/msg/detail/graph__type_support.c
[2.101s] -- Up-to-date: /home/group1/dd2419_ws/install/micro_ros_msgs/include/micro_ros_msgs/micro_ros_msgs/msg/detail/graph__struct.h
[2.101s] -- Up-to-date: /home/group1/dd2419_ws/install/micro_ros_msgs/include/micro_ros_msgs/micro_ros_msgs/msg/detail/node__description.c
[2.102s] -- Up-to-date: /home/group1/dd2419_ws/install/micro_ros_msgs/include/micro_ros_msgs/micro_ros_msgs/msg/detail/graph__functions.h
[2.102s] -- Up-to-date: /home/group1/dd2419_ws/install/micro_ros_msgs/include/micro_ros_msgs/micro_ros_msgs/msg/detail/entity__functions.h
[2.102s] -- Up-to-date: /home/group1/dd2419_ws/install/micro_ros_msgs/include/micro_ros_msgs/micro_ros_msgs/msg/detail/entity__functions.c
[2.102s] -- Up-to-date: /home/group1/dd2419_ws/install/micro_ros_msgs/include/micro_ros_msgs/micro_ros_msgs/msg/detail/entity__struct.h
[2.102s] -- Up-to-date: /home/group1/dd2419_ws/install/micro_ros_msgs/include/micro_ros_msgs/micro_ros_msgs/msg/detail/node__type_support.h
[2.102s] -- Up-to-date: /home/group1/dd2419_ws/install/micro_ros_msgs/include/micro_ros_msgs/micro_ros_msgs/msg/detail/graph__description.c
[2.102s] -- Up-to-date: /home/group1/dd2419_ws/install/micro_ros_msgs/include/micro_ros_msgs/micro_ros_msgs/msg/detail/node__functions.c
[2.103s] -- Up-to-date: /home/group1/dd2419_ws/install/micro_ros_msgs/include/micro_ros_msgs/micro_ros_msgs/msg/detail/graph__functions.c
[2.103s] -- Up-to-date: /home/group1/dd2419_ws/install/micro_ros_msgs/include/micro_ros_msgs/micro_ros_msgs/msg/detail/graph__type_support.h
[2.103s] -- Up-to-date: /home/group1/dd2419_ws/install/micro_ros_msgs/include/micro_ros_msgs/micro_ros_msgs/msg/detail/entity__type_support.h
[2.103s] -- Up-to-date: /home/group1/dd2419_ws/install/micro_ros_msgs/include/micro_ros_msgs/micro_ros_msgs/msg/detail/node__functions.h
[2.103s] -- Up-to-date: /home/group1/dd2419_ws/install/micro_ros_msgs/include/micro_ros_msgs/micro_ros_msgs/msg/entity.h
[2.104s] -- Up-to-date: /home/group1/dd2419_ws/install/micro_ros_msgs/include/micro_ros_msgs/micro_ros_msgs/msg/rosidl_generator_c__visibility_control.h
[2.104s] -- Up-to-date: /home/group1/dd2419_ws/install/micro_ros_msgs/include/micro_ros_msgs/micro_ros_msgs/msg/node.h
[2.104s] -- Up-to-date: /home/group1/dd2419_ws/install/micro_ros_msgs/share/micro_ros_msgs/environment/library_path.sh
[2.104s] -- Up-to-date: /home/group1/dd2419_ws/install/micro_ros_msgs/share/micro_ros_msgs/environment/library_path.dsv
[2.104s] -- Up-to-date: /home/group1/dd2419_ws/install/micro_ros_msgs/lib/libmicro_ros_msgs__rosidl_generator_c.so
[2.104s] -- Up-to-date: /home/group1/dd2419_ws/install/micro_ros_msgs/include/micro_ros_msgs/micro_ros_msgs
[2.104s] -- Up-to-date: /home/group1/dd2419_ws/install/micro_ros_msgs/include/micro_ros_msgs/micro_ros_msgs/msg
[2.105s] -- Up-to-date: /home/group1/dd2419_ws/install/micro_ros_msgs/include/micro_ros_msgs/micro_ros_msgs/msg/rosidl_typesupport_fastrtps_c__visibility_control.h
[2.105s] -- Up-to-date: /home/group1/dd2419_ws/install/micro_ros_msgs/include/micro_ros_msgs/micro_ros_msgs/msg/detail
[2.105s] -- Up-to-date: /home/group1/dd2419_ws/install/micro_ros_msgs/include/micro_ros_msgs/micro_ros_msgs/msg/detail/node__rosidl_typesupport_fastrtps_c.h
[2.105s] -- Up-to-date: /home/group1/dd2419_ws/install/micro_ros_msgs/include/micro_ros_msgs/micro_ros_msgs/msg/detail/entity__rosidl_typesupport_fastrtps_c.h
[2.105s] -- Up-to-date: /home/group1/dd2419_ws/install/micro_ros_msgs/include/micro_ros_msgs/micro_ros_msgs/msg/detail/graph__rosidl_typesupport_fastrtps_c.h
[2.105s] -- Up-to-date: /home/group1/dd2419_ws/install/micro_ros_msgs/lib/libmicro_ros_msgs__rosidl_typesupport_fastrtps_c.so
[2.106s] -- Up-to-date: /home/group1/dd2419_ws/install/micro_ros_msgs/include/micro_ros_msgs/micro_ros_msgs
[2.106s] -- Up-to-date: /home/group1/dd2419_ws/install/micro_ros_msgs/include/micro_ros_msgs/micro_ros_msgs/msg
[2.106s] -- Up-to-date: /home/group1/dd2419_ws/install/micro_ros_msgs/include/micro_ros_msgs/micro_ros_msgs/msg/detail
[2.106s] -- Up-to-date: /home/group1/dd2419_ws/install/micro_ros_msgs/include/micro_ros_msgs/micro_ros_msgs/msg/detail/node__type_support.c
[2.106s] -- Up-to-date: /home/group1/dd2419_ws/install/micro_ros_msgs/include/micro_ros_msgs/micro_ros_msgs/msg/detail/entity__type_support.c
[2.106s] -- Up-to-date: /home/group1/dd2419_ws/install/micro_ros_msgs/include/micro_ros_msgs/micro_ros_msgs/msg/detail/graph__type_support.c
[2.107s] -- Up-to-date: /home/group1/dd2419_ws/install/micro_ros_msgs/include/micro_ros_msgs/micro_ros_msgs/msg/detail/graph__rosidl_typesupport_introspection_c.h
[2.107s] -- Up-to-date: /home/group1/dd2419_ws/install/micro_ros_msgs/include/micro_ros_msgs/micro_ros_msgs/msg/detail/entity__rosidl_typesupport_introspection_c.h
[2.107s] -- Up-to-date: /home/group1/dd2419_ws/install/micro_ros_msgs/include/micro_ros_msgs/micro_ros_msgs/msg/detail/node__rosidl_typesupport_introspection_c.h
[2.107s] -- Up-to-date: /home/group1/dd2419_ws/install/micro_ros_msgs/include/micro_ros_msgs/micro_ros_msgs/msg/rosidl_typesupport_introspection_c__visibility_control.h
[2.107s] -- Up-to-date: /home/group1/dd2419_ws/install/micro_ros_msgs/lib/libmicro_ros_msgs__rosidl_typesupport_introspection_c.so
[2.107s] -- Up-to-date: /home/group1/dd2419_ws/install/micro_ros_msgs/lib/libmicro_ros_msgs__rosidl_typesupport_c.so
[2.107s] -- Up-to-date: /home/group1/dd2419_ws/install/micro_ros_msgs/include/micro_ros_msgs/micro_ros_msgs
[2.107s] -- Up-to-date: /home/group1/dd2419_ws/install/micro_ros_msgs/include/micro_ros_msgs/micro_ros_msgs/msg
[2.108s] -- Up-to-date: /home/group1/dd2419_ws/install/micro_ros_msgs/include/micro_ros_msgs/micro_ros_msgs/msg/graph.hpp
[2.108s] -- Up-to-date: /home/group1/dd2419_ws/install/micro_ros_msgs/include/micro_ros_msgs/micro_ros_msgs/msg/detail
[2.108s] -- Up-to-date: /home/group1/dd2419_ws/install/micro_ros_msgs/include/micro_ros_msgs/micro_ros_msgs/msg/detail/graph__type_support.hpp
[2.108s] -- Up-to-date: /home/group1/dd2419_ws/install/micro_ros_msgs/include/micro_ros_msgs/micro_ros_msgs/msg/detail/entity__builder.hpp
[2.108s] -- Up-to-date: /home/group1/dd2419_ws/install/micro_ros_msgs/include/micro_ros_msgs/micro_ros_msgs/msg/detail/node__builder.hpp
[2.108s] -- Up-to-date: /home/group1/dd2419_ws/install/micro_ros_msgs/include/micro_ros_msgs/micro_ros_msgs/msg/detail/entity__type_support.hpp
[2.108s] -- Up-to-date: /home/group1/dd2419_ws/install/micro_ros_msgs/include/micro_ros_msgs/micro_ros_msgs/msg/detail/entity__traits.hpp
[2.109s] -- Up-to-date: /home/group1/dd2419_ws/install/micro_ros_msgs/include/micro_ros_msgs/micro_ros_msgs/msg/detail/graph__builder.hpp
[2.109s] -- Up-to-date: /home/group1/dd2419_ws/install/micro_ros_msgs/include/micro_ros_msgs/micro_ros_msgs/msg/detail/graph__struct.hpp
[2.109s] -- Up-to-date: /home/group1/dd2419_ws/install/micro_ros_msgs/include/micro_ros_msgs/micro_ros_msgs/msg/detail/node__struct.hpp
[2.109s] -- Up-to-date: /home/group1/dd2419_ws/install/micro_ros_msgs/include/micro_ros_msgs/micro_ros_msgs/msg/detail/entity__struct.hpp
[2.109s] -- Up-to-date: /home/group1/dd2419_ws/install/micro_ros_msgs/include/micro_ros_msgs/micro_ros_msgs/msg/detail/graph__traits.hpp
[2.109s] -- Up-to-date: /home/group1/dd2419_ws/install/micro_ros_msgs/include/micro_ros_msgs/micro_ros_msgs/msg/detail/node__type_support.hpp
[2.109s] -- Up-to-date: /home/group1/dd2419_ws/install/micro_ros_msgs/include/micro_ros_msgs/micro_ros_msgs/msg/detail/node__traits.hpp
[2.109s] -- Up-to-date: /home/group1/dd2419_ws/install/micro_ros_msgs/include/micro_ros_msgs/micro_ros_msgs/msg/rosidl_generator_cpp__visibility_control.hpp
[2.110s] -- Up-to-date: /home/group1/dd2419_ws/install/micro_ros_msgs/include/micro_ros_msgs/micro_ros_msgs/msg/entity.hpp
[2.110s] -- Up-to-date: /home/group1/dd2419_ws/install/micro_ros_msgs/include/micro_ros_msgs/micro_ros_msgs/msg/node.hpp
[2.110s] -- Up-to-date: /home/group1/dd2419_ws/install/micro_ros_msgs/include/micro_ros_msgs/micro_ros_msgs
[2.110s] -- Up-to-date: /home/group1/dd2419_ws/install/micro_ros_msgs/include/micro_ros_msgs/micro_ros_msgs/msg
[2.110s] -- Up-to-date: /home/group1/dd2419_ws/install/micro_ros_msgs/include/micro_ros_msgs/micro_ros_msgs/msg/detail
[2.110s] -- Up-to-date: /home/group1/dd2419_ws/install/micro_ros_msgs/include/micro_ros_msgs/micro_ros_msgs/msg/detail/graph__rosidl_typesupport_fastrtps_cpp.hpp
[2.110s] -- Up-to-date: /home/group1/dd2419_ws/install/micro_ros_msgs/include/micro_ros_msgs/micro_ros_msgs/msg/detail/entity__rosidl_typesupport_fastrtps_cpp.hpp
[2.110s] -- Up-to-date: /home/group1/dd2419_ws/install/micro_ros_msgs/include/micro_ros_msgs/micro_ros_msgs/msg/detail/dds_fastrtps
[2.111s] -- Up-to-date: /home/group1/dd2419_ws/install/micro_ros_msgs/include/micro_ros_msgs/micro_ros_msgs/msg/detail/node__rosidl_typesupport_fastrtps_cpp.hpp
[2.111s] -- Up-to-date: /home/group1/dd2419_ws/install/micro_ros_msgs/include/micro_ros_msgs/micro_ros_msgs/msg/rosidl_typesupport_fastrtps_cpp__visibility_control.h
[2.111s] -- Up-to-date: /home/group1/dd2419_ws/install/micro_ros_msgs/lib/libmicro_ros_msgs__rosidl_typesupport_fastrtps_cpp.so
[2.111s] -- Up-to-date: /home/group1/dd2419_ws/install/micro_ros_msgs/include/micro_ros_msgs/micro_ros_msgs
[2.111s] -- Up-to-date: /home/group1/dd2419_ws/install/micro_ros_msgs/include/micro_ros_msgs/micro_ros_msgs/msg
[2.111s] -- Up-to-date: /home/group1/dd2419_ws/install/micro_ros_msgs/include/micro_ros_msgs/micro_ros_msgs/msg/detail
[2.111s] -- Up-to-date: /home/group1/dd2419_ws/install/micro_ros_msgs/include/micro_ros_msgs/micro_ros_msgs/msg/detail/entity__rosidl_typesupport_introspection_cpp.hpp
[2.111s] -- Up-to-date: /home/group1/dd2419_ws/install/micro_ros_msgs/include/micro_ros_msgs/micro_ros_msgs/msg/detail/graph__type_support.cpp
[2.112s] -- Up-to-date: /home/group1/dd2419_ws/install/micro_ros_msgs/include/micro_ros_msgs/micro_ros_msgs/msg/detail/graph__rosidl_typesupport_introspection_cpp.hpp
[2.112s] -- Up-to-date: /home/group1/dd2419_ws/install/micro_ros_msgs/include/micro_ros_msgs/micro_ros_msgs/msg/detail/node__type_support.cpp
[2.112s] -- Up-to-date: /home/group1/dd2419_ws/install/micro_ros_msgs/include/micro_ros_msgs/micro_ros_msgs/msg/detail/node__rosidl_typesupport_introspection_cpp.hpp
[2.112s] -- Up-to-date: /home/group1/dd2419_ws/install/micro_ros_msgs/include/micro_ros_msgs/micro_ros_msgs/msg/detail/entity__type_support.cpp
[2.112s] -- Up-to-date: /home/group1/dd2419_ws/install/micro_ros_msgs/lib/libmicro_ros_msgs__rosidl_typesupport_introspection_cpp.so
[2.112s] -- Up-to-date: /home/group1/dd2419_ws/install/micro_ros_msgs/lib/libmicro_ros_msgs__rosidl_typesupport_cpp.so
[2.112s] -- Up-to-date: /home/group1/dd2419_ws/install/micro_ros_msgs/share/micro_ros_msgs/environment/pythonpath.sh
[2.112s] -- Up-to-date: /home/group1/dd2419_ws/install/micro_ros_msgs/share/micro_ros_msgs/environment/pythonpath.dsv
[2.113s] -- Up-to-date: /home/group1/dd2419_ws/install/micro_ros_msgs/lib/python3.12/site-packages/micro_ros_msgs-5.0.2-py3.12.egg-info
[2.113s] -- Installing: /home/group1/dd2419_ws/install/micro_ros_msgs/lib/python3.12/site-packages/micro_ros_msgs-5.0.2-py3.12.egg-info/SOURCES.txt
[2.113s] -- Installing: /home/group1/dd2419_ws/install/micro_ros_msgs/lib/python3.12/site-packages/micro_ros_msgs-5.0.2-py3.12.egg-info/dependency_links.txt
[2.113s] -- Installing: /home/group1/dd2419_ws/install/micro_ros_msgs/lib/python3.12/site-packages/micro_ros_msgs-5.0.2-py3.12.egg-info/PKG-INFO
[2.113s] -- Installing: /home/group1/dd2419_ws/install/micro_ros_msgs/lib/python3.12/site-packages/micro_ros_msgs-5.0.2-py3.12.egg-info/top_level.txt
[2.113s] -- Up-to-date: /home/group1/dd2419_ws/install/micro_ros_msgs/lib/python3.12/site-packages/micro_ros_msgs
[2.113s] -- Up-to-date: /home/group1/dd2419_ws/install/micro_ros_msgs/lib/python3.12/site-packages/micro_ros_msgs/micro_ros_msgs_s__rosidl_typesupport_c.so
[2.114s] -- Up-to-date: /home/group1/dd2419_ws/install/micro_ros_msgs/lib/python3.12/site-packages/micro_ros_msgs/_micro_ros_msgs_s.ep.rosidl_typesupport_fastrtps_c.c
[2.114s] -- Installing: /home/group1/dd2419_ws/install/micro_ros_msgs/lib/python3.12/site-packages/micro_ros_msgs/__init__.py
[2.114s] -- Up-to-date: /home/group1/dd2419_ws/install/micro_ros_msgs/lib/python3.12/site-packages/micro_ros_msgs/msg
[2.114s] -- Up-to-date: /home/group1/dd2419_ws/install/micro_ros_msgs/lib/python3.12/site-packages/micro_ros_msgs/msg/_node_s.c
[2.114s] -- Up-to-date: /home/group1/dd2419_ws/install/micro_ros_msgs/lib/python3.12/site-packages/micro_ros_msgs/msg/_entity.py
[2.114s] -- Up-to-date: /home/group1/dd2419_ws/install/micro_ros_msgs/lib/python3.12/site-packages/micro_ros_msgs/msg/_node.py
[2.114s] -- Up-to-date: /home/group1/dd2419_ws/install/micro_ros_msgs/lib/python3.12/site-packages/micro_ros_msgs/msg/__init__.py
[2.114s] -- Up-to-date: /home/group1/dd2419_ws/install/micro_ros_msgs/lib/python3.12/site-packages/micro_ros_msgs/msg/_graph.py
[2.115s] -- Up-to-date: /home/group1/dd2419_ws/install/micro_ros_msgs/lib/python3.12/site-packages/micro_ros_msgs/msg/_entity_s.c
[2.115s] -- Up-to-date: /home/group1/dd2419_ws/install/micro_ros_msgs/lib/python3.12/site-packages/micro_ros_msgs/msg/_graph_s.c
[2.115s] -- Up-to-date: /home/group1/dd2419_ws/install/micro_ros_msgs/lib/python3.12/site-packages/micro_ros_msgs/micro_ros_msgs_s__rosidl_typesupport_fastrtps_c.so
[2.115s] -- Up-to-date: /home/group1/dd2419_ws/install/micro_ros_msgs/lib/python3.12/site-packages/micro_ros_msgs/_micro_ros_msgs_s.ep.rosidl_typesupport_introspection_c.c
[2.115s] -- Up-to-date: /home/group1/dd2419_ws/install/micro_ros_msgs/lib/python3.12/site-packages/micro_ros_msgs/_micro_ros_msgs_s.ep.rosidl_typesupport_c.c
[2.115s] -- Up-to-date: /home/group1/dd2419_ws/install/micro_ros_msgs/lib/python3.12/site-packages/micro_ros_msgs/micro_ros_msgs_s__rosidl_typesupport_introspection_c.so
[2.155s] Listing '/home/group1/dd2419_ws/install/micro_ros_msgs/lib/python3.12/site-packages/micro_ros_msgs'...
[2.155s] Compiling '/home/group1/dd2419_ws/install/micro_ros_msgs/lib/python3.12/site-packages/micro_ros_msgs/__init__.py'...
[2.155s] Listing '/home/group1/dd2419_ws/install/micro_ros_msgs/lib/python3.12/site-packages/micro_ros_msgs/msg'...
[2.162s] -- Up-to-date: /home/group1/dd2419_ws/install/micro_ros_msgs/lib/python3.12/site-packages/micro_ros_msgs/micro_ros_msgs_s__rosidl_typesupport_fastrtps_c.so
[2.162s] -- Up-to-date: /home/group1/dd2419_ws/install/micro_ros_msgs/lib/python3.12/site-packages/micro_ros_msgs/micro_ros_msgs_s__rosidl_typesupport_introspection_c.so
[2.162s] -- Up-to-date: /home/group1/dd2419_ws/install/micro_ros_msgs/lib/python3.12/site-packages/micro_ros_msgs/micro_ros_msgs_s__rosidl_typesupport_c.so
[2.163s] -- Up-to-date: /home/group1/dd2419_ws/install/micro_ros_msgs/lib/libmicro_ros_msgs__rosidl_generator_py.so
[2.163s] -- Up-to-date: /home/group1/dd2419_ws/install/micro_ros_msgs/share/micro_ros_msgs/msg/Graph.idl
[2.163s] -- Up-to-date: /home/group1/dd2419_ws/install/micro_ros_msgs/share/micro_ros_msgs/msg/Node.idl
[2.163s] -- Up-to-date: /home/group1/dd2419_ws/install/micro_ros_msgs/share/micro_ros_msgs/msg/Entity.idl
[2.163s] -- Up-to-date: /home/group1/dd2419_ws/install/micro_ros_msgs/share/micro_ros_msgs/msg/Graph.msg
[2.163s] -- Up-to-date: /home/group1/dd2419_ws/install/micro_ros_msgs/share/micro_ros_msgs/msg/Node.msg
[2.163s] -- Up-to-date: /home/group1/dd2419_ws/install/micro_ros_msgs/share/micro_ros_msgs/msg/Entity.msg
[2.164s] -- Up-to-date: /home/group1/dd2419_ws/install/micro_ros_msgs/share/ament_index/resource_index/package_run_dependencies/micro_ros_msgs
[2.164s] -- Installing: /home/group1/dd2419_ws/install/micro_ros_msgs/share/ament_index/resource_index/parent_prefix_path/micro_ros_msgs
[2.164s] -- Up-to-date: /home/group1/dd2419_ws/install/micro_ros_msgs/share/micro_ros_msgs/environment/ament_prefix_path.sh
[2.164s] -- Up-to-date: /home/group1/dd2419_ws/install/micro_ros_msgs/share/micro_ros_msgs/environment/ament_prefix_path.dsv
[2.164s] -- Up-to-date: /home/group1/dd2419_ws/install/micro_ros_msgs/share/micro_ros_msgs/environment/path.sh
[2.164s] -- Up-to-date: /home/group1/dd2419_ws/install/micro_ros_msgs/share/micro_ros_msgs/environment/path.dsv
[2.164s] -- Up-to-date: /home/group1/dd2419_ws/install/micro_ros_msgs/share/micro_ros_msgs/local_setup.bash
[2.164s] -- Up-to-date: /home/group1/dd2419_ws/install/micro_ros_msgs/share/micro_ros_msgs/local_setup.sh
[2.164s] -- Up-to-date: /home/group1/dd2419_ws/install/micro_ros_msgs/share/micro_ros_msgs/local_setup.zsh
[2.164s] -- Up-to-date: /home/group1/dd2419_ws/install/micro_ros_msgs/share/micro_ros_msgs/local_setup.dsv
[2.165s] -- Installing: /home/group1/dd2419_ws/install/micro_ros_msgs/share/micro_ros_msgs/package.dsv
[2.165s] -- Up-to-date: /home/group1/dd2419_ws/install/micro_ros_msgs/share/ament_index/resource_index/packages/micro_ros_msgs
[2.165s] -- Up-to-date: /home/group1/dd2419_ws/install/micro_ros_msgs/share/micro_ros_msgs/cmake/export_micro_ros_msgs__rosidl_generator_cExport.cmake
[2.165s] -- Up-to-date: /home/group1/dd2419_ws/install/micro_ros_msgs/share/micro_ros_msgs/cmake/export_micro_ros_msgs__rosidl_generator_cExport-noconfig.cmake
[2.165s] -- Up-to-date: /home/group1/dd2419_ws/install/micro_ros_msgs/share/micro_ros_msgs/cmake/export_micro_ros_msgs__rosidl_typesupport_fastrtps_cExport.cmake
[2.165s] -- Up-to-date: /home/group1/dd2419_ws/install/micro_ros_msgs/share/micro_ros_msgs/cmake/export_micro_ros_msgs__rosidl_typesupport_fastrtps_cExport-noconfig.cmake
[2.165s] -- Up-to-date: /home/group1/dd2419_ws/install/micro_ros_msgs/share/micro_ros_msgs/cmake/micro_ros_msgs__rosidl_typesupport_introspection_cExport.cmake
[2.165s] -- Up-to-date: /home/group1/dd2419_ws/install/micro_ros_msgs/share/micro_ros_msgs/cmake/micro_ros_msgs__rosidl_typesupport_introspection_cExport-noconfig.cmake
[2.165s] -- Up-to-date: /home/group1/dd2419_ws/install/micro_ros_msgs/share/micro_ros_msgs/cmake/micro_ros_msgs__rosidl_typesupport_cExport.cmake
[2.165s] -- Up-to-date: /home/group1/dd2419_ws/install/micro_ros_msgs/share/micro_ros_msgs/cmake/micro_ros_msgs__rosidl_typesupport_cExport-noconfig.cmake
[2.166s] -- Up-to-date: /home/group1/dd2419_ws/install/micro_ros_msgs/share/micro_ros_msgs/cmake/export_micro_ros_msgs__rosidl_generator_cppExport.cmake
[2.166s] -- Up-to-date: /home/group1/dd2419_ws/install/micro_ros_msgs/share/micro_ros_msgs/cmake/export_micro_ros_msgs__rosidl_typesupport_fastrtps_cppExport.cmake
[2.166s] -- Up-to-date: /home/group1/dd2419_ws/install/micro_ros_msgs/share/micro_ros_msgs/cmake/export_micro_ros_msgs__rosidl_typesupport_fastrtps_cppExport-noconfig.cmake
[2.166s] -- Up-to-date: /home/group1/dd2419_ws/install/micro_ros_msgs/share/micro_ros_msgs/cmake/micro_ros_msgs__rosidl_typesupport_introspection_cppExport.cmake
[2.166s] -- Up-to-date: /home/group1/dd2419_ws/install/micro_ros_msgs/share/micro_ros_msgs/cmake/micro_ros_msgs__rosidl_typesupport_introspection_cppExport-noconfig.cmake
[2.166s] -- Up-to-date: /home/group1/dd2419_ws/install/micro_ros_msgs/share/micro_ros_msgs/cmake/micro_ros_msgs__rosidl_typesupport_cppExport.cmake
[2.166s] -- Up-to-date: /home/group1/dd2419_ws/install/micro_ros_msgs/share/micro_ros_msgs/cmake/micro_ros_msgs__rosidl_typesupport_cppExport-noconfig.cmake
[2.166s] -- Up-to-date: /home/group1/dd2419_ws/install/micro_ros_msgs/share/micro_ros_msgs/cmake/export_micro_ros_msgs__rosidl_generator_pyExport.cmake
[2.166s] -- Up-to-date: /home/group1/dd2419_ws/install/micro_ros_msgs/share/micro_ros_msgs/cmake/export_micro_ros_msgs__rosidl_generator_pyExport-noconfig.cmake
[2.166s] -- Up-to-date: /home/group1/dd2419_ws/install/micro_ros_msgs/share/micro_ros_msgs/cmake/rosidl_cmake-extras.cmake
[2.166s] -- Up-to-date: /home/group1/dd2419_ws/install/micro_ros_msgs/share/micro_ros_msgs/cmake/ament_cmake_export_include_directories-extras.cmake
[2.166s] -- Up-to-date: /home/group1/dd2419_ws/install/micro_ros_msgs/share/micro_ros_msgs/cmake/ament_cmake_export_libraries-extras.cmake
[2.166s] -- Up-to-date: /home/group1/dd2419_ws/install/micro_ros_msgs/share/micro_ros_msgs/cmake/ament_cmake_export_targets-extras.cmake
[2.167s] -- Up-to-date: /home/group1/dd2419_ws/install/micro_ros_msgs/share/micro_ros_msgs/cmake/rosidl_cmake_export_typesupport_targets-extras.cmake
[2.167s] -- Up-to-date: /home/group1/dd2419_ws/install/micro_ros_msgs/share/micro_ros_msgs/cmake/ament_cmake_export_dependencies-extras.cmake
[2.167s] -- Up-to-date: /home/group1/dd2419_ws/install/micro_ros_msgs/share/micro_ros_msgs/cmake/rosidl_cmake_export_typesupport_libraries-extras.cmake
[2.167s] -- Up-to-date: /home/group1/dd2419_ws/install/micro_ros_msgs/share/micro_ros_msgs/cmake/micro_ros_msgsConfig.cmake
[2.167s] -- Up-to-date: /home/group1/dd2419_ws/install/micro_ros_msgs/share/micro_ros_msgs/cmake/micro_ros_msgsConfig-version.cmake
[2.167s] -- Up-to-date: /home/group1/dd2419_ws/install/micro_ros_msgs/share/micro_ros_msgs/package.xml
[2.168s] Invoked command in '/home/group1/dd2419_ws/build/micro_ros_msgs' returned '0': CMAKE_PREFIX_PATH=${CMAKE_PREFIX_PATH}:/home/group1/dd2419_ws/install/robp_launch:/home/group1/dd2419_ws/install/arm_servos_pubs_subs:/opt/ros/jazzy DEBUGINFOD_URLS=https://debuginfod.ubuntu.com /usr/bin/cmake --install /home/group1/dd2419_ws/build/micro_ros_msgs
