running egg_info
creating ../build/detection/detection.egg-info
writing ../build/detection/detection.egg-info/PKG-INFO
writing dependency_links to ../build/detection/detection.egg-info/dependency_links.txt
writing entry points to ../build/detection/detection.egg-info/entry_points.txt
writing requirements to ../build/detection/detection.egg-info/requires.txt
writing top-level names to ../build/detection/detection.egg-info/top_level.txt
writing manifest file '../build/detection/detection.egg-info/SOURCES.txt'
reading manifest file '../build/detection/detection.egg-info/SOURCES.txt'
writing manifest file '../build/detection/detection.egg-info/SOURCES.txt'
running build
running build_py
creating /home/robot/dd2419_ws/src/build/detection/build
creating /home/robot/dd2419_ws/src/build/detection/build/lib
creating /home/robot/dd2419_ws/src/build/detection/build/lib/detection
copying detection/detection.py -> /home/robot/dd2419_ws/src/build/detection/build/lib/detection
copying detection/__init__.py -> /home/robot/dd2419_ws/src/build/detection/build/lib/detection
running install
running install_lib
creating /home/robot/dd2419_ws/src/install/detection/lib/python3.12/site-packages/detection
copying /home/robot/dd2419_ws/src/build/detection/build/lib/detection/detection.py -> /home/robot/dd2419_ws/src/install/detection/lib/python3.12/site-packages/detection
copying /home/robot/dd2419_ws/src/build/detection/build/lib/detection/__init__.py -> /home/robot/dd2419_ws/src/install/detection/lib/python3.12/site-packages/detection
byte-compiling /home/robot/dd2419_ws/src/install/detection/lib/python3.12/site-packages/detection/detection.py to detection.cpython-312.pyc
byte-compiling /home/robot/dd2419_ws/src/install/detection/lib/python3.12/site-packages/detection/__init__.py to __init__.cpython-312.pyc
running install_data
creating /home/robot/dd2419_ws/src/install/detection/share/ament_index
creating /home/robot/dd2419_ws/src/install/detection/share/ament_index/resource_index
creating /home/robot/dd2419_ws/src/install/detection/share/ament_index/resource_index/packages
copying resource/detection -> /home/robot/dd2419_ws/src/install/detection/share/ament_index/resource_index/packages
copying package.xml -> /home/robot/dd2419_ws/src/install/detection/share/detection
running install_egg_info
Copying ../build/detection/detection.egg-info to /home/robot/dd2419_ws/src/install/detection/lib/python3.12/site-packages/detection-0.0.0-py3.12.egg-info
running install_scripts
Installing detection script to /home/robot/dd2419_ws/src/install/detection/lib/detection
writing list of installed files to '/home/robot/dd2419_ws/src/build/detection/install.log'
