[1.917s] Invoking command in '/home/group1/dd2419_ws/src/robp_robot/robp_arm/arm_servos_pubs_subs': DEBUGINFOD_URLS=https://debuginfod.ubuntu.com PYTHONPATH=/home/group1/dd2419_ws/build/arm_servos_pubs_subs/prefix_override:/usr/lib/python3/dist-packages/colcon_core/task/python/colcon_distutils_commands:/home/group1/dd2419_ws/install/arm_servos_pubs_subs/lib/python3.12/site-packages:${PYTHONPATH} /usr/bin/python3 -W ignore:setup.py install is deprecated -W ignore:easy_install command is deprecated setup.py egg_info --egg-base ../../../../build/arm_servos_pubs_subs build --build-base /home/group1/dd2419_ws/build/arm_servos_pubs_subs/build install --record /home/group1/dd2419_ws/build/arm_servos_pubs_subs/install.log --single-version-externally-managed install_data
[2.240s] running egg_info
[2.262s] writing ../../../../build/arm_servos_pubs_subs/arm_servos_pubs_subs.egg-info/PKG-INFO
[2.262s] writing dependency_links to ../../../../build/arm_servos_pubs_subs/arm_servos_pubs_subs.egg-info/dependency_links.txt
[2.262s] writing entry points to ../../../../build/arm_servos_pubs_subs/arm_servos_pubs_subs.egg-info/entry_points.txt
[2.262s] writing requirements to ../../../../build/arm_servos_pubs_subs/arm_servos_pubs_subs.egg-info/requires.txt
[2.262s] writing top-level names to ../../../../build/arm_servos_pubs_subs/arm_servos_pubs_subs.egg-info/top_level.txt
[2.308s] reading manifest file '../../../../build/arm_servos_pubs_subs/arm_servos_pubs_subs.egg-info/SOURCES.txt'
[2.309s] writing manifest file '../../../../build/arm_servos_pubs_subs/arm_servos_pubs_subs.egg-info/SOURCES.txt'
[2.309s] running build
[2.309s] running build_py
[2.310s] copying arm_servos_pubs_subs/move_servos_publisher.py -> /home/group1/dd2419_ws/build/arm_servos_pubs_subs/build/lib/arm_servos_pubs_subs
[2.310s] running install
[2.318s] running install_lib
[2.342s] copying /home/group1/dd2419_ws/build/arm_servos_pubs_subs/build/lib/arm_servos_pubs_subs/move_servos_publisher.py -> /home/group1/dd2419_ws/install/arm_servos_pubs_subs/lib/python3.12/site-packages/arm_servos_pubs_subs
[2.342s] byte-compiling /home/group1/dd2419_ws/install/arm_servos_pubs_subs/lib/python3.12/site-packages/arm_servos_pubs_subs/move_servos_publisher.py to move_servos_publisher.cpython-312.pyc
[2.343s] running install_data
[2.343s] running install_egg_info
[2.367s] removing '/home/group1/dd2419_ws/install/arm_servos_pubs_subs/lib/python3.12/site-packages/arm_servos_pubs_subs-0.0.0-py3.12.egg-info' (and everything under it)
[2.367s] Copying ../../../../build/arm_servos_pubs_subs/arm_servos_pubs_subs.egg-info to /home/group1/dd2419_ws/install/arm_servos_pubs_subs/lib/python3.12/site-packages/arm_servos_pubs_subs-0.0.0-py3.12.egg-info
[2.368s] running install_scripts
[2.528s] Installing listener script to /home/group1/dd2419_ws/install/arm_servos_pubs_subs/lib/arm_servos_pubs_subs
[2.528s] Installing talker script to /home/group1/dd2419_ws/install/arm_servos_pubs_subs/lib/arm_servos_pubs_subs
[2.528s] writing list of installed files to '/home/group1/dd2419_ws/build/arm_servos_pubs_subs/install.log'
[2.580s] Invoked command in '/home/group1/dd2419_ws/src/robp_robot/robp_arm/arm_servos_pubs_subs' returned '0': DEBUGINFOD_URLS=https://debuginfod.ubuntu.com PYTHONPATH=/home/group1/dd2419_ws/build/arm_servos_pubs_subs/prefix_override:/usr/lib/python3/dist-packages/colcon_core/task/python/colcon_distutils_commands:/home/group1/dd2419_ws/install/arm_servos_pubs_subs/lib/python3.12/site-packages:${PYTHONPATH} /usr/bin/python3 -W ignore:setup.py install is deprecated -W ignore:easy_install command is deprecated setup.py egg_info --egg-base ../../../../build/arm_servos_pubs_subs build --build-base /home/group1/dd2419_ws/build/arm_servos_pubs_subs/build install --record /home/group1/dd2419_ws/build/arm_servos_pubs_subs/install.log --single-version-externally-managed install_data
