[3.836s] Invoking command in '/home/group1/dd2419_ws/build/odometry': DEBUGINFOD_URLS=https://debuginfod.ubuntu.com PYTHONPATH=/home/group1/dd2419_ws/build/odometry/prefix_override:/usr/lib/python3/dist-packages/colcon_core/task/python/colcon_distutils_commands:/home/group1/dd2419_ws/install/odometry/lib/python3.12/site-packages:${PYTHONPATH} /usr/bin/python3 -W ignore:setup.py install is deprecated -W ignore:easy_install command is deprecated setup.py develop --editable --build-directory /home/group1/dd2419_ws/build/odometry/build --no-deps symlink_data
[4.848s] running develop
[5.381s] running egg_info
[5.460s] writing odometry.egg-info/PKG-INFO
[5.460s] writing dependency_links to odometry.egg-info/dependency_links.txt
[5.460s] writing entry points to odometry.egg-info/entry_points.txt
[5.463s] writing requirements to odometry.egg-info/requires.txt
[5.463s] writing top-level names to odometry.egg-info/top_level.txt
[5.566s] reading manifest file 'odometry.egg-info/SOURCES.txt'
[5.572s] writing manifest file 'odometry.egg-info/SOURCES.txt'
[5.632s] running build_ext
[5.632s] Creating /home/group1/dd2419_ws/install/odometry/lib/python3.12/site-packages/odometry.egg-link (link to .)
[5.632s] Installing odometry script to /home/group1/dd2419_ws/install/odometry/lib/odometry
[5.633s] 
[5.633s] Installed /home/group1/dd2419_ws/build/odometry
[5.633s] running symlink_data
[5.634s] creating /home/group1/dd2419_ws/install/odometry/share/ament_index
[5.634s] creating /home/group1/dd2419_ws/install/odometry/share/ament_index/resource_index
[5.635s] creating /home/group1/dd2419_ws/install/odometry/share/ament_index/resource_index/packages
[5.635s] symbolically linking /home/group1/dd2419_ws/build/odometry/resource/odometry -> /home/group1/dd2419_ws/install/odometry/share/ament_index/resource_index/packages
[5.636s] symbolically linking /home/group1/dd2419_ws/build/odometry/package.xml -> /home/group1/dd2419_ws/install/odometry/share/odometry
[6.171s] Invoked command in '/home/group1/dd2419_ws/build/odometry' returned '0': DEBUGINFOD_URLS=https://debuginfod.ubuntu.com PYTHONPATH=/home/group1/dd2419_ws/build/odometry/prefix_override:/usr/lib/python3/dist-packages/colcon_core/task/python/colcon_distutils_commands:/home/group1/dd2419_ws/install/odometry/lib/python3.12/site-packages:${PYTHONPATH} /usr/bin/python3 -W ignore:setup.py install is deprecated -W ignore:easy_install command is deprecated setup.py develop --editable --build-directory /home/group1/dd2419_ws/build/odometry/build --no-deps symlink_data
