[1.158s] Invoking command in '/home/group1/dd2419_ws/build/robot_odometry': DEBUGINFOD_URLS=https://debuginfod.ubuntu.com PYTHONPATH=/home/group1/dd2419_ws/build/robot_odometry/prefix_override:/usr/lib/python3/dist-packages/colcon_core/task/python/colcon_distutils_commands:/home/group1/dd2419_ws/install/robot_odometry/lib/python3.12/site-packages:${PYTHONPATH} /usr/bin/python3 -W ignore:setup.py install is deprecated -W ignore:easy_install command is deprecated setup.py develop --editable --build-directory /home/group1/dd2419_ws/build/robot_odometry/build --no-deps symlink_data
[1.643s] running develop
[1.877s] running egg_info
[1.900s] writing robot_odometry.egg-info/PKG-INFO
[1.900s] writing dependency_links to robot_odometry.egg-info/dependency_links.txt
[1.900s] writing entry points to robot_odometry.egg-info/entry_points.txt
[1.901s] writing requirements to robot_odometry.egg-info/requires.txt
[1.901s] writing top-level names to robot_odometry.egg-info/top_level.txt
[1.946s] reading manifest file 'robot_odometry.egg-info/SOURCES.txt'
[1.947s] writing manifest file 'robot_odometry.egg-info/SOURCES.txt'
[1.970s] running build_ext
[1.970s] Creating /home/group1/dd2419_ws/install/robot_odometry/lib/python3.12/site-packages/robot-odometry.egg-link (link to .)
[1.971s] Installing robot_odometry script to /home/group1/dd2419_ws/install/robot_odometry/lib/robot_odometry
[1.971s] 
[1.971s] Installed /home/group1/dd2419_ws/build/robot_odometry
[1.971s] running symlink_data
[1.972s] creating /home/group1/dd2419_ws/install/robot_odometry/share/ament_index
[1.972s] creating /home/group1/dd2419_ws/install/robot_odometry/share/ament_index/resource_index
[1.972s] creating /home/group1/dd2419_ws/install/robot_odometry/share/ament_index/resource_index/packages
[1.972s] symbolically linking /home/group1/dd2419_ws/build/robot_odometry/resource/robot_odometry -> /home/group1/dd2419_ws/install/robot_odometry/share/ament_index/resource_index/packages
[1.972s] symbolically linking /home/group1/dd2419_ws/build/robot_odometry/package.xml -> /home/group1/dd2419_ws/install/robot_odometry/share/robot_odometry
[2.008s] Invoked command in '/home/group1/dd2419_ws/build/robot_odometry' returned '0': DEBUGINFOD_URLS=https://debuginfod.ubuntu.com PYTHONPATH=/home/group1/dd2419_ws/build/robot_odometry/prefix_override:/usr/lib/python3/dist-packages/colcon_core/task/python/colcon_distutils_commands:/home/group1/dd2419_ws/install/robot_odometry/lib/python3.12/site-packages:${PYTHONPATH} /usr/bin/python3 -W ignore:setup.py install is deprecated -W ignore:easy_install command is deprecated setup.py develop --editable --build-directory /home/group1/dd2419_ws/build/robot_odometry/build --no-deps symlink_data
