[0.047s] Invoking command in '/home/group1/dd2419_ws/build/arm_interface': CMAKE_PREFIX_PATH=${CMAKE_PREFIX_PATH}:/home/group1/dd2419_ws/install/steering:/home/group1/dd2419_ws/install/robp_launch:/home/group1/dd2419_ws/install/robot_odometry:/home/group1/dd2419_ws/install/pickup:/home/group1/dd2419_ws/install/odometry:/home/group1/dd2419_ws/install/localisation:/home/group1/dd2419_ws/install/lidar:/home/group1/dd2419_ws/install/display:/home/group1/dd2419_ws/install/detection:/home/group1/dd2419_ws/install/controller:/home/group1/dd2419_ws/install/arm_servos_pubs_subs:/opt/ros/jazzy DEBUGINFOD_URLS=https://debuginfod.ubuntu.com /usr/bin/cmake /home/group1/dd2419_ws/src/arm_interface -DAMENT_CMAKE_SYMLINK_INSTALL=1 -DCMAKE_INSTALL_PREFIX=/home/group1/dd2419_ws/install/arm_interface
[1.493s] -- The C compiler identification is GNU 13.3.0
[1.493s] -- The CXX compiler identification is GNU 13.3.0
[1.493s] -- Detecting C compiler ABI info
[1.494s] -- Detecting C compiler ABI info - done
[1.494s] -- Check for working C compiler: /usr/bin/cc - skipped
[1.494s] -- Detecting C compile features
[1.494s] -- Detecting C compile features - done
[1.494s] -- Detecting CXX compiler ABI info
[1.494s] -- Detecting CXX compiler ABI info - done
[1.494s] -- Check for working CXX compiler: /usr/bin/c++ - skipped
[1.495s] -- Detecting CXX compile features
[1.495s] -- Detecting CXX compile features - done
[1.495s] -- Found ament_cmake: 2.5.3 (/opt/ros/jazzy/share/ament_cmake/cmake)
[1.495s] -- Found Python3: /usr/bin/python3 (found version "3.12.3") found components: Interpreter 
[1.495s] -- Override CMake install command with custom implementation using symlinks instead of copying resources
[1.495s] -- Found rosidl_default_generators: 1.6.0 (/opt/ros/jazzy/share/rosidl_default_generators/cmake)
[1.495s] -- Using all available rosidl_typesupport_c: rosidl_typesupport_fastrtps_c;rosidl_typesupport_introspection_c
[1.496s] -- Using all available rosidl_typesupport_cpp: rosidl_typesupport_fastrtps_cpp;rosidl_typesupport_introspection_cpp
[1.496s] -- Found rosidl_adapter: 4.6.5 (/opt/ros/jazzy/share/rosidl_adapter/cmake)
[1.759s] -- Found ament_cmake_ros: 0.12.0 (/opt/ros/jazzy/share/ament_cmake_ros/cmake)
[2.613s] -- Using all available rosidl_typesupport_c: rosidl_typesupport_fastrtps_c;rosidl_typesupport_introspection_c
[3.854s] -- Using all available rosidl_typesupport_cpp: rosidl_typesupport_fastrtps_cpp;rosidl_typesupport_introspection_cpp
[3.860s] -- Found python_cmake_module: 0.11.1 (/opt/ros/jazzy/share/python_cmake_module/cmake)
[4.184s] -- Found PythonExtra: /usr/bin/python3  
[5.017s] -- Found Python3: /usr/bin/python3 (found version "3.12.3") found components: Interpreter Development NumPy Development.Module Development.Embed 
[5.067s] -- Found ament_lint_auto: 0.17.1 (/opt/ros/jazzy/share/ament_lint_auto/cmake)
[5.095s] -- Added test 'lint_cmake' to check CMake code style
[5.097s] -- Added test 'xmllint' to check XML markup files
[5.104s] -- Configuring done (5.0s)
[5.156s] -- Generating done (0.0s)
[5.179s] -- Build files have been written to: /home/group1/dd2419_ws/build/arm_interface
[5.364s] Invoked command in '/home/group1/dd2419_ws/build/arm_interface' returned '0': CMAKE_PREFIX_PATH=${CMAKE_PREFIX_PATH}:/home/group1/dd2419_ws/install/steering:/home/group1/dd2419_ws/install/robp_launch:/home/group1/dd2419_ws/install/robot_odometry:/home/group1/dd2419_ws/install/pickup:/home/group1/dd2419_ws/install/odometry:/home/group1/dd2419_ws/install/localisation:/home/group1/dd2419_ws/install/lidar:/home/group1/dd2419_ws/install/display:/home/group1/dd2419_ws/install/detection:/home/group1/dd2419_ws/install/controller:/home/group1/dd2419_ws/install/arm_servos_pubs_subs:/opt/ros/jazzy DEBUGINFOD_URLS=https://debuginfod.ubuntu.com /usr/bin/cmake /home/group1/dd2419_ws/src/arm_interface -DAMENT_CMAKE_SYMLINK_INSTALL=1 -DCMAKE_INSTALL_PREFIX=/home/group1/dd2419_ws/install/arm_interface
[5.366s] Invoking command in '/home/group1/dd2419_ws/build/arm_interface': CMAKE_PREFIX_PATH=${CMAKE_PREFIX_PATH}:/home/group1/dd2419_ws/install/steering:/home/group1/dd2419_ws/install/robp_launch:/home/group1/dd2419_ws/install/robot_odometry:/home/group1/dd2419_ws/install/pickup:/home/group1/dd2419_ws/install/odometry:/home/group1/dd2419_ws/install/localisation:/home/group1/dd2419_ws/install/lidar:/home/group1/dd2419_ws/install/display:/home/group1/dd2419_ws/install/detection:/home/group1/dd2419_ws/install/controller:/home/group1/dd2419_ws/install/arm_servos_pubs_subs:/opt/ros/jazzy DEBUGINFOD_URLS=https://debuginfod.ubuntu.com /usr/bin/cmake --build /home/group1/dd2419_ws/build/arm_interface -- -j8 -l8
[6.356s] [  2%] [34m[1mGenerating type hashes for ROS interfaces[0m
[6.356s] [  2%] Built target ament_cmake_python_symlink_arm_interface
[6.356s] [  2%] Built target arm_interface__rosidl_generator_type_description
[6.356s] [  5%] [34m[1mGenerating C code for ROS interfaces[0m
[6.356s] running egg_info
[6.356s] creating arm_interface.egg-info
[6.356s] [  8%] [34m[1mGenerating C++ code for ROS interfaces[0m
[6.357s] writing arm_interface.egg-info/PKG-INFO
[6.357s] writing dependency_links to arm_interface.egg-info/dependency_links.txt
[6.357s] writing top-level names to arm_interface.egg-info/top_level.txt
[6.357s] writing manifest file 'arm_interface.egg-info/SOURCES.txt'
[6.357s] reading manifest file 'arm_interface.egg-info/SOURCES.txt'
[6.357s] writing manifest file 'arm_interface.egg-info/SOURCES.txt'
[6.357s] [  8%] Built target ament_cmake_python_build_arm_interface_egg
[6.357s] [ 11%] [32mBuilding C object CMakeFiles/arm_interface__rosidl_generator_c.dir/rosidl_generator_c/arm_interface/srv/detail/arm__functions.c.o[0m
[6.357s] [ 14%] [32mBuilding C object CMakeFiles/arm_interface__rosidl_generator_c.dir/rosidl_generator_c/arm_interface/srv/detail/arm__type_support.c.o[0m
[6.358s] [ 17%] [32mBuilding C object CMakeFiles/arm_interface__rosidl_generator_c.dir/rosidl_generator_c/arm_interface/srv/detail/arm__description.c.o[0m
[6.358s] [ 17%] Built target arm_interface__cpp
[6.429s] [ 20%] [32m[1mLinking C shared library libarm_interface__rosidl_generator_c.so[0m
[6.504s] [ 20%] Built target arm_interface__rosidl_generator_c
[6.532s] [ 23%] [34m[1mGenerating C type support dispatch for ROS interfaces[0m
[6.539s] [ 26%] [34m[1mGenerating C++ type support dispatch for ROS interfaces[0m
[6.540s] [ 29%] [34m[1mGenerating C type support for eProsima Fast-RTPS[0m
[6.552s] [ 32%] [34m[1mGenerating C++ introspection for ROS interfaces[0m
[6.564s] [ 35%] [34m[1mGenerating C introspection for ROS interfaces[0m
[6.564s] [ 38%] [34m[1mGenerating C++ type support for eProsima Fast-RTPS[0m
[7.372s] [ 41%] [32mBuilding CXX object CMakeFiles/arm_interface__rosidl_typesupport_c.dir/rosidl_typesupport_c/arm_interface/srv/arm__type_support.cpp.o[0m
[7.509s] [ 44%] [32m[1mLinking CXX shared library libarm_interface__rosidl_typesupport_c.so[0m
[7.661s] [ 44%] Built target arm_interface__rosidl_typesupport_c
[7.695s] [ 47%] [32mBuilding CXX object CMakeFiles/arm_interface__rosidl_typesupport_cpp.dir/rosidl_typesupport_cpp/arm_interface/srv/arm__type_support.cpp.o[0m
[7.769s] [ 50%] [32mBuilding CXX object CMakeFiles/arm_interface__rosidl_typesupport_fastrtps_cpp.dir/rosidl_typesupport_fastrtps_cpp/arm_interface/srv/detail/dds_fastrtps/arm__type_support.cpp.o[0m
[7.801s] [ 52%] [32mBuilding C object CMakeFiles/arm_interface__rosidl_typesupport_introspection_c.dir/rosidl_typesupport_introspection_c/arm_interface/srv/detail/arm__type_support.c.o[0m
[7.990s] [ 55%] [32m[1mLinking C shared library libarm_interface__rosidl_typesupport_introspection_c.so[0m
[8.081s] [ 58%] [32mBuilding CXX object CMakeFiles/arm_interface__rosidl_typesupport_introspection_cpp.dir/rosidl_typesupport_introspection_cpp/arm_interface/srv/detail/arm__type_support.cpp.o[0m
[8.084s] [ 61%] [32mBuilding CXX object CMakeFiles/arm_interface__rosidl_typesupport_fastrtps_c.dir/rosidl_typesupport_fastrtps_c/arm_interface/srv/detail/arm__type_support_c.cpp.o[0m
[8.121s] [ 61%] Built target arm_interface__rosidl_typesupport_introspection_c
[8.631s] [ 64%] [32m[1mLinking CXX shared library libarm_interface__rosidl_typesupport_cpp.so[0m
[8.794s] [ 64%] Built target arm_interface__rosidl_typesupport_cpp
[9.207s] [ 67%] [32m[1mLinking CXX shared library libarm_interface__rosidl_typesupport_fastrtps_c.so[0m
[9.259s] [ 70%] [32m[1mLinking CXX shared library libarm_interface__rosidl_typesupport_introspection_cpp.so[0m
[9.383s] [ 70%] Built target arm_interface__rosidl_typesupport_fastrtps_c
[9.462s] [ 70%] Built target arm_interface__rosidl_typesupport_introspection_cpp
[9.614s] [ 73%] [32m[1mLinking CXX shared library libarm_interface__rosidl_typesupport_fastrtps_cpp.so[0m
[9.854s] [ 73%] Built target arm_interface__rosidl_typesupport_fastrtps_cpp
[9.916s] [ 73%] Built target arm_interface
[9.989s] [ 76%] [34m[1mGenerating Python code for ROS interfaces[0m
[12.466s] [ 76%] Built target arm_interface__py
[12.536s] [ 79%] [32mBuilding C object CMakeFiles/arm_interface__rosidl_generator_py.dir/rosidl_generator_py/arm_interface/srv/_arm_s.c.o[0m
[12.948s] [ 82%] [32m[1mLinking C shared library libarm_interface__rosidl_generator_py.so[0m
[13.069s] [ 82%] Built target arm_interface__rosidl_generator_py
[13.129s] [ 85%] [32mBuilding C object CMakeFiles/arm_interface_s__rosidl_typesupport_introspection_c.dir/rosidl_generator_py/arm_interface/_arm_interface_s.ep.rosidl_typesupport_introspection_c.c.o[0m
[13.147s] [ 88%] [32mBuilding C object CMakeFiles/arm_interface_s__rosidl_typesupport_fastrtps_c.dir/rosidl_generator_py/arm_interface/_arm_interface_s.ep.rosidl_typesupport_fastrtps_c.c.o[0m
[13.159s] [ 91%] [32mBuilding C object CMakeFiles/arm_interface_s__rosidl_typesupport_c.dir/rosidl_generator_py/arm_interface/_arm_interface_s.ep.rosidl_typesupport_c.c.o[0m
[13.512s] [ 94%] [32m[1mLinking C shared module rosidl_generator_py/arm_interface/arm_interface_s__rosidl_typesupport_introspection_c.so[0m
[13.629s] [ 94%] Built target arm_interface_s__rosidl_typesupport_introspection_c
[13.692s] [ 97%] [32m[1mLinking C shared module rosidl_generator_py/arm_interface/arm_interface_s__rosidl_typesupport_fastrtps_c.so[0m
[13.760s] [100%] [32m[1mLinking C shared module rosidl_generator_py/arm_interface/arm_interface_s__rosidl_typesupport_c.so[0m
[13.799s] [100%] Built target arm_interface_s__rosidl_typesupport_fastrtps_c
[13.875s] [100%] Built target arm_interface_s__rosidl_typesupport_c
[13.928s] Invoked command in '/home/group1/dd2419_ws/build/arm_interface' returned '0': CMAKE_PREFIX_PATH=${CMAKE_PREFIX_PATH}:/home/group1/dd2419_ws/install/steering:/home/group1/dd2419_ws/install/robp_launch:/home/group1/dd2419_ws/install/robot_odometry:/home/group1/dd2419_ws/install/pickup:/home/group1/dd2419_ws/install/odometry:/home/group1/dd2419_ws/install/localisation:/home/group1/dd2419_ws/install/lidar:/home/group1/dd2419_ws/install/display:/home/group1/dd2419_ws/install/detection:/home/group1/dd2419_ws/install/controller:/home/group1/dd2419_ws/install/arm_servos_pubs_subs:/opt/ros/jazzy DEBUGINFOD_URLS=https://debuginfod.ubuntu.com /usr/bin/cmake --build /home/group1/dd2419_ws/build/arm_interface -- -j8 -l8
[13.964s] Invoking command in '/home/group1/dd2419_ws/build/arm_interface': CMAKE_PREFIX_PATH=${CMAKE_PREFIX_PATH}:/home/group1/dd2419_ws/install/steering:/home/group1/dd2419_ws/install/robp_launch:/home/group1/dd2419_ws/install/robot_odometry:/home/group1/dd2419_ws/install/pickup:/home/group1/dd2419_ws/install/odometry:/home/group1/dd2419_ws/install/localisation:/home/group1/dd2419_ws/install/lidar:/home/group1/dd2419_ws/install/display:/home/group1/dd2419_ws/install/detection:/home/group1/dd2419_ws/install/controller:/home/group1/dd2419_ws/install/arm_servos_pubs_subs:/opt/ros/jazzy DEBUGINFOD_URLS=https://debuginfod.ubuntu.com /usr/bin/cmake --install /home/group1/dd2419_ws/build/arm_interface
[13.992s] -- Install configuration: ""
[13.992s] -- Execute custom install script
[13.993s] -- Symlinking: /home/group1/dd2419_ws/install/arm_interface/share/ament_index/resource_index/rosidl_interfaces/arm_interface
[14.026s] -- Symlinking: /home/group1/dd2419_ws/install/arm_interface/share/arm_interface/srv/Arm.json
[14.058s] -- Symlinking: /home/group1/dd2419_ws/install/arm_interface/include/arm_interface/arm_interface/msg/rosidl_generator_c__visibility_control.h
[14.086s] -- Symlinking: /home/group1/dd2419_ws/install/arm_interface/include/arm_interface/arm_interface/srv/arm.h
[14.117s] -- Symlinking: /home/group1/dd2419_ws/install/arm_interface/include/arm_interface/arm_interface/srv/detail/arm__functions.h
[14.154s] -- Symlinking: /home/group1/dd2419_ws/install/arm_interface/include/arm_interface/arm_interface/srv/detail/arm__struct.h
[14.198s] -- Symlinking: /home/group1/dd2419_ws/install/arm_interface/include/arm_interface/arm_interface/srv/detail/arm__type_support.h
[14.228s] -- Symlinking: /home/group1/dd2419_ws/install/arm_interface/share/arm_interface/environment/library_path.sh
[14.264s] -- Symlinking: /home/group1/dd2419_ws/install/arm_interface/share/arm_interface/environment/library_path.dsv
[14.298s] -- Symlinking: /home/group1/dd2419_ws/install/arm_interface/include/arm_interface/arm_interface/msg/rosidl_typesupport_fastrtps_c__visibility_control.h
[14.349s] -- Symlinking: /home/group1/dd2419_ws/install/arm_interface/include/arm_interface/arm_interface/srv/detail/arm__rosidl_typesupport_fastrtps_c.h
[14.382s] -- Symlinking: /home/group1/dd2419_ws/install/arm_interface/include/arm_interface/arm_interface/msg/rosidl_typesupport_introspection_c__visibility_control.h
[14.415s] -- Symlinking: /home/group1/dd2419_ws/install/arm_interface/include/arm_interface/arm_interface/srv/detail/arm__rosidl_typesupport_introspection_c.h
[14.450s] -- Symlinking: /home/group1/dd2419_ws/install/arm_interface/include/arm_interface/arm_interface/msg/rosidl_generator_cpp__visibility_control.hpp
[14.497s] -- Symlinking: /home/group1/dd2419_ws/install/arm_interface/include/arm_interface/arm_interface/srv/arm.hpp
[14.534s] -- Symlinking: /home/group1/dd2419_ws/install/arm_interface/include/arm_interface/arm_interface/srv/detail/arm__builder.hpp
[14.567s] -- Symlinking: /home/group1/dd2419_ws/install/arm_interface/include/arm_interface/arm_interface/srv/detail/arm__struct.hpp
[14.616s] -- Symlinking: /home/group1/dd2419_ws/install/arm_interface/include/arm_interface/arm_interface/srv/detail/arm__traits.hpp
[14.667s] -- Symlinking: /home/group1/dd2419_ws/install/arm_interface/include/arm_interface/arm_interface/srv/detail/arm__type_support.hpp
[14.697s] -- Symlinking: /home/group1/dd2419_ws/install/arm_interface/include/arm_interface/arm_interface/msg/rosidl_typesupport_fastrtps_cpp__visibility_control.h
[14.729s] -- Symlinking: /home/group1/dd2419_ws/install/arm_interface/include/arm_interface/arm_interface/srv/detail/arm__rosidl_typesupport_fastrtps_cpp.hpp
[14.765s] -- Symlinking: /home/group1/dd2419_ws/install/arm_interface/include/arm_interface/arm_interface/srv/detail/arm__rosidl_typesupport_introspection_cpp.hpp
[14.796s] -- Symlinking: /home/group1/dd2419_ws/install/arm_interface/share/arm_interface/environment/pythonpath.sh
[14.826s] -- Symlinking: /home/group1/dd2419_ws/install/arm_interface/share/arm_interface/environment/pythonpath.dsv
[14.861s] -- Symlinking: /home/group1/dd2419_ws/install/arm_interface/lib/python3.12/site-packages/arm_interface-0.0.0-py3.12.egg-info/PKG-INFO
[14.893s] -- Symlinking: /home/group1/dd2419_ws/install/arm_interface/lib/python3.12/site-packages/arm_interface-0.0.0-py3.12.egg-info/SOURCES.txt
[14.925s] -- Symlinking: /home/group1/dd2419_ws/install/arm_interface/lib/python3.12/site-packages/arm_interface-0.0.0-py3.12.egg-info/dependency_links.txt
[14.961s] -- Symlinking: /home/group1/dd2419_ws/install/arm_interface/lib/python3.12/site-packages/arm_interface-0.0.0-py3.12.egg-info/top_level.txt
[14.993s] -- Symlinking: /home/group1/dd2419_ws/install/arm_interface/lib/python3.12/site-packages/arm_interface/__init__.py
[15.028s] -- Symlinking: /home/group1/dd2419_ws/install/arm_interface/lib/python3.12/site-packages/arm_interface/_arm_interface_s.ep.rosidl_typesupport_c.c
[15.058s] -- Symlinking: /home/group1/dd2419_ws/install/arm_interface/lib/python3.12/site-packages/arm_interface/_arm_interface_s.ep.rosidl_typesupport_fastrtps_c.c
[15.089s] -- Symlinking: /home/group1/dd2419_ws/install/arm_interface/lib/python3.12/site-packages/arm_interface/_arm_interface_s.ep.rosidl_typesupport_introspection_c.c
[15.130s] -- Symlinking: /home/group1/dd2419_ws/install/arm_interface/lib/python3.12/site-packages/arm_interface/arm_interface_s__rosidl_typesupport_c.so
[15.157s] -- Symlinking: /home/group1/dd2419_ws/install/arm_interface/lib/python3.12/site-packages/arm_interface/arm_interface_s__rosidl_typesupport_fastrtps_c.so
[15.192s] -- Symlinking: /home/group1/dd2419_ws/install/arm_interface/lib/python3.12/site-packages/arm_interface/arm_interface_s__rosidl_typesupport_introspection_c.so
[15.226s] -- Symlinking: /home/group1/dd2419_ws/install/arm_interface/lib/python3.12/site-packages/arm_interface/srv/__init__.py
[15.260s] -- Symlinking: /home/group1/dd2419_ws/install/arm_interface/lib/python3.12/site-packages/arm_interface/srv/_arm.py
[15.291s] -- Symlinking: /home/group1/dd2419_ws/install/arm_interface/lib/python3.12/site-packages/arm_interface/srv/_arm_s.c
[15.323s] -- Up-to-date symlink: /home/group1/dd2419_ws/install/arm_interface/lib/python3.12/site-packages/arm_interface/arm_interface_s__rosidl_typesupport_fastrtps_c.so
[15.323s] -- Up-to-date symlink: /home/group1/dd2419_ws/install/arm_interface/lib/python3.12/site-packages/arm_interface/arm_interface_s__rosidl_typesupport_introspection_c.so
[15.329s] -- Up-to-date symlink: /home/group1/dd2419_ws/install/arm_interface/lib/python3.12/site-packages/arm_interface/arm_interface_s__rosidl_typesupport_c.so
[15.329s] -- Symlinking: /home/group1/dd2419_ws/install/arm_interface/share/arm_interface/srv/Arm.idl
[15.352s] -- Symlinking: /home/group1/dd2419_ws/install/arm_interface/share/arm_interface/srv/Arm.srv
[15.370s] -- Symlinking: /home/group1/dd2419_ws/install/arm_interface/share/ament_index/resource_index/package_run_dependencies/arm_interface
[15.389s] -- Symlinking: /home/group1/dd2419_ws/install/arm_interface/share/ament_index/resource_index/parent_prefix_path/arm_interface
[15.406s] -- Symlinking: /home/group1/dd2419_ws/install/arm_interface/share/arm_interface/environment/ament_prefix_path.sh
[15.426s] -- Symlinking: /home/group1/dd2419_ws/install/arm_interface/share/arm_interface/environment/ament_prefix_path.dsv
[15.438s] -- Symlinking: /home/group1/dd2419_ws/install/arm_interface/share/arm_interface/environment/path.sh
[15.455s] -- Symlinking: /home/group1/dd2419_ws/install/arm_interface/share/arm_interface/environment/path.dsv
[15.473s] -- Symlinking: /home/group1/dd2419_ws/install/arm_interface/share/arm_interface/local_setup.bash
[15.489s] -- Symlinking: /home/group1/dd2419_ws/install/arm_interface/share/arm_interface/local_setup.sh
[15.505s] -- Symlinking: /home/group1/dd2419_ws/install/arm_interface/share/arm_interface/local_setup.zsh
[15.520s] -- Symlinking: /home/group1/dd2419_ws/install/arm_interface/share/arm_interface/local_setup.dsv
[15.538s] -- Symlinking: /home/group1/dd2419_ws/install/arm_interface/share/arm_interface/package.dsv
[15.554s] -- Symlinking: /home/group1/dd2419_ws/install/arm_interface/share/ament_index/resource_index/packages/arm_interface
[15.569s] -- Symlinking: /home/group1/dd2419_ws/install/arm_interface/share/arm_interface/cmake/rosidl_cmake-extras.cmake
[15.592s] -- Symlinking: /home/group1/dd2419_ws/install/arm_interface/share/arm_interface/cmake/ament_cmake_export_dependencies-extras.cmake
[15.619s] -- Symlinking: /home/group1/dd2419_ws/install/arm_interface/share/arm_interface/cmake/ament_cmake_export_include_directories-extras.cmake
[15.646s] -- Symlinking: /home/group1/dd2419_ws/install/arm_interface/share/arm_interface/cmake/ament_cmake_export_libraries-extras.cmake
[15.667s] -- Symlinking: /home/group1/dd2419_ws/install/arm_interface/share/arm_interface/cmake/ament_cmake_export_targets-extras.cmake
[15.700s] -- Symlinking: /home/group1/dd2419_ws/install/arm_interface/share/arm_interface/cmake/rosidl_cmake_export_typesupport_targets-extras.cmake
[15.732s] -- Symlinking: /home/group1/dd2419_ws/install/arm_interface/share/arm_interface/cmake/rosidl_cmake_export_typesupport_libraries-extras.cmake
[15.764s] -- Symlinking: /home/group1/dd2419_ws/install/arm_interface/share/arm_interface/cmake/arm_interfaceConfig.cmake
[15.796s] -- Symlinking: /home/group1/dd2419_ws/install/arm_interface/share/arm_interface/cmake/arm_interfaceConfig-version.cmake
[15.831s] -- Symlinking: /home/group1/dd2419_ws/install/arm_interface/share/arm_interface/package.xml
[15.860s] -- Installing: /home/group1/dd2419_ws/install/arm_interface/lib/libarm_interface__rosidl_generator_c.so
[15.867s] -- Set non-toolchain portion of runtime path of "/home/group1/dd2419_ws/install/arm_interface/lib/libarm_interface__rosidl_generator_c.so" to ""
[15.867s] -- Installing: /home/group1/dd2419_ws/install/arm_interface/lib/libarm_interface__rosidl_typesupport_fastrtps_c.so
[15.867s] -- Set non-toolchain portion of runtime path of "/home/group1/dd2419_ws/install/arm_interface/lib/libarm_interface__rosidl_typesupport_fastrtps_c.so" to ""
[15.868s] -- Installing: /home/group1/dd2419_ws/install/arm_interface/lib/libarm_interface__rosidl_typesupport_introspection_c.so
[15.874s] -- Set non-toolchain portion of runtime path of "/home/group1/dd2419_ws/install/arm_interface/lib/libarm_interface__rosidl_typesupport_introspection_c.so" to ""
[15.875s] -- Installing: /home/group1/dd2419_ws/install/arm_interface/lib/libarm_interface__rosidl_typesupport_c.so
[15.878s] -- Set non-toolchain portion of runtime path of "/home/group1/dd2419_ws/install/arm_interface/lib/libarm_interface__rosidl_typesupport_c.so" to ""
[15.878s] -- Installing: /home/group1/dd2419_ws/install/arm_interface/lib/libarm_interface__rosidl_typesupport_fastrtps_cpp.so
[15.883s] -- Set non-toolchain portion of runtime path of "/home/group1/dd2419_ws/install/arm_interface/lib/libarm_interface__rosidl_typesupport_fastrtps_cpp.so" to ""
[15.883s] -- Installing: /home/group1/dd2419_ws/install/arm_interface/lib/libarm_interface__rosidl_typesupport_introspection_cpp.so
[15.885s] -- Set non-toolchain portion of runtime path of "/home/group1/dd2419_ws/install/arm_interface/lib/libarm_interface__rosidl_typesupport_introspection_cpp.so" to ""
[15.885s] -- Installing: /home/group1/dd2419_ws/install/arm_interface/lib/libarm_interface__rosidl_typesupport_cpp.so
[15.894s] -- Set non-toolchain portion of runtime path of "/home/group1/dd2419_ws/install/arm_interface/lib/libarm_interface__rosidl_typesupport_cpp.so" to ""
[16.038s] Listing '/home/group1/dd2419_ws/install/arm_interface/lib/python3.12/site-packages/arm_interface'...
[16.038s] Compiling '/home/group1/dd2419_ws/install/arm_interface/lib/python3.12/site-packages/arm_interface/__init__.py'...
[16.038s] Listing '/home/group1/dd2419_ws/install/arm_interface/lib/python3.12/site-packages/arm_interface/srv'...
[16.038s] Compiling '/home/group1/dd2419_ws/install/arm_interface/lib/python3.12/site-packages/arm_interface/srv/__init__.py'...
[16.038s] Compiling '/home/group1/dd2419_ws/install/arm_interface/lib/python3.12/site-packages/arm_interface/srv/_arm.py'...
[16.049s] -- Installing: /home/group1/dd2419_ws/install/arm_interface/lib/libarm_interface__rosidl_generator_py.so
[16.050s] -- Set non-toolchain portion of runtime path of "/home/group1/dd2419_ws/install/arm_interface/lib/libarm_interface__rosidl_generator_py.so" to ""
[16.050s] -- Installing: /home/group1/dd2419_ws/install/arm_interface/share/arm_interface/cmake/export_arm_interface__rosidl_generator_cExport.cmake
[16.050s] -- Installing: /home/group1/dd2419_ws/install/arm_interface/share/arm_interface/cmake/export_arm_interface__rosidl_generator_cExport-noconfig.cmake
[16.051s] -- Installing: /home/group1/dd2419_ws/install/arm_interface/share/arm_interface/cmake/export_arm_interface__rosidl_typesupport_fastrtps_cExport.cmake
[16.051s] -- Installing: /home/group1/dd2419_ws/install/arm_interface/share/arm_interface/cmake/export_arm_interface__rosidl_typesupport_fastrtps_cExport-noconfig.cmake
[16.051s] -- Installing: /home/group1/dd2419_ws/install/arm_interface/share/arm_interface/cmake/arm_interface__rosidl_typesupport_introspection_cExport.cmake
[16.052s] -- Installing: /home/group1/dd2419_ws/install/arm_interface/share/arm_interface/cmake/arm_interface__rosidl_typesupport_introspection_cExport-noconfig.cmake
[16.052s] -- Installing: /home/group1/dd2419_ws/install/arm_interface/share/arm_interface/cmake/arm_interface__rosidl_typesupport_cExport.cmake
[16.053s] -- Installing: /home/group1/dd2419_ws/install/arm_interface/share/arm_interface/cmake/arm_interface__rosidl_typesupport_cExport-noconfig.cmake
[16.053s] -- Installing: /home/group1/dd2419_ws/install/arm_interface/share/arm_interface/cmake/export_arm_interface__rosidl_generator_cppExport.cmake
[16.055s] -- Installing: /home/group1/dd2419_ws/install/arm_interface/share/arm_interface/cmake/export_arm_interface__rosidl_typesupport_fastrtps_cppExport.cmake
[16.055s] -- Installing: /home/group1/dd2419_ws/install/arm_interface/share/arm_interface/cmake/export_arm_interface__rosidl_typesupport_fastrtps_cppExport-noconfig.cmake
[16.055s] -- Installing: /home/group1/dd2419_ws/install/arm_interface/share/arm_interface/cmake/arm_interface__rosidl_typesupport_introspection_cppExport.cmake
[16.056s] -- Installing: /home/group1/dd2419_ws/install/arm_interface/share/arm_interface/cmake/arm_interface__rosidl_typesupport_introspection_cppExport-noconfig.cmake
[16.056s] -- Installing: /home/group1/dd2419_ws/install/arm_interface/share/arm_interface/cmake/arm_interface__rosidl_typesupport_cppExport.cmake
[16.059s] -- Installing: /home/group1/dd2419_ws/install/arm_interface/share/arm_interface/cmake/arm_interface__rosidl_typesupport_cppExport-noconfig.cmake
[16.059s] -- Installing: /home/group1/dd2419_ws/install/arm_interface/share/arm_interface/cmake/export_arm_interface__rosidl_generator_pyExport.cmake
[16.059s] -- Installing: /home/group1/dd2419_ws/install/arm_interface/share/arm_interface/cmake/export_arm_interface__rosidl_generator_pyExport-noconfig.cmake
[16.067s] Invoked command in '/home/group1/dd2419_ws/build/arm_interface' returned '0': CMAKE_PREFIX_PATH=${CMAKE_PREFIX_PATH}:/home/group1/dd2419_ws/install/steering:/home/group1/dd2419_ws/install/robp_launch:/home/group1/dd2419_ws/install/robot_odometry:/home/group1/dd2419_ws/install/pickup:/home/group1/dd2419_ws/install/odometry:/home/group1/dd2419_ws/install/localisation:/home/group1/dd2419_ws/install/lidar:/home/group1/dd2419_ws/install/display:/home/group1/dd2419_ws/install/detection:/home/group1/dd2419_ws/install/controller:/home/group1/dd2419_ws/install/arm_servos_pubs_subs:/opt/ros/jazzy DEBUGINFOD_URLS=https://debuginfod.ubuntu.com /usr/bin/cmake --install /home/group1/dd2419_ws/build/arm_interface
