[2.964s] Invoking command in '/home/group1/dd2419_ws/build/lidar': DEBUGINFOD_URLS=https://debuginfod.ubuntu.com PYTHONPATH=/home/group1/dd2419_ws/build/lidar/prefix_override:/usr/lib/python3/dist-packages/colcon_core/task/python/colcon_distutils_commands:/home/group1/dd2419_ws/install/lidar/lib/python3.12/site-packages:${PYTHONPATH} /usr/bin/python3 -W ignore:setup.py install is deprecated -W ignore:easy_install command is deprecated setup.py develop --editable --build-directory /home/group1/dd2419_ws/build/lidar/build --no-deps symlink_data
[3.465s] running develop
[3.714s] running egg_info
[3.736s] writing lidar.egg-info/PKG-INFO
[3.738s] writing dependency_links to lidar.egg-info/dependency_links.txt
[3.739s] writing entry points to lidar.egg-info/entry_points.txt
[3.740s] writing requirements to lidar.egg-info/requires.txt
[3.740s] writing top-level names to lidar.egg-info/top_level.txt
[3.785s] reading manifest file 'lidar.egg-info/SOURCES.txt'
[3.787s] writing manifest file 'lidar.egg-info/SOURCES.txt'
[3.811s] running build_ext
[3.812s] Creating /home/group1/dd2419_ws/install/lidar/lib/python3.12/site-packages/lidar.egg-link (link to .)
[3.813s] Installing lidar script to /home/group1/dd2419_ws/install/lidar/lib/lidar
[3.814s] 
[3.815s] Installed /home/group1/dd2419_ws/build/lidar
[3.816s] running symlink_data
[3.816s] creating /home/group1/dd2419_ws/install/lidar/share/ament_index
[3.817s] creating /home/group1/dd2419_ws/install/lidar/share/ament_index/resource_index
[3.818s] creating /home/group1/dd2419_ws/install/lidar/share/ament_index/resource_index/packages
[3.818s] symbolically linking /home/group1/dd2419_ws/build/lidar/resource/lidar -> /home/group1/dd2419_ws/install/lidar/share/ament_index/resource_index/packages
[3.819s] symbolically linking /home/group1/dd2419_ws/build/lidar/package.xml -> /home/group1/dd2419_ws/install/lidar/share/lidar
[3.857s] Invoked command in '/home/group1/dd2419_ws/build/lidar' returned '0': DEBUGINFOD_URLS=https://debuginfod.ubuntu.com PYTHONPATH=/home/group1/dd2419_ws/build/lidar/prefix_override:/usr/lib/python3/dist-packages/colcon_core/task/python/colcon_distutils_commands:/home/group1/dd2419_ws/install/lidar/lib/python3.12/site-packages:${PYTHONPATH} /usr/bin/python3 -W ignore:setup.py install is deprecated -W ignore:easy_install command is deprecated setup.py develop --editable --build-directory /home/group1/dd2419_ws/build/lidar/build --no-deps symlink_data
