[1.142s] Invoking command in '/home/group1/dd2419_ws/build/sllidar_ros2': CMAKE_PREFIX_PATH=${CMAKE_PREFIX_PATH}:/home/group1/dd2419_ws/install/robp_launch:/home/group1/dd2419_ws/install/robot_odometry:/home/group1/dd2419_ws/install/pickup:/home/group1/dd2419_ws/install/arm_servos_pubs_subs:/opt/ros/jazzy DEBUGINFOD_URLS=https://debuginfod.ubuntu.com /usr/bin/cmake /home/group1/dd2419_ws/src/robp_robot/sllidar_ros2 -DCMAKE_INSTALL_PREFIX=/home/group1/dd2419_ws/install/sllidar_ros2
[1.166s] -- Found ament_cmake: 2.5.3 (/opt/ros/jazzy/share/ament_cmake/cmake)
[1.584s] -- Override CMake install command with custom implementation using symlinks instead of copying resources
[1.597s] -- Found rclcpp: 28.1.6 (/opt/ros/jazzy/share/rclcpp/cmake)
[1.651s] -- Found rosidl_generator_c: 4.6.5 (/opt/ros/jazzy/share/rosidl_generator_c/cmake)
[1.673s] -- Found rosidl_generator_cpp: 4.6.5 (/opt/ros/jazzy/share/rosidl_generator_cpp/cmake)
[1.699s] -- Using all available rosidl_typesupport_c: rosidl_typesupport_fastrtps_c;rosidl_typesupport_introspection_c
[1.728s] -- Using all available rosidl_typesupport_cpp: rosidl_typesupport_fastrtps_cpp;rosidl_typesupport_introspection_cpp
[1.842s] -- Found rmw_implementation_cmake: 7.3.1 (/opt/ros/jazzy/share/rmw_implementation_cmake/cmake)
[1.846s] -- Found rmw_fastrtps_cpp: 8.4.1 (/opt/ros/jazzy/share/rmw_fastrtps_cpp/cmake)
[1.953s] -- Using RMW implementation 'rmw_fastrtps_cpp' as default
[2.091s] -- Found sensor_msgs: 5.3.5 (/opt/ros/jazzy/share/sensor_msgs/cmake)
[2.211s] -- Found std_srvs: 5.3.5 (/opt/ros/jazzy/share/std_srvs/cmake)
[2.455s] -- Configuring done (1.3s)
[2.494s] -- Generating done (0.0s)
[2.506s] -- Build files have been written to: /home/group1/dd2419_ws/build/sllidar_ros2
[2.520s] Invoked command in '/home/group1/dd2419_ws/build/sllidar_ros2' returned '0': CMAKE_PREFIX_PATH=${CMAKE_PREFIX_PATH}:/home/group1/dd2419_ws/install/robp_launch:/home/group1/dd2419_ws/install/robot_odometry:/home/group1/dd2419_ws/install/pickup:/home/group1/dd2419_ws/install/arm_servos_pubs_subs:/opt/ros/jazzy DEBUGINFOD_URLS=https://debuginfod.ubuntu.com /usr/bin/cmake /home/group1/dd2419_ws/src/robp_robot/sllidar_ros2 -DCMAKE_INSTALL_PREFIX=/home/group1/dd2419_ws/install/sllidar_ros2
[2.521s] Invoking command in '/home/group1/dd2419_ws/build/sllidar_ros2': CMAKE_PREFIX_PATH=${CMAKE_PREFIX_PATH}:/home/group1/dd2419_ws/install/robp_launch:/home/group1/dd2419_ws/install/robot_odometry:/home/group1/dd2419_ws/install/pickup:/home/group1/dd2419_ws/install/arm_servos_pubs_subs:/opt/ros/jazzy DEBUGINFOD_URLS=https://debuginfod.ubuntu.com /usr/bin/cmake --build /home/group1/dd2419_ws/build/sllidar_ros2 -- -j8 -l8
[2.733s] [ 10%] Built target sllidar_client
[2.733s] [100%] Built target sllidar_node
[2.736s] Invoked command in '/home/group1/dd2419_ws/build/sllidar_ros2' returned '0': CMAKE_PREFIX_PATH=${CMAKE_PREFIX_PATH}:/home/group1/dd2419_ws/install/robp_launch:/home/group1/dd2419_ws/install/robot_odometry:/home/group1/dd2419_ws/install/pickup:/home/group1/dd2419_ws/install/arm_servos_pubs_subs:/opt/ros/jazzy DEBUGINFOD_URLS=https://debuginfod.ubuntu.com /usr/bin/cmake --build /home/group1/dd2419_ws/build/sllidar_ros2 -- -j8 -l8
[2.738s] Invoking command in '/home/group1/dd2419_ws/build/sllidar_ros2': CMAKE_PREFIX_PATH=${CMAKE_PREFIX_PATH}:/home/group1/dd2419_ws/install/robp_launch:/home/group1/dd2419_ws/install/robot_odometry:/home/group1/dd2419_ws/install/pickup:/home/group1/dd2419_ws/install/arm_servos_pubs_subs:/opt/ros/jazzy DEBUGINFOD_URLS=https://debuginfod.ubuntu.com /usr/bin/cmake --install /home/group1/dd2419_ws/build/sllidar_ros2
[2.888s] -- Install configuration: ""
[2.888s] -- Execute custom install script
[2.888s] -- Up-to-date symlink: /home/group1/dd2419_ws/install/sllidar_ros2/share/sllidar_ros2/launch/sllidar_a1_launch.py
[2.888s] -- Up-to-date symlink: /home/group1/dd2419_ws/install/sllidar_ros2/share/sllidar_ros2/launch/sllidar_a2m12_launch .py
[2.888s] -- Up-to-date symlink: /home/group1/dd2419_ws/install/sllidar_ros2/share/sllidar_ros2/launch/sllidar_a2m7_launch.py
[2.889s] -- Up-to-date symlink: /home/group1/dd2419_ws/install/sllidar_ros2/share/sllidar_ros2/launch/sllidar_a2m8_launch.py
[2.889s] -- Up-to-date symlink: /home/group1/dd2419_ws/install/sllidar_ros2/share/sllidar_ros2/launch/sllidar_a3_launch.py
[2.889s] -- Up-to-date symlink: /home/group1/dd2419_ws/install/sllidar_ros2/share/sllidar_ros2/launch/sllidar_c1_launch.py
[2.889s] -- Up-to-date symlink: /home/group1/dd2419_ws/install/sllidar_ros2/share/sllidar_ros2/launch/sllidar_s1_launch.py
[2.889s] -- Up-to-date symlink: /home/group1/dd2419_ws/install/sllidar_ros2/share/sllidar_ros2/launch/sllidar_s1_tcp_launch.py
[2.889s] -- Up-to-date symlink: /home/group1/dd2419_ws/install/sllidar_ros2/share/sllidar_ros2/launch/sllidar_s2_launch.py
[2.889s] -- Up-to-date symlink: /home/group1/dd2419_ws/install/sllidar_ros2/share/sllidar_ros2/launch/sllidar_s2e_launch.py
[2.890s] -- Up-to-date symlink: /home/group1/dd2419_ws/install/sllidar_ros2/share/sllidar_ros2/launch/sllidar_s3_launch.py
[2.890s] -- Up-to-date symlink: /home/group1/dd2419_ws/install/sllidar_ros2/share/sllidar_ros2/launch/sllidar_t1_launch.py
[2.890s] -- Up-to-date symlink: /home/group1/dd2419_ws/install/sllidar_ros2/share/sllidar_ros2/launch/view_sllidar_a1_launch.py
[2.890s] -- Up-to-date symlink: /home/group1/dd2419_ws/install/sllidar_ros2/share/sllidar_ros2/launch/view_sllidar_a2m12_launch.py
[2.890s] -- Up-to-date symlink: /home/group1/dd2419_ws/install/sllidar_ros2/share/sllidar_ros2/launch/view_sllidar_a2m7_launch.py
[2.890s] -- Up-to-date symlink: /home/group1/dd2419_ws/install/sllidar_ros2/share/sllidar_ros2/launch/view_sllidar_a2m8_launch.py
[2.891s] -- Up-to-date symlink: /home/group1/dd2419_ws/install/sllidar_ros2/share/sllidar_ros2/launch/view_sllidar_a3_launch.py
[2.891s] -- Up-to-date symlink: /home/group1/dd2419_ws/install/sllidar_ros2/share/sllidar_ros2/launch/view_sllidar_c1_launch.py
[2.891s] -- Up-to-date symlink: /home/group1/dd2419_ws/install/sllidar_ros2/share/sllidar_ros2/launch/view_sllidar_s1_launch.py
[2.891s] -- Up-to-date symlink: /home/group1/dd2419_ws/install/sllidar_ros2/share/sllidar_ros2/launch/view_sllidar_s1_tcp_launch.py
[2.891s] -- Up-to-date symlink: /home/group1/dd2419_ws/install/sllidar_ros2/share/sllidar_ros2/launch/view_sllidar_s2_launch.py
[2.891s] -- Up-to-date symlink: /home/group1/dd2419_ws/install/sllidar_ros2/share/sllidar_ros2/launch/view_sllidar_s2e_launch.py
[2.892s] -- Up-to-date symlink: /home/group1/dd2419_ws/install/sllidar_ros2/share/sllidar_ros2/launch/view_sllidar_s3_launch.py
[2.892s] -- Up-to-date symlink: /home/group1/dd2419_ws/install/sllidar_ros2/share/sllidar_ros2/launch/view_sllidar_t1_launch.py
[2.892s] -- Up-to-date symlink: /home/group1/dd2419_ws/install/sllidar_ros2/share/sllidar_ros2/rviz/sllidar_ros2.rviz
[2.892s] -- Up-to-date symlink: /home/group1/dd2419_ws/install/sllidar_ros2/lib/sllidar_ros2/sllidar_node
[2.893s] -- Up-to-date symlink: /home/group1/dd2419_ws/install/sllidar_ros2/lib/sllidar_ros2/sllidar_client
[2.893s] -- Up-to-date symlink: /home/group1/dd2419_ws/install/sllidar_ros2/share/ament_index/resource_index/package_run_dependencies/sllidar_ros2
[2.893s] -- Up-to-date symlink: /home/group1/dd2419_ws/install/sllidar_ros2/share/ament_index/resource_index/parent_prefix_path/sllidar_ros2
[2.893s] -- Up-to-date symlink: /home/group1/dd2419_ws/install/sllidar_ros2/share/sllidar_ros2/environment/ament_prefix_path.sh
[2.893s] -- Up-to-date symlink: /home/group1/dd2419_ws/install/sllidar_ros2/share/sllidar_ros2/environment/ament_prefix_path.dsv
[2.893s] -- Up-to-date symlink: /home/group1/dd2419_ws/install/sllidar_ros2/share/sllidar_ros2/environment/path.sh
[2.893s] -- Up-to-date symlink: /home/group1/dd2419_ws/install/sllidar_ros2/share/sllidar_ros2/environment/path.dsv
[2.894s] -- Up-to-date symlink: /home/group1/dd2419_ws/install/sllidar_ros2/share/sllidar_ros2/local_setup.bash
[2.894s] -- Up-to-date symlink: /home/group1/dd2419_ws/install/sllidar_ros2/share/sllidar_ros2/local_setup.sh
[2.894s] -- Up-to-date symlink: /home/group1/dd2419_ws/install/sllidar_ros2/share/sllidar_ros2/local_setup.zsh
[2.894s] -- Up-to-date symlink: /home/group1/dd2419_ws/install/sllidar_ros2/share/sllidar_ros2/local_setup.dsv
[2.894s] -- Symlinking: /home/group1/dd2419_ws/install/sllidar_ros2/share/sllidar_ros2/package.dsv
[2.895s] -- Up-to-date symlink: /home/group1/dd2419_ws/install/sllidar_ros2/share/ament_index/resource_index/packages/sllidar_ros2
[2.895s] -- Up-to-date symlink: /home/group1/dd2419_ws/install/sllidar_ros2/share/sllidar_ros2/cmake/ament_cmake_export_dependencies-extras.cmake
[2.895s] -- Up-to-date symlink: /home/group1/dd2419_ws/install/sllidar_ros2/share/sllidar_ros2/cmake/ament_cmake_export_include_directories-extras.cmake
[2.895s] -- Up-to-date symlink: /home/group1/dd2419_ws/install/sllidar_ros2/share/sllidar_ros2/cmake/sllidar_ros2Config.cmake
[2.895s] -- Up-to-date symlink: /home/group1/dd2419_ws/install/sllidar_ros2/share/sllidar_ros2/cmake/sllidar_ros2Config-version.cmake
[2.895s] -- Up-to-date symlink: /home/group1/dd2419_ws/install/sllidar_ros2/share/sllidar_ros2/package.xml
[2.927s] Invoked command in '/home/group1/dd2419_ws/build/sllidar_ros2' returned '0': CMAKE_PREFIX_PATH=${CMAKE_PREFIX_PATH}:/home/group1/dd2419_ws/install/robp_launch:/home/group1/dd2419_ws/install/robot_odometry:/home/group1/dd2419_ws/install/pickup:/home/group1/dd2419_ws/install/arm_servos_pubs_subs:/opt/ros/jazzy DEBUGINFOD_URLS=https://debuginfod.ubuntu.com /usr/bin/cmake --install /home/group1/dd2419_ws/build/sllidar_ros2
