[100%] Built target robp_phidgets_motors
-- Install configuration: "Release"
-- Execute custom install script
-- Symlinking: /home/robot/dd2419_ws/install/robp_phidgets_motors/lib/librobp_phidgets_motors.so
-- Symlinking: /home/robot/dd2419_ws/install/robp_phidgets_motors/include/robp_phidgets_motors/motor.hpp
-- Symlinking: /home/robot/dd2419_ws/install/robp_phidgets_motors/include/robp_phidgets_motors/motors.hpp
-- Symlinking: /home/robot/dd2419_ws/install/robp_phidgets_motors/share/robp_phidgets_motors/launch/motors_launch.py
-- Symlinking: /home/robot/dd2419_ws/install/robp_phidgets_motors/share/ament_index/resource_index/package_run_dependencies/robp_phidgets_motors
-- Symlinking: /home/robot/dd2419_ws/install/robp_phidgets_motors/share/ament_index/resource_index/parent_prefix_path/robp_phidgets_motors
-- Symlinking: /home/robot/dd2419_ws/install/robp_phidgets_motors/share/robp_phidgets_motors/environment/ament_prefix_path.sh
-- Symlinking: /home/robot/dd2419_ws/install/robp_phidgets_motors/share/robp_phidgets_motors/environment/ament_prefix_path.dsv
-- Symlinking: /home/robot/dd2419_ws/install/robp_phidgets_motors/share/robp_phidgets_motors/environment/path.sh
-- Symlinking: /home/robot/dd2419_ws/install/robp_phidgets_motors/share/robp_phidgets_motors/environment/path.dsv
-- Symlinking: /home/robot/dd2419_ws/install/robp_phidgets_motors/share/robp_phidgets_motors/local_setup.bash
-- Symlinking: /home/robot/dd2419_ws/install/robp_phidgets_motors/share/robp_phidgets_motors/local_setup.sh
-- Symlinking: /home/robot/dd2419_ws/install/robp_phidgets_motors/share/robp_phidgets_motors/local_setup.zsh
-- Symlinking: /home/robot/dd2419_ws/install/robp_phidgets_motors/share/robp_phidgets_motors/local_setup.dsv
-- Symlinking: /home/robot/dd2419_ws/install/robp_phidgets_motors/share/robp_phidgets_motors/package.dsv
-- Symlinking: /home/robot/dd2419_ws/install/robp_phidgets_motors/share/ament_index/resource_index/packages/robp_phidgets_motors
-- Symlinking: /home/robot/dd2419_ws/install/robp_phidgets_motors/share/ament_index/resource_index/rclcpp_components/robp_phidgets_motors
-- Symlinking: /home/robot/dd2419_ws/install/robp_phidgets_motors/share/robp_phidgets_motors/cmake/robp_phidgets_motorsConfig.cmake
-- Symlinking: /home/robot/dd2419_ws/install/robp_phidgets_motors/share/robp_phidgets_motors/cmake/robp_phidgets_motorsConfig-version.cmake
-- Symlinking: /home/robot/dd2419_ws/install/robp_phidgets_motors/share/robp_phidgets_motors/package.xml
