[3.096s] Invoking command in '/home/group1/dd2419_ws/build/detection': DEBUGINFOD_URLS=https://debuginfod.ubuntu.com PYTHONPATH=/home/group1/dd2419_ws/build/detection/prefix_override:/usr/lib/python3/dist-packages/colcon_core/task/python/colcon_distutils_commands:/home/group1/dd2419_ws/install/detection/lib/python3.12/site-packages:${PYTHONPATH} /usr/bin/python3 -W ignore:setup.py install is deprecated -W ignore:easy_install command is deprecated setup.py develop --editable --build-directory /home/group1/dd2419_ws/build/detection/build --no-deps symlink_data
[3.869s] running develop
[4.335s] running egg_info
[4.335s] creating detection.egg-info
[4.391s] writing detection.egg-info/PKG-INFO
[4.391s] writing dependency_links to detection.egg-info/dependency_links.txt
[4.391s] writing entry points to detection.egg-info/entry_points.txt
[4.391s] writing requirements to detection.egg-info/requires.txt
[4.391s] writing top-level names to detection.egg-info/top_level.txt
[4.391s] writing manifest file 'detection.egg-info/SOURCES.txt'
[4.498s] reading manifest file 'detection.egg-info/SOURCES.txt'
[4.499s] writing manifest file 'detection.egg-info/SOURCES.txt'
[4.560s] running build_ext
[4.560s] Creating /home/group1/dd2419_ws/install/detection/lib/python3.12/site-packages/detection.egg-link (link to .)
[4.560s] Installing detection script to /home/group1/dd2419_ws/install/detection/lib/detection
[4.560s] Installing obj_detection script to /home/group1/dd2419_ws/install/detection/lib/detection
[4.560s] 
[4.561s] Installed /home/group1/dd2419_ws/build/detection
[4.561s] running symlink_data
[4.563s] creating /home/group1/dd2419_ws/install/detection/share/ament_index
[4.563s] creating /home/group1/dd2419_ws/install/detection/share/ament_index/resource_index
[4.564s] creating /home/group1/dd2419_ws/install/detection/share/ament_index/resource_index/packages
[4.564s] symbolically linking /home/group1/dd2419_ws/build/detection/resource/detection -> /home/group1/dd2419_ws/install/detection/share/ament_index/resource_index/packages
[4.564s] symbolically linking /home/group1/dd2419_ws/build/detection/package.xml -> /home/group1/dd2419_ws/install/detection/share/detection
[4.979s] Invoked command in '/home/group1/dd2419_ws/build/detection' returned '0': DEBUGINFOD_URLS=https://debuginfod.ubuntu.com PYTHONPATH=/home/group1/dd2419_ws/build/detection/prefix_override:/usr/lib/python3/dist-packages/colcon_core/task/python/colcon_distutils_commands:/home/group1/dd2419_ws/install/detection/lib/python3.12/site-packages:${PYTHONPATH} /usr/bin/python3 -W ignore:setup.py install is deprecated -W ignore:easy_install command is deprecated setup.py develop --editable --build-directory /home/group1/dd2419_ws/build/detection/build --no-deps symlink_data
