-- robp_phidgets_motors: You did not request a specific build type: Choosing 'Release' for maximum performance
-- The C compiler identification is GNU 13.3.0
-- The CXX compiler identification is GNU 13.3.0
-- Detecting C compiler ABI info
-- Detecting C compiler ABI info - done
-- Check for working C compiler: /usr/bin/cc - skipped
-- Detecting C compile features
-- Detecting C compile features - done
-- Detecting CXX compiler ABI info
-- Detecting CXX compiler ABI info - done
-- Check for working CXX compiler: /usr/bin/c++ - skipped
-- Detecting CXX compile features
-- Detecting CXX compile features - done
-- Found ament_cmake_ros: 0.12.0 (/opt/ros/jazzy/share/ament_cmake_ros/cmake)
-- Found Python3: /usr/bin/python3 (found version "3.12.3") found components: Interpreter 
-- Override CMake install command with custom implementation using symlinks instead of copying resources
-- Found libphidget22: 2.3.3 (/opt/ros/jazzy/share/libphidget22/cmake)
-- Found phidgets_api: 2.3.3 (/opt/ros/jazzy/share/phidgets_api/cmake)
-- Found rclcpp: 28.1.6 (/opt/ros/jazzy/share/rclcpp/cmake)
-- Found rosidl_generator_c: 4.6.5 (/opt/ros/jazzy/share/rosidl_generator_c/cmake)
-- Found rosidl_generator_cpp: 4.6.5 (/opt/ros/jazzy/share/rosidl_generator_cpp/cmake)
-- Using all available rosidl_typesupport_c: rosidl_typesupport_fastrtps_c;rosidl_typesupport_introspection_c
-- Using all available rosidl_typesupport_cpp: rosidl_typesupport_fastrtps_cpp;rosidl_typesupport_introspection_cpp
-- Found rmw_implementation_cmake: 7.3.1 (/opt/ros/jazzy/share/rmw_implementation_cmake/cmake)
-- Found rmw_fastrtps_cpp: 8.4.1 (/opt/ros/jazzy/share/rmw_fastrtps_cpp/cmake)
-- Found OpenSSL: /usr/lib/x86_64-linux-gnu/libcrypto.so (found version "3.0.13")  
-- Found FastRTPS: /opt/ros/jazzy/include (Required is at least version "2.13") 
-- Using RMW implementation 'rmw_fastrtps_cpp' as default
-- Found rclcpp_components: 28.1.6 (/opt/ros/jazzy/share/rclcpp_components/cmake)
-- Found robp_interfaces: 1.0.0 (/home/group1/dd2419_ws/install/robp_interfaces/share/robp_interfaces/cmake)
-- Found std_srvs: 5.3.5 (/opt/ros/jazzy/share/std_srvs/cmake)
-- Configuring done (2.6s)
-- Generating done (0.0s)
-- Build files have been written to: /home/group1/dd2419_ws/build/robp_phidgets_motors
[ 33%] [32mBuilding CXX object CMakeFiles/robp_phidgets_motors.dir/src/motors.cpp.o[0m
[ 66%] [32mBuilding CXX object CMakeFiles/robp_phidgets_motors.dir/src/motor.cpp.o[0m
[100%] [32m[1mLinking CXX shared library librobp_phidgets_motors.so[0m
[100%] Built target robp_phidgets_motors
-- Install configuration: "Release"
-- Execute custom install script
-- Symlinking: /home/group1/dd2419_ws/install/robp_phidgets_motors/lib/librobp_phidgets_motors.so
-- Symlinking: /home/group1/dd2419_ws/install/robp_phidgets_motors/include/robp_phidgets_motors/motor.hpp
-- Symlinking: /home/group1/dd2419_ws/install/robp_phidgets_motors/include/robp_phidgets_motors/motors.hpp
-- Symlinking: /home/group1/dd2419_ws/install/robp_phidgets_motors/share/robp_phidgets_motors/launch/motors_launch.py
-- Symlinking: /home/group1/dd2419_ws/install/robp_phidgets_motors/share/ament_index/resource_index/package_run_dependencies/robp_phidgets_motors
-- Symlinking: /home/group1/dd2419_ws/install/robp_phidgets_motors/share/ament_index/resource_index/parent_prefix_path/robp_phidgets_motors
-- Symlinking: /home/group1/dd2419_ws/install/robp_phidgets_motors/share/robp_phidgets_motors/environment/ament_prefix_path.sh
-- Symlinking: /home/group1/dd2419_ws/install/robp_phidgets_motors/share/robp_phidgets_motors/environment/ament_prefix_path.dsv
-- Symlinking: /home/group1/dd2419_ws/install/robp_phidgets_motors/share/robp_phidgets_motors/environment/path.sh
-- Symlinking: /home/group1/dd2419_ws/install/robp_phidgets_motors/share/robp_phidgets_motors/environment/path.dsv
-- Symlinking: /home/group1/dd2419_ws/install/robp_phidgets_motors/share/robp_phidgets_motors/local_setup.bash
-- Symlinking: /home/group1/dd2419_ws/install/robp_phidgets_motors/share/robp_phidgets_motors/local_setup.sh
-- Symlinking: /home/group1/dd2419_ws/install/robp_phidgets_motors/share/robp_phidgets_motors/local_setup.zsh
-- Symlinking: /home/group1/dd2419_ws/install/robp_phidgets_motors/share/robp_phidgets_motors/local_setup.dsv
-- Symlinking: /home/group1/dd2419_ws/install/robp_phidgets_motors/share/robp_phidgets_motors/package.dsv
-- Symlinking: /home/group1/dd2419_ws/install/robp_phidgets_motors/share/ament_index/resource_index/packages/robp_phidgets_motors
-- Symlinking: /home/group1/dd2419_ws/install/robp_phidgets_motors/share/ament_index/resource_index/rclcpp_components/robp_phidgets_motors
-- Symlinking: /home/group1/dd2419_ws/install/robp_phidgets_motors/share/robp_phidgets_motors/cmake/robp_phidgets_motorsConfig.cmake
-- Symlinking: /home/group1/dd2419_ws/install/robp_phidgets_motors/share/robp_phidgets_motors/cmake/robp_phidgets_motorsConfig-version.cmake
-- Symlinking: /home/group1/dd2419_ws/install/robp_phidgets_motors/share/robp_phidgets_motors/package.xml
