[0.381s] Invoking command in '/home/group1/dd2419_ws/build/drive_base_msgs': CMAKE_PREFIX_PATH=${CMAKE_PREFIX_PATH}:/home/group1/dd2419_ws/install/robp_launch:/home/group1/dd2419_ws/install/arm_servos_pubs_subs:/opt/ros/jazzy DEBUGINFOD_URLS=https://debuginfod.ubuntu.com /usr/bin/cmake --build /home/group1/dd2419_ws/build/drive_base_msgs -- -j8 -l8
[0.692s] [  1%] Built target drive_base_msgs__rosidl_generator_type_description
[0.692s] [  1%] Built target ament_cmake_python_copy_drive_base_msgs
[0.693s] [  3%] Built target drive_base_msgs__cpp
[0.693s] [ 25%] Built target drive_base_msgs__rosidl_generator_c
[0.693s] [ 34%] Built target drive_base_msgs__rosidl_typesupport_cpp
[0.693s] [ 43%] Built target drive_base_msgs__rosidl_typesupport_introspection_cpp
[0.693s] [ 53%] Built target drive_base_msgs__rosidl_typesupport_introspection_c
[0.693s] [ 71%] Built target drive_base_msgs__rosidl_typesupport_c
[0.693s] [ 71%] Built target drive_base_msgs__rosidl_typesupport_fastrtps_c
[0.693s] [ 81%] Built target drive_base_msgs__rosidl_typesupport_fastrtps_cpp
[0.693s] [ 81%] Built target drive_base_msgs
[0.693s] [ 82%] Built target drive_base_msgs__py
[0.693s] [ 90%] Built target drive_base_msgs__rosidl_generator_py
[0.694s] [ 93%] Built target drive_base_msgs_s__rosidl_typesupport_introspection_c
[0.694s] [ 96%] Built target drive_base_msgs_s__rosidl_typesupport_fastrtps_c
[0.694s] [100%] Built target drive_base_msgs_s__rosidl_typesupport_c
[0.761s] running egg_info
[0.788s] writing drive_base_msgs.egg-info/PKG-INFO
[0.788s] writing dependency_links to drive_base_msgs.egg-info/dependency_links.txt
[0.788s] writing top-level names to drive_base_msgs.egg-info/top_level.txt
[0.856s] reading manifest file 'drive_base_msgs.egg-info/SOURCES.txt'
[0.856s] writing manifest file 'drive_base_msgs.egg-info/SOURCES.txt'
[0.887s] [100%] Built target ament_cmake_python_build_drive_base_msgs_egg
[0.993s] Invoked command in '/home/group1/dd2419_ws/build/drive_base_msgs' returned '0': CMAKE_PREFIX_PATH=${CMAKE_PREFIX_PATH}:/home/group1/dd2419_ws/install/robp_launch:/home/group1/dd2419_ws/install/arm_servos_pubs_subs:/opt/ros/jazzy DEBUGINFOD_URLS=https://debuginfod.ubuntu.com /usr/bin/cmake --build /home/group1/dd2419_ws/build/drive_base_msgs -- -j8 -l8
[1.019s] Invoking command in '/home/group1/dd2419_ws/build/drive_base_msgs': CMAKE_PREFIX_PATH=${CMAKE_PREFIX_PATH}:/home/group1/dd2419_ws/install/robp_launch:/home/group1/dd2419_ws/install/arm_servos_pubs_subs:/opt/ros/jazzy DEBUGINFOD_URLS=https://debuginfod.ubuntu.com /usr/bin/cmake --install /home/group1/dd2419_ws/build/drive_base_msgs
[1.045s] -- Install configuration: ""
[1.046s] -- Up-to-date: /home/group1/dd2419_ws/install/drive_base_msgs/share/ament_index/resource_index/rosidl_interfaces/drive_base_msgs
[1.046s] -- Up-to-date: /home/group1/dd2419_ws/install/drive_base_msgs/share/drive_base_msgs/msg/CommandHeader.json
[1.046s] -- Up-to-date: /home/group1/dd2419_ws/install/drive_base_msgs/share/drive_base_msgs/msg/BaseInfo.json
[1.046s] -- Up-to-date: /home/group1/dd2419_ws/install/drive_base_msgs/share/drive_base_msgs/msg/CommandStatus.json
[1.046s] -- Up-to-date: /home/group1/dd2419_ws/install/drive_base_msgs/share/drive_base_msgs/msg/TRVCommand.json
[1.046s] -- Up-to-date: /home/group1/dd2419_ws/install/drive_base_msgs/include/drive_base_msgs/drive_base_msgs
[1.047s] -- Up-to-date: /home/group1/dd2419_ws/install/drive_base_msgs/include/drive_base_msgs/drive_base_msgs/msg
[1.047s] -- Up-to-date: /home/group1/dd2419_ws/install/drive_base_msgs/include/drive_base_msgs/drive_base_msgs/msg/detail
[1.047s] -- Installing: /home/group1/dd2419_ws/install/drive_base_msgs/include/drive_base_msgs/drive_base_msgs/msg/detail/trv_command__type_support.c
[1.047s] -- Up-to-date: /home/group1/dd2419_ws/install/drive_base_msgs/include/drive_base_msgs/drive_base_msgs/msg/detail/trv_command__struct.h
[1.047s] -- Up-to-date: /home/group1/dd2419_ws/install/drive_base_msgs/include/drive_base_msgs/drive_base_msgs/msg/detail/trv_command__functions.h
[1.048s] -- Up-to-date: /home/group1/dd2419_ws/install/drive_base_msgs/include/drive_base_msgs/drive_base_msgs/msg/detail/base_info__description.c
[1.048s] -- Installing: /home/group1/dd2419_ws/install/drive_base_msgs/include/drive_base_msgs/drive_base_msgs/msg/detail/command_status__type_support.c
[1.048s] -- Up-to-date: /home/group1/dd2419_ws/install/drive_base_msgs/include/drive_base_msgs/drive_base_msgs/msg/detail/command_header__functions.c
[1.048s] -- Up-to-date: /home/group1/dd2419_ws/install/drive_base_msgs/include/drive_base_msgs/drive_base_msgs/msg/detail/trv_command__functions.c
[1.048s] -- Installing: /home/group1/dd2419_ws/install/drive_base_msgs/include/drive_base_msgs/drive_base_msgs/msg/detail/command_header__type_support.c
[1.048s] -- Installing: /home/group1/dd2419_ws/install/drive_base_msgs/include/drive_base_msgs/drive_base_msgs/msg/detail/base_info__type_support.c
[1.048s] -- Up-to-date: /home/group1/dd2419_ws/install/drive_base_msgs/include/drive_base_msgs/drive_base_msgs/msg/detail/command_status__struct.h
[1.048s] -- Up-to-date: /home/group1/dd2419_ws/install/drive_base_msgs/include/drive_base_msgs/drive_base_msgs/msg/detail/command_header__description.c
[1.048s] -- Up-to-date: /home/group1/dd2419_ws/install/drive_base_msgs/include/drive_base_msgs/drive_base_msgs/msg/detail/base_info__functions.h
[1.049s] -- Up-to-date: /home/group1/dd2419_ws/install/drive_base_msgs/include/drive_base_msgs/drive_base_msgs/msg/detail/command_status__functions.h
[1.049s] -- Up-to-date: /home/group1/dd2419_ws/install/drive_base_msgs/include/drive_base_msgs/drive_base_msgs/msg/detail/command_status__type_support.h
[1.049s] -- Up-to-date: /home/group1/dd2419_ws/install/drive_base_msgs/include/drive_base_msgs/drive_base_msgs/msg/detail/command_header__struct.h
[1.049s] -- Up-to-date: /home/group1/dd2419_ws/install/drive_base_msgs/include/drive_base_msgs/drive_base_msgs/msg/detail/trv_command__type_support.h
[1.049s] -- Up-to-date: /home/group1/dd2419_ws/install/drive_base_msgs/include/drive_base_msgs/drive_base_msgs/msg/detail/base_info__struct.h
[1.049s] -- Up-to-date: /home/group1/dd2419_ws/install/drive_base_msgs/include/drive_base_msgs/drive_base_msgs/msg/detail/base_info__functions.c
[1.049s] -- Up-to-date: /home/group1/dd2419_ws/install/drive_base_msgs/include/drive_base_msgs/drive_base_msgs/msg/detail/command_header__type_support.h
[1.049s] -- Up-to-date: /home/group1/dd2419_ws/install/drive_base_msgs/include/drive_base_msgs/drive_base_msgs/msg/detail/command_header__functions.h
[1.049s] -- Up-to-date: /home/group1/dd2419_ws/install/drive_base_msgs/include/drive_base_msgs/drive_base_msgs/msg/detail/trv_command__description.c
[1.050s] -- Up-to-date: /home/group1/dd2419_ws/install/drive_base_msgs/include/drive_base_msgs/drive_base_msgs/msg/detail/command_status__functions.c
[1.050s] -- Up-to-date: /home/group1/dd2419_ws/install/drive_base_msgs/include/drive_base_msgs/drive_base_msgs/msg/detail/command_status__description.c
[1.050s] -- Up-to-date: /home/group1/dd2419_ws/install/drive_base_msgs/include/drive_base_msgs/drive_base_msgs/msg/detail/base_info__type_support.h
[1.050s] -- Up-to-date: /home/group1/dd2419_ws/install/drive_base_msgs/include/drive_base_msgs/drive_base_msgs/msg/command_status.h
[1.050s] -- Up-to-date: /home/group1/dd2419_ws/install/drive_base_msgs/include/drive_base_msgs/drive_base_msgs/msg/command_header.h
[1.050s] -- Up-to-date: /home/group1/dd2419_ws/install/drive_base_msgs/include/drive_base_msgs/drive_base_msgs/msg/base_info.h
[1.050s] -- Up-to-date: /home/group1/dd2419_ws/install/drive_base_msgs/include/drive_base_msgs/drive_base_msgs/msg/trv_command.h
[1.050s] -- Up-to-date: /home/group1/dd2419_ws/install/drive_base_msgs/include/drive_base_msgs/drive_base_msgs/msg/rosidl_generator_c__visibility_control.h
[1.050s] -- Up-to-date: /home/group1/dd2419_ws/install/drive_base_msgs/share/drive_base_msgs/environment/library_path.sh
[1.051s] -- Up-to-date: /home/group1/dd2419_ws/install/drive_base_msgs/share/drive_base_msgs/environment/library_path.dsv
[1.051s] -- Up-to-date: /home/group1/dd2419_ws/install/drive_base_msgs/lib/libdrive_base_msgs__rosidl_generator_c.so
[1.051s] -- Up-to-date: /home/group1/dd2419_ws/install/drive_base_msgs/include/drive_base_msgs/drive_base_msgs
[1.051s] -- Up-to-date: /home/group1/dd2419_ws/install/drive_base_msgs/include/drive_base_msgs/drive_base_msgs/msg
[1.051s] -- Up-to-date: /home/group1/dd2419_ws/install/drive_base_msgs/include/drive_base_msgs/drive_base_msgs/msg/rosidl_typesupport_fastrtps_c__visibility_control.h
[1.052s] -- Up-to-date: /home/group1/dd2419_ws/install/drive_base_msgs/include/drive_base_msgs/drive_base_msgs/msg/detail
[1.052s] -- Up-to-date: /home/group1/dd2419_ws/install/drive_base_msgs/include/drive_base_msgs/drive_base_msgs/msg/detail/trv_command__rosidl_typesupport_fastrtps_c.h
[1.052s] -- Up-to-date: /home/group1/dd2419_ws/install/drive_base_msgs/include/drive_base_msgs/drive_base_msgs/msg/detail/command_header__rosidl_typesupport_fastrtps_c.h
[1.052s] -- Up-to-date: /home/group1/dd2419_ws/install/drive_base_msgs/include/drive_base_msgs/drive_base_msgs/msg/detail/command_status__rosidl_typesupport_fastrtps_c.h
[1.052s] -- Up-to-date: /home/group1/dd2419_ws/install/drive_base_msgs/include/drive_base_msgs/drive_base_msgs/msg/detail/base_info__rosidl_typesupport_fastrtps_c.h
[1.052s] -- Up-to-date: /home/group1/dd2419_ws/install/drive_base_msgs/lib/libdrive_base_msgs__rosidl_typesupport_fastrtps_c.so
[1.052s] -- Up-to-date: /home/group1/dd2419_ws/install/drive_base_msgs/include/drive_base_msgs/drive_base_msgs
[1.052s] -- Up-to-date: /home/group1/dd2419_ws/install/drive_base_msgs/include/drive_base_msgs/drive_base_msgs/msg
[1.053s] -- Up-to-date: /home/group1/dd2419_ws/install/drive_base_msgs/include/drive_base_msgs/drive_base_msgs/msg/detail
[1.053s] -- Up-to-date: /home/group1/dd2419_ws/install/drive_base_msgs/include/drive_base_msgs/drive_base_msgs/msg/detail/base_info__builder.hpp
[1.053s] -- Up-to-date: /home/group1/dd2419_ws/install/drive_base_msgs/include/drive_base_msgs/drive_base_msgs/msg/detail/trv_command__builder.hpp
[1.053s] -- Up-to-date: /home/group1/dd2419_ws/install/drive_base_msgs/include/drive_base_msgs/drive_base_msgs/msg/detail/base_info__type_support.hpp
[1.053s] -- Up-to-date: /home/group1/dd2419_ws/install/drive_base_msgs/include/drive_base_msgs/drive_base_msgs/msg/detail/base_info__traits.hpp
[1.053s] -- Up-to-date: /home/group1/dd2419_ws/install/drive_base_msgs/include/drive_base_msgs/drive_base_msgs/msg/detail/command_header__builder.hpp
[1.053s] -- Up-to-date: /home/group1/dd2419_ws/install/drive_base_msgs/include/drive_base_msgs/drive_base_msgs/msg/detail/trv_command__type_support.hpp
[1.053s] -- Up-to-date: /home/group1/dd2419_ws/install/drive_base_msgs/include/drive_base_msgs/drive_base_msgs/msg/detail/command_status__builder.hpp
[1.053s] -- Up-to-date: /home/group1/dd2419_ws/install/drive_base_msgs/include/drive_base_msgs/drive_base_msgs/msg/detail/trv_command__struct.hpp
[1.053s] -- Up-to-date: /home/group1/dd2419_ws/install/drive_base_msgs/include/drive_base_msgs/drive_base_msgs/msg/detail/command_status__type_support.hpp
[1.054s] -- Up-to-date: /home/group1/dd2419_ws/install/drive_base_msgs/include/drive_base_msgs/drive_base_msgs/msg/detail/trv_command__traits.hpp
[1.054s] -- Up-to-date: /home/group1/dd2419_ws/install/drive_base_msgs/include/drive_base_msgs/drive_base_msgs/msg/detail/command_status__struct.hpp
[1.054s] -- Up-to-date: /home/group1/dd2419_ws/install/drive_base_msgs/include/drive_base_msgs/drive_base_msgs/msg/detail/command_header__traits.hpp
[1.054s] -- Up-to-date: /home/group1/dd2419_ws/install/drive_base_msgs/include/drive_base_msgs/drive_base_msgs/msg/detail/command_status__traits.hpp
[1.054s] -- Up-to-date: /home/group1/dd2419_ws/install/drive_base_msgs/include/drive_base_msgs/drive_base_msgs/msg/detail/command_header__type_support.hpp
[1.054s] -- Up-to-date: /home/group1/dd2419_ws/install/drive_base_msgs/include/drive_base_msgs/drive_base_msgs/msg/detail/command_header__struct.hpp
[1.054s] -- Up-to-date: /home/group1/dd2419_ws/install/drive_base_msgs/include/drive_base_msgs/drive_base_msgs/msg/detail/base_info__struct.hpp
[1.054s] -- Up-to-date: /home/group1/dd2419_ws/install/drive_base_msgs/include/drive_base_msgs/drive_base_msgs/msg/base_info.hpp
[1.054s] -- Up-to-date: /home/group1/dd2419_ws/install/drive_base_msgs/include/drive_base_msgs/drive_base_msgs/msg/command_status.hpp
[1.055s] -- Up-to-date: /home/group1/dd2419_ws/install/drive_base_msgs/include/drive_base_msgs/drive_base_msgs/msg/rosidl_generator_cpp__visibility_control.hpp
[1.055s] -- Up-to-date: /home/group1/dd2419_ws/install/drive_base_msgs/include/drive_base_msgs/drive_base_msgs/msg/command_header.hpp
[1.055s] -- Up-to-date: /home/group1/dd2419_ws/install/drive_base_msgs/include/drive_base_msgs/drive_base_msgs/msg/trv_command.hpp
[1.055s] -- Up-to-date: /home/group1/dd2419_ws/install/drive_base_msgs/include/drive_base_msgs/drive_base_msgs
[1.055s] -- Up-to-date: /home/group1/dd2419_ws/install/drive_base_msgs/include/drive_base_msgs/drive_base_msgs/msg
[1.055s] -- Up-to-date: /home/group1/dd2419_ws/install/drive_base_msgs/include/drive_base_msgs/drive_base_msgs/msg/detail
[1.055s] -- Up-to-date: /home/group1/dd2419_ws/install/drive_base_msgs/include/drive_base_msgs/drive_base_msgs/msg/detail/trv_command__rosidl_typesupport_fastrtps_cpp.hpp
[1.055s] -- Up-to-date: /home/group1/dd2419_ws/install/drive_base_msgs/include/drive_base_msgs/drive_base_msgs/msg/detail/command_status__rosidl_typesupport_fastrtps_cpp.hpp
[1.056s] -- Up-to-date: /home/group1/dd2419_ws/install/drive_base_msgs/include/drive_base_msgs/drive_base_msgs/msg/detail/command_header__rosidl_typesupport_fastrtps_cpp.hpp
[1.056s] -- Up-to-date: /home/group1/dd2419_ws/install/drive_base_msgs/include/drive_base_msgs/drive_base_msgs/msg/detail/base_info__rosidl_typesupport_fastrtps_cpp.hpp
[1.056s] -- Up-to-date: /home/group1/dd2419_ws/install/drive_base_msgs/include/drive_base_msgs/drive_base_msgs/msg/detail/dds_fastrtps
[1.056s] -- Up-to-date: /home/group1/dd2419_ws/install/drive_base_msgs/include/drive_base_msgs/drive_base_msgs/msg/rosidl_typesupport_fastrtps_cpp__visibility_control.h
[1.057s] -- Up-to-date: /home/group1/dd2419_ws/install/drive_base_msgs/lib/libdrive_base_msgs__rosidl_typesupport_fastrtps_cpp.so
[1.057s] -- Up-to-date: /home/group1/dd2419_ws/install/drive_base_msgs/include/drive_base_msgs/drive_base_msgs
[1.057s] -- Up-to-date: /home/group1/dd2419_ws/install/drive_base_msgs/include/drive_base_msgs/drive_base_msgs/msg
[1.057s] -- Up-to-date: /home/group1/dd2419_ws/install/drive_base_msgs/include/drive_base_msgs/drive_base_msgs/msg/detail
[1.057s] -- Installing: /home/group1/dd2419_ws/install/drive_base_msgs/include/drive_base_msgs/drive_base_msgs/msg/detail/trv_command__type_support.c
[1.057s] -- Installing: /home/group1/dd2419_ws/install/drive_base_msgs/include/drive_base_msgs/drive_base_msgs/msg/detail/command_status__type_support.c
[1.057s] -- Up-to-date: /home/group1/dd2419_ws/install/drive_base_msgs/include/drive_base_msgs/drive_base_msgs/msg/detail/trv_command__rosidl_typesupport_introspection_c.h
[1.057s] -- Installing: /home/group1/dd2419_ws/install/drive_base_msgs/include/drive_base_msgs/drive_base_msgs/msg/detail/command_header__type_support.c
[1.058s] -- Installing: /home/group1/dd2419_ws/install/drive_base_msgs/include/drive_base_msgs/drive_base_msgs/msg/detail/base_info__type_support.c
[1.058s] -- Up-to-date: /home/group1/dd2419_ws/install/drive_base_msgs/include/drive_base_msgs/drive_base_msgs/msg/detail/base_info__rosidl_typesupport_introspection_c.h
[1.058s] -- Up-to-date: /home/group1/dd2419_ws/install/drive_base_msgs/include/drive_base_msgs/drive_base_msgs/msg/detail/command_status__rosidl_typesupport_introspection_c.h
[1.059s] -- Up-to-date: /home/group1/dd2419_ws/install/drive_base_msgs/include/drive_base_msgs/drive_base_msgs/msg/detail/command_header__rosidl_typesupport_introspection_c.h
[1.059s] -- Up-to-date: /home/group1/dd2419_ws/install/drive_base_msgs/include/drive_base_msgs/drive_base_msgs/msg/rosidl_typesupport_introspection_c__visibility_control.h
[1.059s] -- Up-to-date: /home/group1/dd2419_ws/install/drive_base_msgs/lib/libdrive_base_msgs__rosidl_typesupport_introspection_c.so
[1.059s] -- Up-to-date: /home/group1/dd2419_ws/install/drive_base_msgs/lib/libdrive_base_msgs__rosidl_typesupport_c.so
[1.059s] -- Up-to-date: /home/group1/dd2419_ws/install/drive_base_msgs/include/drive_base_msgs/drive_base_msgs
[1.059s] -- Up-to-date: /home/group1/dd2419_ws/install/drive_base_msgs/include/drive_base_msgs/drive_base_msgs/msg
[1.060s] -- Up-to-date: /home/group1/dd2419_ws/install/drive_base_msgs/include/drive_base_msgs/drive_base_msgs/msg/detail
[1.060s] -- Up-to-date: /home/group1/dd2419_ws/install/drive_base_msgs/include/drive_base_msgs/drive_base_msgs/msg/detail/base_info__rosidl_typesupport_introspection_cpp.hpp
[1.060s] -- Up-to-date: /home/group1/dd2419_ws/install/drive_base_msgs/include/drive_base_msgs/drive_base_msgs/msg/detail/command_status__type_support.cpp
[1.060s] -- Up-to-date: /home/group1/dd2419_ws/install/drive_base_msgs/include/drive_base_msgs/drive_base_msgs/msg/detail/command_header__type_support.cpp
[1.060s] -- Up-to-date: /home/group1/dd2419_ws/install/drive_base_msgs/include/drive_base_msgs/drive_base_msgs/msg/detail/trv_command__type_support.cpp
[1.060s] -- Up-to-date: /home/group1/dd2419_ws/install/drive_base_msgs/include/drive_base_msgs/drive_base_msgs/msg/detail/trv_command__rosidl_typesupport_introspection_cpp.hpp
[1.060s] -- Up-to-date: /home/group1/dd2419_ws/install/drive_base_msgs/include/drive_base_msgs/drive_base_msgs/msg/detail/command_status__rosidl_typesupport_introspection_cpp.hpp
[1.060s] -- Up-to-date: /home/group1/dd2419_ws/install/drive_base_msgs/include/drive_base_msgs/drive_base_msgs/msg/detail/command_header__rosidl_typesupport_introspection_cpp.hpp
[1.060s] -- Up-to-date: /home/group1/dd2419_ws/install/drive_base_msgs/include/drive_base_msgs/drive_base_msgs/msg/detail/base_info__type_support.cpp
[1.060s] -- Up-to-date: /home/group1/dd2419_ws/install/drive_base_msgs/lib/libdrive_base_msgs__rosidl_typesupport_introspection_cpp.so
[1.061s] -- Up-to-date: /home/group1/dd2419_ws/install/drive_base_msgs/lib/libdrive_base_msgs__rosidl_typesupport_cpp.so
[1.061s] -- Up-to-date: /home/group1/dd2419_ws/install/drive_base_msgs/share/drive_base_msgs/environment/pythonpath.sh
[1.061s] -- Up-to-date: /home/group1/dd2419_ws/install/drive_base_msgs/share/drive_base_msgs/environment/pythonpath.dsv
[1.061s] -- Up-to-date: /home/group1/dd2419_ws/install/drive_base_msgs/lib/python3.12/site-packages/drive_base_msgs-0.0.0-py3.12.egg-info
[1.061s] -- Installing: /home/group1/dd2419_ws/install/drive_base_msgs/lib/python3.12/site-packages/drive_base_msgs-0.0.0-py3.12.egg-info/SOURCES.txt
[1.061s] -- Installing: /home/group1/dd2419_ws/install/drive_base_msgs/lib/python3.12/site-packages/drive_base_msgs-0.0.0-py3.12.egg-info/dependency_links.txt
[1.061s] -- Installing: /home/group1/dd2419_ws/install/drive_base_msgs/lib/python3.12/site-packages/drive_base_msgs-0.0.0-py3.12.egg-info/PKG-INFO
[1.061s] -- Installing: /home/group1/dd2419_ws/install/drive_base_msgs/lib/python3.12/site-packages/drive_base_msgs-0.0.0-py3.12.egg-info/top_level.txt
[1.061s] -- Up-to-date: /home/group1/dd2419_ws/install/drive_base_msgs/lib/python3.12/site-packages/drive_base_msgs
[1.062s] -- Up-to-date: /home/group1/dd2419_ws/install/drive_base_msgs/lib/python3.12/site-packages/drive_base_msgs/_drive_base_msgs_s.ep.rosidl_typesupport_fastrtps_c.c
[1.062s] -- Up-to-date: /home/group1/dd2419_ws/install/drive_base_msgs/lib/python3.12/site-packages/drive_base_msgs/__init__.py
[1.062s] -- Up-to-date: /home/group1/dd2419_ws/install/drive_base_msgs/lib/python3.12/site-packages/drive_base_msgs/drive_base_msgs_s__rosidl_typesupport_c.so
[1.062s] -- Up-to-date: /home/group1/dd2419_ws/install/drive_base_msgs/lib/python3.12/site-packages/drive_base_msgs/msg
[1.062s] -- Up-to-date: /home/group1/dd2419_ws/install/drive_base_msgs/lib/python3.12/site-packages/drive_base_msgs/msg/_trv_command_s.c
[1.062s] -- Up-to-date: /home/group1/dd2419_ws/install/drive_base_msgs/lib/python3.12/site-packages/drive_base_msgs/msg/_command_header_s.c
[1.062s] -- Up-to-date: /home/group1/dd2419_ws/install/drive_base_msgs/lib/python3.12/site-packages/drive_base_msgs/msg/_base_info_s.c
[1.062s] -- Up-to-date: /home/group1/dd2419_ws/install/drive_base_msgs/lib/python3.12/site-packages/drive_base_msgs/msg/_command_status.py
[1.063s] -- Up-to-date: /home/group1/dd2419_ws/install/drive_base_msgs/lib/python3.12/site-packages/drive_base_msgs/msg/__init__.py
[1.063s] -- Up-to-date: /home/group1/dd2419_ws/install/drive_base_msgs/lib/python3.12/site-packages/drive_base_msgs/msg/_trv_command.py
[1.063s] -- Up-to-date: /home/group1/dd2419_ws/install/drive_base_msgs/lib/python3.12/site-packages/drive_base_msgs/msg/_base_info.py
[1.063s] -- Up-to-date: /home/group1/dd2419_ws/install/drive_base_msgs/lib/python3.12/site-packages/drive_base_msgs/msg/_command_header.py
[1.063s] -- Up-to-date: /home/group1/dd2419_ws/install/drive_base_msgs/lib/python3.12/site-packages/drive_base_msgs/msg/_command_status_s.c
[1.063s] -- Up-to-date: /home/group1/dd2419_ws/install/drive_base_msgs/lib/python3.12/site-packages/drive_base_msgs/_drive_base_msgs_s.ep.rosidl_typesupport_introspection_c.c
[1.063s] -- Up-to-date: /home/group1/dd2419_ws/install/drive_base_msgs/lib/python3.12/site-packages/drive_base_msgs/_drive_base_msgs_s.ep.rosidl_typesupport_c.c
[1.063s] -- Up-to-date: /home/group1/dd2419_ws/install/drive_base_msgs/lib/python3.12/site-packages/drive_base_msgs/drive_base_msgs_s__rosidl_typesupport_fastrtps_c.so
[1.063s] -- Up-to-date: /home/group1/dd2419_ws/install/drive_base_msgs/lib/python3.12/site-packages/drive_base_msgs/drive_base_msgs_s__rosidl_typesupport_introspection_c.so
[1.102s] Listing '/home/group1/dd2419_ws/install/drive_base_msgs/lib/python3.12/site-packages/drive_base_msgs'...
[1.102s] Listing '/home/group1/dd2419_ws/install/drive_base_msgs/lib/python3.12/site-packages/drive_base_msgs/msg'...
[1.109s] -- Up-to-date: /home/group1/dd2419_ws/install/drive_base_msgs/lib/python3.12/site-packages/drive_base_msgs/drive_base_msgs_s__rosidl_typesupport_fastrtps_c.so
[1.109s] -- Up-to-date: /home/group1/dd2419_ws/install/drive_base_msgs/lib/python3.12/site-packages/drive_base_msgs/drive_base_msgs_s__rosidl_typesupport_introspection_c.so
[1.109s] -- Up-to-date: /home/group1/dd2419_ws/install/drive_base_msgs/lib/python3.12/site-packages/drive_base_msgs/drive_base_msgs_s__rosidl_typesupport_c.so
[1.109s] -- Up-to-date: /home/group1/dd2419_ws/install/drive_base_msgs/lib/libdrive_base_msgs__rosidl_generator_py.so
[1.110s] -- Up-to-date: /home/group1/dd2419_ws/install/drive_base_msgs/share/drive_base_msgs/msg/CommandHeader.idl
[1.111s] -- Up-to-date: /home/group1/dd2419_ws/install/drive_base_msgs/share/drive_base_msgs/msg/BaseInfo.idl
[1.111s] -- Up-to-date: /home/group1/dd2419_ws/install/drive_base_msgs/share/drive_base_msgs/msg/CommandStatus.idl
[1.111s] -- Up-to-date: /home/group1/dd2419_ws/install/drive_base_msgs/share/drive_base_msgs/msg/TRVCommand.idl
[1.111s] -- Up-to-date: /home/group1/dd2419_ws/install/drive_base_msgs/share/drive_base_msgs/msg/CommandHeader.msg
[1.112s] -- Up-to-date: /home/group1/dd2419_ws/install/drive_base_msgs/share/drive_base_msgs/msg/BaseInfo.msg
[1.112s] -- Up-to-date: /home/group1/dd2419_ws/install/drive_base_msgs/share/drive_base_msgs/msg/CommandStatus.msg
[1.112s] -- Up-to-date: /home/group1/dd2419_ws/install/drive_base_msgs/share/drive_base_msgs/msg/TRVCommand.msg
[1.112s] -- Up-to-date: /home/group1/dd2419_ws/install/drive_base_msgs/share/ament_index/resource_index/package_run_dependencies/drive_base_msgs
[1.112s] -- Up-to-date: /home/group1/dd2419_ws/install/drive_base_msgs/share/ament_index/resource_index/parent_prefix_path/drive_base_msgs
[1.112s] -- Up-to-date: /home/group1/dd2419_ws/install/drive_base_msgs/share/drive_base_msgs/environment/ament_prefix_path.sh
[1.113s] -- Up-to-date: /home/group1/dd2419_ws/install/drive_base_msgs/share/drive_base_msgs/environment/ament_prefix_path.dsv
[1.113s] -- Up-to-date: /home/group1/dd2419_ws/install/drive_base_msgs/share/drive_base_msgs/environment/path.sh
[1.113s] -- Up-to-date: /home/group1/dd2419_ws/install/drive_base_msgs/share/drive_base_msgs/environment/path.dsv
[1.113s] -- Up-to-date: /home/group1/dd2419_ws/install/drive_base_msgs/share/drive_base_msgs/local_setup.bash
[1.114s] -- Up-to-date: /home/group1/dd2419_ws/install/drive_base_msgs/share/drive_base_msgs/local_setup.sh
[1.114s] -- Up-to-date: /home/group1/dd2419_ws/install/drive_base_msgs/share/drive_base_msgs/local_setup.zsh
[1.114s] -- Up-to-date: /home/group1/dd2419_ws/install/drive_base_msgs/share/drive_base_msgs/local_setup.dsv
[1.114s] -- Installing: /home/group1/dd2419_ws/install/drive_base_msgs/share/drive_base_msgs/package.dsv
[1.115s] -- Up-to-date: /home/group1/dd2419_ws/install/drive_base_msgs/share/ament_index/resource_index/packages/drive_base_msgs
[1.115s] -- Up-to-date: /home/group1/dd2419_ws/install/drive_base_msgs/share/drive_base_msgs/cmake/export_drive_base_msgs__rosidl_generator_cExport.cmake
[1.115s] -- Up-to-date: /home/group1/dd2419_ws/install/drive_base_msgs/share/drive_base_msgs/cmake/export_drive_base_msgs__rosidl_generator_cExport-noconfig.cmake
[1.116s] -- Up-to-date: /home/group1/dd2419_ws/install/drive_base_msgs/share/drive_base_msgs/cmake/export_drive_base_msgs__rosidl_typesupport_fastrtps_cExport.cmake
[1.116s] -- Up-to-date: /home/group1/dd2419_ws/install/drive_base_msgs/share/drive_base_msgs/cmake/export_drive_base_msgs__rosidl_typesupport_fastrtps_cExport-noconfig.cmake
[1.116s] -- Up-to-date: /home/group1/dd2419_ws/install/drive_base_msgs/share/drive_base_msgs/cmake/export_drive_base_msgs__rosidl_generator_cppExport.cmake
[1.116s] -- Up-to-date: /home/group1/dd2419_ws/install/drive_base_msgs/share/drive_base_msgs/cmake/export_drive_base_msgs__rosidl_typesupport_fastrtps_cppExport.cmake
[1.116s] -- Up-to-date: /home/group1/dd2419_ws/install/drive_base_msgs/share/drive_base_msgs/cmake/export_drive_base_msgs__rosidl_typesupport_fastrtps_cppExport-noconfig.cmake
[1.117s] -- Up-to-date: /home/group1/dd2419_ws/install/drive_base_msgs/share/drive_base_msgs/cmake/drive_base_msgs__rosidl_typesupport_introspection_cExport.cmake
[1.117s] -- Up-to-date: /home/group1/dd2419_ws/install/drive_base_msgs/share/drive_base_msgs/cmake/drive_base_msgs__rosidl_typesupport_introspection_cExport-noconfig.cmake
[1.117s] -- Up-to-date: /home/group1/dd2419_ws/install/drive_base_msgs/share/drive_base_msgs/cmake/drive_base_msgs__rosidl_typesupport_cExport.cmake
[1.117s] -- Up-to-date: /home/group1/dd2419_ws/install/drive_base_msgs/share/drive_base_msgs/cmake/drive_base_msgs__rosidl_typesupport_cExport-noconfig.cmake
[1.117s] -- Up-to-date: /home/group1/dd2419_ws/install/drive_base_msgs/share/drive_base_msgs/cmake/drive_base_msgs__rosidl_typesupport_introspection_cppExport.cmake
[1.117s] -- Up-to-date: /home/group1/dd2419_ws/install/drive_base_msgs/share/drive_base_msgs/cmake/drive_base_msgs__rosidl_typesupport_introspection_cppExport-noconfig.cmake
[1.118s] -- Up-to-date: /home/group1/dd2419_ws/install/drive_base_msgs/share/drive_base_msgs/cmake/drive_base_msgs__rosidl_typesupport_cppExport.cmake
[1.118s] -- Up-to-date: /home/group1/dd2419_ws/install/drive_base_msgs/share/drive_base_msgs/cmake/drive_base_msgs__rosidl_typesupport_cppExport-noconfig.cmake
[1.118s] -- Up-to-date: /home/group1/dd2419_ws/install/drive_base_msgs/share/drive_base_msgs/cmake/export_drive_base_msgs__rosidl_generator_pyExport.cmake
[1.118s] -- Up-to-date: /home/group1/dd2419_ws/install/drive_base_msgs/share/drive_base_msgs/cmake/export_drive_base_msgs__rosidl_generator_pyExport-noconfig.cmake
[1.118s] -- Up-to-date: /home/group1/dd2419_ws/install/drive_base_msgs/share/drive_base_msgs/cmake/rosidl_cmake-extras.cmake
[1.119s] -- Up-to-date: /home/group1/dd2419_ws/install/drive_base_msgs/share/drive_base_msgs/cmake/ament_cmake_export_dependencies-extras.cmake
[1.119s] -- Up-to-date: /home/group1/dd2419_ws/install/drive_base_msgs/share/drive_base_msgs/cmake/ament_cmake_export_include_directories-extras.cmake
[1.119s] -- Up-to-date: /home/group1/dd2419_ws/install/drive_base_msgs/share/drive_base_msgs/cmake/ament_cmake_export_libraries-extras.cmake
[1.119s] -- Up-to-date: /home/group1/dd2419_ws/install/drive_base_msgs/share/drive_base_msgs/cmake/ament_cmake_export_targets-extras.cmake
[1.119s] -- Up-to-date: /home/group1/dd2419_ws/install/drive_base_msgs/share/drive_base_msgs/cmake/rosidl_cmake_export_typesupport_targets-extras.cmake
[1.119s] -- Up-to-date: /home/group1/dd2419_ws/install/drive_base_msgs/share/drive_base_msgs/cmake/rosidl_cmake_export_typesupport_libraries-extras.cmake
[1.120s] -- Up-to-date: /home/group1/dd2419_ws/install/drive_base_msgs/share/drive_base_msgs/cmake/drive_base_msgsConfig.cmake
[1.120s] -- Up-to-date: /home/group1/dd2419_ws/install/drive_base_msgs/share/drive_base_msgs/cmake/drive_base_msgsConfig-version.cmake
[1.120s] -- Up-to-date: /home/group1/dd2419_ws/install/drive_base_msgs/share/drive_base_msgs/package.xml
[1.143s] Invoked command in '/home/group1/dd2419_ws/build/drive_base_msgs' returned '0': CMAKE_PREFIX_PATH=${CMAKE_PREFIX_PATH}:/home/group1/dd2419_ws/install/robp_launch:/home/group1/dd2419_ws/install/arm_servos_pubs_subs:/opt/ros/jazzy DEBUGINFOD_URLS=https://debuginfod.ubuntu.com /usr/bin/cmake --install /home/group1/dd2419_ws/build/drive_base_msgs
