[2.157s] Invoking command in '/home/robot/dd2419_ws/src/pickup': DEBUGINFOD_URLS=https://debuginfod.ubuntu.com PYTHONPATH=/home/robot/dd2419_ws/src/build/pickup/prefix_override:/usr/lib/python3/dist-packages/colcon_core/task/python/colcon_distutils_commands:/home/robot/dd2419_ws/src/install/pickup/lib/python3.12/site-packages:${PYTHONPATH} /usr/bin/python3 -W ignore:setup.py install is deprecated -W ignore:easy_install command is deprecated setup.py egg_info --egg-base ../build/pickup build --build-base /home/robot/dd2419_ws/src/build/pickup/build install --record /home/robot/dd2419_ws/src/build/pickup/install.log --single-version-externally-managed install_data
[2.828s] running egg_info
[2.828s] creating ../build/pickup/pickup.egg-info
[2.829s] writing ../build/pickup/pickup.egg-info/PKG-INFO
[2.829s] writing dependency_links to ../build/pickup/pickup.egg-info/dependency_links.txt
[2.829s] writing entry points to ../build/pickup/pickup.egg-info/entry_points.txt
[2.829s] writing requirements to ../build/pickup/pickup.egg-info/requires.txt
[2.829s] writing top-level names to ../build/pickup/pickup.egg-info/top_level.txt
[2.829s] writing manifest file '../build/pickup/pickup.egg-info/SOURCES.txt'
[2.829s] reading manifest file '../build/pickup/pickup.egg-info/SOURCES.txt'
[2.829s] writing manifest file '../build/pickup/pickup.egg-info/SOURCES.txt'
[2.829s] running build
[2.829s] running build_py
[2.829s] creating /home/robot/dd2419_ws/src/build/pickup/build
[2.829s] creating /home/robot/dd2419_ws/src/build/pickup/build/lib
[2.829s] creating /home/robot/dd2419_ws/src/build/pickup/build/lib/pickup
[2.829s] copying pickup/pickup (Copy)-feb4-11am.py -> /home/robot/dd2419_ws/src/build/pickup/build/lib/pickup
[2.829s] copying pickup/pickup.py -> /home/robot/dd2419_ws/src/build/pickup/build/lib/pickup
[2.829s] copying pickup/__init__.py -> /home/robot/dd2419_ws/src/build/pickup/build/lib/pickup
[2.830s] running install
[2.830s] running install_lib
[2.830s] creating /home/robot/dd2419_ws/src/install/pickup/lib/python3.12/site-packages/pickup
[2.830s] copying /home/robot/dd2419_ws/src/build/pickup/build/lib/pickup/pickup (Copy)-feb4-11am.py -> /home/robot/dd2419_ws/src/install/pickup/lib/python3.12/site-packages/pickup
[2.830s] copying /home/robot/dd2419_ws/src/build/pickup/build/lib/pickup/pickup.py -> /home/robot/dd2419_ws/src/install/pickup/lib/python3.12/site-packages/pickup
[2.830s] copying /home/robot/dd2419_ws/src/build/pickup/build/lib/pickup/__init__.py -> /home/robot/dd2419_ws/src/install/pickup/lib/python3.12/site-packages/pickup
[2.830s] byte-compiling /home/robot/dd2419_ws/src/install/pickup/lib/python3.12/site-packages/pickup/pickup (Copy)-feb4-11am.py to pickup (Copy)-feb4-11am.cpython-312.pyc
[2.830s] byte-compiling /home/robot/dd2419_ws/src/install/pickup/lib/python3.12/site-packages/pickup/pickup.py to pickup.cpython-312.pyc
[2.830s] byte-compiling /home/robot/dd2419_ws/src/install/pickup/lib/python3.12/site-packages/pickup/__init__.py to __init__.cpython-312.pyc
[2.830s] running install_data
[2.830s] creating /home/robot/dd2419_ws/src/install/pickup/share/ament_index
[2.830s] creating /home/robot/dd2419_ws/src/install/pickup/share/ament_index/resource_index
[2.830s] creating /home/robot/dd2419_ws/src/install/pickup/share/ament_index/resource_index/packages
[2.830s] copying resource/pickup -> /home/robot/dd2419_ws/src/install/pickup/share/ament_index/resource_index/packages
[2.830s] copying package.xml -> /home/robot/dd2419_ws/src/install/pickup/share/pickup
[2.830s] running install_egg_info
[2.831s] Copying ../build/pickup/pickup.egg-info to /home/robot/dd2419_ws/src/install/pickup/lib/python3.12/site-packages/pickup-0.0.0-py3.12.egg-info
[2.831s] running install_scripts
[2.834s] Sorry: IndentationError: unexpected indent (pickup (Copy)-feb4-11am.py, line 25)
[3.051s] Installing pickup script to /home/robot/dd2419_ws/src/install/pickup/lib/pickup
[3.057s] writing list of installed files to '/home/robot/dd2419_ws/src/build/pickup/install.log'
[3.162s] Invoked command in '/home/robot/dd2419_ws/src/pickup' returned '0': DEBUGINFOD_URLS=https://debuginfod.ubuntu.com PYTHONPATH=/home/robot/dd2419_ws/src/build/pickup/prefix_override:/usr/lib/python3/dist-packages/colcon_core/task/python/colcon_distutils_commands:/home/robot/dd2419_ws/src/install/pickup/lib/python3.12/site-packages:${PYTHONPATH} /usr/bin/python3 -W ignore:setup.py install is deprecated -W ignore:easy_install command is deprecated setup.py egg_info --egg-base ../build/pickup build --build-base /home/robot/dd2419_ws/src/build/pickup/build install --record /home/robot/dd2419_ws/src/build/pickup/install.log --single-version-externally-managed install_data
