[2.872s] Invoking command in '/home/group1/dd2419_ws/build/display': DEBUGINFOD_URLS=https://debuginfod.ubuntu.com PYTHONPATH=/home/group1/dd2419_ws/build/display/prefix_override:/usr/lib/python3/dist-packages/colcon_core/task/python/colcon_distutils_commands:/home/group1/dd2419_ws/install/display/lib/python3.12/site-packages:${PYTHONPATH} /usr/bin/python3 -W ignore:setup.py install is deprecated -W ignore:easy_install command is deprecated setup.py develop --editable --build-directory /home/group1/dd2419_ws/build/display/build --no-deps symlink_data
[3.578s] running develop
[3.987s] running egg_info
[3.988s] creating display.egg-info
[4.029s] writing display.egg-info/PKG-INFO
[4.029s] writing dependency_links to display.egg-info/dependency_links.txt
[4.029s] writing entry points to display.egg-info/entry_points.txt
[4.030s] writing requirements to display.egg-info/requires.txt
[4.030s] writing top-level names to display.egg-info/top_level.txt
[4.030s] writing manifest file 'display.egg-info/SOURCES.txt'
[4.110s] reading manifest file 'display.egg-info/SOURCES.txt'
[4.111s] writing manifest file 'display.egg-info/SOURCES.txt'
[4.170s] running build_ext
[4.171s] Creating /home/group1/dd2419_ws/install/display/lib/python3.12/site-packages/display.egg-link (link to .)
[4.173s] Installing display script to /home/group1/dd2419_ws/install/display/lib/display
[4.174s] 
[4.175s] Installed /home/group1/dd2419_ws/build/display
[4.177s] running symlink_data
[4.179s] creating /home/group1/dd2419_ws/install/display/share/ament_index
[4.180s] creating /home/group1/dd2419_ws/install/display/share/ament_index/resource_index
[4.180s] creating /home/group1/dd2419_ws/install/display/share/ament_index/resource_index/packages
[4.180s] symbolically linking /home/group1/dd2419_ws/build/display/resource/display -> /home/group1/dd2419_ws/install/display/share/ament_index/resource_index/packages
[4.180s] symbolically linking /home/group1/dd2419_ws/build/display/package.xml -> /home/group1/dd2419_ws/install/display/share/display
[4.522s] Invoked command in '/home/group1/dd2419_ws/build/display' returned '0': DEBUGINFOD_URLS=https://debuginfod.ubuntu.com PYTHONPATH=/home/group1/dd2419_ws/build/display/prefix_override:/usr/lib/python3/dist-packages/colcon_core/task/python/colcon_distutils_commands:/home/group1/dd2419_ws/install/display/lib/python3.12/site-packages:${PYTHONPATH} /usr/bin/python3 -W ignore:setup.py install is deprecated -W ignore:easy_install command is deprecated setup.py develop --editable --build-directory /home/group1/dd2419_ws/build/display/build --no-deps symlink_data
