[2.201s] Invoking command in '/home/group1/dd2419_ws/build/pickup': DEBUGINFOD_URLS=https://debuginfod.ubuntu.com PYTHONPATH=/home/group1/dd2419_ws/build/pickup/prefix_override:/usr/lib/python3/dist-packages/colcon_core/task/python/colcon_distutils_commands:/home/group1/dd2419_ws/install/pickup/lib/python3.12/site-packages:${PYTHONPATH} /usr/bin/python3 -W ignore:setup.py install is deprecated -W ignore:easy_install command is deprecated setup.py develop --uninstall --editable --build-directory /home/group1/dd2419_ws/build/pickup/build
[2.702s] running develop
[2.987s] Removing /home/group1/dd2419_ws/install/pickup/lib/python3.12/site-packages/pickup.egg-link (link to .)
[3.044s] Invoked command in '/home/group1/dd2419_ws/build/pickup' returned '0': DEBUGINFOD_URLS=https://debuginfod.ubuntu.com PYTHONPATH=/home/group1/dd2419_ws/build/pickup/prefix_override:/usr/lib/python3/dist-packages/colcon_core/task/python/colcon_distutils_commands:/home/group1/dd2419_ws/install/pickup/lib/python3.12/site-packages:${PYTHONPATH} /usr/bin/python3 -W ignore:setup.py install is deprecated -W ignore:easy_install command is deprecated setup.py develop --uninstall --editable --build-directory /home/group1/dd2419_ws/build/pickup/build
[3.045s] Invoking command in '/home/group1/dd2419_ws/src/pickup': DEBUGINFOD_URLS=https://debuginfod.ubuntu.com PYTHONPATH=/home/group1/dd2419_ws/build/pickup/prefix_override:/usr/lib/python3/dist-packages/colcon_core/task/python/colcon_distutils_commands:/home/group1/dd2419_ws/install/pickup/lib/python3.12/site-packages:${PYTHONPATH} /usr/bin/python3 -W ignore:setup.py install is deprecated -W ignore:easy_install command is deprecated setup.py egg_info --egg-base ../../build/pickup build --build-base /home/group1/dd2419_ws/build/pickup/build install --record /home/group1/dd2419_ws/build/pickup/install.log --single-version-externally-managed install_data --force
[3.663s] running egg_info
[3.691s] writing ../../build/pickup/pickup.egg-info/PKG-INFO
[3.692s] writing dependency_links to ../../build/pickup/pickup.egg-info/dependency_links.txt
[3.692s] writing entry points to ../../build/pickup/pickup.egg-info/entry_points.txt
[3.692s] writing requirements to ../../build/pickup/pickup.egg-info/requires.txt
[3.692s] writing top-level names to ../../build/pickup/pickup.egg-info/top_level.txt
[3.742s] reading manifest file '../../build/pickup/pickup.egg-info/SOURCES.txt'
[3.744s] writing manifest file '../../build/pickup/pickup.egg-info/SOURCES.txt'
[3.744s] running build
[3.744s] running build_py
[3.744s] running install
[3.753s] running install_lib
[3.778s] creating /home/group1/dd2419_ws/install/pickup/lib/python3.12/site-packages/pickup
[3.778s] copying /home/group1/dd2419_ws/build/pickup/build/lib/pickup/__init__.py -> /home/group1/dd2419_ws/install/pickup/lib/python3.12/site-packages/pickup
[3.778s] copying /home/group1/dd2419_ws/build/pickup/build/lib/pickup/pickup.py -> /home/group1/dd2419_ws/install/pickup/lib/python3.12/site-packages/pickup
[3.779s] byte-compiling /home/group1/dd2419_ws/install/pickup/lib/python3.12/site-packages/pickup/__init__.py to __init__.cpython-312.pyc
[3.779s] byte-compiling /home/group1/dd2419_ws/install/pickup/lib/python3.12/site-packages/pickup/pickup.py to pickup.cpython-312.pyc
[3.781s] Sorry: IndentationError: unexpected indent (pickup.py, line 25)
[3.782s] running install_data
[3.782s] copying resource/pickup -> /home/group1/dd2419_ws/install/pickup/share/ament_index/resource_index/packages
[3.782s] copying package.xml -> /home/group1/dd2419_ws/install/pickup/share/pickup
[3.783s] running install_egg_info
[3.808s] Copying ../../build/pickup/pickup.egg-info to /home/group1/dd2419_ws/install/pickup/lib/python3.12/site-packages/pickup-0.0.0-py3.12.egg-info
[3.811s] running install_scripts
[3.997s] Installing pickup script to /home/group1/dd2419_ws/install/pickup/lib/pickup
[3.997s] writing list of installed files to '/home/group1/dd2419_ws/build/pickup/install.log'
[4.033s] Invoked command in '/home/group1/dd2419_ws/src/pickup' returned '0': DEBUGINFOD_URLS=https://debuginfod.ubuntu.com PYTHONPATH=/home/group1/dd2419_ws/build/pickup/prefix_override:/usr/lib/python3/dist-packages/colcon_core/task/python/colcon_distutils_commands:/home/group1/dd2419_ws/install/pickup/lib/python3.12/site-packages:${PYTHONPATH} /usr/bin/python3 -W ignore:setup.py install is deprecated -W ignore:easy_install command is deprecated setup.py egg_info --egg-base ../../build/pickup build --build-base /home/group1/dd2419_ws/build/pickup/build install --record /home/group1/dd2419_ws/build/pickup/install.log --single-version-externally-managed install_data --force
