[0.007s] Invoking command in '/home/robot/dd2419_ws/build/usb_cam': CMAKE_PREFIX_PATH=${CMAKE_PREFIX_PATH}:/home/robot/dd2419_ws/install/robot_odometry:/home/robot/dd2419_ws/install/pickup:/home/robot/dd2419_ws/install/odometry:/home/robot/dd2419_ws/install/lidar:/home/robot/dd2419_ws/install/display:/home/robot/dd2419_ws/install/detection:/home/robot/dd2419_ws/install/controller:/home/robot/dd2419_ws/install/arm_servos_pubs_subs:/opt/ros/jazzy DEBUGINFOD_URLS=https://debuginfod.ubuntu.com /usr/bin/cmake /home/robot/dd2419_ws/src/robp_robot/usb_cam -DAMENT_CMAKE_SYMLINK_INSTALL=1 -DCMAKE_INSTALL_PREFIX=/home/robot/dd2419_ws/install/usb_cam
[0.042s] -- The C compiler identification is GNU 13.3.0
[0.079s] -- The CXX compiler identification is GNU 13.3.0
[0.088s] -- Detecting C compiler ABI info
[0.156s] -- Detecting C compiler ABI info - done
[0.166s] -- Check for working C compiler: /usr/bin/cc - skipped
[0.166s] -- Detecting C compile features
[0.166s] -- Detecting C compile features - done
[0.174s] -- Detecting CXX compiler ABI info
[0.237s] -- Detecting CXX compiler ABI info - done
[0.243s] -- Check for working CXX compiler: /usr/bin/c++ - skipped
[0.243s] -- Detecting CXX compile features
[0.244s] -- Detecting CXX compile features - done
[0.246s] -- Found ament_cmake_auto: 2.5.3 (/opt/ros/jazzy/share/ament_cmake_auto/cmake)
[0.358s] -- Found Python3: /usr/bin/python3 (found version "3.12.3") found components: Interpreter 
[0.413s] -- Override CMake install command with custom implementation using symlinks instead of copying resources
[0.529s] -- Found rosidl_generator_c: 4.6.5 (/opt/ros/jazzy/share/rosidl_generator_c/cmake)
[0.538s] -- Found rosidl_generator_cpp: 4.6.5 (/opt/ros/jazzy/share/rosidl_generator_cpp/cmake)
[0.549s] -- Using all available rosidl_typesupport_c: rosidl_typesupport_fastrtps_c;rosidl_typesupport_introspection_c
[0.561s] -- Using all available rosidl_typesupport_cpp: rosidl_typesupport_fastrtps_cpp;rosidl_typesupport_introspection_cpp
[0.610s] -- Found rmw_implementation_cmake: 7.3.1 (/opt/ros/jazzy/share/rmw_implementation_cmake/cmake)
[0.613s] -- Found rmw_fastrtps_cpp: 8.4.1 (/opt/ros/jazzy/share/rmw_fastrtps_cpp/cmake)
[0.659s] -- Found OpenSSL: /usr/lib/x86_64-linux-gnu/libcrypto.so (found version "3.0.13")  
[0.673s] -- Found FastRTPS: /opt/ros/jazzy/include (Required is at least version "2.13") 
[0.689s] -- Using RMW implementation 'rmw_fastrtps_cpp' as default
[0.850s] -- Setting yaml-cpp_DIR to: '/opt/ros/jazzy/share/yaml_cpp_vendor/cmake/../../../opt/yaml_cpp_vendor/share/cmake/yaml-cpp'
[0.950s] -- Found rosidl_adapter: 4.6.5 (/opt/ros/jazzy/share/rosidl_adapter/cmake)
[0.954s] -- Found OpenCV: /usr (found version "4.6.0") 
[0.957s] -- Found PkgConfig: /usr/bin/pkg-config (found version "1.8.1") 
[0.957s] -- Checking for module 'libavcodec'
[0.965s] --   Found libavcodec, version 60.31.102
[0.982s] -- Checking for module 'libavutil'
[0.990s] --   Found libavutil, version 58.29.100
[1.006s] -- Checking for module 'libswscale'
[1.014s] --   Found libswscale, version 7.5.100
[1.039s] -- Found ament_lint_auto: 0.17.1 (/opt/ros/jazzy/share/ament_lint_auto/cmake)
[1.057s] -- Found gtest sources under '/opt/ros/jazzy/src/gtest_vendor': C++ tests using 'Google Test' will be built
[1.059s] -- Performing Test CMAKE_HAVE_LIBC_PTHREAD
[1.121s] -- Performing Test CMAKE_HAVE_LIBC_PTHREAD - Success
[1.122s] -- Found Threads: TRUE  
[1.128s] -- Added test 'copyright' to check source files copyright and LICENSE
[1.130s] -- Added test 'cppcheck' to perform static code analysis on C / C++ code
[1.130s] -- Configured cppcheck include dirs: /home/robot/dd2419_ws/src/robp_robot/usb_cam/include
[1.130s] -- Configured cppcheck exclude dirs and/or files: 
[1.131s] -- Added test 'cpplint' to check C / C++ code against the Google style
[1.132s] -- Configured cpplint exclude dirs and/or files: 
[1.132s] -- Added test 'flake8' to check Python code syntax and style conventions
[1.132s] -- Configured 'flake8' exclude dirs and/or files: 
[1.133s] -- Added test 'lint_cmake' to check CMake code style
[1.133s] -- Added test 'pep257' to check Python code against some of the docstring style conventions in PEP 257
[1.135s] -- Added test 'uncrustify' to check C / C++ code style
[1.135s] -- Configured uncrustify additional arguments: 
[1.135s] -- Added test 'xmllint' to check XML markup files
[1.138s] -- Configuring done (1.1s)
[1.159s] -- Generating done (0.0s)
[1.164s] -- Build files have been written to: /home/robot/dd2419_ws/build/usb_cam
[1.173s] Invoked command in '/home/robot/dd2419_ws/build/usb_cam' returned '0': CMAKE_PREFIX_PATH=${CMAKE_PREFIX_PATH}:/home/robot/dd2419_ws/install/robot_odometry:/home/robot/dd2419_ws/install/pickup:/home/robot/dd2419_ws/install/odometry:/home/robot/dd2419_ws/install/lidar:/home/robot/dd2419_ws/install/display:/home/robot/dd2419_ws/install/detection:/home/robot/dd2419_ws/install/controller:/home/robot/dd2419_ws/install/arm_servos_pubs_subs:/opt/ros/jazzy DEBUGINFOD_URLS=https://debuginfod.ubuntu.com /usr/bin/cmake /home/robot/dd2419_ws/src/robp_robot/usb_cam -DAMENT_CMAKE_SYMLINK_INSTALL=1 -DCMAKE_INSTALL_PREFIX=/home/robot/dd2419_ws/install/usb_cam
[1.174s] Invoking command in '/home/robot/dd2419_ws/build/usb_cam': CMAKE_PREFIX_PATH=${CMAKE_PREFIX_PATH}:/home/robot/dd2419_ws/install/robot_odometry:/home/robot/dd2419_ws/install/pickup:/home/robot/dd2419_ws/install/odometry:/home/robot/dd2419_ws/install/lidar:/home/robot/dd2419_ws/install/display:/home/robot/dd2419_ws/install/detection:/home/robot/dd2419_ws/install/controller:/home/robot/dd2419_ws/install/arm_servos_pubs_subs:/opt/ros/jazzy DEBUGINFOD_URLS=https://debuginfod.ubuntu.com /usr/bin/cmake --build /home/robot/dd2419_ws/build/usb_cam -- -j12 -l12
[1.210s] [  7%] [32mBuilding CXX object gtest/CMakeFiles/gtest.dir/src/gtest-all.cc.o[0m
[1.210s] [ 21%] [32mBuilding CXX object CMakeFiles/usb_cam.dir/src/usb_cam.cpp.o[0m
[1.210s] [ 21%] [32mBuilding CXX object gtest/CMakeFiles/gtest_main.dir/src/gtest_main.cc.o[0m
[1.210s] [ 28%] [32mBuilding CXX object CMakeFiles/usb_cam_node_exe.dir/rclcpp_components/node_main_usb_cam_node_exe.cpp.o[0m
[1.754s] [ 35%] [32m[1mLinking CXX static library libgtest_main.a[0m
[1.791s] [ 35%] Built target gtest_main
[2.359s] [ 42%] [32m[1mLinking CXX shared library libusb_cam.so[0m
[2.488s] [ 42%] Built target usb_cam
[2.501s] [ 50%] [32mBuilding CXX object CMakeFiles/usb_cam_node.dir/src/usb_cam_node.cpp.o[0m
[3.186s] [ 57%] [32m[1mLinking CXX executable usb_cam_node_exe[0m
[3.265s] [ 57%] Built target usb_cam_node_exe
[3.856s] [ 64%] [32m[1mLinking CXX static library libgtest.a[0m
[3.955s] [ 64%] Built target gtest
[3.968s] [ 78%] [32mBuilding CXX object CMakeFiles/test_pixel_formats.dir/test/test_pixel_formats.cpp.o[0m
[3.968s] [ 78%] [32mBuilding CXX object CMakeFiles/test_usb_cam_utils.dir/test/test_usb_cam_utils.cpp.o[0m
[4.777s] [ 85%] [32m[1mLinking CXX executable test_usb_cam_utils[0m
[4.878s] [ 85%] Built target test_usb_cam_utils
[4.890s] [ 92%] [32m[1mLinking CXX executable test_pixel_formats[0m
[4.986s] [ 92%] Built target test_pixel_formats
[7.695s] [100%] [32m[1mLinking CXX shared library libusb_cam_node.so[0m
[8.001s] [100%] Built target usb_cam_node
[8.008s] Invoked command in '/home/robot/dd2419_ws/build/usb_cam' returned '0': CMAKE_PREFIX_PATH=${CMAKE_PREFIX_PATH}:/home/robot/dd2419_ws/install/robot_odometry:/home/robot/dd2419_ws/install/pickup:/home/robot/dd2419_ws/install/odometry:/home/robot/dd2419_ws/install/lidar:/home/robot/dd2419_ws/install/display:/home/robot/dd2419_ws/install/detection:/home/robot/dd2419_ws/install/controller:/home/robot/dd2419_ws/install/arm_servos_pubs_subs:/opt/ros/jazzy DEBUGINFOD_URLS=https://debuginfod.ubuntu.com /usr/bin/cmake --build /home/robot/dd2419_ws/build/usb_cam -- -j12 -l12
[8.014s] Invoking command in '/home/robot/dd2419_ws/build/usb_cam': CMAKE_PREFIX_PATH=${CMAKE_PREFIX_PATH}:/home/robot/dd2419_ws/install/robot_odometry:/home/robot/dd2419_ws/install/pickup:/home/robot/dd2419_ws/install/odometry:/home/robot/dd2419_ws/install/lidar:/home/robot/dd2419_ws/install/display:/home/robot/dd2419_ws/install/detection:/home/robot/dd2419_ws/install/controller:/home/robot/dd2419_ws/install/arm_servos_pubs_subs:/opt/ros/jazzy DEBUGINFOD_URLS=https://debuginfod.ubuntu.com /usr/bin/cmake --install /home/robot/dd2419_ws/build/usb_cam
[8.019s] -- Install configuration: ""
[8.019s] -- Execute custom install script
[8.019s] -- Symlinking: /home/robot/dd2419_ws/install/usb_cam/share/usb_cam/environment/library_path.sh
[8.025s] -- Symlinking: /home/robot/dd2419_ws/install/usb_cam/share/usb_cam/environment/library_path.dsv
[8.030s] -- Symlinking: /home/robot/dd2419_ws/install/usb_cam/lib/usb_cam/usb_cam_node_exe
[8.036s] -- Symlinking: /home/robot/dd2419_ws/install/usb_cam/lib/usb_cam/show_image.py
[8.043s] -- Symlinking: /home/robot/dd2419_ws/install/usb_cam/lib/libusb_cam.so
[8.049s] -- Symlinking: /home/robot/dd2419_ws/install/usb_cam/lib/libusb_cam_node.so
[8.055s] -- Symlinking: /home/robot/dd2419_ws/install/usb_cam/include/usb_cam/constants.hpp
[8.061s] -- Symlinking: /home/robot/dd2419_ws/install/usb_cam/include/usb_cam/conversions.hpp
[8.067s] -- Symlinking: /home/robot/dd2419_ws/install/usb_cam/include/usb_cam/formats/av_pixel_format_helper.hpp
[8.072s] -- Symlinking: /home/robot/dd2419_ws/install/usb_cam/include/usb_cam/formats/m420.hpp
[8.078s] -- Symlinking: /home/robot/dd2419_ws/install/usb_cam/include/usb_cam/formats/mjpeg.hpp
[8.084s] -- Symlinking: /home/robot/dd2419_ws/install/usb_cam/include/usb_cam/formats/mono.hpp
[8.089s] -- Symlinking: /home/robot/dd2419_ws/install/usb_cam/include/usb_cam/formats/pixel_format_base.hpp
[8.095s] -- Symlinking: /home/robot/dd2419_ws/install/usb_cam/include/usb_cam/formats/rgb.hpp
[8.101s] -- Symlinking: /home/robot/dd2419_ws/install/usb_cam/include/usb_cam/formats/utils.hpp
[8.107s] -- Symlinking: /home/robot/dd2419_ws/install/usb_cam/include/usb_cam/formats/uyvy.hpp
[8.112s] -- Symlinking: /home/robot/dd2419_ws/install/usb_cam/include/usb_cam/formats/yuyv.hpp
[8.118s] -- Symlinking: /home/robot/dd2419_ws/install/usb_cam/include/usb_cam/usb_cam.hpp
[8.123s] -- Symlinking: /home/robot/dd2419_ws/install/usb_cam/include/usb_cam/usb_cam_node.hpp
[8.128s] -- Symlinking: /home/robot/dd2419_ws/install/usb_cam/include/usb_cam/utils.hpp
[8.133s] -- Up-to-date symlink: /home/robot/dd2419_ws/install/usb_cam/lib/libusb_cam_node.so
[8.133s] -- Symlinking: /home/robot/dd2419_ws/install/usb_cam/share/usb_cam/launch/__init__.py
[8.138s] -- Symlinking: /home/robot/dd2419_ws/install/usb_cam/share/usb_cam/launch/camera.launch.py
[8.143s] -- Symlinking: /home/robot/dd2419_ws/install/usb_cam/share/usb_cam/launch/camera_config.py
[8.148s] -- Symlinking: /home/robot/dd2419_ws/install/usb_cam/share/usb_cam/config/camera_info.yaml
[8.153s] -- Symlinking: /home/robot/dd2419_ws/install/usb_cam/share/usb_cam/config/params_1.yaml
[8.158s] -- Symlinking: /home/robot/dd2419_ws/install/usb_cam/share/usb_cam/config/params_2.yaml
[8.163s] -- Symlinking: /home/robot/dd2419_ws/install/usb_cam/share/ament_index/resource_index/package_run_dependencies/usb_cam
[8.168s] -- Symlinking: /home/robot/dd2419_ws/install/usb_cam/share/ament_index/resource_index/parent_prefix_path/usb_cam
[8.174s] -- Symlinking: /home/robot/dd2419_ws/install/usb_cam/share/usb_cam/environment/ament_prefix_path.sh
[8.179s] -- Symlinking: /home/robot/dd2419_ws/install/usb_cam/share/usb_cam/environment/ament_prefix_path.dsv
[8.185s] -- Symlinking: /home/robot/dd2419_ws/install/usb_cam/share/usb_cam/environment/path.sh
[8.191s] -- Symlinking: /home/robot/dd2419_ws/install/usb_cam/share/usb_cam/environment/path.dsv
[8.196s] -- Symlinking: /home/robot/dd2419_ws/install/usb_cam/share/usb_cam/local_setup.bash
[8.201s] -- Symlinking: /home/robot/dd2419_ws/install/usb_cam/share/usb_cam/local_setup.sh
[8.207s] -- Symlinking: /home/robot/dd2419_ws/install/usb_cam/share/usb_cam/local_setup.zsh
[8.212s] -- Symlinking: /home/robot/dd2419_ws/install/usb_cam/share/usb_cam/local_setup.dsv
[8.217s] -- Symlinking: /home/robot/dd2419_ws/install/usb_cam/share/usb_cam/package.dsv
[8.222s] -- Symlinking: /home/robot/dd2419_ws/install/usb_cam/share/ament_index/resource_index/packages/usb_cam
[8.227s] -- Symlinking: /home/robot/dd2419_ws/install/usb_cam/share/ament_index/resource_index/rclcpp_components/usb_cam
[8.232s] -- Symlinking: /home/robot/dd2419_ws/install/usb_cam/share/usb_cam/cmake/ament_cmake_export_libraries-extras.cmake
[8.238s] -- Symlinking: /home/robot/dd2419_ws/install/usb_cam/share/usb_cam/cmake/ament_cmake_export_dependencies-extras.cmake
[8.243s] -- Symlinking: /home/robot/dd2419_ws/install/usb_cam/share/usb_cam/cmake/ament_cmake_export_include_directories-extras.cmake
[8.248s] -- Symlinking: /home/robot/dd2419_ws/install/usb_cam/share/usb_cam/cmake/usb_camConfig.cmake
[8.253s] -- Symlinking: /home/robot/dd2419_ws/install/usb_cam/share/usb_cam/cmake/usb_camConfig-version.cmake
[8.258s] -- Symlinking: /home/robot/dd2419_ws/install/usb_cam/share/usb_cam/package.xml
[8.265s] Invoked command in '/home/robot/dd2419_ws/build/usb_cam' returned '0': CMAKE_PREFIX_PATH=${CMAKE_PREFIX_PATH}:/home/robot/dd2419_ws/install/robot_odometry:/home/robot/dd2419_ws/install/pickup:/home/robot/dd2419_ws/install/odometry:/home/robot/dd2419_ws/install/lidar:/home/robot/dd2419_ws/install/display:/home/robot/dd2419_ws/install/detection:/home/robot/dd2419_ws/install/controller:/home/robot/dd2419_ws/install/arm_servos_pubs_subs:/opt/ros/jazzy DEBUGINFOD_URLS=https://debuginfod.ubuntu.com /usr/bin/cmake --install /home/robot/dd2419_ws/build/usb_cam
