[2.081s] Invoking command in '/home/group1/dd2419_ws/build/robot_odometry': DEBUGINFOD_URLS=https://debuginfod.ubuntu.com PYTHONPATH=/home/group1/dd2419_ws/build/robot_odometry/prefix_override:/usr/lib/python3/dist-packages/colcon_core/task/python/colcon_distutils_commands:/home/group1/dd2419_ws/install/robot_odometry/lib/python3.12/site-packages:${PYTHONPATH} /usr/bin/python3 -W ignore:setup.py install is deprecated -W ignore:easy_install command is deprecated setup.py develop --editable --build-directory /home/group1/dd2419_ws/build/robot_odometry/build --no-deps symlink_data
[2.786s] running develop
[3.949s] running egg_info
[3.949s] creating robot_odometry.egg-info
[3.987s] writing robot_odometry.egg-info/PKG-INFO
[3.989s] writing dependency_links to robot_odometry.egg-info/dependency_links.txt
[3.990s] writing entry points to robot_odometry.egg-info/entry_points.txt
[3.991s] writing requirements to robot_odometry.egg-info/requires.txt
[3.992s] writing top-level names to robot_odometry.egg-info/top_level.txt
[3.993s] writing manifest file 'robot_odometry.egg-info/SOURCES.txt'
[4.138s] reading manifest file 'robot_odometry.egg-info/SOURCES.txt'
[4.148s] writing manifest file 'robot_odometry.egg-info/SOURCES.txt'
[4.242s] running build_ext
[4.248s] Creating /home/group1/dd2419_ws/install/robot_odometry/lib/python3.12/site-packages/robot-odometry.egg-link (link to .)
[4.249s] Installing robot_odometry script to /home/group1/dd2419_ws/install/robot_odometry/lib/robot_odometry
[4.249s] 
[4.257s] Installed /home/group1/dd2419_ws/build/robot_odometry
[4.258s] running symlink_data
[4.258s] creating /home/group1/dd2419_ws/install/robot_odometry/share/ament_index
[4.258s] creating /home/group1/dd2419_ws/install/robot_odometry/share/ament_index/resource_index
[4.258s] creating /home/group1/dd2419_ws/install/robot_odometry/share/ament_index/resource_index/packages
[4.258s] symbolically linking /home/group1/dd2419_ws/build/robot_odometry/resource/robot_odometry -> /home/group1/dd2419_ws/install/robot_odometry/share/ament_index/resource_index/packages
[4.258s] symbolically linking /home/group1/dd2419_ws/build/robot_odometry/package.xml -> /home/group1/dd2419_ws/install/robot_odometry/share/robot_odometry
[4.426s] Invoked command in '/home/group1/dd2419_ws/build/robot_odometry' returned '0': DEBUGINFOD_URLS=https://debuginfod.ubuntu.com PYTHONPATH=/home/group1/dd2419_ws/build/robot_odometry/prefix_override:/usr/lib/python3/dist-packages/colcon_core/task/python/colcon_distutils_commands:/home/group1/dd2419_ws/install/robot_odometry/lib/python3.12/site-packages:${PYTHONPATH} /usr/bin/python3 -W ignore:setup.py install is deprecated -W ignore:easy_install command is deprecated setup.py develop --editable --build-directory /home/group1/dd2419_ws/build/robot_odometry/build --no-deps symlink_data
