[2.818s] Invoking command in '/home/group1/dd2419_ws/build/pickup': DEBUGINFOD_URLS=https://debuginfod.ubuntu.com PYTHONPATH=/home/group1/dd2419_ws/build/pickup/prefix_override:/usr/lib/python3/dist-packages/colcon_core/task/python/colcon_distutils_commands:/home/group1/dd2419_ws/install/pickup/lib/python3.12/site-packages:${PYTHONPATH} /usr/bin/python3 -W ignore:setup.py install is deprecated -W ignore:easy_install command is deprecated setup.py develop --editable --build-directory /home/group1/dd2419_ws/build/pickup/build --no-deps symlink_data
[3.666s] running develop
[4.008s] running egg_info
[4.046s] writing pickup.egg-info/PKG-INFO
[4.047s] writing dependency_links to pickup.egg-info/dependency_links.txt
[4.047s] writing entry points to pickup.egg-info/entry_points.txt
[4.047s] writing requirements to pickup.egg-info/requires.txt
[4.047s] writing top-level names to pickup.egg-info/top_level.txt
[4.105s] reading manifest file 'pickup.egg-info/SOURCES.txt'
[4.106s] writing manifest file 'pickup.egg-info/SOURCES.txt'
[4.136s] running build_ext
[4.136s] Creating /home/group1/dd2419_ws/install/pickup/lib/python3.12/site-packages/pickup.egg-link (link to .)
[4.137s] Installing pickup script to /home/group1/dd2419_ws/install/pickup/lib/pickup
[4.137s] 
[4.137s] Installed /home/group1/dd2419_ws/build/pickup
[4.137s] running symlink_data
[4.137s] creating /home/group1/dd2419_ws/install/pickup/share/ament_index
[4.139s] creating /home/group1/dd2419_ws/install/pickup/share/ament_index/resource_index
[4.139s] creating /home/group1/dd2419_ws/install/pickup/share/ament_index/resource_index/packages
[4.140s] symbolically linking /home/group1/dd2419_ws/build/pickup/resource/pickup -> /home/group1/dd2419_ws/install/pickup/share/ament_index/resource_index/packages
[4.140s] symbolically linking /home/group1/dd2419_ws/build/pickup/package.xml -> /home/group1/dd2419_ws/install/pickup/share/pickup
[4.361s] Invoked command in '/home/group1/dd2419_ws/build/pickup' returned '0': DEBUGINFOD_URLS=https://debuginfod.ubuntu.com PYTHONPATH=/home/group1/dd2419_ws/build/pickup/prefix_override:/usr/lib/python3/dist-packages/colcon_core/task/python/colcon_distutils_commands:/home/group1/dd2419_ws/install/pickup/lib/python3.12/site-packages:${PYTHONPATH} /usr/bin/python3 -W ignore:setup.py install is deprecated -W ignore:easy_install command is deprecated setup.py develop --editable --build-directory /home/group1/dd2419_ws/build/pickup/build --no-deps symlink_data
