[0.028s] Invoking command in '/home/group1/dd2419_ws/build/sllidar_ros2': CMAKE_PREFIX_PATH=${CMAKE_PREFIX_PATH}:/home/group1/dd2419_ws/install/robp_launch:/home/group1/dd2419_ws/install/robot_odometry:/home/group1/dd2419_ws/install/pickup:/home/group1/dd2419_ws/install/odometry:/home/group1/dd2419_ws/install/lidar:/home/group1/dd2419_ws/install/display:/home/group1/dd2419_ws/install/detection:/home/group1/dd2419_ws/install/controller:/home/group1/dd2419_ws/install/arm_servos_pubs_subs:/opt/ros/jazzy DEBUGINFOD_URLS=https://debuginfod.ubuntu.com /usr/bin/cmake --build /home/group1/dd2419_ws/build/sllidar_ros2 -- -j8 -l8
[0.070s] -- Found ament_cmake: 2.5.3 (/opt/ros/jazzy/share/ament_cmake/cmake)
[0.473s] -- Override CMake install command with custom implementation using symlinks instead of copying resources
[0.486s] -- Found rclcpp: 28.1.6 (/opt/ros/jazzy/share/rclcpp/cmake)
[0.541s] -- Found rosidl_generator_c: 4.6.5 (/opt/ros/jazzy/share/rosidl_generator_c/cmake)
[0.561s] -- Found rosidl_generator_cpp: 4.6.5 (/opt/ros/jazzy/share/rosidl_generator_cpp/cmake)
[0.587s] -- Using all available rosidl_typesupport_c: rosidl_typesupport_fastrtps_c;rosidl_typesupport_introspection_c
[0.618s] -- Using all available rosidl_typesupport_cpp: rosidl_typesupport_fastrtps_cpp;rosidl_typesupport_introspection_cpp
[0.754s] -- Found rmw_implementation_cmake: 7.3.1 (/opt/ros/jazzy/share/rmw_implementation_cmake/cmake)
[0.759s] -- Found rmw_fastrtps_cpp: 8.4.1 (/opt/ros/jazzy/share/rmw_fastrtps_cpp/cmake)
[0.881s] -- Using RMW implementation 'rmw_fastrtps_cpp' as default
[1.017s] -- Found sensor_msgs: 5.3.5 (/opt/ros/jazzy/share/sensor_msgs/cmake)
[1.139s] -- Found std_srvs: 5.3.5 (/opt/ros/jazzy/share/std_srvs/cmake)
[1.310s] -- Configuring done (1.2s)
[1.332s] -- Generating done (0.0s)
[1.343s] -- Build files have been written to: /home/group1/dd2419_ws/build/sllidar_ros2
[1.413s] [ 10%] Built target sllidar_client
[1.439s] [100%] Built target sllidar_node
[1.455s] Invoked command in '/home/group1/dd2419_ws/build/sllidar_ros2' returned '0': CMAKE_PREFIX_PATH=${CMAKE_PREFIX_PATH}:/home/group1/dd2419_ws/install/robp_launch:/home/group1/dd2419_ws/install/robot_odometry:/home/group1/dd2419_ws/install/pickup:/home/group1/dd2419_ws/install/odometry:/home/group1/dd2419_ws/install/lidar:/home/group1/dd2419_ws/install/display:/home/group1/dd2419_ws/install/detection:/home/group1/dd2419_ws/install/controller:/home/group1/dd2419_ws/install/arm_servos_pubs_subs:/opt/ros/jazzy DEBUGINFOD_URLS=https://debuginfod.ubuntu.com /usr/bin/cmake --build /home/group1/dd2419_ws/build/sllidar_ros2 -- -j8 -l8
[1.458s] Invoking command in '/home/group1/dd2419_ws/build/sllidar_ros2': CMAKE_PREFIX_PATH=${CMAKE_PREFIX_PATH}:/home/group1/dd2419_ws/install/robp_launch:/home/group1/dd2419_ws/install/robot_odometry:/home/group1/dd2419_ws/install/pickup:/home/group1/dd2419_ws/install/odometry:/home/group1/dd2419_ws/install/lidar:/home/group1/dd2419_ws/install/display:/home/group1/dd2419_ws/install/detection:/home/group1/dd2419_ws/install/controller:/home/group1/dd2419_ws/install/arm_servos_pubs_subs:/opt/ros/jazzy DEBUGINFOD_URLS=https://debuginfod.ubuntu.com /usr/bin/cmake --install /home/group1/dd2419_ws/build/sllidar_ros2
[1.469s] -- Install configuration: ""
[1.470s] -- Execute custom install script
[1.471s] -- Up-to-date symlink: /home/group1/dd2419_ws/install/sllidar_ros2/share/sllidar_ros2/launch/sllidar_a1_launch.py
[1.473s] -- Up-to-date symlink: /home/group1/dd2419_ws/install/sllidar_ros2/share/sllidar_ros2/launch/sllidar_a2m12_launch .py
[1.473s] -- Up-to-date symlink: /home/group1/dd2419_ws/install/sllidar_ros2/share/sllidar_ros2/launch/sllidar_a2m7_launch.py
[1.473s] -- Up-to-date symlink: /home/group1/dd2419_ws/install/sllidar_ros2/share/sllidar_ros2/launch/sllidar_a2m8_launch.py
[1.473s] -- Up-to-date symlink: /home/group1/dd2419_ws/install/sllidar_ros2/share/sllidar_ros2/launch/sllidar_a3_launch.py
[1.473s] -- Up-to-date symlink: /home/group1/dd2419_ws/install/sllidar_ros2/share/sllidar_ros2/launch/sllidar_c1_launch.py
[1.473s] -- Up-to-date symlink: /home/group1/dd2419_ws/install/sllidar_ros2/share/sllidar_ros2/launch/sllidar_s1_launch.py
[1.473s] -- Up-to-date symlink: /home/group1/dd2419_ws/install/sllidar_ros2/share/sllidar_ros2/launch/sllidar_s1_tcp_launch.py
[1.474s] -- Up-to-date symlink: /home/group1/dd2419_ws/install/sllidar_ros2/share/sllidar_ros2/launch/sllidar_s2_launch.py
[1.474s] -- Up-to-date symlink: /home/group1/dd2419_ws/install/sllidar_ros2/share/sllidar_ros2/launch/sllidar_s2e_launch.py
[1.474s] -- Up-to-date symlink: /home/group1/dd2419_ws/install/sllidar_ros2/share/sllidar_ros2/launch/sllidar_s3_launch.py
[1.474s] -- Up-to-date symlink: /home/group1/dd2419_ws/install/sllidar_ros2/share/sllidar_ros2/launch/sllidar_t1_launch.py
[1.474s] -- Up-to-date symlink: /home/group1/dd2419_ws/install/sllidar_ros2/share/sllidar_ros2/launch/view_sllidar_a1_launch.py
[1.474s] -- Up-to-date symlink: /home/group1/dd2419_ws/install/sllidar_ros2/share/sllidar_ros2/launch/view_sllidar_a2m12_launch.py
[1.474s] -- Up-to-date symlink: /home/group1/dd2419_ws/install/sllidar_ros2/share/sllidar_ros2/launch/view_sllidar_a2m7_launch.py
[1.475s] -- Up-to-date symlink: /home/group1/dd2419_ws/install/sllidar_ros2/share/sllidar_ros2/launch/view_sllidar_a2m8_launch.py
[1.475s] -- Up-to-date symlink: /home/group1/dd2419_ws/install/sllidar_ros2/share/sllidar_ros2/launch/view_sllidar_a3_launch.py
[1.475s] -- Up-to-date symlink: /home/group1/dd2419_ws/install/sllidar_ros2/share/sllidar_ros2/launch/view_sllidar_c1_launch.py
[1.475s] -- Up-to-date symlink: /home/group1/dd2419_ws/install/sllidar_ros2/share/sllidar_ros2/launch/view_sllidar_s1_launch.py
[1.475s] -- Up-to-date symlink: /home/group1/dd2419_ws/install/sllidar_ros2/share/sllidar_ros2/launch/view_sllidar_s1_tcp_launch.py
[1.475s] -- Up-to-date symlink: /home/group1/dd2419_ws/install/sllidar_ros2/share/sllidar_ros2/launch/view_sllidar_s2_launch.py
[1.475s] -- Up-to-date symlink: /home/group1/dd2419_ws/install/sllidar_ros2/share/sllidar_ros2/launch/view_sllidar_s2e_launch.py
[1.476s] -- Up-to-date symlink: /home/group1/dd2419_ws/install/sllidar_ros2/share/sllidar_ros2/launch/view_sllidar_s3_launch.py
[1.476s] -- Up-to-date symlink: /home/group1/dd2419_ws/install/sllidar_ros2/share/sllidar_ros2/launch/view_sllidar_t1_launch.py
[1.476s] -- Up-to-date symlink: /home/group1/dd2419_ws/install/sllidar_ros2/share/sllidar_ros2/rviz/sllidar_ros2.rviz
[1.476s] -- Up-to-date symlink: /home/group1/dd2419_ws/install/sllidar_ros2/lib/sllidar_ros2/sllidar_node
[1.476s] -- Up-to-date symlink: /home/group1/dd2419_ws/install/sllidar_ros2/lib/sllidar_ros2/sllidar_client
[1.476s] -- Up-to-date symlink: /home/group1/dd2419_ws/install/sllidar_ros2/share/ament_index/resource_index/package_run_dependencies/sllidar_ros2
[1.477s] -- Up-to-date symlink: /home/group1/dd2419_ws/install/sllidar_ros2/share/ament_index/resource_index/parent_prefix_path/sllidar_ros2
[1.477s] -- Up-to-date symlink: /home/group1/dd2419_ws/install/sllidar_ros2/share/sllidar_ros2/environment/ament_prefix_path.sh
[1.477s] -- Up-to-date symlink: /home/group1/dd2419_ws/install/sllidar_ros2/share/sllidar_ros2/environment/ament_prefix_path.dsv
[1.477s] -- Up-to-date symlink: /home/group1/dd2419_ws/install/sllidar_ros2/share/sllidar_ros2/environment/path.sh
[1.478s] -- Up-to-date symlink: /home/group1/dd2419_ws/install/sllidar_ros2/share/sllidar_ros2/environment/path.dsv
[1.478s] -- Up-to-date symlink: /home/group1/dd2419_ws/install/sllidar_ros2/share/sllidar_ros2/local_setup.bash
[1.478s] -- Up-to-date symlink: /home/group1/dd2419_ws/install/sllidar_ros2/share/sllidar_ros2/local_setup.sh
[1.478s] -- Up-to-date symlink: /home/group1/dd2419_ws/install/sllidar_ros2/share/sllidar_ros2/local_setup.zsh
[1.479s] -- Up-to-date symlink: /home/group1/dd2419_ws/install/sllidar_ros2/share/sllidar_ros2/local_setup.dsv
[1.479s] -- Symlinking: /home/group1/dd2419_ws/install/sllidar_ros2/share/sllidar_ros2/package.dsv
[1.493s] -- Up-to-date symlink: /home/group1/dd2419_ws/install/sllidar_ros2/share/ament_index/resource_index/packages/sllidar_ros2
[1.493s] -- Up-to-date symlink: /home/group1/dd2419_ws/install/sllidar_ros2/share/sllidar_ros2/cmake/ament_cmake_export_dependencies-extras.cmake
[1.493s] -- Up-to-date symlink: /home/group1/dd2419_ws/install/sllidar_ros2/share/sllidar_ros2/cmake/ament_cmake_export_include_directories-extras.cmake
[1.494s] -- Up-to-date symlink: /home/group1/dd2419_ws/install/sllidar_ros2/share/sllidar_ros2/cmake/sllidar_ros2Config.cmake
[1.494s] -- Up-to-date symlink: /home/group1/dd2419_ws/install/sllidar_ros2/share/sllidar_ros2/cmake/sllidar_ros2Config-version.cmake
[1.494s] -- Up-to-date symlink: /home/group1/dd2419_ws/install/sllidar_ros2/share/sllidar_ros2/package.xml
[1.497s] Invoked command in '/home/group1/dd2419_ws/build/sllidar_ros2' returned '0': CMAKE_PREFIX_PATH=${CMAKE_PREFIX_PATH}:/home/group1/dd2419_ws/install/robp_launch:/home/group1/dd2419_ws/install/robot_odometry:/home/group1/dd2419_ws/install/pickup:/home/group1/dd2419_ws/install/odometry:/home/group1/dd2419_ws/install/lidar:/home/group1/dd2419_ws/install/display:/home/group1/dd2419_ws/install/detection:/home/group1/dd2419_ws/install/controller:/home/group1/dd2419_ws/install/arm_servos_pubs_subs:/opt/ros/jazzy DEBUGINFOD_URLS=https://debuginfod.ubuntu.com /usr/bin/cmake --install /home/group1/dd2419_ws/build/sllidar_ros2
