[0.079s] Invoking command in '/home/robot/dd2419_ws/build/robp_interfaces': CMAKE_PREFIX_PATH=${CMAKE_PREFIX_PATH}:/home/robot/dd2419_ws/install/stearing:/home/robot/dd2419_ws/install/robp_launch:/home/robot/dd2419_ws/install/robot_odometry:/home/robot/dd2419_ws/install/pickup:/home/robot/dd2419_ws/install/odometry:/home/robot/dd2419_ws/install/lidar:/home/robot/dd2419_ws/install/display:/home/robot/dd2419_ws/install/detection:/home/robot/dd2419_ws/install/controller:/home/robot/dd2419_ws/install/arm_servos_pubs_subs:/opt/ros/jazzy DEBUGINFOD_URLS=https://debuginfod.ubuntu.com /usr/bin/cmake --build /home/robot/dd2419_ws/build/robp_interfaces -- -j12 -l12
[1.810s] [  2%] Built target robp_interfaces__rosidl_generator_type_description
[1.811s] [  2%] Built target ament_cmake_python_symlink_robp_interfaces
[1.811s] [  4%] Built target robp_interfaces__cpp
[1.811s] [ 22%] Built target robp_interfaces__rosidl_generator_c
[1.811s] [ 40%] Built target robp_interfaces__rosidl_typesupport_introspection_c
[1.811s] [ 40%] Built target robp_interfaces__rosidl_typesupport_c
[1.811s] [ 50%] Built target robp_interfaces__rosidl_typesupport_cpp
[1.811s] [ 77%] Built target robp_interfaces__rosidl_typesupport_fastrtps_cpp
[1.811s] [ 77%] Built target robp_interfaces__rosidl_typesupport_fastrtps_c
[1.812s] [ 77%] Built target robp_interfaces__rosidl_typesupport_introspection_cpp
[1.812s] [ 77%] Built target robp_interfaces
[1.812s] [ 79%] Built target robp_interfaces__py
[1.812s] [ 86%] Built target robp_interfaces__rosidl_generator_py
[1.812s] [ 93%] Built target robp_interfaces_s__rosidl_typesupport_introspection_c
[1.812s] [ 95%] Built target robp_interfaces_s__rosidl_typesupport_fastrtps_c
[1.812s] [100%] Built target robp_interfaces_s__rosidl_typesupport_c
[1.812s] running egg_info
[1.812s] writing robp_interfaces.egg-info/PKG-INFO
[1.812s] writing dependency_links to robp_interfaces.egg-info/dependency_links.txt
[1.812s] writing top-level names to robp_interfaces.egg-info/top_level.txt
[1.812s] reading manifest file 'robp_interfaces.egg-info/SOURCES.txt'
[1.813s] writing manifest file 'robp_interfaces.egg-info/SOURCES.txt'
[1.813s] [100%] Built target ament_cmake_python_build_robp_interfaces_egg
[1.814s] Invoked command in '/home/robot/dd2419_ws/build/robp_interfaces' returned '0': CMAKE_PREFIX_PATH=${CMAKE_PREFIX_PATH}:/home/robot/dd2419_ws/install/stearing:/home/robot/dd2419_ws/install/robp_launch:/home/robot/dd2419_ws/install/robot_odometry:/home/robot/dd2419_ws/install/pickup:/home/robot/dd2419_ws/install/odometry:/home/robot/dd2419_ws/install/lidar:/home/robot/dd2419_ws/install/display:/home/robot/dd2419_ws/install/detection:/home/robot/dd2419_ws/install/controller:/home/robot/dd2419_ws/install/arm_servos_pubs_subs:/opt/ros/jazzy DEBUGINFOD_URLS=https://debuginfod.ubuntu.com /usr/bin/cmake --build /home/robot/dd2419_ws/build/robp_interfaces -- -j12 -l12
[1.827s] Invoking command in '/home/robot/dd2419_ws/build/robp_interfaces': CMAKE_PREFIX_PATH=${CMAKE_PREFIX_PATH}:/home/robot/dd2419_ws/install/stearing:/home/robot/dd2419_ws/install/robp_launch:/home/robot/dd2419_ws/install/robot_odometry:/home/robot/dd2419_ws/install/pickup:/home/robot/dd2419_ws/install/odometry:/home/robot/dd2419_ws/install/lidar:/home/robot/dd2419_ws/install/display:/home/robot/dd2419_ws/install/detection:/home/robot/dd2419_ws/install/controller:/home/robot/dd2419_ws/install/arm_servos_pubs_subs:/opt/ros/jazzy DEBUGINFOD_URLS=https://debuginfod.ubuntu.com /usr/bin/cmake --install /home/robot/dd2419_ws/build/robp_interfaces
[2.060s] -- Install configuration: ""
[2.060s] -- Execute custom install script
[2.060s] -- Symlinking: /home/robot/dd2419_ws/install/robp_interfaces/share/ament_index/resource_index/rosidl_interfaces/robp_interfaces
[2.060s] -- Symlinking: /home/robot/dd2419_ws/install/robp_interfaces/share/robp_interfaces/msg/DutyCycles.json
[2.060s] -- Symlinking: /home/robot/dd2419_ws/install/robp_interfaces/share/robp_interfaces/msg/Encoders.json
[2.060s] -- Symlinking: /home/robot/dd2419_ws/install/robp_interfaces/include/robp_interfaces/robp_interfaces/msg/detail/duty_cycles__functions.h
[2.061s] -- Symlinking: /home/robot/dd2419_ws/install/robp_interfaces/include/robp_interfaces/robp_interfaces/msg/detail/duty_cycles__struct.h
[2.061s] -- Symlinking: /home/robot/dd2419_ws/install/robp_interfaces/include/robp_interfaces/robp_interfaces/msg/detail/duty_cycles__type_support.h
[2.061s] -- Symlinking: /home/robot/dd2419_ws/install/robp_interfaces/include/robp_interfaces/robp_interfaces/msg/detail/encoders__functions.h
[2.061s] -- Symlinking: /home/robot/dd2419_ws/install/robp_interfaces/include/robp_interfaces/robp_interfaces/msg/detail/encoders__struct.h
[2.061s] -- Symlinking: /home/robot/dd2419_ws/install/robp_interfaces/include/robp_interfaces/robp_interfaces/msg/detail/encoders__type_support.h
[2.061s] -- Symlinking: /home/robot/dd2419_ws/install/robp_interfaces/include/robp_interfaces/robp_interfaces/msg/duty_cycles.h
[2.061s] -- Symlinking: /home/robot/dd2419_ws/install/robp_interfaces/include/robp_interfaces/robp_interfaces/msg/encoders.h
[2.061s] -- Symlinking: /home/robot/dd2419_ws/install/robp_interfaces/include/robp_interfaces/robp_interfaces/msg/rosidl_generator_c__visibility_control.h
[2.061s] -- Symlinking: /home/robot/dd2419_ws/install/robp_interfaces/share/robp_interfaces/environment/library_path.sh
[2.061s] -- Symlinking: /home/robot/dd2419_ws/install/robp_interfaces/share/robp_interfaces/environment/library_path.dsv
[2.062s] -- Symlinking: /home/robot/dd2419_ws/install/robp_interfaces/include/robp_interfaces/robp_interfaces/msg/detail/duty_cycles__rosidl_typesupport_fastrtps_c.h
[2.062s] -- Symlinking: /home/robot/dd2419_ws/install/robp_interfaces/include/robp_interfaces/robp_interfaces/msg/detail/encoders__rosidl_typesupport_fastrtps_c.h
[2.062s] -- Symlinking: /home/robot/dd2419_ws/install/robp_interfaces/include/robp_interfaces/robp_interfaces/msg/rosidl_typesupport_fastrtps_c__visibility_control.h
[2.062s] -- Symlinking: /home/robot/dd2419_ws/install/robp_interfaces/include/robp_interfaces/robp_interfaces/msg/detail/duty_cycles__rosidl_typesupport_introspection_c.h
[2.062s] -- Symlinking: /home/robot/dd2419_ws/install/robp_interfaces/include/robp_interfaces/robp_interfaces/msg/detail/encoders__rosidl_typesupport_introspection_c.h
[2.062s] -- Symlinking: /home/robot/dd2419_ws/install/robp_interfaces/include/robp_interfaces/robp_interfaces/msg/rosidl_typesupport_introspection_c__visibility_control.h
[2.065s] -- Symlinking: /home/robot/dd2419_ws/install/robp_interfaces/include/robp_interfaces/robp_interfaces/msg/detail/duty_cycles__builder.hpp
[2.078s] -- Symlinking: /home/robot/dd2419_ws/install/robp_interfaces/include/robp_interfaces/robp_interfaces/msg/detail/duty_cycles__struct.hpp
[2.092s] -- Symlinking: /home/robot/dd2419_ws/install/robp_interfaces/include/robp_interfaces/robp_interfaces/msg/detail/duty_cycles__traits.hpp
[2.111s] -- Symlinking: /home/robot/dd2419_ws/install/robp_interfaces/include/robp_interfaces/robp_interfaces/msg/detail/duty_cycles__type_support.hpp
[2.134s] -- Symlinking: /home/robot/dd2419_ws/install/robp_interfaces/include/robp_interfaces/robp_interfaces/msg/detail/encoders__builder.hpp
[2.154s] -- Symlinking: /home/robot/dd2419_ws/install/robp_interfaces/include/robp_interfaces/robp_interfaces/msg/detail/encoders__struct.hpp
[2.171s] -- Symlinking: /home/robot/dd2419_ws/install/robp_interfaces/include/robp_interfaces/robp_interfaces/msg/detail/encoders__traits.hpp
[2.190s] -- Symlinking: /home/robot/dd2419_ws/install/robp_interfaces/include/robp_interfaces/robp_interfaces/msg/detail/encoders__type_support.hpp
[2.211s] -- Symlinking: /home/robot/dd2419_ws/install/robp_interfaces/include/robp_interfaces/robp_interfaces/msg/duty_cycles.hpp
[2.231s] -- Symlinking: /home/robot/dd2419_ws/install/robp_interfaces/include/robp_interfaces/robp_interfaces/msg/encoders.hpp
[2.251s] -- Symlinking: /home/robot/dd2419_ws/install/robp_interfaces/include/robp_interfaces/robp_interfaces/msg/rosidl_generator_cpp__visibility_control.hpp
[2.275s] -- Symlinking: /home/robot/dd2419_ws/install/robp_interfaces/include/robp_interfaces/robp_interfaces/msg/detail/duty_cycles__rosidl_typesupport_fastrtps_cpp.hpp
[2.294s] -- Symlinking: /home/robot/dd2419_ws/install/robp_interfaces/include/robp_interfaces/robp_interfaces/msg/detail/encoders__rosidl_typesupport_fastrtps_cpp.hpp
[2.342s] -- Symlinking: /home/robot/dd2419_ws/install/robp_interfaces/include/robp_interfaces/robp_interfaces/msg/rosidl_typesupport_fastrtps_cpp__visibility_control.h
[2.372s] -- Symlinking: /home/robot/dd2419_ws/install/robp_interfaces/include/robp_interfaces/robp_interfaces/msg/detail/duty_cycles__rosidl_typesupport_introspection_cpp.hpp
[2.389s] -- Symlinking: /home/robot/dd2419_ws/install/robp_interfaces/include/robp_interfaces/robp_interfaces/msg/detail/encoders__rosidl_typesupport_introspection_cpp.hpp
[2.410s] -- Symlinking: /home/robot/dd2419_ws/install/robp_interfaces/share/robp_interfaces/environment/pythonpath.sh
[2.434s] -- Symlinking: /home/robot/dd2419_ws/install/robp_interfaces/share/robp_interfaces/environment/pythonpath.dsv
[2.458s] -- Symlinking: /home/robot/dd2419_ws/install/robp_interfaces/lib/python3.12/site-packages/robp_interfaces-1.0.0-py3.12.egg-info/PKG-INFO
[2.483s] -- Symlinking: /home/robot/dd2419_ws/install/robp_interfaces/lib/python3.12/site-packages/robp_interfaces-1.0.0-py3.12.egg-info/SOURCES.txt
[2.498s] -- Symlinking: /home/robot/dd2419_ws/install/robp_interfaces/lib/python3.12/site-packages/robp_interfaces-1.0.0-py3.12.egg-info/dependency_links.txt
[2.515s] -- Symlinking: /home/robot/dd2419_ws/install/robp_interfaces/lib/python3.12/site-packages/robp_interfaces-1.0.0-py3.12.egg-info/top_level.txt
[2.532s] -- Symlinking: /home/robot/dd2419_ws/install/robp_interfaces/lib/python3.12/site-packages/robp_interfaces/__init__.py
[2.546s] -- Symlinking: /home/robot/dd2419_ws/install/robp_interfaces/lib/python3.12/site-packages/robp_interfaces/_robp_interfaces_s.ep.rosidl_typesupport_c.c
[2.558s] -- Symlinking: /home/robot/dd2419_ws/install/robp_interfaces/lib/python3.12/site-packages/robp_interfaces/_robp_interfaces_s.ep.rosidl_typesupport_fastrtps_c.c
[2.572s] -- Symlinking: /home/robot/dd2419_ws/install/robp_interfaces/lib/python3.12/site-packages/robp_interfaces/_robp_interfaces_s.ep.rosidl_typesupport_introspection_c.c
[2.585s] -- Symlinking: /home/robot/dd2419_ws/install/robp_interfaces/lib/python3.12/site-packages/robp_interfaces/msg/__init__.py
[2.597s] -- Symlinking: /home/robot/dd2419_ws/install/robp_interfaces/lib/python3.12/site-packages/robp_interfaces/msg/_duty_cycles.py
[2.610s] -- Symlinking: /home/robot/dd2419_ws/install/robp_interfaces/lib/python3.12/site-packages/robp_interfaces/msg/_duty_cycles_s.c
[2.624s] -- Symlinking: /home/robot/dd2419_ws/install/robp_interfaces/lib/python3.12/site-packages/robp_interfaces/msg/_encoders.py
[2.641s] -- Symlinking: /home/robot/dd2419_ws/install/robp_interfaces/lib/python3.12/site-packages/robp_interfaces/msg/_encoders_s.c
[2.656s] -- Symlinking: /home/robot/dd2419_ws/install/robp_interfaces/lib/python3.12/site-packages/robp_interfaces/robp_interfaces_s__rosidl_typesupport_c.so
[2.672s] -- Symlinking: /home/robot/dd2419_ws/install/robp_interfaces/lib/python3.12/site-packages/robp_interfaces/robp_interfaces_s__rosidl_typesupport_fastrtps_c.so
[2.688s] -- Symlinking: /home/robot/dd2419_ws/install/robp_interfaces/lib/python3.12/site-packages/robp_interfaces/robp_interfaces_s__rosidl_typesupport_introspection_c.so
[2.707s] -- Up-to-date symlink: /home/robot/dd2419_ws/install/robp_interfaces/lib/python3.12/site-packages/robp_interfaces/robp_interfaces_s__rosidl_typesupport_fastrtps_c.so
[2.708s] -- Up-to-date symlink: /home/robot/dd2419_ws/install/robp_interfaces/lib/python3.12/site-packages/robp_interfaces/robp_interfaces_s__rosidl_typesupport_introspection_c.so
[2.708s] -- Up-to-date symlink: /home/robot/dd2419_ws/install/robp_interfaces/lib/python3.12/site-packages/robp_interfaces/robp_interfaces_s__rosidl_typesupport_c.so
[2.709s] -- Symlinking: /home/robot/dd2419_ws/install/robp_interfaces/share/robp_interfaces/msg/DutyCycles.idl
[2.729s] -- Symlinking: /home/robot/dd2419_ws/install/robp_interfaces/share/robp_interfaces/msg/Encoders.idl
[2.742s] -- Symlinking: /home/robot/dd2419_ws/install/robp_interfaces/share/robp_interfaces/msg/DutyCycles.msg
[2.755s] -- Symlinking: /home/robot/dd2419_ws/install/robp_interfaces/share/robp_interfaces/msg/Encoders.msg
[2.769s] -- Symlinking: /home/robot/dd2419_ws/install/robp_interfaces/share/ament_index/resource_index/package_run_dependencies/robp_interfaces
[2.782s] -- Symlinking: /home/robot/dd2419_ws/install/robp_interfaces/share/ament_index/resource_index/parent_prefix_path/robp_interfaces
[2.796s] -- Symlinking: /home/robot/dd2419_ws/install/robp_interfaces/share/robp_interfaces/environment/ament_prefix_path.sh
[2.810s] -- Symlinking: /home/robot/dd2419_ws/install/robp_interfaces/share/robp_interfaces/environment/ament_prefix_path.dsv
[2.825s] -- Symlinking: /home/robot/dd2419_ws/install/robp_interfaces/share/robp_interfaces/environment/path.sh
[2.839s] -- Symlinking: /home/robot/dd2419_ws/install/robp_interfaces/share/robp_interfaces/environment/path.dsv
[2.854s] -- Symlinking: /home/robot/dd2419_ws/install/robp_interfaces/share/robp_interfaces/local_setup.bash
[2.869s] -- Symlinking: /home/robot/dd2419_ws/install/robp_interfaces/share/robp_interfaces/local_setup.sh
[2.887s] -- Symlinking: /home/robot/dd2419_ws/install/robp_interfaces/share/robp_interfaces/local_setup.zsh
[2.908s] -- Symlinking: /home/robot/dd2419_ws/install/robp_interfaces/share/robp_interfaces/local_setup.dsv
[2.929s] -- Symlinking: /home/robot/dd2419_ws/install/robp_interfaces/share/robp_interfaces/package.dsv
[2.950s] -- Symlinking: /home/robot/dd2419_ws/install/robp_interfaces/share/ament_index/resource_index/packages/robp_interfaces
[2.970s] -- Symlinking: /home/robot/dd2419_ws/install/robp_interfaces/share/robp_interfaces/cmake/rosidl_cmake-extras.cmake
[2.992s] -- Symlinking: /home/robot/dd2419_ws/install/robp_interfaces/share/robp_interfaces/cmake/ament_cmake_export_dependencies-extras.cmake
[3.017s] -- Symlinking: /home/robot/dd2419_ws/install/robp_interfaces/share/robp_interfaces/cmake/ament_cmake_export_include_directories-extras.cmake
[3.040s] -- Symlinking: /home/robot/dd2419_ws/install/robp_interfaces/share/robp_interfaces/cmake/ament_cmake_export_libraries-extras.cmake
[3.060s] -- Symlinking: /home/robot/dd2419_ws/install/robp_interfaces/share/robp_interfaces/cmake/ament_cmake_export_targets-extras.cmake
[3.081s] -- Symlinking: /home/robot/dd2419_ws/install/robp_interfaces/share/robp_interfaces/cmake/rosidl_cmake_export_typesupport_targets-extras.cmake
[3.104s] -- Symlinking: /home/robot/dd2419_ws/install/robp_interfaces/share/robp_interfaces/cmake/rosidl_cmake_export_typesupport_libraries-extras.cmake
[3.122s] -- Symlinking: /home/robot/dd2419_ws/install/robp_interfaces/share/robp_interfaces/cmake/robp_interfacesConfig.cmake
[3.143s] -- Symlinking: /home/robot/dd2419_ws/install/robp_interfaces/share/robp_interfaces/cmake/robp_interfacesConfig-version.cmake
[3.164s] -- Symlinking: /home/robot/dd2419_ws/install/robp_interfaces/share/robp_interfaces/package.xml
[3.184s] -- Installing: /home/robot/dd2419_ws/install/robp_interfaces/lib/librobp_interfaces__rosidl_generator_c.so
[3.185s] -- Set non-toolchain portion of runtime path of "/home/robot/dd2419_ws/install/robp_interfaces/lib/librobp_interfaces__rosidl_generator_c.so" to ""
[3.186s] -- Installing: /home/robot/dd2419_ws/install/robp_interfaces/lib/librobp_interfaces__rosidl_typesupport_fastrtps_c.so
[3.188s] -- Set non-toolchain portion of runtime path of "/home/robot/dd2419_ws/install/robp_interfaces/lib/librobp_interfaces__rosidl_typesupport_fastrtps_c.so" to ""
[3.188s] -- Installing: /home/robot/dd2419_ws/install/robp_interfaces/lib/librobp_interfaces__rosidl_typesupport_introspection_c.so
[3.190s] -- Set non-toolchain portion of runtime path of "/home/robot/dd2419_ws/install/robp_interfaces/lib/librobp_interfaces__rosidl_typesupport_introspection_c.so" to ""
[3.190s] -- Installing: /home/robot/dd2419_ws/install/robp_interfaces/lib/librobp_interfaces__rosidl_typesupport_c.so
[3.193s] -- Set non-toolchain portion of runtime path of "/home/robot/dd2419_ws/install/robp_interfaces/lib/librobp_interfaces__rosidl_typesupport_c.so" to ""
[3.193s] -- Installing: /home/robot/dd2419_ws/install/robp_interfaces/lib/librobp_interfaces__rosidl_typesupport_fastrtps_cpp.so
[3.194s] -- Set non-toolchain portion of runtime path of "/home/robot/dd2419_ws/install/robp_interfaces/lib/librobp_interfaces__rosidl_typesupport_fastrtps_cpp.so" to ""
[3.195s] -- Installing: /home/robot/dd2419_ws/install/robp_interfaces/lib/librobp_interfaces__rosidl_typesupport_introspection_cpp.so
[3.197s] -- Set non-toolchain portion of runtime path of "/home/robot/dd2419_ws/install/robp_interfaces/lib/librobp_interfaces__rosidl_typesupport_introspection_cpp.so" to ""
[3.197s] -- Installing: /home/robot/dd2419_ws/install/robp_interfaces/lib/librobp_interfaces__rosidl_typesupport_cpp.so
[3.199s] -- Set non-toolchain portion of runtime path of "/home/robot/dd2419_ws/install/robp_interfaces/lib/librobp_interfaces__rosidl_typesupport_cpp.so" to ""
[3.302s] Listing '/home/robot/dd2419_ws/install/robp_interfaces/lib/python3.12/site-packages/robp_interfaces'...
[3.303s] Compiling '/home/robot/dd2419_ws/install/robp_interfaces/lib/python3.12/site-packages/robp_interfaces/__init__.py'...
[3.304s] Listing '/home/robot/dd2419_ws/install/robp_interfaces/lib/python3.12/site-packages/robp_interfaces/msg'...
[3.305s] Compiling '/home/robot/dd2419_ws/install/robp_interfaces/lib/python3.12/site-packages/robp_interfaces/msg/__init__.py'...
[3.305s] Compiling '/home/robot/dd2419_ws/install/robp_interfaces/lib/python3.12/site-packages/robp_interfaces/msg/_duty_cycles.py'...
[3.306s] Compiling '/home/robot/dd2419_ws/install/robp_interfaces/lib/python3.12/site-packages/robp_interfaces/msg/_encoders.py'...
[3.319s] -- Installing: /home/robot/dd2419_ws/install/robp_interfaces/lib/librobp_interfaces__rosidl_generator_py.so
[3.321s] -- Set non-toolchain portion of runtime path of "/home/robot/dd2419_ws/install/robp_interfaces/lib/librobp_interfaces__rosidl_generator_py.so" to ""
[3.322s] -- Installing: /home/robot/dd2419_ws/install/robp_interfaces/share/robp_interfaces/cmake/export_robp_interfaces__rosidl_generator_cExport.cmake
[3.326s] -- Installing: /home/robot/dd2419_ws/install/robp_interfaces/share/robp_interfaces/cmake/export_robp_interfaces__rosidl_generator_cExport-noconfig.cmake
[3.328s] -- Installing: /home/robot/dd2419_ws/install/robp_interfaces/share/robp_interfaces/cmake/export_robp_interfaces__rosidl_typesupport_fastrtps_cExport.cmake
[3.329s] -- Installing: /home/robot/dd2419_ws/install/robp_interfaces/share/robp_interfaces/cmake/export_robp_interfaces__rosidl_typesupport_fastrtps_cExport-noconfig.cmake
[3.330s] -- Installing: /home/robot/dd2419_ws/install/robp_interfaces/share/robp_interfaces/cmake/robp_interfaces__rosidl_typesupport_introspection_cExport.cmake
[3.331s] -- Installing: /home/robot/dd2419_ws/install/robp_interfaces/share/robp_interfaces/cmake/robp_interfaces__rosidl_typesupport_introspection_cExport-noconfig.cmake
[3.332s] -- Installing: /home/robot/dd2419_ws/install/robp_interfaces/share/robp_interfaces/cmake/robp_interfaces__rosidl_typesupport_cExport.cmake
[3.332s] -- Installing: /home/robot/dd2419_ws/install/robp_interfaces/share/robp_interfaces/cmake/robp_interfaces__rosidl_typesupport_cExport-noconfig.cmake
[3.333s] -- Installing: /home/robot/dd2419_ws/install/robp_interfaces/share/robp_interfaces/cmake/export_robp_interfaces__rosidl_generator_cppExport.cmake
[3.333s] -- Installing: /home/robot/dd2419_ws/install/robp_interfaces/share/robp_interfaces/cmake/export_robp_interfaces__rosidl_typesupport_fastrtps_cppExport.cmake
[3.334s] -- Installing: /home/robot/dd2419_ws/install/robp_interfaces/share/robp_interfaces/cmake/export_robp_interfaces__rosidl_typesupport_fastrtps_cppExport-noconfig.cmake
[3.335s] -- Installing: /home/robot/dd2419_ws/install/robp_interfaces/share/robp_interfaces/cmake/robp_interfaces__rosidl_typesupport_introspection_cppExport.cmake
[3.336s] -- Installing: /home/robot/dd2419_ws/install/robp_interfaces/share/robp_interfaces/cmake/robp_interfaces__rosidl_typesupport_introspection_cppExport-noconfig.cmake
[3.336s] -- Installing: /home/robot/dd2419_ws/install/robp_interfaces/share/robp_interfaces/cmake/robp_interfaces__rosidl_typesupport_cppExport.cmake
[3.337s] -- Installing: /home/robot/dd2419_ws/install/robp_interfaces/share/robp_interfaces/cmake/robp_interfaces__rosidl_typesupport_cppExport-noconfig.cmake
[3.338s] -- Installing: /home/robot/dd2419_ws/install/robp_interfaces/share/robp_interfaces/cmake/export_robp_interfaces__rosidl_generator_pyExport.cmake
[3.338s] -- Installing: /home/robot/dd2419_ws/install/robp_interfaces/share/robp_interfaces/cmake/export_robp_interfaces__rosidl_generator_pyExport-noconfig.cmake
[3.345s] Invoked command in '/home/robot/dd2419_ws/build/robp_interfaces' returned '0': CMAKE_PREFIX_PATH=${CMAKE_PREFIX_PATH}:/home/robot/dd2419_ws/install/stearing:/home/robot/dd2419_ws/install/robp_launch:/home/robot/dd2419_ws/install/robot_odometry:/home/robot/dd2419_ws/install/pickup:/home/robot/dd2419_ws/install/odometry:/home/robot/dd2419_ws/install/lidar:/home/robot/dd2419_ws/install/display:/home/robot/dd2419_ws/install/detection:/home/robot/dd2419_ws/install/controller:/home/robot/dd2419_ws/install/arm_servos_pubs_subs:/opt/ros/jazzy DEBUGINFOD_URLS=https://debuginfod.ubuntu.com /usr/bin/cmake --install /home/robot/dd2419_ws/build/robp_interfaces
