running develop
running egg_info
creating stearing.egg-info
writing stearing.egg-info/PKG-INFO
writing dependency_links to stearing.egg-info/dependency_links.txt
writing entry points to stearing.egg-info/entry_points.txt
writing requirements to stearing.egg-info/requires.txt
writing top-level names to stearing.egg-info/top_level.txt
writing manifest file 'stearing.egg-info/SOURCES.txt'
reading manifest file 'stearing.egg-info/SOURCES.txt'
writing manifest file 'stearing.egg-info/SOURCES.txt'
running build_ext
Creating /home/group1/dd2419_ws/install/stearing/lib/python3.12/site-packages/stearing.egg-link (link to .)
Installing auto_controll script to /home/group1/dd2419_ws/install/stearing/lib/stearing
Installing wheel_controll script to /home/group1/dd2419_ws/install/stearing/lib/stearing

Installed /home/group1/dd2419_ws/build/stearing
running symlink_data
creating /home/group1/dd2419_ws/install/stearing/share/ament_index
creating /home/group1/dd2419_ws/install/stearing/share/ament_index/resource_index
creating /home/group1/dd2419_ws/install/stearing/share/ament_index/resource_index/packages
symbolically linking /home/group1/dd2419_ws/build/stearing/resource/stearing -> /home/group1/dd2419_ws/install/stearing/share/ament_index/resource_index/packages
symbolically linking /home/group1/dd2419_ws/build/stearing/package.xml -> /home/group1/dd2419_ws/install/stearing/share/stearing
