[3.989s] Invoking command in '/home/group1/dd2419_ws/build/arm_servos_pubs_subs': DEBUGINFOD_URLS=https://debuginfod.ubuntu.com PYTHONPATH=/home/group1/dd2419_ws/build/arm_servos_pubs_subs/prefix_override:/usr/lib/python3/dist-packages/colcon_core/task/python/colcon_distutils_commands:/home/group1/dd2419_ws/install/arm_servos_pubs_subs/lib/python3.12/site-packages:${PYTHONPATH} /usr/bin/python3 -W ignore:setup.py install is deprecated -W ignore:easy_install command is deprecated setup.py develop --editable --build-directory /home/group1/dd2419_ws/build/arm_servos_pubs_subs/build --no-deps symlink_data
[4.807s] running develop
[5.426s] running egg_info
[5.500s] writing arm_servos_pubs_subs.egg-info/PKG-INFO
[5.503s] writing dependency_links to arm_servos_pubs_subs.egg-info/dependency_links.txt
[5.504s] writing entry points to arm_servos_pubs_subs.egg-info/entry_points.txt
[5.504s] writing requirements to arm_servos_pubs_subs.egg-info/requires.txt
[5.504s] writing top-level names to arm_servos_pubs_subs.egg-info/top_level.txt
[5.654s] reading manifest file 'arm_servos_pubs_subs.egg-info/SOURCES.txt'
[5.656s] writing manifest file 'arm_servos_pubs_subs.egg-info/SOURCES.txt'
[5.714s] running build_ext
[5.715s] Creating /home/group1/dd2419_ws/install/arm_servos_pubs_subs/lib/python3.12/site-packages/arm-servos-pubs-subs.egg-link (link to .)
[5.717s] Installing listener script to /home/group1/dd2419_ws/install/arm_servos_pubs_subs/lib/arm_servos_pubs_subs
[5.717s] Installing talker script to /home/group1/dd2419_ws/install/arm_servos_pubs_subs/lib/arm_servos_pubs_subs
[5.717s] 
[5.717s] Installed /home/group1/dd2419_ws/build/arm_servos_pubs_subs
[5.717s] running symlink_data
[5.717s] creating /home/group1/dd2419_ws/install/arm_servos_pubs_subs/share/ament_index
[5.717s] creating /home/group1/dd2419_ws/install/arm_servos_pubs_subs/share/ament_index/resource_index
[5.718s] creating /home/group1/dd2419_ws/install/arm_servos_pubs_subs/share/ament_index/resource_index/packages
[5.718s] symbolically linking /home/group1/dd2419_ws/build/arm_servos_pubs_subs/resource/arm_servos_pubs_subs -> /home/group1/dd2419_ws/install/arm_servos_pubs_subs/share/ament_index/resource_index/packages
[5.718s] symbolically linking /home/group1/dd2419_ws/build/arm_servos_pubs_subs/package.xml -> /home/group1/dd2419_ws/install/arm_servos_pubs_subs/share/arm_servos_pubs_subs
[6.217s] Invoked command in '/home/group1/dd2419_ws/build/arm_servos_pubs_subs' returned '0': DEBUGINFOD_URLS=https://debuginfod.ubuntu.com PYTHONPATH=/home/group1/dd2419_ws/build/arm_servos_pubs_subs/prefix_override:/usr/lib/python3/dist-packages/colcon_core/task/python/colcon_distutils_commands:/home/group1/dd2419_ws/install/arm_servos_pubs_subs/lib/python3.12/site-packages:${PYTHONPATH} /usr/bin/python3 -W ignore:setup.py install is deprecated -W ignore:easy_install command is deprecated setup.py develop --editable --build-directory /home/group1/dd2419_ws/build/arm_servos_pubs_subs/build --no-deps symlink_data
