[1.080s] Invoking command in '/home/robot/dd2419_ws/build/sllidar_ros2': CMAKE_PREFIX_PATH=${CMAKE_PREFIX_PATH}:/home/robot/dd2419_ws/install/robot_odometry:/home/robot/dd2419_ws/install/pickup:/home/robot/dd2419_ws/install/odometry:/home/robot/dd2419_ws/install/lidar:/home/robot/dd2419_ws/install/display:/home/robot/dd2419_ws/install/detection:/home/robot/dd2419_ws/install/controller:/home/robot/dd2419_ws/install/arm_servos_pubs_subs:/opt/ros/jazzy DEBUGINFOD_URLS=https://debuginfod.ubuntu.com /usr/bin/cmake --build /home/robot/dd2419_ws/build/sllidar_ros2 -- -j12 -l12
[1.137s] [ 10%] Built target sllidar_client
[1.143s] [100%] Built target sllidar_node
[1.155s] Invoked command in '/home/robot/dd2419_ws/build/sllidar_ros2' returned '0': CMAKE_PREFIX_PATH=${CMAKE_PREFIX_PATH}:/home/robot/dd2419_ws/install/robot_odometry:/home/robot/dd2419_ws/install/pickup:/home/robot/dd2419_ws/install/odometry:/home/robot/dd2419_ws/install/lidar:/home/robot/dd2419_ws/install/display:/home/robot/dd2419_ws/install/detection:/home/robot/dd2419_ws/install/controller:/home/robot/dd2419_ws/install/arm_servos_pubs_subs:/opt/ros/jazzy DEBUGINFOD_URLS=https://debuginfod.ubuntu.com /usr/bin/cmake --build /home/robot/dd2419_ws/build/sllidar_ros2 -- -j12 -l12
[1.155s] Invoking command in '/home/robot/dd2419_ws/build/sllidar_ros2': CMAKE_PREFIX_PATH=${CMAKE_PREFIX_PATH}:/home/robot/dd2419_ws/install/robot_odometry:/home/robot/dd2419_ws/install/pickup:/home/robot/dd2419_ws/install/odometry:/home/robot/dd2419_ws/install/lidar:/home/robot/dd2419_ws/install/display:/home/robot/dd2419_ws/install/detection:/home/robot/dd2419_ws/install/controller:/home/robot/dd2419_ws/install/arm_servos_pubs_subs:/opt/ros/jazzy DEBUGINFOD_URLS=https://debuginfod.ubuntu.com /usr/bin/cmake --install /home/robot/dd2419_ws/build/sllidar_ros2
[1.162s] -- Install configuration: ""
[1.162s] -- Execute custom install script
[1.162s] -- Up-to-date symlink: /home/robot/dd2419_ws/install/sllidar_ros2/share/sllidar_ros2/launch/sllidar_a1_launch.py
[1.162s] -- Up-to-date symlink: /home/robot/dd2419_ws/install/sllidar_ros2/share/sllidar_ros2/launch/sllidar_a2m12_launch .py
[1.162s] -- Up-to-date symlink: /home/robot/dd2419_ws/install/sllidar_ros2/share/sllidar_ros2/launch/sllidar_a2m7_launch.py
[1.163s] -- Up-to-date symlink: /home/robot/dd2419_ws/install/sllidar_ros2/share/sllidar_ros2/launch/sllidar_a2m8_launch.py
[1.163s] -- Up-to-date symlink: /home/robot/dd2419_ws/install/sllidar_ros2/share/sllidar_ros2/launch/sllidar_a3_launch.py
[1.163s] -- Up-to-date symlink: /home/robot/dd2419_ws/install/sllidar_ros2/share/sllidar_ros2/launch/sllidar_c1_launch.py
[1.163s] -- Up-to-date symlink: /home/robot/dd2419_ws/install/sllidar_ros2/share/sllidar_ros2/launch/sllidar_s1_launch.py
[1.163s] -- Up-to-date symlink: /home/robot/dd2419_ws/install/sllidar_ros2/share/sllidar_ros2/launch/sllidar_s1_tcp_launch.py
[1.163s] -- Up-to-date symlink: /home/robot/dd2419_ws/install/sllidar_ros2/share/sllidar_ros2/launch/sllidar_s2_launch.py
[1.163s] -- Up-to-date symlink: /home/robot/dd2419_ws/install/sllidar_ros2/share/sllidar_ros2/launch/sllidar_s2e_launch.py
[1.163s] -- Up-to-date symlink: /home/robot/dd2419_ws/install/sllidar_ros2/share/sllidar_ros2/launch/sllidar_s3_launch.py
[1.163s] -- Up-to-date symlink: /home/robot/dd2419_ws/install/sllidar_ros2/share/sllidar_ros2/launch/sllidar_t1_launch.py
[1.163s] -- Up-to-date symlink: /home/robot/dd2419_ws/install/sllidar_ros2/share/sllidar_ros2/launch/view_sllidar_a1_launch.py
[1.163s] -- Up-to-date symlink: /home/robot/dd2419_ws/install/sllidar_ros2/share/sllidar_ros2/launch/view_sllidar_a2m12_launch.py
[1.163s] -- Up-to-date symlink: /home/robot/dd2419_ws/install/sllidar_ros2/share/sllidar_ros2/launch/view_sllidar_a2m7_launch.py
[1.163s] -- Up-to-date symlink: /home/robot/dd2419_ws/install/sllidar_ros2/share/sllidar_ros2/launch/view_sllidar_a2m8_launch.py
[1.165s] -- Up-to-date symlink: /home/robot/dd2419_ws/install/sllidar_ros2/share/sllidar_ros2/launch/view_sllidar_a3_launch.py
[1.165s] -- Up-to-date symlink: /home/robot/dd2419_ws/install/sllidar_ros2/share/sllidar_ros2/launch/view_sllidar_c1_launch.py
[1.166s] -- Up-to-date symlink: /home/robot/dd2419_ws/install/sllidar_ros2/share/sllidar_ros2/launch/view_sllidar_s1_launch.py
[1.166s] -- Up-to-date symlink: /home/robot/dd2419_ws/install/sllidar_ros2/share/sllidar_ros2/launch/view_sllidar_s1_tcp_launch.py
[1.166s] -- Up-to-date symlink: /home/robot/dd2419_ws/install/sllidar_ros2/share/sllidar_ros2/launch/view_sllidar_s2_launch.py
[1.166s] -- Up-to-date symlink: /home/robot/dd2419_ws/install/sllidar_ros2/share/sllidar_ros2/launch/view_sllidar_s2e_launch.py
[1.166s] -- Up-to-date symlink: /home/robot/dd2419_ws/install/sllidar_ros2/share/sllidar_ros2/launch/view_sllidar_s3_launch.py
[1.166s] -- Up-to-date symlink: /home/robot/dd2419_ws/install/sllidar_ros2/share/sllidar_ros2/launch/view_sllidar_t1_launch.py
[1.166s] -- Up-to-date symlink: /home/robot/dd2419_ws/install/sllidar_ros2/share/sllidar_ros2/rviz/sllidar_ros2.rviz
[1.166s] -- Up-to-date symlink: /home/robot/dd2419_ws/install/sllidar_ros2/lib/sllidar_ros2/sllidar_node
[1.166s] -- Up-to-date symlink: /home/robot/dd2419_ws/install/sllidar_ros2/lib/sllidar_ros2/sllidar_client
[1.166s] -- Up-to-date symlink: /home/robot/dd2419_ws/install/sllidar_ros2/share/ament_index/resource_index/package_run_dependencies/sllidar_ros2
[1.166s] -- Up-to-date symlink: /home/robot/dd2419_ws/install/sllidar_ros2/share/ament_index/resource_index/parent_prefix_path/sllidar_ros2
[1.166s] -- Up-to-date symlink: /home/robot/dd2419_ws/install/sllidar_ros2/share/sllidar_ros2/environment/ament_prefix_path.sh
[1.166s] -- Up-to-date symlink: /home/robot/dd2419_ws/install/sllidar_ros2/share/sllidar_ros2/environment/ament_prefix_path.dsv
[1.166s] -- Up-to-date symlink: /home/robot/dd2419_ws/install/sllidar_ros2/share/sllidar_ros2/environment/path.sh
[1.166s] -- Up-to-date symlink: /home/robot/dd2419_ws/install/sllidar_ros2/share/sllidar_ros2/environment/path.dsv
[1.167s] -- Up-to-date symlink: /home/robot/dd2419_ws/install/sllidar_ros2/share/sllidar_ros2/local_setup.bash
[1.167s] -- Up-to-date symlink: /home/robot/dd2419_ws/install/sllidar_ros2/share/sllidar_ros2/local_setup.sh
[1.167s] -- Up-to-date symlink: /home/robot/dd2419_ws/install/sllidar_ros2/share/sllidar_ros2/local_setup.zsh
[1.167s] -- Up-to-date symlink: /home/robot/dd2419_ws/install/sllidar_ros2/share/sllidar_ros2/local_setup.dsv
[1.167s] -- Symlinking: /home/robot/dd2419_ws/install/sllidar_ros2/share/sllidar_ros2/package.dsv
[1.174s] -- Up-to-date symlink: /home/robot/dd2419_ws/install/sllidar_ros2/share/ament_index/resource_index/packages/sllidar_ros2
[1.174s] -- Up-to-date symlink: /home/robot/dd2419_ws/install/sllidar_ros2/share/sllidar_ros2/cmake/ament_cmake_export_dependencies-extras.cmake
[1.174s] -- Up-to-date symlink: /home/robot/dd2419_ws/install/sllidar_ros2/share/sllidar_ros2/cmake/ament_cmake_export_include_directories-extras.cmake
[1.174s] -- Up-to-date symlink: /home/robot/dd2419_ws/install/sllidar_ros2/share/sllidar_ros2/cmake/sllidar_ros2Config.cmake
[1.174s] -- Up-to-date symlink: /home/robot/dd2419_ws/install/sllidar_ros2/share/sllidar_ros2/cmake/sllidar_ros2Config-version.cmake
[1.174s] -- Up-to-date symlink: /home/robot/dd2419_ws/install/sllidar_ros2/share/sllidar_ros2/package.xml
[1.175s] Invoked command in '/home/robot/dd2419_ws/build/sllidar_ros2' returned '0': CMAKE_PREFIX_PATH=${CMAKE_PREFIX_PATH}:/home/robot/dd2419_ws/install/robot_odometry:/home/robot/dd2419_ws/install/pickup:/home/robot/dd2419_ws/install/odometry:/home/robot/dd2419_ws/install/lidar:/home/robot/dd2419_ws/install/display:/home/robot/dd2419_ws/install/detection:/home/robot/dd2419_ws/install/controller:/home/robot/dd2419_ws/install/arm_servos_pubs_subs:/opt/ros/jazzy DEBUGINFOD_URLS=https://debuginfod.ubuntu.com /usr/bin/cmake --install /home/robot/dd2419_ws/build/sllidar_ros2
