running develop
Removing /home/group1/dd2419_ws/install/arm_servos_pubs_subs/lib/python3.12/site-packages/arm-servos-pubs-subs.egg-link (link to .)
running egg_info
writing ../../../../build/arm_servos_pubs_subs/arm_servos_pubs_subs.egg-info/PKG-INFO
writing dependency_links to ../../../../build/arm_servos_pubs_subs/arm_servos_pubs_subs.egg-info/dependency_links.txt
writing entry points to ../../../../build/arm_servos_pubs_subs/arm_servos_pubs_subs.egg-info/entry_points.txt
writing requirements to ../../../../build/arm_servos_pubs_subs/arm_servos_pubs_subs.egg-info/requires.txt
writing top-level names to ../../../../build/arm_servos_pubs_subs/arm_servos_pubs_subs.egg-info/top_level.txt
reading manifest file '../../../../build/arm_servos_pubs_subs/arm_servos_pubs_subs.egg-info/SOURCES.txt'
writing manifest file '../../../../build/arm_servos_pubs_subs/arm_servos_pubs_subs.egg-info/SOURCES.txt'
running build
running build_py
creating /home/group1/dd2419_ws/build/arm_servos_pubs_subs/build
creating /home/group1/dd2419_ws/build/arm_servos_pubs_subs/build/lib
creating /home/group1/dd2419_ws/build/arm_servos_pubs_subs/build/lib/arm_servos_pubs_subs
copying arm_servos_pubs_subs/__init__.py -> /home/group1/dd2419_ws/build/arm_servos_pubs_subs/build/lib/arm_servos_pubs_subs
copying arm_servos_pubs_subs/servo_pos_subscriber.py -> /home/group1/dd2419_ws/build/arm_servos_pubs_subs/build/lib/arm_servos_pubs_subs
copying arm_servos_pubs_subs/move_servos_publisher.py -> /home/group1/dd2419_ws/build/arm_servos_pubs_subs/build/lib/arm_servos_pubs_subs
running install
running install_lib
creating /home/group1/dd2419_ws/install/arm_servos_pubs_subs/lib/python3.12/site-packages/arm_servos_pubs_subs
copying /home/group1/dd2419_ws/build/arm_servos_pubs_subs/build/lib/arm_servos_pubs_subs/__init__.py -> /home/group1/dd2419_ws/install/arm_servos_pubs_subs/lib/python3.12/site-packages/arm_servos_pubs_subs
copying /home/group1/dd2419_ws/build/arm_servos_pubs_subs/build/lib/arm_servos_pubs_subs/servo_pos_subscriber.py -> /home/group1/dd2419_ws/install/arm_servos_pubs_subs/lib/python3.12/site-packages/arm_servos_pubs_subs
copying /home/group1/dd2419_ws/build/arm_servos_pubs_subs/build/lib/arm_servos_pubs_subs/move_servos_publisher.py -> /home/group1/dd2419_ws/install/arm_servos_pubs_subs/lib/python3.12/site-packages/arm_servos_pubs_subs
byte-compiling /home/group1/dd2419_ws/install/arm_servos_pubs_subs/lib/python3.12/site-packages/arm_servos_pubs_subs/__init__.py to __init__.cpython-312.pyc
byte-compiling /home/group1/dd2419_ws/install/arm_servos_pubs_subs/lib/python3.12/site-packages/arm_servos_pubs_subs/servo_pos_subscriber.py to servo_pos_subscriber.cpython-312.pyc
byte-compiling /home/group1/dd2419_ws/install/arm_servos_pubs_subs/lib/python3.12/site-packages/arm_servos_pubs_subs/move_servos_publisher.py to move_servos_publisher.cpython-312.pyc
running install_data
copying resource/arm_servos_pubs_subs -> /home/group1/dd2419_ws/install/arm_servos_pubs_subs/share/ament_index/resource_index/packages
copying package.xml -> /home/group1/dd2419_ws/install/arm_servos_pubs_subs/share/arm_servos_pubs_subs
running install_egg_info
Copying ../../../../build/arm_servos_pubs_subs/arm_servos_pubs_subs.egg-info to /home/group1/dd2419_ws/install/arm_servos_pubs_subs/lib/python3.12/site-packages/arm_servos_pubs_subs-0.0.0-py3.12.egg-info
running install_scripts
Installing listener script to /home/group1/dd2419_ws/install/arm_servos_pubs_subs/lib/arm_servos_pubs_subs
Installing talker script to /home/group1/dd2419_ws/install/arm_servos_pubs_subs/lib/arm_servos_pubs_subs
writing list of installed files to '/home/group1/dd2419_ws/build/arm_servos_pubs_subs/install.log'
