[1.332s] Invoking command in '/home/group1/dd2419_ws/build/arm_servos_pubs_subs': DEBUGINFOD_URLS=https://debuginfod.ubuntu.com PYTHONPATH=/home/group1/dd2419_ws/build/arm_servos_pubs_subs/prefix_override:/usr/lib/python3/dist-packages/colcon_core/task/python/colcon_distutils_commands:/home/group1/dd2419_ws/install/arm_servos_pubs_subs/lib/python3.12/site-packages:${PYTHONPATH} /usr/bin/python3 -W ignore:setup.py install is deprecated -W ignore:easy_install command is deprecated setup.py develop --uninstall --editable --build-directory /home/group1/dd2419_ws/build/arm_servos_pubs_subs/build
[1.803s] running develop
[2.073s] Removing /home/group1/dd2419_ws/install/arm_servos_pubs_subs/lib/python3.12/site-packages/arm-servos-pubs-subs.egg-link (link to .)
[2.114s] Invoked command in '/home/group1/dd2419_ws/build/arm_servos_pubs_subs' returned '0': DEBUGINFOD_URLS=https://debuginfod.ubuntu.com PYTHONPATH=/home/group1/dd2419_ws/build/arm_servos_pubs_subs/prefix_override:/usr/lib/python3/dist-packages/colcon_core/task/python/colcon_distutils_commands:/home/group1/dd2419_ws/install/arm_servos_pubs_subs/lib/python3.12/site-packages:${PYTHONPATH} /usr/bin/python3 -W ignore:setup.py install is deprecated -W ignore:easy_install command is deprecated setup.py develop --uninstall --editable --build-directory /home/group1/dd2419_ws/build/arm_servos_pubs_subs/build
[2.116s] Invoking command in '/home/group1/dd2419_ws/src/robp_robot/robp_arm/arm_servos_pubs_subs': DEBUGINFOD_URLS=https://debuginfod.ubuntu.com PYTHONPATH=/home/group1/dd2419_ws/build/arm_servos_pubs_subs/prefix_override:/usr/lib/python3/dist-packages/colcon_core/task/python/colcon_distutils_commands:/home/group1/dd2419_ws/install/arm_servos_pubs_subs/lib/python3.12/site-packages:${PYTHONPATH} /usr/bin/python3 -W ignore:setup.py install is deprecated -W ignore:easy_install command is deprecated setup.py egg_info --egg-base ../../../../build/arm_servos_pubs_subs build --build-base /home/group1/dd2419_ws/build/arm_servos_pubs_subs/build install --record /home/group1/dd2419_ws/build/arm_servos_pubs_subs/install.log --single-version-externally-managed install_data --force
[2.433s] running egg_info
[2.454s] writing ../../../../build/arm_servos_pubs_subs/arm_servos_pubs_subs.egg-info/PKG-INFO
[2.455s] writing dependency_links to ../../../../build/arm_servos_pubs_subs/arm_servos_pubs_subs.egg-info/dependency_links.txt
[2.455s] writing entry points to ../../../../build/arm_servos_pubs_subs/arm_servos_pubs_subs.egg-info/entry_points.txt
[2.455s] writing requirements to ../../../../build/arm_servos_pubs_subs/arm_servos_pubs_subs.egg-info/requires.txt
[2.455s] writing top-level names to ../../../../build/arm_servos_pubs_subs/arm_servos_pubs_subs.egg-info/top_level.txt
[2.503s] reading manifest file '../../../../build/arm_servos_pubs_subs/arm_servos_pubs_subs.egg-info/SOURCES.txt'
[2.504s] writing manifest file '../../../../build/arm_servos_pubs_subs/arm_servos_pubs_subs.egg-info/SOURCES.txt'
[2.504s] running build
[2.504s] running build_py
[2.504s] creating /home/group1/dd2419_ws/build/arm_servos_pubs_subs/build
[2.505s] creating /home/group1/dd2419_ws/build/arm_servos_pubs_subs/build/lib
[2.506s] creating /home/group1/dd2419_ws/build/arm_servos_pubs_subs/build/lib/arm_servos_pubs_subs
[2.506s] copying arm_servos_pubs_subs/__init__.py -> /home/group1/dd2419_ws/build/arm_servos_pubs_subs/build/lib/arm_servos_pubs_subs
[2.506s] copying arm_servos_pubs_subs/servo_pos_subscriber.py -> /home/group1/dd2419_ws/build/arm_servos_pubs_subs/build/lib/arm_servos_pubs_subs
[2.506s] copying arm_servos_pubs_subs/move_servos_publisher.py -> /home/group1/dd2419_ws/build/arm_servos_pubs_subs/build/lib/arm_servos_pubs_subs
[2.506s] running install
[2.514s] running install_lib
[2.539s] creating /home/group1/dd2419_ws/install/arm_servos_pubs_subs/lib/python3.12/site-packages/arm_servos_pubs_subs
[2.540s] copying /home/group1/dd2419_ws/build/arm_servos_pubs_subs/build/lib/arm_servos_pubs_subs/__init__.py -> /home/group1/dd2419_ws/install/arm_servos_pubs_subs/lib/python3.12/site-packages/arm_servos_pubs_subs
[2.540s] copying /home/group1/dd2419_ws/build/arm_servos_pubs_subs/build/lib/arm_servos_pubs_subs/servo_pos_subscriber.py -> /home/group1/dd2419_ws/install/arm_servos_pubs_subs/lib/python3.12/site-packages/arm_servos_pubs_subs
[2.540s] copying /home/group1/dd2419_ws/build/arm_servos_pubs_subs/build/lib/arm_servos_pubs_subs/move_servos_publisher.py -> /home/group1/dd2419_ws/install/arm_servos_pubs_subs/lib/python3.12/site-packages/arm_servos_pubs_subs
[2.540s] byte-compiling /home/group1/dd2419_ws/install/arm_servos_pubs_subs/lib/python3.12/site-packages/arm_servos_pubs_subs/__init__.py to __init__.cpython-312.pyc
[2.541s] byte-compiling /home/group1/dd2419_ws/install/arm_servos_pubs_subs/lib/python3.12/site-packages/arm_servos_pubs_subs/servo_pos_subscriber.py to servo_pos_subscriber.cpython-312.pyc
[2.541s] byte-compiling /home/group1/dd2419_ws/install/arm_servos_pubs_subs/lib/python3.12/site-packages/arm_servos_pubs_subs/move_servos_publisher.py to move_servos_publisher.cpython-312.pyc
[2.542s] running install_data
[2.542s] copying resource/arm_servos_pubs_subs -> /home/group1/dd2419_ws/install/arm_servos_pubs_subs/share/ament_index/resource_index/packages
[2.542s] copying package.xml -> /home/group1/dd2419_ws/install/arm_servos_pubs_subs/share/arm_servos_pubs_subs
[2.543s] running install_egg_info
[2.567s] Copying ../../../../build/arm_servos_pubs_subs/arm_servos_pubs_subs.egg-info to /home/group1/dd2419_ws/install/arm_servos_pubs_subs/lib/python3.12/site-packages/arm_servos_pubs_subs-0.0.0-py3.12.egg-info
[2.568s] running install_scripts
[2.725s] Installing listener script to /home/group1/dd2419_ws/install/arm_servos_pubs_subs/lib/arm_servos_pubs_subs
[2.725s] Installing talker script to /home/group1/dd2419_ws/install/arm_servos_pubs_subs/lib/arm_servos_pubs_subs
[2.725s] writing list of installed files to '/home/group1/dd2419_ws/build/arm_servos_pubs_subs/install.log'
[2.762s] Invoked command in '/home/group1/dd2419_ws/src/robp_robot/robp_arm/arm_servos_pubs_subs' returned '0': DEBUGINFOD_URLS=https://debuginfod.ubuntu.com PYTHONPATH=/home/group1/dd2419_ws/build/arm_servos_pubs_subs/prefix_override:/usr/lib/python3/dist-packages/colcon_core/task/python/colcon_distutils_commands:/home/group1/dd2419_ws/install/arm_servos_pubs_subs/lib/python3.12/site-packages:${PYTHONPATH} /usr/bin/python3 -W ignore:setup.py install is deprecated -W ignore:easy_install command is deprecated setup.py egg_info --egg-base ../../../../build/arm_servos_pubs_subs build --build-base /home/group1/dd2419_ws/build/arm_servos_pubs_subs/build install --record /home/group1/dd2419_ws/build/arm_servos_pubs_subs/install.log --single-version-externally-managed install_data --force
