[3.304s] Invoking command in '/home/group1/dd2419_ws/build/steering': DEBUGINFOD_URLS=https://debuginfod.ubuntu.com PYTHONPATH=/home/group1/dd2419_ws/build/steering/prefix_override:/usr/lib/python3/dist-packages/colcon_core/task/python/colcon_distutils_commands:/home/group1/dd2419_ws/install/steering/lib/python3.12/site-packages:${PYTHONPATH} /usr/bin/python3 -W ignore:setup.py install is deprecated -W ignore:easy_install command is deprecated setup.py develop --editable --build-directory /home/group1/dd2419_ws/build/steering/build --no-deps symlink_data
[4.807s] running develop
[6.133s] running egg_info
[6.134s] creating steering.egg-info
[6.258s] writing steering.egg-info/PKG-INFO
[6.263s] writing dependency_links to steering.egg-info/dependency_links.txt
[6.265s] writing entry points to steering.egg-info/entry_points.txt
[6.268s] writing requirements to steering.egg-info/requires.txt
[6.268s] writing top-level names to steering.egg-info/top_level.txt
[6.269s] writing manifest file 'steering.egg-info/SOURCES.txt'
[6.546s] reading manifest file 'steering.egg-info/SOURCES.txt'
[6.549s] writing manifest file 'steering.egg-info/SOURCES.txt'
[6.722s] running build_ext
[6.728s] Creating /home/group1/dd2419_ws/install/steering/lib/python3.12/site-packages/steering.egg-link (link to .)
[6.731s] Installing auto_control script to /home/group1/dd2419_ws/install/steering/lib/steering
[6.738s] Installing wheel_control script to /home/group1/dd2419_ws/install/steering/lib/steering
[6.739s] 
[6.739s] Installed /home/group1/dd2419_ws/build/steering
[6.739s] running symlink_data
[6.739s] creating /home/group1/dd2419_ws/install/steering/share/ament_index
[6.739s] creating /home/group1/dd2419_ws/install/steering/share/ament_index/resource_index
[6.739s] creating /home/group1/dd2419_ws/install/steering/share/ament_index/resource_index/packages
[6.740s] symbolically linking /home/group1/dd2419_ws/build/steering/resource/steering -> /home/group1/dd2419_ws/install/steering/share/ament_index/resource_index/packages
[6.740s] symbolically linking /home/group1/dd2419_ws/build/steering/package.xml -> /home/group1/dd2419_ws/install/steering/share/steering
[6.914s] Invoked command in '/home/group1/dd2419_ws/build/steering' returned '0': DEBUGINFOD_URLS=https://debuginfod.ubuntu.com PYTHONPATH=/home/group1/dd2419_ws/build/steering/prefix_override:/usr/lib/python3/dist-packages/colcon_core/task/python/colcon_distutils_commands:/home/group1/dd2419_ws/install/steering/lib/python3.12/site-packages:${PYTHONPATH} /usr/bin/python3 -W ignore:setup.py install is deprecated -W ignore:easy_install command is deprecated setup.py develop --editable --build-directory /home/group1/dd2419_ws/build/steering/build --no-deps symlink_data
