[1.759s] Invoking command in '/home/group1/dd2419_ws/build/odometry': DEBUGINFOD_URLS=https://debuginfod.ubuntu.com PYTHONPATH=/home/group1/dd2419_ws/build/odometry/prefix_override:/usr/lib/python3/dist-packages/colcon_core/task/python/colcon_distutils_commands:/home/group1/dd2419_ws/install/odometry/lib/python3.12/site-packages:${PYTHONPATH} /usr/bin/python3 -W ignore:setup.py install is deprecated -W ignore:easy_install command is deprecated setup.py develop --editable --build-directory /home/group1/dd2419_ws/build/odometry/build --no-deps symlink_data
[2.697s] running develop
[3.455s] running egg_info
[3.455s] creating odometry.egg-info
[3.562s] writing odometry.egg-info/PKG-INFO
[3.563s] writing dependency_links to odometry.egg-info/dependency_links.txt
[3.565s] writing entry points to odometry.egg-info/entry_points.txt
[3.569s] writing requirements to odometry.egg-info/requires.txt
[3.569s] writing top-level names to odometry.egg-info/top_level.txt
[3.569s] writing manifest file 'odometry.egg-info/SOURCES.txt'
[3.783s] reading manifest file 'odometry.egg-info/SOURCES.txt'
[3.787s] writing manifest file 'odometry.egg-info/SOURCES.txt'
[3.898s] running build_ext
[3.900s] Creating /home/group1/dd2419_ws/install/odometry/lib/python3.12/site-packages/odometry.egg-link (link to .)
[3.904s] Installing odometry script to /home/group1/dd2419_ws/install/odometry/lib/odometry
[3.904s] 
[3.904s] Installed /home/group1/dd2419_ws/build/odometry
[3.905s] running symlink_data
[3.905s] creating /home/group1/dd2419_ws/install/odometry/share/ament_index
[3.905s] creating /home/group1/dd2419_ws/install/odometry/share/ament_index/resource_index
[3.905s] creating /home/group1/dd2419_ws/install/odometry/share/ament_index/resource_index/packages
[3.915s] symbolically linking /home/group1/dd2419_ws/build/odometry/resource/odometry -> /home/group1/dd2419_ws/install/odometry/share/ament_index/resource_index/packages
[3.915s] symbolically linking /home/group1/dd2419_ws/build/odometry/package.xml -> /home/group1/dd2419_ws/install/odometry/share/odometry
[4.046s] Invoked command in '/home/group1/dd2419_ws/build/odometry' returned '0': DEBUGINFOD_URLS=https://debuginfod.ubuntu.com PYTHONPATH=/home/group1/dd2419_ws/build/odometry/prefix_override:/usr/lib/python3/dist-packages/colcon_core/task/python/colcon_distutils_commands:/home/group1/dd2419_ws/install/odometry/lib/python3.12/site-packages:${PYTHONPATH} /usr/bin/python3 -W ignore:setup.py install is deprecated -W ignore:easy_install command is deprecated setup.py develop --editable --build-directory /home/group1/dd2419_ws/build/odometry/build --no-deps symlink_data
