running develop
running egg_info
creating arm_service.egg-info
writing arm_service.egg-info/PKG-INFO
writing dependency_links to arm_service.egg-info/dependency_links.txt
writing entry points to arm_service.egg-info/entry_points.txt
writing requirements to arm_service.egg-info/requires.txt
writing top-level names to arm_service.egg-info/top_level.txt
writing manifest file 'arm_service.egg-info/SOURCES.txt'
reading manifest file 'arm_service.egg-info/SOURCES.txt'
writing manifest file 'arm_service.egg-info/SOURCES.txt'
running build_ext
Creating /home/group1/dd2419_ws/install/arm_service/lib/python3.12/site-packages/arm-service.egg-link (link to .)
Installing arm_client script to /home/group1/dd2419_ws/install/arm_service/lib/arm_service
Installing arm_service script to /home/group1/dd2419_ws/install/arm_service/lib/arm_service
Installing test script to /home/group1/dd2419_ws/install/arm_service/lib/arm_service

Installed /home/group1/dd2419_ws/build/arm_service
running symlink_data
creating /home/group1/dd2419_ws/install/arm_service/share/ament_index
creating /home/group1/dd2419_ws/install/arm_service/share/ament_index/resource_index
creating /home/group1/dd2419_ws/install/arm_service/share/ament_index/resource_index/packages
symbolically linking /home/group1/dd2419_ws/build/arm_service/resource/arm_service -> /home/group1/dd2419_ws/install/arm_service/share/ament_index/resource_index/packages
symbolically linking /home/group1/dd2419_ws/build/arm_service/package.xml -> /home/group1/dd2419_ws/install/arm_service/share/arm_service
