[2.137s] Invoking command in '/home/group1/dd2419_ws/build/arm_service': AMENT_PREFIX_PATH=/home/group1/dd2419_ws/install/arm_interface:${AMENT_PREFIX_PATH} CMAKE_PREFIX_PATH=/home/group1/dd2419_ws/install/arm_interface:${CMAKE_PREFIX_PATH} DEBUGINFOD_URLS=https://debuginfod.ubuntu.com LD_LIBRARY_PATH=/home/group1/dd2419_ws/install/arm_interface/lib:${LD_LIBRARY_PATH} PYTHONPATH=/home/group1/dd2419_ws/build/arm_service/prefix_override:/usr/lib/python3/dist-packages/colcon_core/task/python/colcon_distutils_commands:/home/group1/dd2419_ws/install/arm_service/lib/python3.12/site-packages:/home/group1/dd2419_ws/install/arm_interface/lib/python3.12/site-packages:${PYTHONPATH} /usr/bin/python3 -W ignore:setup.py install is deprecated -W ignore:easy_install command is deprecated setup.py develop --editable --build-directory /home/group1/dd2419_ws/build/arm_service/build --no-deps symlink_data
[3.037s] running develop
[3.646s] running egg_info
[3.646s] creating arm_service.egg-info
[3.706s] writing arm_service.egg-info/PKG-INFO
[3.708s] writing dependency_links to arm_service.egg-info/dependency_links.txt
[3.709s] writing entry points to arm_service.egg-info/entry_points.txt
[3.710s] writing requirements to arm_service.egg-info/requires.txt
[3.711s] writing top-level names to arm_service.egg-info/top_level.txt
[3.712s] writing manifest file 'arm_service.egg-info/SOURCES.txt'
[3.817s] reading manifest file 'arm_service.egg-info/SOURCES.txt'
[3.822s] writing manifest file 'arm_service.egg-info/SOURCES.txt'
[3.870s] running build_ext
[3.870s] Creating /home/group1/dd2419_ws/install/arm_service/lib/python3.12/site-packages/arm-service.egg-link (link to .)
[3.872s] Installing arm_client script to /home/group1/dd2419_ws/install/arm_service/lib/arm_service
[3.874s] Installing arm_service script to /home/group1/dd2419_ws/install/arm_service/lib/arm_service
[3.878s] Installing test script to /home/group1/dd2419_ws/install/arm_service/lib/arm_service
[3.878s] 
[3.879s] Installed /home/group1/dd2419_ws/build/arm_service
[3.879s] running symlink_data
[3.879s] creating /home/group1/dd2419_ws/install/arm_service/share/ament_index
[3.879s] creating /home/group1/dd2419_ws/install/arm_service/share/ament_index/resource_index
[3.879s] creating /home/group1/dd2419_ws/install/arm_service/share/ament_index/resource_index/packages
[3.879s] symbolically linking /home/group1/dd2419_ws/build/arm_service/resource/arm_service -> /home/group1/dd2419_ws/install/arm_service/share/ament_index/resource_index/packages
[3.880s] symbolically linking /home/group1/dd2419_ws/build/arm_service/package.xml -> /home/group1/dd2419_ws/install/arm_service/share/arm_service
[3.981s] Invoked command in '/home/group1/dd2419_ws/build/arm_service' returned '0': AMENT_PREFIX_PATH=/home/group1/dd2419_ws/install/arm_interface:${AMENT_PREFIX_PATH} CMAKE_PREFIX_PATH=/home/group1/dd2419_ws/install/arm_interface:${CMAKE_PREFIX_PATH} DEBUGINFOD_URLS=https://debuginfod.ubuntu.com LD_LIBRARY_PATH=/home/group1/dd2419_ws/install/arm_interface/lib:${LD_LIBRARY_PATH} PYTHONPATH=/home/group1/dd2419_ws/build/arm_service/prefix_override:/usr/lib/python3/dist-packages/colcon_core/task/python/colcon_distutils_commands:/home/group1/dd2419_ws/install/arm_service/lib/python3.12/site-packages:/home/group1/dd2419_ws/install/arm_interface/lib/python3.12/site-packages:${PYTHONPATH} /usr/bin/python3 -W ignore:setup.py install is deprecated -W ignore:easy_install command is deprecated setup.py develop --editable --build-directory /home/group1/dd2419_ws/build/arm_service/build --no-deps symlink_data
