[3.947s] Invoking command in '/home/group1/dd2419_ws/build/display': DEBUGINFOD_URLS=https://debuginfod.ubuntu.com PYTHONPATH=/home/group1/dd2419_ws/build/display/prefix_override:/usr/lib/python3/dist-packages/colcon_core/task/python/colcon_distutils_commands:/home/group1/dd2419_ws/install/display/lib/python3.12/site-packages:${PYTHONPATH} /usr/bin/python3 -W ignore:setup.py install is deprecated -W ignore:easy_install command is deprecated setup.py develop --editable --build-directory /home/group1/dd2419_ws/build/display/build --no-deps symlink_data
[5.250s] running develop
[5.808s] running egg_info
[5.849s] writing display.egg-info/PKG-INFO
[5.849s] writing dependency_links to display.egg-info/dependency_links.txt
[5.849s] writing entry points to display.egg-info/entry_points.txt
[5.849s] writing requirements to display.egg-info/requires.txt
[5.850s] writing top-level names to display.egg-info/top_level.txt
[5.926s] reading manifest file 'display.egg-info/SOURCES.txt'
[5.928s] writing manifest file 'display.egg-info/SOURCES.txt'
[5.960s] running build_ext
[5.961s] Creating /home/group1/dd2419_ws/install/display/lib/python3.12/site-packages/display.egg-link (link to .)
[5.961s] Installing display script to /home/group1/dd2419_ws/install/display/lib/display
[5.961s] 
[5.961s] Installed /home/group1/dd2419_ws/build/display
[5.961s] running symlink_data
[5.962s] creating /home/group1/dd2419_ws/install/display/share/ament_index
[5.962s] creating /home/group1/dd2419_ws/install/display/share/ament_index/resource_index
[5.962s] creating /home/group1/dd2419_ws/install/display/share/ament_index/resource_index/packages
[5.962s] symbolically linking /home/group1/dd2419_ws/build/display/resource/display -> /home/group1/dd2419_ws/install/display/share/ament_index/resource_index/packages
[5.963s] symbolically linking /home/group1/dd2419_ws/build/display/package.xml -> /home/group1/dd2419_ws/install/display/share/display
[6.236s] Invoked command in '/home/group1/dd2419_ws/build/display' returned '0': DEBUGINFOD_URLS=https://debuginfod.ubuntu.com PYTHONPATH=/home/group1/dd2419_ws/build/display/prefix_override:/usr/lib/python3/dist-packages/colcon_core/task/python/colcon_distutils_commands:/home/group1/dd2419_ws/install/display/lib/python3.12/site-packages:${PYTHONPATH} /usr/bin/python3 -W ignore:setup.py install is deprecated -W ignore:easy_install command is deprecated setup.py develop --editable --build-directory /home/group1/dd2419_ws/build/display/build --no-deps symlink_data
