[1.121s] Invoking command in '/home/group1/dd2419_ws/build/stearing': DEBUGINFOD_URLS=https://debuginfod.ubuntu.com PYTHONPATH=/home/group1/dd2419_ws/build/stearing/prefix_override:/usr/lib/python3/dist-packages/colcon_core/task/python/colcon_distutils_commands:/home/group1/dd2419_ws/install/stearing/lib/python3.12/site-packages:${PYTHONPATH} /usr/bin/python3 -W ignore:setup.py install is deprecated -W ignore:easy_install command is deprecated setup.py develop --editable --build-directory /home/group1/dd2419_ws/build/stearing/build --no-deps symlink_data
[1.528s] running develop
[1.771s] running egg_info
[1.771s] creating steering.egg-info
[1.794s] writing steering.egg-info/PKG-INFO
[1.795s] writing dependency_links to steering.egg-info/dependency_links.txt
[1.795s] writing entry points to steering.egg-info/entry_points.txt
[1.795s] writing requirements to steering.egg-info/requires.txt
[1.795s] writing top-level names to steering.egg-info/top_level.txt
[1.795s] writing manifest file 'steering.egg-info/SOURCES.txt'
[1.843s] reading manifest file 'steering.egg-info/SOURCES.txt'
[1.844s] writing manifest file 'steering.egg-info/SOURCES.txt'
[1.869s] running build_ext
[1.869s] Creating /home/group1/dd2419_ws/install/stearing/lib/python3.12/site-packages/steering.egg-link (link to .)
[1.870s] Installing auto_control script to /home/group1/dd2419_ws/install/stearing/lib/stearing
[1.870s] Installing wheel_control script to /home/group1/dd2419_ws/install/stearing/lib/stearing
[1.871s] 
[1.871s] Installed /home/group1/dd2419_ws/build/stearing
[1.871s] running symlink_data
[1.871s] error: can't copy '/home/group1/dd2419_ws/build/stearing/resource/steering': doesn't exist or not a regular file
[1.906s] Invoked command in '/home/group1/dd2419_ws/build/stearing' returned '1': DEBUGINFOD_URLS=https://debuginfod.ubuntu.com PYTHONPATH=/home/group1/dd2419_ws/build/stearing/prefix_override:/usr/lib/python3/dist-packages/colcon_core/task/python/colcon_distutils_commands:/home/group1/dd2419_ws/install/stearing/lib/python3.12/site-packages:${PYTHONPATH} /usr/bin/python3 -W ignore:setup.py install is deprecated -W ignore:easy_install command is deprecated setup.py develop --editable --build-directory /home/group1/dd2419_ws/build/stearing/build --no-deps symlink_data
