running egg_info
creating ../../build/robot_odometry/robot_odometry.egg-info
writing ../../build/robot_odometry/robot_odometry.egg-info/PKG-INFO
writing dependency_links to ../../build/robot_odometry/robot_odometry.egg-info/dependency_links.txt
writing entry points to ../../build/robot_odometry/robot_odometry.egg-info/entry_points.txt
writing requirements to ../../build/robot_odometry/robot_odometry.egg-info/requires.txt
writing top-level names to ../../build/robot_odometry/robot_odometry.egg-info/top_level.txt
writing manifest file '../../build/robot_odometry/robot_odometry.egg-info/SOURCES.txt'
reading manifest file '../../build/robot_odometry/robot_odometry.egg-info/SOURCES.txt'
writing manifest file '../../build/robot_odometry/robot_odometry.egg-info/SOURCES.txt'
running build
running build_py
creating /home/group1/dd2419_ws/build/robot_odometry/build
creating /home/group1/dd2419_ws/build/robot_odometry/build/lib
creating /home/group1/dd2419_ws/build/robot_odometry/build/lib/robot_odometry
copying robot_odometry/__init__.py -> /home/group1/dd2419_ws/build/robot_odometry/build/lib/robot_odometry
copying robot_odometry/robot_odometry.py -> /home/group1/dd2419_ws/build/robot_odometry/build/lib/robot_odometry
running install
running install_lib
creating /home/group1/dd2419_ws/install/robot_odometry/lib/python3.12/site-packages/robot_odometry
copying /home/group1/dd2419_ws/build/robot_odometry/build/lib/robot_odometry/__init__.py -> /home/group1/dd2419_ws/install/robot_odometry/lib/python3.12/site-packages/robot_odometry
copying /home/group1/dd2419_ws/build/robot_odometry/build/lib/robot_odometry/robot_odometry.py -> /home/group1/dd2419_ws/install/robot_odometry/lib/python3.12/site-packages/robot_odometry
byte-compiling /home/group1/dd2419_ws/install/robot_odometry/lib/python3.12/site-packages/robot_odometry/__init__.py to __init__.cpython-312.pyc
byte-compiling /home/group1/dd2419_ws/install/robot_odometry/lib/python3.12/site-packages/robot_odometry/robot_odometry.py to robot_odometry.cpython-312.pyc
running install_data
creating /home/group1/dd2419_ws/install/robot_odometry/share/ament_index
creating /home/group1/dd2419_ws/install/robot_odometry/share/ament_index/resource_index
creating /home/group1/dd2419_ws/install/robot_odometry/share/ament_index/resource_index/packages
copying resource/robot_odometry -> /home/group1/dd2419_ws/install/robot_odometry/share/ament_index/resource_index/packages
copying package.xml -> /home/group1/dd2419_ws/install/robot_odometry/share/robot_odometry
running install_egg_info
Copying ../../build/robot_odometry/robot_odometry.egg-info to /home/group1/dd2419_ws/install/robot_odometry/lib/python3.12/site-packages/robot_odometry-0.0.0-py3.12.egg-info
running install_scripts
Installing robot_odometry script to /home/group1/dd2419_ws/install/robot_odometry/lib/robot_odometry
writing list of installed files to '/home/group1/dd2419_ws/build/robot_odometry/install.log'
