[1.893s] Invoking command in '/home/group1/dd2419_ws/src/robot_odometry': DEBUGINFOD_URLS=https://debuginfod.ubuntu.com PYTHONPATH=/home/group1/dd2419_ws/build/robot_odometry/prefix_override:/usr/lib/python3/dist-packages/colcon_core/task/python/colcon_distutils_commands:/home/group1/dd2419_ws/install/robot_odometry/lib/python3.12/site-packages:${PYTHONPATH} /usr/bin/python3 -W ignore:setup.py install is deprecated -W ignore:easy_install command is deprecated setup.py egg_info --egg-base ../../build/robot_odometry build --build-base /home/group1/dd2419_ws/build/robot_odometry/build install --record /home/group1/dd2419_ws/build/robot_odometry/install.log --single-version-externally-managed install_data
[2.212s] running egg_info
[2.212s] creating ../../build/robot_odometry/robot_odometry.egg-info
[2.234s] writing ../../build/robot_odometry/robot_odometry.egg-info/PKG-INFO
[2.235s] writing dependency_links to ../../build/robot_odometry/robot_odometry.egg-info/dependency_links.txt
[2.235s] writing entry points to ../../build/robot_odometry/robot_odometry.egg-info/entry_points.txt
[2.235s] writing requirements to ../../build/robot_odometry/robot_odometry.egg-info/requires.txt
[2.236s] writing top-level names to ../../build/robot_odometry/robot_odometry.egg-info/top_level.txt
[2.236s] writing manifest file '../../build/robot_odometry/robot_odometry.egg-info/SOURCES.txt'
[2.281s] reading manifest file '../../build/robot_odometry/robot_odometry.egg-info/SOURCES.txt'
[2.282s] writing manifest file '../../build/robot_odometry/robot_odometry.egg-info/SOURCES.txt'
[2.283s] running build
[2.283s] running build_py
[2.284s] creating /home/group1/dd2419_ws/build/robot_odometry/build
[2.284s] creating /home/group1/dd2419_ws/build/robot_odometry/build/lib
[2.284s] creating /home/group1/dd2419_ws/build/robot_odometry/build/lib/robot_odometry
[2.284s] copying robot_odometry/__init__.py -> /home/group1/dd2419_ws/build/robot_odometry/build/lib/robot_odometry
[2.284s] copying robot_odometry/robot_odometry.py -> /home/group1/dd2419_ws/build/robot_odometry/build/lib/robot_odometry
[2.285s] running install
[2.293s] running install_lib
[2.317s] creating /home/group1/dd2419_ws/install/robot_odometry/lib/python3.12/site-packages/robot_odometry
[2.317s] copying /home/group1/dd2419_ws/build/robot_odometry/build/lib/robot_odometry/__init__.py -> /home/group1/dd2419_ws/install/robot_odometry/lib/python3.12/site-packages/robot_odometry
[2.318s] copying /home/group1/dd2419_ws/build/robot_odometry/build/lib/robot_odometry/robot_odometry.py -> /home/group1/dd2419_ws/install/robot_odometry/lib/python3.12/site-packages/robot_odometry
[2.318s] byte-compiling /home/group1/dd2419_ws/install/robot_odometry/lib/python3.12/site-packages/robot_odometry/__init__.py to __init__.cpython-312.pyc
[2.318s] byte-compiling /home/group1/dd2419_ws/install/robot_odometry/lib/python3.12/site-packages/robot_odometry/robot_odometry.py to robot_odometry.cpython-312.pyc
[2.319s] running install_data
[2.319s] creating /home/group1/dd2419_ws/install/robot_odometry/share/ament_index
[2.319s] creating /home/group1/dd2419_ws/install/robot_odometry/share/ament_index/resource_index
[2.319s] creating /home/group1/dd2419_ws/install/robot_odometry/share/ament_index/resource_index/packages
[2.320s] copying resource/robot_odometry -> /home/group1/dd2419_ws/install/robot_odometry/share/ament_index/resource_index/packages
[2.320s] copying package.xml -> /home/group1/dd2419_ws/install/robot_odometry/share/robot_odometry
[2.320s] running install_egg_info
[2.344s] Copying ../../build/robot_odometry/robot_odometry.egg-info to /home/group1/dd2419_ws/install/robot_odometry/lib/python3.12/site-packages/robot_odometry-0.0.0-py3.12.egg-info
[2.345s] running install_scripts
[2.509s] Installing robot_odometry script to /home/group1/dd2419_ws/install/robot_odometry/lib/robot_odometry
[2.509s] writing list of installed files to '/home/group1/dd2419_ws/build/robot_odometry/install.log'
[2.567s] Invoked command in '/home/group1/dd2419_ws/src/robot_odometry' returned '0': DEBUGINFOD_URLS=https://debuginfod.ubuntu.com PYTHONPATH=/home/group1/dd2419_ws/build/robot_odometry/prefix_override:/usr/lib/python3/dist-packages/colcon_core/task/python/colcon_distutils_commands:/home/group1/dd2419_ws/install/robot_odometry/lib/python3.12/site-packages:${PYTHONPATH} /usr/bin/python3 -W ignore:setup.py install is deprecated -W ignore:easy_install command is deprecated setup.py egg_info --egg-base ../../build/robot_odometry build --build-base /home/group1/dd2419_ws/build/robot_odometry/build install --record /home/group1/dd2419_ws/build/robot_odometry/install.log --single-version-externally-managed install_data
