[2.369s] Invoking command in '/home/group1/dd2419_ws/build/arm_servos_pubs_subs': DEBUGINFOD_URLS=https://debuginfod.ubuntu.com PYTHONPATH=/home/group1/dd2419_ws/build/arm_servos_pubs_subs/prefix_override:/usr/lib/python3/dist-packages/colcon_core/task/python/colcon_distutils_commands:/home/group1/dd2419_ws/install/arm_servos_pubs_subs/lib/python3.12/site-packages:${PYTHONPATH} /usr/bin/python3 -W ignore:setup.py install is deprecated -W ignore:easy_install command is deprecated setup.py develop --editable --build-directory /home/group1/dd2419_ws/build/arm_servos_pubs_subs/build --no-deps symlink_data --force
[2.959s] running develop
[3.374s] running egg_info
[3.432s] writing arm_servos_pubs_subs.egg-info/PKG-INFO
[3.433s] writing dependency_links to arm_servos_pubs_subs.egg-info/dependency_links.txt
[3.437s] writing entry points to arm_servos_pubs_subs.egg-info/entry_points.txt
[3.437s] writing requirements to arm_servos_pubs_subs.egg-info/requires.txt
[3.437s] writing top-level names to arm_servos_pubs_subs.egg-info/top_level.txt
[3.536s] reading manifest file 'arm_servos_pubs_subs.egg-info/SOURCES.txt'
[3.538s] writing manifest file 'arm_servos_pubs_subs.egg-info/SOURCES.txt'
[3.580s] running build_ext
[3.581s] Creating /home/group1/dd2419_ws/install/arm_servos_pubs_subs/lib/python3.12/site-packages/arm-servos-pubs-subs.egg-link (link to .)
[3.582s] Installing listener script to /home/group1/dd2419_ws/install/arm_servos_pubs_subs/lib/arm_servos_pubs_subs
[3.583s] Installing talker script to /home/group1/dd2419_ws/install/arm_servos_pubs_subs/lib/arm_servos_pubs_subs
[3.583s] 
[3.583s] Installed /home/group1/dd2419_ws/build/arm_servos_pubs_subs
[3.584s] running symlink_data
[3.584s] symbolically linking /home/group1/dd2419_ws/build/arm_servos_pubs_subs/resource/arm_servos_pubs_subs -> /home/group1/dd2419_ws/install/arm_servos_pubs_subs/share/ament_index/resource_index/packages
[3.584s] symbolically linking /home/group1/dd2419_ws/build/arm_servos_pubs_subs/package.xml -> /home/group1/dd2419_ws/install/arm_servos_pubs_subs/share/arm_servos_pubs_subs
[3.705s] Invoked command in '/home/group1/dd2419_ws/build/arm_servos_pubs_subs' returned '0': DEBUGINFOD_URLS=https://debuginfod.ubuntu.com PYTHONPATH=/home/group1/dd2419_ws/build/arm_servos_pubs_subs/prefix_override:/usr/lib/python3/dist-packages/colcon_core/task/python/colcon_distutils_commands:/home/group1/dd2419_ws/install/arm_servos_pubs_subs/lib/python3.12/site-packages:${PYTHONPATH} /usr/bin/python3 -W ignore:setup.py install is deprecated -W ignore:easy_install command is deprecated setup.py develop --editable --build-directory /home/group1/dd2419_ws/build/arm_servos_pubs_subs/build --no-deps symlink_data --force
