[1.005s] Invoking command in '/home/group1/dd2419_ws/build/usb_cam': CMAKE_PREFIX_PATH=${CMAKE_PREFIX_PATH}:/home/group1/dd2419_ws/install/steering:/home/group1/dd2419_ws/install/robp_launch:/home/group1/dd2419_ws/install/robot_odometry:/home/group1/dd2419_ws/install/pickup:/home/group1/dd2419_ws/install/odometry:/home/group1/dd2419_ws/install/localisation:/home/group1/dd2419_ws/install/lidar:/home/group1/dd2419_ws/install/display:/home/group1/dd2419_ws/install/detection:/home/group1/dd2419_ws/install/controller:/home/group1/dd2419_ws/install/arm_servos_pubs_subs:/opt/ros/jazzy DEBUGINFOD_URLS=https://debuginfod.ubuntu.com /usr/bin/cmake /home/group1/dd2419_ws/src/robp_robot/usb_cam -DAMENT_CMAKE_SYMLINK_INSTALL=1 -DCMAKE_INSTALL_PREFIX=/home/group1/dd2419_ws/install/usb_cam
[1.111s] -- The C compiler identification is GNU 13.3.0
[1.316s] -- The CXX compiler identification is GNU 13.3.0
[1.383s] -- Detecting C compiler ABI info
[1.731s] -- Detecting C compiler ABI info - done
[1.769s] -- Check for working C compiler: /usr/bin/cc - skipped
[1.769s] -- Detecting C compile features
[1.770s] -- Detecting C compile features - done
[1.788s] -- Detecting CXX compiler ABI info
[2.225s] -- Detecting CXX compiler ABI info - done
[2.259s] -- Check for working CXX compiler: /usr/bin/c++ - skipped
[2.259s] -- Detecting CXX compile features
[2.261s] -- Detecting CXX compile features - done
[2.269s] -- Found ament_cmake_auto: 2.5.3 (/opt/ros/jazzy/share/ament_cmake_auto/cmake)
[2.820s] -- Found Python3: /usr/bin/python3 (found version "3.12.3") found components: Interpreter 
[3.175s] -- Override CMake install command with custom implementation using symlinks instead of copying resources
[3.879s] -- Found rosidl_generator_c: 4.6.5 (/opt/ros/jazzy/share/rosidl_generator_c/cmake)
[3.905s] -- Found rosidl_generator_cpp: 4.6.5 (/opt/ros/jazzy/share/rosidl_generator_cpp/cmake)
[3.950s] -- Using all available rosidl_typesupport_c: rosidl_typesupport_fastrtps_c;rosidl_typesupport_introspection_c
[3.993s] -- Using all available rosidl_typesupport_cpp: rosidl_typesupport_fastrtps_cpp;rosidl_typesupport_introspection_cpp
[4.244s] -- Found rmw_implementation_cmake: 7.3.1 (/opt/ros/jazzy/share/rmw_implementation_cmake/cmake)
[4.251s] -- Found rmw_fastrtps_cpp: 8.4.1 (/opt/ros/jazzy/share/rmw_fastrtps_cpp/cmake)
[4.446s] -- Found OpenSSL: /usr/lib/x86_64-linux-gnu/libcrypto.so (found version "3.0.13")  
[4.514s] -- Found FastRTPS: /opt/ros/jazzy/include (Required is at least version "2.13") 
[4.602s] -- Using RMW implementation 'rmw_fastrtps_cpp' as default
[5.667s] -- Setting yaml-cpp_DIR to: '/opt/ros/jazzy/share/yaml_cpp_vendor/cmake/../../../opt/yaml_cpp_vendor/share/cmake/yaml-cpp'
[5.982s] -- Found rosidl_adapter: 4.6.5 (/opt/ros/jazzy/share/rosidl_adapter/cmake)
[5.985s] -- Found OpenCV: /usr (found version "4.6.0") 
[5.996s] -- Found PkgConfig: /usr/bin/pkg-config (found version "1.8.1") 
[6.005s] -- Checking for module 'libavcodec'
[6.058s] --   Found libavcodec, version 60.31.102
[6.178s] -- Checking for module 'libavutil'
[6.246s] --   Found libavutil, version 58.29.100
[6.416s] -- Checking for module 'libswscale'
[6.477s] --   Found libswscale, version 7.5.100
[6.666s] -- Found ament_lint_auto: 0.17.1 (/opt/ros/jazzy/share/ament_lint_auto/cmake)
[6.798s] -- Found gtest sources under '/opt/ros/jazzy/src/gtest_vendor': C++ tests using 'Google Test' will be built
[6.816s] -- Performing Test CMAKE_HAVE_LIBC_PTHREAD
[7.235s] -- Performing Test CMAKE_HAVE_LIBC_PTHREAD - Success
[7.243s] -- Found Threads: TRUE  
[7.286s] -- Added test 'copyright' to check source files copyright and LICENSE
[7.300s] -- Added test 'cppcheck' to perform static code analysis on C / C++ code
[7.302s] -- Configured cppcheck include dirs: /home/group1/dd2419_ws/src/robp_robot/usb_cam/include
[7.302s] -- Configured cppcheck exclude dirs and/or files: 
[7.314s] -- Added test 'cpplint' to check C / C++ code against the Google style
[7.316s] -- Configured cpplint exclude dirs and/or files: 
[7.323s] -- Added test 'flake8' to check Python code syntax and style conventions
[7.324s] -- Configured 'flake8' exclude dirs and/or files: 
[7.339s] -- Added test 'lint_cmake' to check CMake code style
[7.339s] -- Added test 'pep257' to check Python code against some of the docstring style conventions in PEP 257
[7.350s] -- Added test 'uncrustify' to check C / C++ code style
[7.351s] -- Configured uncrustify additional arguments: 
[7.351s] -- Added test 'xmllint' to check XML markup files
[7.369s] -- Configuring done (6.3s)
[7.642s] -- Generating done (0.2s)
[7.708s] -- Build files have been written to: /home/group1/dd2419_ws/build/usb_cam
[7.783s] Invoked command in '/home/group1/dd2419_ws/build/usb_cam' returned '0': CMAKE_PREFIX_PATH=${CMAKE_PREFIX_PATH}:/home/group1/dd2419_ws/install/steering:/home/group1/dd2419_ws/install/robp_launch:/home/group1/dd2419_ws/install/robot_odometry:/home/group1/dd2419_ws/install/pickup:/home/group1/dd2419_ws/install/odometry:/home/group1/dd2419_ws/install/localisation:/home/group1/dd2419_ws/install/lidar:/home/group1/dd2419_ws/install/display:/home/group1/dd2419_ws/install/detection:/home/group1/dd2419_ws/install/controller:/home/group1/dd2419_ws/install/arm_servos_pubs_subs:/opt/ros/jazzy DEBUGINFOD_URLS=https://debuginfod.ubuntu.com /usr/bin/cmake /home/group1/dd2419_ws/src/robp_robot/usb_cam -DAMENT_CMAKE_SYMLINK_INSTALL=1 -DCMAKE_INSTALL_PREFIX=/home/group1/dd2419_ws/install/usb_cam
[7.784s] Invoking command in '/home/group1/dd2419_ws/build/usb_cam': CMAKE_PREFIX_PATH=${CMAKE_PREFIX_PATH}:/home/group1/dd2419_ws/install/steering:/home/group1/dd2419_ws/install/robp_launch:/home/group1/dd2419_ws/install/robot_odometry:/home/group1/dd2419_ws/install/pickup:/home/group1/dd2419_ws/install/odometry:/home/group1/dd2419_ws/install/localisation:/home/group1/dd2419_ws/install/lidar:/home/group1/dd2419_ws/install/display:/home/group1/dd2419_ws/install/detection:/home/group1/dd2419_ws/install/controller:/home/group1/dd2419_ws/install/arm_servos_pubs_subs:/opt/ros/jazzy DEBUGINFOD_URLS=https://debuginfod.ubuntu.com /usr/bin/cmake --build /home/group1/dd2419_ws/build/usb_cam -- -j8 -l8
[7.972s] [  7%] [32mBuilding CXX object gtest/CMakeFiles/gtest_main.dir/src/gtest_main.cc.o[0m
[7.987s] [ 14%] [32mBuilding CXX object CMakeFiles/usb_cam.dir/src/usb_cam.cpp.o[0m
[7.988s] [ 21%] [32mBuilding CXX object CMakeFiles/usb_cam_node_exe.dir/rclcpp_components/node_main_usb_cam_node_exe.cpp.o[0m
[8.001s] [ 28%] [32mBuilding CXX object gtest/CMakeFiles/gtest.dir/src/gtest-all.cc.o[0m
[11.138s] [ 35%] [32m[1mLinking CXX static library libgtest_main.a[0m
[11.247s] [ 35%] Built target gtest_main
[12.631s] [ 42%] [32m[1mLinking CXX shared library libusb_cam.so[0m
[13.356s] [ 42%] Built target usb_cam
[13.435s] [ 50%] [32mBuilding CXX object CMakeFiles/usb_cam_node.dir/src/usb_cam_node.cpp.o[0m
[15.977s] [ 57%] [32m[1mLinking CXX executable usb_cam_node_exe[0m
[16.013s] [ 64%] [32m[1mLinking CXX static library libgtest.a[0m
[16.167s] [ 64%] Built target gtest
[16.201s] [ 71%] [32mBuilding CXX object CMakeFiles/test_usb_cam_utils.dir/test/test_usb_cam_utils.cpp.o[0m
[16.201s] [ 71%] Built target usb_cam_node_exe
[16.209s] [ 78%] [32mBuilding CXX object CMakeFiles/test_pixel_formats.dir/test/test_pixel_formats.cpp.o[0m
[19.256s] [ 85%] [32m[1mLinking CXX executable test_usb_cam_utils[0m
[20.008s] [ 85%] Built target test_usb_cam_utils
[20.562s] [ 92%] [32m[1mLinking CXX executable test_pixel_formats[0m
[21.301s] [ 92%] Built target test_pixel_formats
[28.655s] [100%] [32m[1mLinking CXX shared library libusb_cam_node.so[0m
[29.132s] [100%] Built target usb_cam_node
[29.146s] Invoked command in '/home/group1/dd2419_ws/build/usb_cam' returned '0': CMAKE_PREFIX_PATH=${CMAKE_PREFIX_PATH}:/home/group1/dd2419_ws/install/steering:/home/group1/dd2419_ws/install/robp_launch:/home/group1/dd2419_ws/install/robot_odometry:/home/group1/dd2419_ws/install/pickup:/home/group1/dd2419_ws/install/odometry:/home/group1/dd2419_ws/install/localisation:/home/group1/dd2419_ws/install/lidar:/home/group1/dd2419_ws/install/display:/home/group1/dd2419_ws/install/detection:/home/group1/dd2419_ws/install/controller:/home/group1/dd2419_ws/install/arm_servos_pubs_subs:/opt/ros/jazzy DEBUGINFOD_URLS=https://debuginfod.ubuntu.com /usr/bin/cmake --build /home/group1/dd2419_ws/build/usb_cam -- -j8 -l8
[29.147s] Invoking command in '/home/group1/dd2419_ws/build/usb_cam': CMAKE_PREFIX_PATH=${CMAKE_PREFIX_PATH}:/home/group1/dd2419_ws/install/steering:/home/group1/dd2419_ws/install/robp_launch:/home/group1/dd2419_ws/install/robot_odometry:/home/group1/dd2419_ws/install/pickup:/home/group1/dd2419_ws/install/odometry:/home/group1/dd2419_ws/install/localisation:/home/group1/dd2419_ws/install/lidar:/home/group1/dd2419_ws/install/display:/home/group1/dd2419_ws/install/detection:/home/group1/dd2419_ws/install/controller:/home/group1/dd2419_ws/install/arm_servos_pubs_subs:/opt/ros/jazzy DEBUGINFOD_URLS=https://debuginfod.ubuntu.com /usr/bin/cmake --install /home/group1/dd2419_ws/build/usb_cam
[29.158s] -- Install configuration: ""
[29.159s] -- Execute custom install script
[29.159s] -- Symlinking: /home/group1/dd2419_ws/install/usb_cam/share/usb_cam/environment/library_path.sh
[29.169s] -- Symlinking: /home/group1/dd2419_ws/install/usb_cam/share/usb_cam/environment/library_path.dsv
[29.180s] -- Symlinking: /home/group1/dd2419_ws/install/usb_cam/lib/usb_cam/usb_cam_node_exe
[29.191s] -- Symlinking: /home/group1/dd2419_ws/install/usb_cam/lib/usb_cam/show_image.py
[29.202s] -- Symlinking: /home/group1/dd2419_ws/install/usb_cam/lib/libusb_cam.so
[29.212s] -- Symlinking: /home/group1/dd2419_ws/install/usb_cam/lib/libusb_cam_node.so
[29.223s] -- Symlinking: /home/group1/dd2419_ws/install/usb_cam/include/usb_cam/constants.hpp
[29.235s] -- Symlinking: /home/group1/dd2419_ws/install/usb_cam/include/usb_cam/conversions.hpp
[29.246s] -- Symlinking: /home/group1/dd2419_ws/install/usb_cam/include/usb_cam/formats/av_pixel_format_helper.hpp
[29.257s] -- Symlinking: /home/group1/dd2419_ws/install/usb_cam/include/usb_cam/formats/m420.hpp
[29.268s] -- Symlinking: /home/group1/dd2419_ws/install/usb_cam/include/usb_cam/formats/mjpeg.hpp
[29.280s] -- Symlinking: /home/group1/dd2419_ws/install/usb_cam/include/usb_cam/formats/mono.hpp
[29.290s] -- Symlinking: /home/group1/dd2419_ws/install/usb_cam/include/usb_cam/formats/pixel_format_base.hpp
[29.301s] -- Symlinking: /home/group1/dd2419_ws/install/usb_cam/include/usb_cam/formats/rgb.hpp
[29.312s] -- Symlinking: /home/group1/dd2419_ws/install/usb_cam/include/usb_cam/formats/utils.hpp
[29.322s] -- Symlinking: /home/group1/dd2419_ws/install/usb_cam/include/usb_cam/formats/uyvy.hpp
[29.333s] -- Symlinking: /home/group1/dd2419_ws/install/usb_cam/include/usb_cam/formats/yuyv.hpp
[29.343s] -- Symlinking: /home/group1/dd2419_ws/install/usb_cam/include/usb_cam/usb_cam.hpp
[29.354s] -- Symlinking: /home/group1/dd2419_ws/install/usb_cam/include/usb_cam/usb_cam_node.hpp
[29.364s] -- Symlinking: /home/group1/dd2419_ws/install/usb_cam/include/usb_cam/utils.hpp
[29.375s] -- Up-to-date symlink: /home/group1/dd2419_ws/install/usb_cam/lib/libusb_cam_node.so
[29.376s] -- Symlinking: /home/group1/dd2419_ws/install/usb_cam/share/usb_cam/launch/__init__.py
[29.386s] -- Symlinking: /home/group1/dd2419_ws/install/usb_cam/share/usb_cam/launch/camera.launch.py
[29.396s] -- Symlinking: /home/group1/dd2419_ws/install/usb_cam/share/usb_cam/launch/camera_config.py
[29.406s] -- Symlinking: /home/group1/dd2419_ws/install/usb_cam/share/usb_cam/config/camera_info.yaml
[29.416s] -- Symlinking: /home/group1/dd2419_ws/install/usb_cam/share/usb_cam/config/params_1.yaml
[29.426s] -- Symlinking: /home/group1/dd2419_ws/install/usb_cam/share/usb_cam/config/params_2.yaml
[29.436s] -- Symlinking: /home/group1/dd2419_ws/install/usb_cam/share/ament_index/resource_index/package_run_dependencies/usb_cam
[29.446s] -- Symlinking: /home/group1/dd2419_ws/install/usb_cam/share/ament_index/resource_index/parent_prefix_path/usb_cam
[29.456s] -- Symlinking: /home/group1/dd2419_ws/install/usb_cam/share/usb_cam/environment/ament_prefix_path.sh
[29.466s] -- Symlinking: /home/group1/dd2419_ws/install/usb_cam/share/usb_cam/environment/ament_prefix_path.dsv
[29.476s] -- Symlinking: /home/group1/dd2419_ws/install/usb_cam/share/usb_cam/environment/path.sh
[29.486s] -- Symlinking: /home/group1/dd2419_ws/install/usb_cam/share/usb_cam/environment/path.dsv
[29.496s] -- Symlinking: /home/group1/dd2419_ws/install/usb_cam/share/usb_cam/local_setup.bash
[29.506s] -- Symlinking: /home/group1/dd2419_ws/install/usb_cam/share/usb_cam/local_setup.sh
[29.516s] -- Symlinking: /home/group1/dd2419_ws/install/usb_cam/share/usb_cam/local_setup.zsh
[29.526s] -- Symlinking: /home/group1/dd2419_ws/install/usb_cam/share/usb_cam/local_setup.dsv
[29.536s] -- Symlinking: /home/group1/dd2419_ws/install/usb_cam/share/usb_cam/package.dsv
[29.546s] -- Symlinking: /home/group1/dd2419_ws/install/usb_cam/share/ament_index/resource_index/packages/usb_cam
[29.556s] -- Symlinking: /home/group1/dd2419_ws/install/usb_cam/share/ament_index/resource_index/rclcpp_components/usb_cam
[29.566s] -- Symlinking: /home/group1/dd2419_ws/install/usb_cam/share/usb_cam/cmake/ament_cmake_export_libraries-extras.cmake
[29.576s] -- Symlinking: /home/group1/dd2419_ws/install/usb_cam/share/usb_cam/cmake/ament_cmake_export_dependencies-extras.cmake
[29.586s] -- Symlinking: /home/group1/dd2419_ws/install/usb_cam/share/usb_cam/cmake/ament_cmake_export_include_directories-extras.cmake
[29.596s] -- Symlinking: /home/group1/dd2419_ws/install/usb_cam/share/usb_cam/cmake/usb_camConfig.cmake
[29.606s] -- Symlinking: /home/group1/dd2419_ws/install/usb_cam/share/usb_cam/cmake/usb_camConfig-version.cmake
[29.615s] -- Symlinking: /home/group1/dd2419_ws/install/usb_cam/share/usb_cam/package.xml
[29.628s] Invoked command in '/home/group1/dd2419_ws/build/usb_cam' returned '0': CMAKE_PREFIX_PATH=${CMAKE_PREFIX_PATH}:/home/group1/dd2419_ws/install/steering:/home/group1/dd2419_ws/install/robp_launch:/home/group1/dd2419_ws/install/robot_odometry:/home/group1/dd2419_ws/install/pickup:/home/group1/dd2419_ws/install/odometry:/home/group1/dd2419_ws/install/localisation:/home/group1/dd2419_ws/install/lidar:/home/group1/dd2419_ws/install/display:/home/group1/dd2419_ws/install/detection:/home/group1/dd2419_ws/install/controller:/home/group1/dd2419_ws/install/arm_servos_pubs_subs:/opt/ros/jazzy DEBUGINFOD_URLS=https://debuginfod.ubuntu.com /usr/bin/cmake --install /home/group1/dd2419_ws/build/usb_cam
