[3.085s] Invoking command in '/home/group1/dd2419_ws/build/controller': DEBUGINFOD_URLS=https://debuginfod.ubuntu.com PYTHONPATH=/home/group1/dd2419_ws/build/controller/prefix_override:/usr/lib/python3/dist-packages/colcon_core/task/python/colcon_distutils_commands:/home/group1/dd2419_ws/install/controller/lib/python3.12/site-packages:${PYTHONPATH} /usr/bin/python3 -W ignore:setup.py install is deprecated -W ignore:easy_install command is deprecated setup.py develop --editable --build-directory /home/group1/dd2419_ws/build/controller/build --no-deps symlink_data
[3.966s] running develop
[4.428s] running egg_info
[4.428s] creating controller.egg-info
[4.476s] writing controller.egg-info/PKG-INFO
[4.477s] writing dependency_links to controller.egg-info/dependency_links.txt
[4.478s] writing entry points to controller.egg-info/entry_points.txt
[4.480s] writing requirements to controller.egg-info/requires.txt
[4.480s] writing top-level names to controller.egg-info/top_level.txt
[4.484s] writing manifest file 'controller.egg-info/SOURCES.txt'
[4.589s] reading manifest file 'controller.egg-info/SOURCES.txt'
[4.590s] writing manifest file 'controller.egg-info/SOURCES.txt'
[4.636s] running build_ext
[4.636s] Creating /home/group1/dd2419_ws/install/controller/lib/python3.12/site-packages/controller.egg-link (link to .)
[4.636s] Installing controller script to /home/group1/dd2419_ws/install/controller/lib/controller
[4.636s] 
[4.636s] Installed /home/group1/dd2419_ws/build/controller
[4.637s] running symlink_data
[4.637s] creating /home/group1/dd2419_ws/install/controller/share/ament_index
[4.637s] creating /home/group1/dd2419_ws/install/controller/share/ament_index/resource_index
[4.637s] creating /home/group1/dd2419_ws/install/controller/share/ament_index/resource_index/packages
[4.637s] symbolically linking /home/group1/dd2419_ws/build/controller/resource/controller -> /home/group1/dd2419_ws/install/controller/share/ament_index/resource_index/packages
[4.638s] symbolically linking /home/group1/dd2419_ws/build/controller/package.xml -> /home/group1/dd2419_ws/install/controller/share/controller
[4.993s] Invoked command in '/home/group1/dd2419_ws/build/controller' returned '0': DEBUGINFOD_URLS=https://debuginfod.ubuntu.com PYTHONPATH=/home/group1/dd2419_ws/build/controller/prefix_override:/usr/lib/python3/dist-packages/colcon_core/task/python/colcon_distutils_commands:/home/group1/dd2419_ws/install/controller/lib/python3.12/site-packages:${PYTHONPATH} /usr/bin/python3 -W ignore:setup.py install is deprecated -W ignore:easy_install command is deprecated setup.py develop --editable --build-directory /home/group1/dd2419_ws/build/controller/build --no-deps symlink_data
