[0.037s] Invoking command in '/home/robot/dd2419_ws/src/build/robp_interfaces': CMAKE_PREFIX_PATH=${CMAKE_PREFIX_PATH}:/home/robot/dd2419_ws/install/robp_launch:/home/robot/dd2419_ws/install/robot_odometry:/home/robot/dd2419_ws/install/pickup:/home/robot/dd2419_ws/install/odometry:/home/robot/dd2419_ws/install/lidar:/home/robot/dd2419_ws/install/display:/home/robot/dd2419_ws/install/detection:/home/robot/dd2419_ws/install/controller:/home/robot/dd2419_ws/install/arm_servos_pubs_subs:/opt/ros/jazzy DEBUGINFOD_URLS=https://debuginfod.ubuntu.com /usr/bin/cmake /home/robot/dd2419_ws/src/robp_robot/robp_interfaces -DCMAKE_INSTALL_PREFIX=/home/robot/dd2419_ws/src/install/robp_interfaces
[1.196s] -- The C compiler identification is GNU 13.3.0
[1.196s] -- The CXX compiler identification is GNU 13.3.0
[1.196s] -- Detecting C compiler ABI info
[1.196s] -- Detecting C compiler ABI info - done
[1.196s] -- Check for working C compiler: /usr/bin/cc - skipped
[1.196s] -- Detecting C compile features
[1.196s] -- Detecting C compile features - done
[1.196s] -- Detecting CXX compiler ABI info
[1.196s] -- Detecting CXX compiler ABI info - done
[1.196s] -- Check for working CXX compiler: /usr/bin/c++ - skipped
[1.196s] -- Detecting CXX compile features
[1.196s] -- Detecting CXX compile features - done
[1.196s] -- Found ament_cmake: 2.5.3 (/opt/ros/jazzy/share/ament_cmake/cmake)
[1.196s] -- Found Python3: /usr/bin/python3 (found version "3.12.3") found components: Interpreter 
[1.197s] -- Found rosidl_default_generators: 1.6.0 (/opt/ros/jazzy/share/rosidl_default_generators/cmake)
[1.197s] -- Using all available rosidl_typesupport_c: rosidl_typesupport_fastrtps_c;rosidl_typesupport_introspection_c
[1.197s] -- Using all available rosidl_typesupport_cpp: rosidl_typesupport_fastrtps_cpp;rosidl_typesupport_introspection_cpp
[1.197s] -- Found rosidl_adapter: 4.6.5 (/opt/ros/jazzy/share/rosidl_adapter/cmake)
[1.197s] -- Found std_msgs: 5.3.5 (/opt/ros/jazzy/share/std_msgs/cmake)
[1.197s] -- Found ament_cmake_ros: 0.12.0 (/opt/ros/jazzy/share/ament_cmake_ros/cmake)
[1.430s] -- Using all available rosidl_typesupport_c: rosidl_typesupport_fastrtps_c;rosidl_typesupport_introspection_c
[1.987s] -- Using all available rosidl_typesupport_cpp: rosidl_typesupport_fastrtps_cpp;rosidl_typesupport_introspection_cpp
[1.992s] -- Found python_cmake_module: 0.11.1 (/opt/ros/jazzy/share/python_cmake_module/cmake)
[2.138s] -- Found PythonExtra: /usr/bin/python3  
[2.782s] -- Found Python3: /usr/bin/python3 (found version "3.12.3") found components: Interpreter Development NumPy Development.Module Development.Embed 
[2.911s] -- Found ament_lint_auto: 0.17.1 (/opt/ros/jazzy/share/ament_lint_auto/cmake)
[2.932s] -- Added test 'lint_cmake' to check CMake code style
[2.934s] -- Added test 'xmllint' to check XML markup files
[2.937s] -- Configuring done (2.9s)
[2.993s] -- Generating done (0.0s)
[3.019s] -- Build files have been written to: /home/robot/dd2419_ws/src/build/robp_interfaces
[3.062s] Invoked command in '/home/robot/dd2419_ws/src/build/robp_interfaces' returned '0': CMAKE_PREFIX_PATH=${CMAKE_PREFIX_PATH}:/home/robot/dd2419_ws/install/robp_launch:/home/robot/dd2419_ws/install/robot_odometry:/home/robot/dd2419_ws/install/pickup:/home/robot/dd2419_ws/install/odometry:/home/robot/dd2419_ws/install/lidar:/home/robot/dd2419_ws/install/display:/home/robot/dd2419_ws/install/detection:/home/robot/dd2419_ws/install/controller:/home/robot/dd2419_ws/install/arm_servos_pubs_subs:/opt/ros/jazzy DEBUGINFOD_URLS=https://debuginfod.ubuntu.com /usr/bin/cmake /home/robot/dd2419_ws/src/robp_robot/robp_interfaces -DCMAKE_INSTALL_PREFIX=/home/robot/dd2419_ws/src/install/robp_interfaces
[3.063s] Invoking command in '/home/robot/dd2419_ws/src/build/robp_interfaces': CMAKE_PREFIX_PATH=${CMAKE_PREFIX_PATH}:/home/robot/dd2419_ws/install/robp_launch:/home/robot/dd2419_ws/install/robot_odometry:/home/robot/dd2419_ws/install/pickup:/home/robot/dd2419_ws/install/odometry:/home/robot/dd2419_ws/install/lidar:/home/robot/dd2419_ws/install/display:/home/robot/dd2419_ws/install/detection:/home/robot/dd2419_ws/install/controller:/home/robot/dd2419_ws/install/arm_servos_pubs_subs:/opt/ros/jazzy DEBUGINFOD_URLS=https://debuginfod.ubuntu.com /usr/bin/cmake --build /home/robot/dd2419_ws/src/build/robp_interfaces -- -j12 -l12
[3.187s] [  2%] [34m[1mGenerating type hashes for ROS interfaces[0m
[3.200s] [  2%] Built target ament_cmake_python_copy_robp_interfaces
[3.524s] running egg_info
[3.526s] creating robp_interfaces.egg-info
[3.533s] [  2%] Built target robp_interfaces__rosidl_generator_type_description
[3.547s] writing robp_interfaces.egg-info/PKG-INFO
[3.548s] writing dependency_links to robp_interfaces.egg-info/dependency_links.txt
[3.548s] writing top-level names to robp_interfaces.egg-info/top_level.txt
[3.548s] writing manifest file 'robp_interfaces.egg-info/SOURCES.txt'
[3.555s] [  4%] [34m[1mGenerating C code for ROS interfaces[0m
[3.572s] [  6%] [34m[1mGenerating C++ code for ROS interfaces[0m
[3.619s] reading manifest file 'robp_interfaces.egg-info/SOURCES.txt'
[3.619s] writing manifest file 'robp_interfaces.egg-info/SOURCES.txt'
[3.667s] [  6%] Built target ament_cmake_python_build_robp_interfaces_egg
[3.993s] [  6%] Built target robp_interfaces__cpp
[4.011s] [ 11%] [32mBuilding C object CMakeFiles/robp_interfaces__rosidl_generator_c.dir/rosidl_generator_c/robp_interfaces/msg/detail/duty_cycles__type_support.c.o[0m
[4.011s] [ 11%] [32mBuilding C object CMakeFiles/robp_interfaces__rosidl_generator_c.dir/rosidl_generator_c/robp_interfaces/msg/detail/duty_cycles__functions.c.o[0m
[4.011s] [ 13%] [32mBuilding C object CMakeFiles/robp_interfaces__rosidl_generator_c.dir/rosidl_generator_c/robp_interfaces/msg/detail/duty_cycles__description.c.o[0m
[4.014s] [ 15%] [32mBuilding C object CMakeFiles/robp_interfaces__rosidl_generator_c.dir/rosidl_generator_c/robp_interfaces/msg/detail/encoders__functions.c.o[0m
[4.014s] [ 18%] [32mBuilding C object CMakeFiles/robp_interfaces__rosidl_generator_c.dir/rosidl_generator_c/robp_interfaces/msg/detail/encoders__type_support.c.o[0m
[4.017s] [ 20%] [32mBuilding C object CMakeFiles/robp_interfaces__rosidl_generator_c.dir/rosidl_generator_c/robp_interfaces/msg/detail/encoders__description.c.o[0m
[4.068s] [ 22%] [32m[1mLinking C shared library librobp_interfaces__rosidl_generator_c.so[0m
[4.099s] [ 22%] Built target robp_interfaces__rosidl_generator_c
[4.110s] [ 25%] [34m[1mGenerating C type support dispatch for ROS interfaces[0m
[4.111s] [ 27%] [34m[1mGenerating C++ type support for eProsima Fast-RTPS[0m
[4.113s] [ 29%] [34m[1mGenerating C++ introspection for ROS interfaces[0m
[4.119s] [ 31%] [34m[1mGenerating C type support for eProsima Fast-RTPS[0m
[4.119s] [ 34%] [34m[1mGenerating C++ type support dispatch for ROS interfaces[0m
[4.119s] [ 36%] [34m[1mGenerating C introspection for ROS interfaces[0m
[4.470s] [ 38%] [32mBuilding C object CMakeFiles/robp_interfaces__rosidl_typesupport_introspection_c.dir/rosidl_typesupport_introspection_c/robp_interfaces/msg/detail/duty_cycles__type_support.c.o[0m
[4.477s] [ 40%] [32mBuilding C object CMakeFiles/robp_interfaces__rosidl_typesupport_introspection_c.dir/rosidl_typesupport_introspection_c/robp_interfaces/msg/detail/encoders__type_support.c.o[0m
[4.526s] [ 43%] [32mBuilding CXX object CMakeFiles/robp_interfaces__rosidl_typesupport_fastrtps_c.dir/rosidl_typesupport_fastrtps_c/robp_interfaces/msg/detail/duty_cycles__type_support_c.cpp.o[0m
[4.530s] [ 45%] [32mBuilding CXX object CMakeFiles/robp_interfaces__rosidl_typesupport_fastrtps_c.dir/rosidl_typesupport_fastrtps_c/robp_interfaces/msg/detail/encoders__type_support_c.cpp.o[0m
[4.539s] [ 47%] [32mBuilding CXX object CMakeFiles/robp_interfaces__rosidl_typesupport_fastrtps_cpp.dir/rosidl_typesupport_fastrtps_cpp/robp_interfaces/msg/detail/dds_fastrtps/duty_cycles__type_support.cpp.o[0m
[4.542s] [ 50%] [32mBuilding CXX object CMakeFiles/robp_interfaces__rosidl_typesupport_fastrtps_cpp.dir/rosidl_typesupport_fastrtps_cpp/robp_interfaces/msg/detail/dds_fastrtps/encoders__type_support.cpp.o[0m
[4.545s] [ 52%] [32m[1mLinking C shared library librobp_interfaces__rosidl_typesupport_introspection_c.so[0m
[4.620s] [ 52%] Built target robp_interfaces__rosidl_typesupport_introspection_c
[4.643s] [ 54%] [32mBuilding CXX object CMakeFiles/robp_interfaces__rosidl_typesupport_introspection_cpp.dir/rosidl_typesupport_introspection_cpp/robp_interfaces/msg/detail/duty_cycles__type_support.cpp.o[0m
[4.647s] [ 56%] [32mBuilding CXX object CMakeFiles/robp_interfaces__rosidl_typesupport_introspection_cpp.dir/rosidl_typesupport_introspection_cpp/robp_interfaces/msg/detail/encoders__type_support.cpp.o[0m
[4.650s] [ 59%] [32mBuilding CXX object CMakeFiles/robp_interfaces__rosidl_typesupport_cpp.dir/rosidl_typesupport_cpp/robp_interfaces/msg/duty_cycles__type_support.cpp.o[0m
[4.671s] [ 61%] [32mBuilding CXX object CMakeFiles/robp_interfaces__rosidl_typesupport_c.dir/rosidl_typesupport_c/robp_interfaces/msg/encoders__type_support.cpp.o[0m
[4.681s] [ 63%] [32mBuilding CXX object CMakeFiles/robp_interfaces__rosidl_typesupport_cpp.dir/rosidl_typesupport_cpp/robp_interfaces/msg/encoders__type_support.cpp.o[0m
[4.687s] [ 65%] [32mBuilding CXX object CMakeFiles/robp_interfaces__rosidl_typesupport_c.dir/rosidl_typesupport_c/robp_interfaces/msg/duty_cycles__type_support.cpp.o[0m
[4.778s] [ 68%] [32m[1mLinking CXX shared library librobp_interfaces__rosidl_typesupport_c.so[0m
[4.864s] [ 68%] Built target robp_interfaces__rosidl_typesupport_c
[5.039s] [ 70%] [32m[1mLinking CXX shared library librobp_interfaces__rosidl_typesupport_cpp.so[0m
[5.059s] [ 75%] [32m[1mLinking CXX shared library librobp_interfaces__rosidl_typesupport_fastrtps_cpp.so[0m
[5.060s] [ 75%] [32m[1mLinking CXX shared library librobp_interfaces__rosidl_typesupport_fastrtps_c.so[0m
[5.086s] [ 75%] Built target robp_interfaces__rosidl_typesupport_cpp
[5.102s] [ 77%] [32m[1mLinking CXX shared library librobp_interfaces__rosidl_typesupport_introspection_cpp.so[0m
[5.110s] [ 77%] Built target robp_interfaces__rosidl_typesupport_fastrtps_cpp
[5.118s] [ 77%] Built target robp_interfaces__rosidl_typesupport_fastrtps_c
[5.155s] [ 77%] Built target robp_interfaces__rosidl_typesupport_introspection_cpp
[5.169s] [ 77%] Built target robp_interfaces
[5.183s] [ 79%] [34m[1mGenerating Python code for ROS interfaces[0m
[5.439s] [ 79%] Built target robp_interfaces__py
[5.455s] [ 84%] [32mBuilding C object CMakeFiles/robp_interfaces__rosidl_generator_py.dir/rosidl_generator_py/robp_interfaces/msg/_encoders_s.c.o[0m
[5.456s] [ 84%] [32mBuilding C object CMakeFiles/robp_interfaces__rosidl_generator_py.dir/rosidl_generator_py/robp_interfaces/msg/_duty_cycles_s.c.o[0m
[5.572s] [ 86%] [32m[1mLinking C shared library librobp_interfaces__rosidl_generator_py.so[0m
[5.606s] [ 86%] Built target robp_interfaces__rosidl_generator_py
[5.623s] [ 88%] [32mBuilding C object CMakeFiles/robp_interfaces_s__rosidl_typesupport_c.dir/rosidl_generator_py/robp_interfaces/_robp_interfaces_s.ep.rosidl_typesupport_c.c.o[0m
[5.625s] [ 93%] [32mBuilding C object CMakeFiles/robp_interfaces_s__rosidl_typesupport_introspection_c.dir/rosidl_generator_py/robp_interfaces/_robp_interfaces_s.ep.rosidl_typesupport_introspection_c.c.o[0m
[5.625s] [ 93%] [32mBuilding C object CMakeFiles/robp_interfaces_s__rosidl_typesupport_fastrtps_c.dir/rosidl_generator_py/robp_interfaces/_robp_interfaces_s.ep.rosidl_typesupport_fastrtps_c.c.o[0m
[5.712s] [ 95%] [32m[1mLinking C shared module rosidl_generator_py/robp_interfaces/robp_interfaces_s__rosidl_typesupport_introspection_c.so[0m
[5.717s] [ 97%] [32m[1mLinking C shared module rosidl_generator_py/robp_interfaces/robp_interfaces_s__rosidl_typesupport_c.so[0m
[5.734s] [100%] [32m[1mLinking C shared module rosidl_generator_py/robp_interfaces/robp_interfaces_s__rosidl_typesupport_fastrtps_c.so[0m
[5.740s] [100%] Built target robp_interfaces_s__rosidl_typesupport_c
[5.740s] [100%] Built target robp_interfaces_s__rosidl_typesupport_introspection_c
[5.757s] [100%] Built target robp_interfaces_s__rosidl_typesupport_fastrtps_c
[5.765s] Invoked command in '/home/robot/dd2419_ws/src/build/robp_interfaces' returned '0': CMAKE_PREFIX_PATH=${CMAKE_PREFIX_PATH}:/home/robot/dd2419_ws/install/robp_launch:/home/robot/dd2419_ws/install/robot_odometry:/home/robot/dd2419_ws/install/pickup:/home/robot/dd2419_ws/install/odometry:/home/robot/dd2419_ws/install/lidar:/home/robot/dd2419_ws/install/display:/home/robot/dd2419_ws/install/detection:/home/robot/dd2419_ws/install/controller:/home/robot/dd2419_ws/install/arm_servos_pubs_subs:/opt/ros/jazzy DEBUGINFOD_URLS=https://debuginfod.ubuntu.com /usr/bin/cmake --build /home/robot/dd2419_ws/src/build/robp_interfaces -- -j12 -l12
[5.772s] Invoking command in '/home/robot/dd2419_ws/src/build/robp_interfaces': CMAKE_PREFIX_PATH=${CMAKE_PREFIX_PATH}:/home/robot/dd2419_ws/install/robp_launch:/home/robot/dd2419_ws/install/robot_odometry:/home/robot/dd2419_ws/install/pickup:/home/robot/dd2419_ws/install/odometry:/home/robot/dd2419_ws/install/lidar:/home/robot/dd2419_ws/install/display:/home/robot/dd2419_ws/install/detection:/home/robot/dd2419_ws/install/controller:/home/robot/dd2419_ws/install/arm_servos_pubs_subs:/opt/ros/jazzy DEBUGINFOD_URLS=https://debuginfod.ubuntu.com /usr/bin/cmake --install /home/robot/dd2419_ws/src/build/robp_interfaces
[5.777s] -- Install configuration: ""
[5.777s] -- Installing: /home/robot/dd2419_ws/src/install/robp_interfaces/share/ament_index/resource_index/rosidl_interfaces/robp_interfaces
[5.777s] -- Installing: /home/robot/dd2419_ws/src/install/robp_interfaces/share/robp_interfaces/msg/DutyCycles.json
[5.778s] -- Installing: /home/robot/dd2419_ws/src/install/robp_interfaces/share/robp_interfaces/msg/Encoders.json
[5.778s] -- Installing: /home/robot/dd2419_ws/src/install/robp_interfaces/include/robp_interfaces/robp_interfaces
[5.778s] -- Installing: /home/robot/dd2419_ws/src/install/robp_interfaces/include/robp_interfaces/robp_interfaces/msg
[5.778s] -- Installing: /home/robot/dd2419_ws/src/install/robp_interfaces/include/robp_interfaces/robp_interfaces/msg/encoders.h
[5.778s] -- Installing: /home/robot/dd2419_ws/src/install/robp_interfaces/include/robp_interfaces/robp_interfaces/msg/duty_cycles.h
[5.778s] -- Installing: /home/robot/dd2419_ws/src/install/robp_interfaces/include/robp_interfaces/robp_interfaces/msg/detail
[5.778s] -- Installing: /home/robot/dd2419_ws/src/install/robp_interfaces/include/robp_interfaces/robp_interfaces/msg/detail/duty_cycles__struct.h
[5.778s] -- Installing: /home/robot/dd2419_ws/src/install/robp_interfaces/include/robp_interfaces/robp_interfaces/msg/detail/duty_cycles__type_support.h
[5.778s] -- Installing: /home/robot/dd2419_ws/src/install/robp_interfaces/include/robp_interfaces/robp_interfaces/msg/detail/encoders__struct.h
[5.778s] -- Installing: /home/robot/dd2419_ws/src/install/robp_interfaces/include/robp_interfaces/robp_interfaces/msg/detail/encoders__description.c
[5.778s] -- Installing: /home/robot/dd2419_ws/src/install/robp_interfaces/include/robp_interfaces/robp_interfaces/msg/detail/duty_cycles__functions.h
[5.778s] -- Installing: /home/robot/dd2419_ws/src/install/robp_interfaces/include/robp_interfaces/robp_interfaces/msg/detail/duty_cycles__description.c
[5.778s] -- Installing: /home/robot/dd2419_ws/src/install/robp_interfaces/include/robp_interfaces/robp_interfaces/msg/detail/encoders__type_support.h
[5.778s] -- Installing: /home/robot/dd2419_ws/src/install/robp_interfaces/include/robp_interfaces/robp_interfaces/msg/detail/encoders__functions.c
[5.778s] -- Installing: /home/robot/dd2419_ws/src/install/robp_interfaces/include/robp_interfaces/robp_interfaces/msg/detail/encoders__functions.h
[5.779s] -- Installing: /home/robot/dd2419_ws/src/install/robp_interfaces/include/robp_interfaces/robp_interfaces/msg/detail/encoders__type_support.c
[5.779s] -- Installing: /home/robot/dd2419_ws/src/install/robp_interfaces/include/robp_interfaces/robp_interfaces/msg/detail/duty_cycles__type_support.c
[5.779s] -- Installing: /home/robot/dd2419_ws/src/install/robp_interfaces/include/robp_interfaces/robp_interfaces/msg/detail/duty_cycles__functions.c
[5.779s] -- Installing: /home/robot/dd2419_ws/src/install/robp_interfaces/include/robp_interfaces/robp_interfaces/msg/rosidl_generator_c__visibility_control.h
[5.779s] -- Installing: /home/robot/dd2419_ws/src/install/robp_interfaces/share/robp_interfaces/environment/library_path.sh
[5.779s] -- Installing: /home/robot/dd2419_ws/src/install/robp_interfaces/share/robp_interfaces/environment/library_path.dsv
[5.779s] -- Installing: /home/robot/dd2419_ws/src/install/robp_interfaces/lib/librobp_interfaces__rosidl_generator_c.so
[5.779s] -- Set non-toolchain portion of runtime path of "/home/robot/dd2419_ws/src/install/robp_interfaces/lib/librobp_interfaces__rosidl_generator_c.so" to ""
[5.779s] -- Up-to-date: /home/robot/dd2419_ws/src/install/robp_interfaces/include/robp_interfaces/robp_interfaces
[5.779s] -- Up-to-date: /home/robot/dd2419_ws/src/install/robp_interfaces/include/robp_interfaces/robp_interfaces/msg
[5.779s] -- Up-to-date: /home/robot/dd2419_ws/src/install/robp_interfaces/include/robp_interfaces/robp_interfaces/msg/detail
[5.779s] -- Installing: /home/robot/dd2419_ws/src/install/robp_interfaces/include/robp_interfaces/robp_interfaces/msg/detail/duty_cycles__rosidl_typesupport_fastrtps_c.h
[5.779s] -- Installing: /home/robot/dd2419_ws/src/install/robp_interfaces/include/robp_interfaces/robp_interfaces/msg/detail/encoders__rosidl_typesupport_fastrtps_c.h
[5.779s] -- Installing: /home/robot/dd2419_ws/src/install/robp_interfaces/include/robp_interfaces/robp_interfaces/msg/rosidl_typesupport_fastrtps_c__visibility_control.h
[5.780s] -- Installing: /home/robot/dd2419_ws/src/install/robp_interfaces/lib/librobp_interfaces__rosidl_typesupport_fastrtps_c.so
[5.780s] -- Set non-toolchain portion of runtime path of "/home/robot/dd2419_ws/src/install/robp_interfaces/lib/librobp_interfaces__rosidl_typesupport_fastrtps_c.so" to ""
[5.780s] -- Up-to-date: /home/robot/dd2419_ws/src/install/robp_interfaces/include/robp_interfaces/robp_interfaces
[5.780s] -- Up-to-date: /home/robot/dd2419_ws/src/install/robp_interfaces/include/robp_interfaces/robp_interfaces/msg
[5.780s] -- Installing: /home/robot/dd2419_ws/src/install/robp_interfaces/include/robp_interfaces/robp_interfaces/msg/rosidl_typesupport_introspection_c__visibility_control.h
[5.780s] -- Up-to-date: /home/robot/dd2419_ws/src/install/robp_interfaces/include/robp_interfaces/robp_interfaces/msg/detail
[5.780s] -- Installing: /home/robot/dd2419_ws/src/install/robp_interfaces/include/robp_interfaces/robp_interfaces/msg/detail/encoders__type_support.c
[5.780s] -- Installing: /home/robot/dd2419_ws/src/install/robp_interfaces/include/robp_interfaces/robp_interfaces/msg/detail/duty_cycles__type_support.c
[5.780s] -- Installing: /home/robot/dd2419_ws/src/install/robp_interfaces/include/robp_interfaces/robp_interfaces/msg/detail/encoders__rosidl_typesupport_introspection_c.h
[5.780s] -- Installing: /home/robot/dd2419_ws/src/install/robp_interfaces/include/robp_interfaces/robp_interfaces/msg/detail/duty_cycles__rosidl_typesupport_introspection_c.h
[5.780s] -- Installing: /home/robot/dd2419_ws/src/install/robp_interfaces/lib/librobp_interfaces__rosidl_typesupport_introspection_c.so
[5.780s] -- Set non-toolchain portion of runtime path of "/home/robot/dd2419_ws/src/install/robp_interfaces/lib/librobp_interfaces__rosidl_typesupport_introspection_c.so" to ""
[5.780s] -- Installing: /home/robot/dd2419_ws/src/install/robp_interfaces/lib/librobp_interfaces__rosidl_typesupport_c.so
[5.780s] -- Set non-toolchain portion of runtime path of "/home/robot/dd2419_ws/src/install/robp_interfaces/lib/librobp_interfaces__rosidl_typesupport_c.so" to ""
[5.780s] -- Up-to-date: /home/robot/dd2419_ws/src/install/robp_interfaces/include/robp_interfaces/robp_interfaces
[5.780s] -- Up-to-date: /home/robot/dd2419_ws/src/install/robp_interfaces/include/robp_interfaces/robp_interfaces/msg
[5.780s] -- Installing: /home/robot/dd2419_ws/src/install/robp_interfaces/include/robp_interfaces/robp_interfaces/msg/duty_cycles.hpp
[5.781s] -- Installing: /home/robot/dd2419_ws/src/install/robp_interfaces/include/robp_interfaces/robp_interfaces/msg/encoders.hpp
[5.781s] -- Up-to-date: /home/robot/dd2419_ws/src/install/robp_interfaces/include/robp_interfaces/robp_interfaces/msg/detail
[5.781s] -- Installing: /home/robot/dd2419_ws/src/install/robp_interfaces/include/robp_interfaces/robp_interfaces/msg/detail/duty_cycles__traits.hpp
[5.781s] -- Installing: /home/robot/dd2419_ws/src/install/robp_interfaces/include/robp_interfaces/robp_interfaces/msg/detail/encoders__struct.hpp
[5.781s] -- Installing: /home/robot/dd2419_ws/src/install/robp_interfaces/include/robp_interfaces/robp_interfaces/msg/detail/duty_cycles__builder.hpp
[5.781s] -- Installing: /home/robot/dd2419_ws/src/install/robp_interfaces/include/robp_interfaces/robp_interfaces/msg/detail/encoders__builder.hpp
[5.781s] -- Installing: /home/robot/dd2419_ws/src/install/robp_interfaces/include/robp_interfaces/robp_interfaces/msg/detail/encoders__traits.hpp
[5.781s] -- Installing: /home/robot/dd2419_ws/src/install/robp_interfaces/include/robp_interfaces/robp_interfaces/msg/detail/duty_cycles__struct.hpp
[5.781s] -- Installing: /home/robot/dd2419_ws/src/install/robp_interfaces/include/robp_interfaces/robp_interfaces/msg/detail/encoders__type_support.hpp
[5.781s] -- Installing: /home/robot/dd2419_ws/src/install/robp_interfaces/include/robp_interfaces/robp_interfaces/msg/detail/duty_cycles__type_support.hpp
[5.781s] -- Installing: /home/robot/dd2419_ws/src/install/robp_interfaces/include/robp_interfaces/robp_interfaces/msg/rosidl_generator_cpp__visibility_control.hpp
[5.781s] -- Up-to-date: /home/robot/dd2419_ws/src/install/robp_interfaces/include/robp_interfaces/robp_interfaces
[5.781s] -- Up-to-date: /home/robot/dd2419_ws/src/install/robp_interfaces/include/robp_interfaces/robp_interfaces/msg
[5.781s] -- Installing: /home/robot/dd2419_ws/src/install/robp_interfaces/include/robp_interfaces/robp_interfaces/msg/rosidl_typesupport_fastrtps_cpp__visibility_control.h
[5.781s] -- Up-to-date: /home/robot/dd2419_ws/src/install/robp_interfaces/include/robp_interfaces/robp_interfaces/msg/detail
[5.782s] -- Installing: /home/robot/dd2419_ws/src/install/robp_interfaces/include/robp_interfaces/robp_interfaces/msg/detail/duty_cycles__rosidl_typesupport_fastrtps_cpp.hpp
[5.782s] -- Installing: /home/robot/dd2419_ws/src/install/robp_interfaces/include/robp_interfaces/robp_interfaces/msg/detail/encoders__rosidl_typesupport_fastrtps_cpp.hpp
[5.782s] -- Installing: /home/robot/dd2419_ws/src/install/robp_interfaces/include/robp_interfaces/robp_interfaces/msg/detail/dds_fastrtps
[5.782s] -- Installing: /home/robot/dd2419_ws/src/install/robp_interfaces/lib/librobp_interfaces__rosidl_typesupport_fastrtps_cpp.so
[5.782s] -- Set non-toolchain portion of runtime path of "/home/robot/dd2419_ws/src/install/robp_interfaces/lib/librobp_interfaces__rosidl_typesupport_fastrtps_cpp.so" to ""
[5.782s] -- Up-to-date: /home/robot/dd2419_ws/src/install/robp_interfaces/include/robp_interfaces/robp_interfaces
[5.782s] -- Up-to-date: /home/robot/dd2419_ws/src/install/robp_interfaces/include/robp_interfaces/robp_interfaces/msg
[5.782s] -- Up-to-date: /home/robot/dd2419_ws/src/install/robp_interfaces/include/robp_interfaces/robp_interfaces/msg/detail
[5.782s] -- Installing: /home/robot/dd2419_ws/src/install/robp_interfaces/include/robp_interfaces/robp_interfaces/msg/detail/duty_cycles__rosidl_typesupport_introspection_cpp.hpp
[5.782s] -- Installing: /home/robot/dd2419_ws/src/install/robp_interfaces/include/robp_interfaces/robp_interfaces/msg/detail/encoders__type_support.cpp
[5.782s] -- Installing: /home/robot/dd2419_ws/src/install/robp_interfaces/include/robp_interfaces/robp_interfaces/msg/detail/duty_cycles__type_support.cpp
[5.782s] -- Installing: /home/robot/dd2419_ws/src/install/robp_interfaces/include/robp_interfaces/robp_interfaces/msg/detail/encoders__rosidl_typesupport_introspection_cpp.hpp
[5.782s] -- Installing: /home/robot/dd2419_ws/src/install/robp_interfaces/lib/librobp_interfaces__rosidl_typesupport_introspection_cpp.so
[5.782s] -- Set non-toolchain portion of runtime path of "/home/robot/dd2419_ws/src/install/robp_interfaces/lib/librobp_interfaces__rosidl_typesupport_introspection_cpp.so" to ""
[5.782s] -- Installing: /home/robot/dd2419_ws/src/install/robp_interfaces/lib/librobp_interfaces__rosidl_typesupport_cpp.so
[5.782s] -- Set non-toolchain portion of runtime path of "/home/robot/dd2419_ws/src/install/robp_interfaces/lib/librobp_interfaces__rosidl_typesupport_cpp.so" to ""
[5.783s] -- Installing: /home/robot/dd2419_ws/src/install/robp_interfaces/share/robp_interfaces/environment/pythonpath.sh
[5.783s] -- Installing: /home/robot/dd2419_ws/src/install/robp_interfaces/share/robp_interfaces/environment/pythonpath.dsv
[5.783s] -- Installing: /home/robot/dd2419_ws/src/install/robp_interfaces/lib/python3.12/site-packages/robp_interfaces-1.0.0-py3.12.egg-info
[5.783s] -- Installing: /home/robot/dd2419_ws/src/install/robp_interfaces/lib/python3.12/site-packages/robp_interfaces-1.0.0-py3.12.egg-info/PKG-INFO
[5.783s] -- Installing: /home/robot/dd2419_ws/src/install/robp_interfaces/lib/python3.12/site-packages/robp_interfaces-1.0.0-py3.12.egg-info/SOURCES.txt
[5.783s] -- Installing: /home/robot/dd2419_ws/src/install/robp_interfaces/lib/python3.12/site-packages/robp_interfaces-1.0.0-py3.12.egg-info/top_level.txt
[5.783s] -- Installing: /home/robot/dd2419_ws/src/install/robp_interfaces/lib/python3.12/site-packages/robp_interfaces-1.0.0-py3.12.egg-info/dependency_links.txt
[5.783s] -- Installing: /home/robot/dd2419_ws/src/install/robp_interfaces/lib/python3.12/site-packages/robp_interfaces
[5.783s] -- Installing: /home/robot/dd2419_ws/src/install/robp_interfaces/lib/python3.12/site-packages/robp_interfaces/robp_interfaces_s__rosidl_typesupport_c.so
[5.783s] -- Installing: /home/robot/dd2419_ws/src/install/robp_interfaces/lib/python3.12/site-packages/robp_interfaces/_robp_interfaces_s.ep.rosidl_typesupport_introspection_c.c
[5.783s] -- Installing: /home/robot/dd2419_ws/src/install/robp_interfaces/lib/python3.12/site-packages/robp_interfaces/msg
[5.783s] -- Installing: /home/robot/dd2419_ws/src/install/robp_interfaces/lib/python3.12/site-packages/robp_interfaces/msg/_encoders_s.c
[5.783s] -- Installing: /home/robot/dd2419_ws/src/install/robp_interfaces/lib/python3.12/site-packages/robp_interfaces/msg/__init__.py
[5.783s] -- Installing: /home/robot/dd2419_ws/src/install/robp_interfaces/lib/python3.12/site-packages/robp_interfaces/msg/_encoders.py
[5.783s] -- Installing: /home/robot/dd2419_ws/src/install/robp_interfaces/lib/python3.12/site-packages/robp_interfaces/msg/_duty_cycles_s.c
[5.783s] -- Installing: /home/robot/dd2419_ws/src/install/robp_interfaces/lib/python3.12/site-packages/robp_interfaces/msg/_duty_cycles.py
[5.783s] -- Installing: /home/robot/dd2419_ws/src/install/robp_interfaces/lib/python3.12/site-packages/robp_interfaces/robp_interfaces_s__rosidl_typesupport_fastrtps_c.so
[5.783s] -- Installing: /home/robot/dd2419_ws/src/install/robp_interfaces/lib/python3.12/site-packages/robp_interfaces/robp_interfaces_s__rosidl_typesupport_introspection_c.so
[5.784s] -- Installing: /home/robot/dd2419_ws/src/install/robp_interfaces/lib/python3.12/site-packages/robp_interfaces/_robp_interfaces_s.ep.rosidl_typesupport_fastrtps_c.c
[5.784s] -- Installing: /home/robot/dd2419_ws/src/install/robp_interfaces/lib/python3.12/site-packages/robp_interfaces/__init__.py
[5.784s] -- Installing: /home/robot/dd2419_ws/src/install/robp_interfaces/lib/python3.12/site-packages/robp_interfaces/_robp_interfaces_s.ep.rosidl_typesupport_c.c
[5.814s] Listing '/home/robot/dd2419_ws/src/install/robp_interfaces/lib/python3.12/site-packages/robp_interfaces'...
[5.814s] Compiling '/home/robot/dd2419_ws/src/install/robp_interfaces/lib/python3.12/site-packages/robp_interfaces/__init__.py'...
[5.814s] Listing '/home/robot/dd2419_ws/src/install/robp_interfaces/lib/python3.12/site-packages/robp_interfaces/msg'...
[5.814s] Compiling '/home/robot/dd2419_ws/src/install/robp_interfaces/lib/python3.12/site-packages/robp_interfaces/msg/__init__.py'...
[5.814s] Compiling '/home/robot/dd2419_ws/src/install/robp_interfaces/lib/python3.12/site-packages/robp_interfaces/msg/_duty_cycles.py'...
[5.814s] Compiling '/home/robot/dd2419_ws/src/install/robp_interfaces/lib/python3.12/site-packages/robp_interfaces/msg/_encoders.py'...
[5.819s] -- Installing: /home/robot/dd2419_ws/src/install/robp_interfaces/lib/python3.12/site-packages/robp_interfaces/robp_interfaces_s__rosidl_typesupport_fastrtps_c.so
[5.819s] -- Set non-toolchain portion of runtime path of "/home/robot/dd2419_ws/src/install/robp_interfaces/lib/python3.12/site-packages/robp_interfaces/robp_interfaces_s__rosidl_typesupport_fastrtps_c.so" to ""
[5.819s] -- Installing: /home/robot/dd2419_ws/src/install/robp_interfaces/lib/python3.12/site-packages/robp_interfaces/robp_interfaces_s__rosidl_typesupport_introspection_c.so
[5.819s] -- Set non-toolchain portion of runtime path of "/home/robot/dd2419_ws/src/install/robp_interfaces/lib/python3.12/site-packages/robp_interfaces/robp_interfaces_s__rosidl_typesupport_introspection_c.so" to ""
[5.819s] -- Installing: /home/robot/dd2419_ws/src/install/robp_interfaces/lib/python3.12/site-packages/robp_interfaces/robp_interfaces_s__rosidl_typesupport_c.so
[5.819s] -- Set non-toolchain portion of runtime path of "/home/robot/dd2419_ws/src/install/robp_interfaces/lib/python3.12/site-packages/robp_interfaces/robp_interfaces_s__rosidl_typesupport_c.so" to ""
[5.819s] -- Installing: /home/robot/dd2419_ws/src/install/robp_interfaces/lib/librobp_interfaces__rosidl_generator_py.so
[5.819s] -- Set non-toolchain portion of runtime path of "/home/robot/dd2419_ws/src/install/robp_interfaces/lib/librobp_interfaces__rosidl_generator_py.so" to ""
[5.819s] -- Installing: /home/robot/dd2419_ws/src/install/robp_interfaces/share/robp_interfaces/msg/DutyCycles.idl
[5.819s] -- Installing: /home/robot/dd2419_ws/src/install/robp_interfaces/share/robp_interfaces/msg/Encoders.idl
[5.820s] -- Installing: /home/robot/dd2419_ws/src/install/robp_interfaces/share/robp_interfaces/msg/DutyCycles.msg
[5.820s] -- Installing: /home/robot/dd2419_ws/src/install/robp_interfaces/share/robp_interfaces/msg/Encoders.msg
[5.820s] -- Installing: /home/robot/dd2419_ws/src/install/robp_interfaces/share/ament_index/resource_index/package_run_dependencies/robp_interfaces
[5.820s] -- Installing: /home/robot/dd2419_ws/src/install/robp_interfaces/share/ament_index/resource_index/parent_prefix_path/robp_interfaces
[5.820s] -- Installing: /home/robot/dd2419_ws/src/install/robp_interfaces/share/robp_interfaces/environment/ament_prefix_path.sh
[5.820s] -- Installing: /home/robot/dd2419_ws/src/install/robp_interfaces/share/robp_interfaces/environment/ament_prefix_path.dsv
[5.820s] -- Installing: /home/robot/dd2419_ws/src/install/robp_interfaces/share/robp_interfaces/environment/path.sh
[5.820s] -- Installing: /home/robot/dd2419_ws/src/install/robp_interfaces/share/robp_interfaces/environment/path.dsv
[5.820s] -- Installing: /home/robot/dd2419_ws/src/install/robp_interfaces/share/robp_interfaces/local_setup.bash
[5.820s] -- Installing: /home/robot/dd2419_ws/src/install/robp_interfaces/share/robp_interfaces/local_setup.sh
[5.820s] -- Installing: /home/robot/dd2419_ws/src/install/robp_interfaces/share/robp_interfaces/local_setup.zsh
[5.820s] -- Installing: /home/robot/dd2419_ws/src/install/robp_interfaces/share/robp_interfaces/local_setup.dsv
[5.820s] -- Installing: /home/robot/dd2419_ws/src/install/robp_interfaces/share/robp_interfaces/package.dsv
[5.820s] -- Installing: /home/robot/dd2419_ws/src/install/robp_interfaces/share/ament_index/resource_index/packages/robp_interfaces
[5.820s] -- Installing: /home/robot/dd2419_ws/src/install/robp_interfaces/share/robp_interfaces/cmake/export_robp_interfaces__rosidl_generator_cExport.cmake
[5.821s] -- Installing: /home/robot/dd2419_ws/src/install/robp_interfaces/share/robp_interfaces/cmake/export_robp_interfaces__rosidl_generator_cExport-noconfig.cmake
[5.821s] -- Installing: /home/robot/dd2419_ws/src/install/robp_interfaces/share/robp_interfaces/cmake/export_robp_interfaces__rosidl_typesupport_fastrtps_cExport.cmake
[5.821s] -- Installing: /home/robot/dd2419_ws/src/install/robp_interfaces/share/robp_interfaces/cmake/export_robp_interfaces__rosidl_typesupport_fastrtps_cExport-noconfig.cmake
[5.821s] -- Installing: /home/robot/dd2419_ws/src/install/robp_interfaces/share/robp_interfaces/cmake/robp_interfaces__rosidl_typesupport_introspection_cExport.cmake
[5.821s] -- Installing: /home/robot/dd2419_ws/src/install/robp_interfaces/share/robp_interfaces/cmake/robp_interfaces__rosidl_typesupport_introspection_cExport-noconfig.cmake
[5.821s] -- Installing: /home/robot/dd2419_ws/src/install/robp_interfaces/share/robp_interfaces/cmake/robp_interfaces__rosidl_typesupport_cExport.cmake
[5.821s] -- Installing: /home/robot/dd2419_ws/src/install/robp_interfaces/share/robp_interfaces/cmake/robp_interfaces__rosidl_typesupport_cExport-noconfig.cmake
[5.821s] -- Installing: /home/robot/dd2419_ws/src/install/robp_interfaces/share/robp_interfaces/cmake/export_robp_interfaces__rosidl_generator_cppExport.cmake
[5.821s] -- Installing: /home/robot/dd2419_ws/src/install/robp_interfaces/share/robp_interfaces/cmake/export_robp_interfaces__rosidl_typesupport_fastrtps_cppExport.cmake
[5.821s] -- Installing: /home/robot/dd2419_ws/src/install/robp_interfaces/share/robp_interfaces/cmake/export_robp_interfaces__rosidl_typesupport_fastrtps_cppExport-noconfig.cmake
[5.821s] -- Installing: /home/robot/dd2419_ws/src/install/robp_interfaces/share/robp_interfaces/cmake/robp_interfaces__rosidl_typesupport_introspection_cppExport.cmake
[5.821s] -- Installing: /home/robot/dd2419_ws/src/install/robp_interfaces/share/robp_interfaces/cmake/robp_interfaces__rosidl_typesupport_introspection_cppExport-noconfig.cmake
[5.821s] -- Installing: /home/robot/dd2419_ws/src/install/robp_interfaces/share/robp_interfaces/cmake/robp_interfaces__rosidl_typesupport_cppExport.cmake
[5.821s] -- Installing: /home/robot/dd2419_ws/src/install/robp_interfaces/share/robp_interfaces/cmake/robp_interfaces__rosidl_typesupport_cppExport-noconfig.cmake
[5.821s] -- Installing: /home/robot/dd2419_ws/src/install/robp_interfaces/share/robp_interfaces/cmake/export_robp_interfaces__rosidl_generator_pyExport.cmake
[5.822s] -- Installing: /home/robot/dd2419_ws/src/install/robp_interfaces/share/robp_interfaces/cmake/export_robp_interfaces__rosidl_generator_pyExport-noconfig.cmake
[5.822s] -- Installing: /home/robot/dd2419_ws/src/install/robp_interfaces/share/robp_interfaces/cmake/rosidl_cmake-extras.cmake
[5.822s] -- Installing: /home/robot/dd2419_ws/src/install/robp_interfaces/share/robp_interfaces/cmake/ament_cmake_export_dependencies-extras.cmake
[5.822s] -- Installing: /home/robot/dd2419_ws/src/install/robp_interfaces/share/robp_interfaces/cmake/ament_cmake_export_include_directories-extras.cmake
[5.822s] -- Installing: /home/robot/dd2419_ws/src/install/robp_interfaces/share/robp_interfaces/cmake/ament_cmake_export_libraries-extras.cmake
[5.822s] -- Installing: /home/robot/dd2419_ws/src/install/robp_interfaces/share/robp_interfaces/cmake/ament_cmake_export_targets-extras.cmake
[5.822s] -- Installing: /home/robot/dd2419_ws/src/install/robp_interfaces/share/robp_interfaces/cmake/rosidl_cmake_export_typesupport_targets-extras.cmake
[5.822s] -- Installing: /home/robot/dd2419_ws/src/install/robp_interfaces/share/robp_interfaces/cmake/rosidl_cmake_export_typesupport_libraries-extras.cmake
[5.822s] -- Installing: /home/robot/dd2419_ws/src/install/robp_interfaces/share/robp_interfaces/cmake/robp_interfacesConfig.cmake
[5.822s] -- Installing: /home/robot/dd2419_ws/src/install/robp_interfaces/share/robp_interfaces/cmake/robp_interfacesConfig-version.cmake
[5.822s] -- Installing: /home/robot/dd2419_ws/src/install/robp_interfaces/share/robp_interfaces/package.xml
[5.823s] Invoked command in '/home/robot/dd2419_ws/src/build/robp_interfaces' returned '0': CMAKE_PREFIX_PATH=${CMAKE_PREFIX_PATH}:/home/robot/dd2419_ws/install/robp_launch:/home/robot/dd2419_ws/install/robot_odometry:/home/robot/dd2419_ws/install/pickup:/home/robot/dd2419_ws/install/odometry:/home/robot/dd2419_ws/install/lidar:/home/robot/dd2419_ws/install/display:/home/robot/dd2419_ws/install/detection:/home/robot/dd2419_ws/install/controller:/home/robot/dd2419_ws/install/arm_servos_pubs_subs:/opt/ros/jazzy DEBUGINFOD_URLS=https://debuginfod.ubuntu.com /usr/bin/cmake --install /home/robot/dd2419_ws/src/build/robp_interfaces
