running egg_info
creating ../build/lidar/lidar.egg-info
writing ../build/lidar/lidar.egg-info/PKG-INFO
writing dependency_links to ../build/lidar/lidar.egg-info/dependency_links.txt
writing entry points to ../build/lidar/lidar.egg-info/entry_points.txt
writing requirements to ../build/lidar/lidar.egg-info/requires.txt
writing top-level names to ../build/lidar/lidar.egg-info/top_level.txt
writing manifest file '../build/lidar/lidar.egg-info/SOURCES.txt'
reading manifest file '../build/lidar/lidar.egg-info/SOURCES.txt'
writing manifest file '../build/lidar/lidar.egg-info/SOURCES.txt'
running build
running build_py
creating /home/robot/dd2419_ws/src/build/lidar/build
creating /home/robot/dd2419_ws/src/build/lidar/build/lib
creating /home/robot/dd2419_ws/src/build/lidar/build/lib/lidar
copying lidar/__init__.py -> /home/robot/dd2419_ws/src/build/lidar/build/lib/lidar
copying lidar/lidar.py -> /home/robot/dd2419_ws/src/build/lidar/build/lib/lidar
running install
running install_lib
creating /home/robot/dd2419_ws/src/install/lidar/lib/python3.12/site-packages/lidar
copying /home/robot/dd2419_ws/src/build/lidar/build/lib/lidar/__init__.py -> /home/robot/dd2419_ws/src/install/lidar/lib/python3.12/site-packages/lidar
copying /home/robot/dd2419_ws/src/build/lidar/build/lib/lidar/lidar.py -> /home/robot/dd2419_ws/src/install/lidar/lib/python3.12/site-packages/lidar
byte-compiling /home/robot/dd2419_ws/src/install/lidar/lib/python3.12/site-packages/lidar/__init__.py to __init__.cpython-312.pyc
byte-compiling /home/robot/dd2419_ws/src/install/lidar/lib/python3.12/site-packages/lidar/lidar.py to lidar.cpython-312.pyc
running install_data
creating /home/robot/dd2419_ws/src/install/lidar/share/ament_index
creating /home/robot/dd2419_ws/src/install/lidar/share/ament_index/resource_index
creating /home/robot/dd2419_ws/src/install/lidar/share/ament_index/resource_index/packages
copying resource/lidar -> /home/robot/dd2419_ws/src/install/lidar/share/ament_index/resource_index/packages
copying package.xml -> /home/robot/dd2419_ws/src/install/lidar/share/lidar
running install_egg_info
Copying ../build/lidar/lidar.egg-info to /home/robot/dd2419_ws/src/install/lidar/lib/python3.12/site-packages/lidar-0.0.0-py3.12.egg-info
running install_scripts
Installing lidar script to /home/robot/dd2419_ws/src/install/lidar/lib/lidar
writing list of installed files to '/home/robot/dd2419_ws/src/build/lidar/install.log'
