[2.160s] Invoking command in '/home/robot/dd2419_ws/src/lidar': DEBUGINFOD_URLS=https://debuginfod.ubuntu.com PYTHONPATH=/home/robot/dd2419_ws/src/build/lidar/prefix_override:/usr/lib/python3/dist-packages/colcon_core/task/python/colcon_distutils_commands:/home/robot/dd2419_ws/src/install/lidar/lib/python3.12/site-packages:${PYTHONPATH} /usr/bin/python3 -W ignore:setup.py install is deprecated -W ignore:easy_install command is deprecated setup.py egg_info --egg-base ../build/lidar build --build-base /home/robot/dd2419_ws/src/build/lidar/build install --record /home/robot/dd2419_ws/src/build/lidar/install.log --single-version-externally-managed install_data
[2.443s] running egg_info
[2.443s] creating ../build/lidar/lidar.egg-info
[2.461s] writing ../build/lidar/lidar.egg-info/PKG-INFO
[2.461s] writing dependency_links to ../build/lidar/lidar.egg-info/dependency_links.txt
[2.461s] writing entry points to ../build/lidar/lidar.egg-info/entry_points.txt
[2.461s] writing requirements to ../build/lidar/lidar.egg-info/requires.txt
[2.461s] writing top-level names to ../build/lidar/lidar.egg-info/top_level.txt
[2.462s] writing manifest file '../build/lidar/lidar.egg-info/SOURCES.txt'
[2.505s] reading manifest file '../build/lidar/lidar.egg-info/SOURCES.txt'
[2.505s] writing manifest file '../build/lidar/lidar.egg-info/SOURCES.txt'
[2.505s] running build
[2.505s] running build_py
[2.505s] creating /home/robot/dd2419_ws/src/build/lidar/build
[2.505s] creating /home/robot/dd2419_ws/src/build/lidar/build/lib
[2.505s] creating /home/robot/dd2419_ws/src/build/lidar/build/lib/lidar
[2.505s] copying lidar/__init__.py -> /home/robot/dd2419_ws/src/build/lidar/build/lib/lidar
[2.505s] copying lidar/lidar.py -> /home/robot/dd2419_ws/src/build/lidar/build/lib/lidar
[2.506s] running install
[2.524s] running install_lib
[2.539s] creating /home/robot/dd2419_ws/src/install/lidar/lib/python3.12/site-packages/lidar
[2.540s] copying /home/robot/dd2419_ws/src/build/lidar/build/lib/lidar/__init__.py -> /home/robot/dd2419_ws/src/install/lidar/lib/python3.12/site-packages/lidar
[2.540s] copying /home/robot/dd2419_ws/src/build/lidar/build/lib/lidar/lidar.py -> /home/robot/dd2419_ws/src/install/lidar/lib/python3.12/site-packages/lidar
[2.540s] byte-compiling /home/robot/dd2419_ws/src/install/lidar/lib/python3.12/site-packages/lidar/__init__.py to __init__.cpython-312.pyc
[2.541s] byte-compiling /home/robot/dd2419_ws/src/install/lidar/lib/python3.12/site-packages/lidar/lidar.py to lidar.cpython-312.pyc
[2.542s] running install_data
[2.542s] creating /home/robot/dd2419_ws/src/install/lidar/share/ament_index
[2.543s] creating /home/robot/dd2419_ws/src/install/lidar/share/ament_index/resource_index
[2.543s] creating /home/robot/dd2419_ws/src/install/lidar/share/ament_index/resource_index/packages
[2.543s] copying resource/lidar -> /home/robot/dd2419_ws/src/install/lidar/share/ament_index/resource_index/packages
[2.544s] copying package.xml -> /home/robot/dd2419_ws/src/install/lidar/share/lidar
[2.544s] running install_egg_info
[2.566s] Copying ../build/lidar/lidar.egg-info to /home/robot/dd2419_ws/src/install/lidar/lib/python3.12/site-packages/lidar-0.0.0-py3.12.egg-info
[2.567s] running install_scripts
[2.775s] Installing lidar script to /home/robot/dd2419_ws/src/install/lidar/lib/lidar
[2.775s] writing list of installed files to '/home/robot/dd2419_ws/src/build/lidar/install.log'
[2.871s] Invoked command in '/home/robot/dd2419_ws/src/lidar' returned '0': DEBUGINFOD_URLS=https://debuginfod.ubuntu.com PYTHONPATH=/home/robot/dd2419_ws/src/build/lidar/prefix_override:/usr/lib/python3/dist-packages/colcon_core/task/python/colcon_distutils_commands:/home/robot/dd2419_ws/src/install/lidar/lib/python3.12/site-packages:${PYTHONPATH} /usr/bin/python3 -W ignore:setup.py install is deprecated -W ignore:easy_install command is deprecated setup.py egg_info --egg-base ../build/lidar build --build-base /home/robot/dd2419_ws/src/build/lidar/build install --record /home/robot/dd2419_ws/src/build/lidar/install.log --single-version-externally-managed install_data
