[2.955s] Invoking command in '/home/group1/dd2419_ws/build/display': DEBUGINFOD_URLS=https://debuginfod.ubuntu.com PYTHONPATH=/home/group1/dd2419_ws/build/display/prefix_override:/usr/lib/python3/dist-packages/colcon_core/task/python/colcon_distutils_commands:/home/group1/dd2419_ws/install/display/lib/python3.12/site-packages:${PYTHONPATH} /usr/bin/python3 -W ignore:setup.py install is deprecated -W ignore:easy_install command is deprecated setup.py develop --editable --build-directory /home/group1/dd2419_ws/build/display/build --no-deps symlink_data
[3.634s] running develop
[4.047s] running egg_info
[4.048s] creating display.egg-info
[4.091s] writing display.egg-info/PKG-INFO
[4.091s] writing dependency_links to display.egg-info/dependency_links.txt
[4.091s] writing entry points to display.egg-info/entry_points.txt
[4.091s] writing requirements to display.egg-info/requires.txt
[4.092s] writing top-level names to display.egg-info/top_level.txt
[4.092s] writing manifest file 'display.egg-info/SOURCES.txt'
[4.175s] reading manifest file 'display.egg-info/SOURCES.txt'
[4.175s] writing manifest file 'display.egg-info/SOURCES.txt'
[4.223s] running build_ext
[4.225s] Creating /home/group1/dd2419_ws/install/display/lib/python3.12/site-packages/display.egg-link (link to .)
[4.225s] Installing display script to /home/group1/dd2419_ws/install/display/lib/display
[4.225s] 
[4.225s] Installed /home/group1/dd2419_ws/build/display
[4.225s] running symlink_data
[4.226s] symbolically linking /home/group1/dd2419_ws/build/display/resource/display -> /home/group1/dd2419_ws/install/display/share/ament_index/resource_index/packages
[4.226s] error: [Errno 17] File exists: '/home/group1/dd2419_ws/build/display/resource/display' -> '/home/group1/dd2419_ws/install/display/share/ament_index/resource_index/packages/display'
