[1.827s] Invoking command in '/home/group1/dd2419_ws/build/arm_servos_pubs_subs': DEBUGINFOD_URLS=https://debuginfod.ubuntu.com PYTHONPATH=/home/group1/dd2419_ws/build/arm_servos_pubs_subs/prefix_override:/usr/lib/python3/dist-packages/colcon_core/task/python/colcon_distutils_commands:/home/group1/dd2419_ws/install/arm_servos_pubs_subs/lib/python3.12/site-packages:${PYTHONPATH} /usr/bin/python3 -W ignore:setup.py install is deprecated -W ignore:easy_install command is deprecated setup.py develop --editable --build-directory /home/group1/dd2419_ws/build/arm_servos_pubs_subs/build --no-deps symlink_data --force
[2.424s] running develop
[2.665s] running egg_info
[2.687s] writing arm_servos_pubs_subs.egg-info/PKG-INFO
[2.687s] writing dependency_links to arm_servos_pubs_subs.egg-info/dependency_links.txt
[2.688s] writing entry points to arm_servos_pubs_subs.egg-info/entry_points.txt
[2.688s] writing requirements to arm_servos_pubs_subs.egg-info/requires.txt
[2.688s] writing top-level names to arm_servos_pubs_subs.egg-info/top_level.txt
[2.734s] reading manifest file 'arm_servos_pubs_subs.egg-info/SOURCES.txt'
[2.735s] writing manifest file 'arm_servos_pubs_subs.egg-info/SOURCES.txt'
[2.759s] running build_ext
[2.759s] Creating /home/group1/dd2419_ws/install/arm_servos_pubs_subs/lib/python3.12/site-packages/arm-servos-pubs-subs.egg-link (link to .)
[2.760s] Installing listener script to /home/group1/dd2419_ws/install/arm_servos_pubs_subs/lib/arm_servos_pubs_subs
[2.760s] Installing talker script to /home/group1/dd2419_ws/install/arm_servos_pubs_subs/lib/arm_servos_pubs_subs
[2.760s] 
[2.760s] Installed /home/group1/dd2419_ws/build/arm_servos_pubs_subs
[2.760s] running symlink_data
[2.761s] symbolically linking /home/group1/dd2419_ws/build/arm_servos_pubs_subs/resource/arm_servos_pubs_subs -> /home/group1/dd2419_ws/install/arm_servos_pubs_subs/share/ament_index/resource_index/packages
[2.761s] symbolically linking /home/group1/dd2419_ws/build/arm_servos_pubs_subs/package.xml -> /home/group1/dd2419_ws/install/arm_servos_pubs_subs/share/arm_servos_pubs_subs
[2.798s] Invoked command in '/home/group1/dd2419_ws/build/arm_servos_pubs_subs' returned '0': DEBUGINFOD_URLS=https://debuginfod.ubuntu.com PYTHONPATH=/home/group1/dd2419_ws/build/arm_servos_pubs_subs/prefix_override:/usr/lib/python3/dist-packages/colcon_core/task/python/colcon_distutils_commands:/home/group1/dd2419_ws/install/arm_servos_pubs_subs/lib/python3.12/site-packages:${PYTHONPATH} /usr/bin/python3 -W ignore:setup.py install is deprecated -W ignore:easy_install command is deprecated setup.py develop --editable --build-directory /home/group1/dd2419_ws/build/arm_servos_pubs_subs/build --no-deps symlink_data --force
