[3.221s] Invoking command in '/home/group1/dd2419_ws/build/detection': DEBUGINFOD_URLS=https://debuginfod.ubuntu.com PYTHONPATH=/home/group1/dd2419_ws/build/detection/prefix_override:/usr/lib/python3/dist-packages/colcon_core/task/python/colcon_distutils_commands:/home/group1/dd2419_ws/install/detection/lib/python3.12/site-packages:${PYTHONPATH} /usr/bin/python3 -W ignore:setup.py install is deprecated -W ignore:easy_install command is deprecated setup.py develop --editable --build-directory /home/group1/dd2419_ws/build/detection/build --no-deps symlink_data
[3.943s] running develop
[4.380s] running egg_info
[4.380s] creating detection.egg-info
[4.422s] writing detection.egg-info/PKG-INFO
[4.422s] writing dependency_links to detection.egg-info/dependency_links.txt
[4.423s] writing entry points to detection.egg-info/entry_points.txt
[4.423s] writing requirements to detection.egg-info/requires.txt
[4.423s] writing top-level names to detection.egg-info/top_level.txt
[4.424s] writing manifest file 'detection.egg-info/SOURCES.txt'
[4.510s] reading manifest file 'detection.egg-info/SOURCES.txt'
[4.512s] writing manifest file 'detection.egg-info/SOURCES.txt'
[4.576s] running build_ext
[4.576s] Creating /home/group1/dd2419_ws/install/detection/lib/python3.12/site-packages/detection.egg-link (link to .)
[4.576s] Installing detection script to /home/group1/dd2419_ws/install/detection/lib/detection
[4.576s] 
[4.576s] Installed /home/group1/dd2419_ws/build/detection
[4.576s] running symlink_data
[4.577s] creating /home/group1/dd2419_ws/install/detection/share/ament_index
[4.577s] creating /home/group1/dd2419_ws/install/detection/share/ament_index/resource_index
[4.577s] creating /home/group1/dd2419_ws/install/detection/share/ament_index/resource_index/packages
[4.577s] symbolically linking /home/group1/dd2419_ws/build/detection/resource/detection -> /home/group1/dd2419_ws/install/detection/share/ament_index/resource_index/packages
[4.577s] symbolically linking /home/group1/dd2419_ws/build/detection/package.xml -> /home/group1/dd2419_ws/install/detection/share/detection
[4.646s] Invoked command in '/home/group1/dd2419_ws/build/detection' returned '0': DEBUGINFOD_URLS=https://debuginfod.ubuntu.com PYTHONPATH=/home/group1/dd2419_ws/build/detection/prefix_override:/usr/lib/python3/dist-packages/colcon_core/task/python/colcon_distutils_commands:/home/group1/dd2419_ws/install/detection/lib/python3.12/site-packages:${PYTHONPATH} /usr/bin/python3 -W ignore:setup.py install is deprecated -W ignore:easy_install command is deprecated setup.py develop --editable --build-directory /home/group1/dd2419_ws/build/detection/build --no-deps symlink_data
