[3.546s] Invoking command in '/home/robot/dd2419_ws/build/arm_servos_pubs_subs': DEBUGINFOD_URLS=https://debuginfod.ubuntu.com PYTHONPATH=/home/robot/dd2419_ws/build/arm_servos_pubs_subs/prefix_override:/usr/lib/python3/dist-packages/colcon_core/task/python/colcon_distutils_commands:/home/robot/dd2419_ws/install/arm_servos_pubs_subs/lib/python3.12/site-packages:${PYTHONPATH} /usr/bin/python3 -W ignore:setup.py install is deprecated -W ignore:easy_install command is deprecated setup.py develop --editable --build-directory /home/robot/dd2419_ws/build/arm_servos_pubs_subs/build --no-deps symlink_data
[4.571s] running develop
[4.633s] running egg_info
[4.668s] writing arm_servos_pubs_subs.egg-info/PKG-INFO
[4.669s] writing dependency_links to arm_servos_pubs_subs.egg-info/dependency_links.txt
[4.669s] writing entry points to arm_servos_pubs_subs.egg-info/entry_points.txt
[4.669s] writing requirements to arm_servos_pubs_subs.egg-info/requires.txt
[4.669s] writing top-level names to arm_servos_pubs_subs.egg-info/top_level.txt
[4.721s] reading manifest file 'arm_servos_pubs_subs.egg-info/SOURCES.txt'
[4.724s] writing manifest file 'arm_servos_pubs_subs.egg-info/SOURCES.txt'
[4.753s] running build_ext
[4.753s] Creating /home/robot/dd2419_ws/install/arm_servos_pubs_subs/lib/python3.12/site-packages/arm-servos-pubs-subs.egg-link (link to .)
[4.753s] Installing listener script to /home/robot/dd2419_ws/install/arm_servos_pubs_subs/lib/arm_servos_pubs_subs
[4.753s] Installing talker script to /home/robot/dd2419_ws/install/arm_servos_pubs_subs/lib/arm_servos_pubs_subs
[4.753s] 
[4.754s] Installed /home/robot/dd2419_ws/build/arm_servos_pubs_subs
[4.755s] running symlink_data
[4.755s] creating /home/robot/dd2419_ws/install/arm_servos_pubs_subs/share/ament_index
[4.755s] creating /home/robot/dd2419_ws/install/arm_servos_pubs_subs/share/ament_index/resource_index
[4.755s] creating /home/robot/dd2419_ws/install/arm_servos_pubs_subs/share/ament_index/resource_index/packages
[4.755s] symbolically linking /home/robot/dd2419_ws/build/arm_servos_pubs_subs/resource/arm_servos_pubs_subs -> /home/robot/dd2419_ws/install/arm_servos_pubs_subs/share/ament_index/resource_index/packages
[4.755s] symbolically linking /home/robot/dd2419_ws/build/arm_servos_pubs_subs/package.xml -> /home/robot/dd2419_ws/install/arm_servos_pubs_subs/share/arm_servos_pubs_subs
[5.038s] Invoked command in '/home/robot/dd2419_ws/build/arm_servos_pubs_subs' returned '0': DEBUGINFOD_URLS=https://debuginfod.ubuntu.com PYTHONPATH=/home/robot/dd2419_ws/build/arm_servos_pubs_subs/prefix_override:/usr/lib/python3/dist-packages/colcon_core/task/python/colcon_distutils_commands:/home/robot/dd2419_ws/install/arm_servos_pubs_subs/lib/python3.12/site-packages:${PYTHONPATH} /usr/bin/python3 -W ignore:setup.py install is deprecated -W ignore:easy_install command is deprecated setup.py develop --editable --build-directory /home/robot/dd2419_ws/build/arm_servos_pubs_subs/build --no-deps symlink_data
