running develop
running egg_info
creating robot_odometry.egg-info
writing robot_odometry.egg-info/PKG-INFO
writing dependency_links to robot_odometry.egg-info/dependency_links.txt
writing entry points to robot_odometry.egg-info/entry_points.txt
writing requirements to robot_odometry.egg-info/requires.txt
writing top-level names to robot_odometry.egg-info/top_level.txt
writing manifest file 'robot_odometry.egg-info/SOURCES.txt'
reading manifest file 'robot_odometry.egg-info/SOURCES.txt'
writing manifest file 'robot_odometry.egg-info/SOURCES.txt'
running build_ext
Creating /home/group1/dd2419_ws/install/robot_odometry/lib/python3.12/site-packages/robot-odometry.egg-link (link to .)
Installing robot_odometry script to /home/group1/dd2419_ws/install/robot_odometry/lib/robot_odometry

Installed /home/group1/dd2419_ws/build/robot_odometry
running symlink_data
creating /home/group1/dd2419_ws/install/robot_odometry/share/ament_index
creating /home/group1/dd2419_ws/install/robot_odometry/share/ament_index/resource_index
creating /home/group1/dd2419_ws/install/robot_odometry/share/ament_index/resource_index/packages
symbolically linking /home/group1/dd2419_ws/build/robot_odometry/resource/robot_odometry -> /home/group1/dd2419_ws/install/robot_odometry/share/ament_index/resource_index/packages
symbolically linking /home/group1/dd2419_ws/build/robot_odometry/package.xml -> /home/group1/dd2419_ws/install/robot_odometry/share/robot_odometry
