[3.145s] Invoking command in '/home/group1/dd2419_ws/build/robot_odometry': DEBUGINFOD_URLS=https://debuginfod.ubuntu.com PYTHONPATH=/home/group1/dd2419_ws/build/robot_odometry/prefix_override:/usr/lib/python3/dist-packages/colcon_core/task/python/colcon_distutils_commands:/home/group1/dd2419_ws/install/robot_odometry/lib/python3.12/site-packages:${PYTHONPATH} /usr/bin/python3 -W ignore:setup.py install is deprecated -W ignore:easy_install command is deprecated setup.py develop --editable --build-directory /home/group1/dd2419_ws/build/robot_odometry/build --no-deps symlink_data
[4.369s] running develop
[5.381s] running egg_info
[5.385s] creating robot_odometry.egg-info
[5.428s] writing robot_odometry.egg-info/PKG-INFO
[5.428s] writing dependency_links to robot_odometry.egg-info/dependency_links.txt
[5.429s] writing entry points to robot_odometry.egg-info/entry_points.txt
[5.429s] writing requirements to robot_odometry.egg-info/requires.txt
[5.429s] writing top-level names to robot_odometry.egg-info/top_level.txt
[5.429s] writing manifest file 'robot_odometry.egg-info/SOURCES.txt'
[5.532s] reading manifest file 'robot_odometry.egg-info/SOURCES.txt'
[5.532s] writing manifest file 'robot_odometry.egg-info/SOURCES.txt'
[5.584s] running build_ext
[5.584s] Creating /home/group1/dd2419_ws/install/robot_odometry/lib/python3.12/site-packages/robot-odometry.egg-link (link to .)
[5.586s] Installing robot_odometry script to /home/group1/dd2419_ws/install/robot_odometry/lib/robot_odometry
[5.586s] 
[5.586s] Installed /home/group1/dd2419_ws/build/robot_odometry
[5.586s] running symlink_data
[5.587s] creating /home/group1/dd2419_ws/install/robot_odometry/share/ament_index
[5.587s] creating /home/group1/dd2419_ws/install/robot_odometry/share/ament_index/resource_index
[5.587s] creating /home/group1/dd2419_ws/install/robot_odometry/share/ament_index/resource_index/packages
[5.587s] symbolically linking /home/group1/dd2419_ws/build/robot_odometry/resource/robot_odometry -> /home/group1/dd2419_ws/install/robot_odometry/share/ament_index/resource_index/packages
[5.587s] symbolically linking /home/group1/dd2419_ws/build/robot_odometry/package.xml -> /home/group1/dd2419_ws/install/robot_odometry/share/robot_odometry
[5.656s] Invoked command in '/home/group1/dd2419_ws/build/robot_odometry' returned '0': DEBUGINFOD_URLS=https://debuginfod.ubuntu.com PYTHONPATH=/home/group1/dd2419_ws/build/robot_odometry/prefix_override:/usr/lib/python3/dist-packages/colcon_core/task/python/colcon_distutils_commands:/home/group1/dd2419_ws/install/robot_odometry/lib/python3.12/site-packages:${PYTHONPATH} /usr/bin/python3 -W ignore:setup.py install is deprecated -W ignore:easy_install command is deprecated setup.py develop --editable --build-directory /home/group1/dd2419_ws/build/robot_odometry/build --no-deps symlink_data
