[0.068s] DEBUG:colcon:Command line arguments: ['/usr/bin/colcon', 'build', '--symlink-install', '--packages-select', 'usb_cam']
[0.068s] DEBUG:colcon:Parsed command line arguments: Namespace(log_base=None, log_level=None, verb_name='build', build_base='build', install_base='install', merge_install=False, symlink_install=True, test_result_base=None, continue_on_error=False, executor='parallel', parallel_workers=12, event_handlers=None, ignore_user_meta=False, metas=['./colcon.meta'], base_paths=['.'], packages_ignore=None, packages_ignore_regex=None, paths=None, packages_up_to=None, packages_up_to_regex=None, packages_above=None, packages_above_and_dependencies=None, packages_above_depth=None, packages_select_by_dep=None, packages_skip_by_dep=None, packages_skip_up_to=None, packages_select_build_failed=False, packages_skip_build_finished=False, packages_select_test_failures=False, packages_skip_test_passed=False, packages_select=['usb_cam'], packages_skip=None, packages_select_regex=None, packages_skip_regex=None, packages_start=None, packages_end=None, allow_overriding=[], cmake_args=None, cmake_target=None, cmake_target_skip_unavailable=False, cmake_clean_cache=False, cmake_clean_first=False, cmake_force_configure=False, ament_cmake_args=None, catkin_cmake_args=None, catkin_skip_building_tests=False, verb_parser=<colcon_defaults.argument_parser.defaults.DefaultArgumentsDecorator object at 0x7a977c087680>, verb_extension=<colcon_core.verb.build.BuildVerb object at 0x7a977c087470>, main=<bound method BuildVerb.main of <colcon_core.verb.build.BuildVerb object at 0x7a977c087470>>)
[0.093s] Level 1:colcon.colcon_core.package_discovery:discover_packages(colcon_meta) check parameters
[0.093s] Level 1:colcon.colcon_core.package_discovery:discover_packages(recursive) check parameters
[0.093s] Level 1:colcon.colcon_core.package_discovery:discover_packages(ignore) check parameters
[0.093s] Level 1:colcon.colcon_core.package_discovery:discover_packages(path) check parameters
[0.093s] Level 1:colcon.colcon_core.package_discovery:discover_packages(colcon_meta) discover
[0.093s] Level 1:colcon.colcon_core.package_discovery:discover_packages(recursive) discover
[0.093s] INFO:colcon.colcon_core.package_discovery:Crawling recursively for packages in '/home/robot/dd2419_ws'
[0.093s] Level 1:colcon.colcon_core.package_identification:_identify(.) by extensions ['ignore', 'ignore_ament_install']
[0.093s] Level 1:colcon.colcon_core.package_identification:_identify(.) by extension 'ignore'
[0.093s] Level 1:colcon.colcon_core.package_identification:_identify(.) by extension 'ignore_ament_install'
[0.093s] Level 1:colcon.colcon_core.package_identification:_identify(.) by extensions ['colcon_pkg']
[0.093s] Level 1:colcon.colcon_core.package_identification:_identify(.) by extension 'colcon_pkg'
[0.093s] Level 1:colcon.colcon_core.package_identification:_identify(.) by extensions ['colcon_meta']
[0.093s] Level 1:colcon.colcon_core.package_identification:_identify(.) by extension 'colcon_meta'
[0.093s] Level 1:colcon.colcon_core.package_identification:_identify(.) by extensions ['ros']
[0.093s] Level 1:colcon.colcon_core.package_identification:_identify(.) by extension 'ros'
[0.110s] Level 1:colcon.colcon_core.package_identification:_identify(.) by extensions ['cmake', 'python']
[0.110s] Level 1:colcon.colcon_core.package_identification:_identify(.) by extension 'cmake'
[0.110s] Level 1:colcon.colcon_core.package_identification:_identify(.) by extension 'python'
[0.111s] Level 1:colcon.colcon_core.package_identification:_identify(.) by extensions ['python_setup_py']
[0.111s] Level 1:colcon.colcon_core.package_identification:_identify(.) by extension 'python_setup_py'
[0.111s] Level 1:colcon.colcon_core.package_identification:_identify(build) by extensions ['ignore', 'ignore_ament_install']
[0.111s] Level 1:colcon.colcon_core.package_identification:_identify(build) by extension 'ignore'
[0.111s] Level 1:colcon.colcon_core.package_identification:_identify(build) ignored
[0.111s] Level 1:colcon.colcon_core.package_identification:_identify(install) by extensions ['ignore', 'ignore_ament_install']
[0.111s] Level 1:colcon.colcon_core.package_identification:_identify(install) by extension 'ignore'
[0.111s] Level 1:colcon.colcon_core.package_identification:_identify(install) ignored
[0.111s] Level 1:colcon.colcon_core.package_identification:_identify(log) by extensions ['ignore', 'ignore_ament_install']
[0.111s] Level 1:colcon.colcon_core.package_identification:_identify(log) by extension 'ignore'
[0.111s] Level 1:colcon.colcon_core.package_identification:_identify(log) ignored
[0.111s] Level 1:colcon.colcon_core.package_identification:_identify(src) by extensions ['ignore', 'ignore_ament_install']
[0.111s] Level 1:colcon.colcon_core.package_identification:_identify(src) by extension 'ignore'
[0.111s] Level 1:colcon.colcon_core.package_identification:_identify(src) by extension 'ignore_ament_install'
[0.111s] Level 1:colcon.colcon_core.package_identification:_identify(src) by extensions ['colcon_pkg']
[0.111s] Level 1:colcon.colcon_core.package_identification:_identify(src) by extension 'colcon_pkg'
[0.111s] Level 1:colcon.colcon_core.package_identification:_identify(src) by extensions ['colcon_meta']
[0.111s] Level 1:colcon.colcon_core.package_identification:_identify(src) by extension 'colcon_meta'
[0.111s] Level 1:colcon.colcon_core.package_identification:_identify(src) by extensions ['ros']
[0.111s] Level 1:colcon.colcon_core.package_identification:_identify(src) by extension 'ros'
[0.111s] Level 1:colcon.colcon_core.package_identification:_identify(src) by extensions ['cmake', 'python']
[0.111s] Level 1:colcon.colcon_core.package_identification:_identify(src) by extension 'cmake'
[0.111s] Level 1:colcon.colcon_core.package_identification:_identify(src) by extension 'python'
[0.111s] Level 1:colcon.colcon_core.package_identification:_identify(src) by extensions ['python_setup_py']
[0.111s] Level 1:colcon.colcon_core.package_identification:_identify(src) by extension 'python_setup_py'
[0.111s] Level 1:colcon.colcon_core.package_identification:_identify(src/build) by extensions ['ignore', 'ignore_ament_install']
[0.111s] Level 1:colcon.colcon_core.package_identification:_identify(src/build) by extension 'ignore'
[0.111s] Level 1:colcon.colcon_core.package_identification:_identify(src/build) ignored
[0.111s] Level 1:colcon.colcon_core.package_identification:_identify(src/controller) by extensions ['ignore', 'ignore_ament_install']
[0.112s] Level 1:colcon.colcon_core.package_identification:_identify(src/controller) by extension 'ignore'
[0.112s] Level 1:colcon.colcon_core.package_identification:_identify(src/controller) by extension 'ignore_ament_install'
[0.112s] Level 1:colcon.colcon_core.package_identification:_identify(src/controller) by extensions ['colcon_pkg']
[0.112s] Level 1:colcon.colcon_core.package_identification:_identify(src/controller) by extension 'colcon_pkg'
[0.112s] Level 1:colcon.colcon_core.package_identification:_identify(src/controller) by extensions ['colcon_meta']
[0.112s] Level 1:colcon.colcon_core.package_identification:_identify(src/controller) by extension 'colcon_meta'
[0.112s] Level 1:colcon.colcon_core.package_identification:_identify(src/controller) by extensions ['ros']
[0.112s] Level 1:colcon.colcon_core.package_identification:_identify(src/controller) by extension 'ros'
[0.114s] DEBUG:colcon.colcon_core.package_identification:Package 'src/controller' with type 'ros.ament_python' and name 'controller'
[0.114s] Level 1:colcon.colcon_core.package_identification:_identify(src/detection) by extensions ['ignore', 'ignore_ament_install']
[0.114s] Level 1:colcon.colcon_core.package_identification:_identify(src/detection) by extension 'ignore'
[0.114s] Level 1:colcon.colcon_core.package_identification:_identify(src/detection) by extension 'ignore_ament_install'
[0.114s] Level 1:colcon.colcon_core.package_identification:_identify(src/detection) by extensions ['colcon_pkg']
[0.114s] Level 1:colcon.colcon_core.package_identification:_identify(src/detection) by extension 'colcon_pkg'
[0.114s] Level 1:colcon.colcon_core.package_identification:_identify(src/detection) by extensions ['colcon_meta']
[0.114s] Level 1:colcon.colcon_core.package_identification:_identify(src/detection) by extension 'colcon_meta'
[0.114s] Level 1:colcon.colcon_core.package_identification:_identify(src/detection) by extensions ['ros']
[0.114s] Level 1:colcon.colcon_core.package_identification:_identify(src/detection) by extension 'ros'
[0.114s] DEBUG:colcon.colcon_core.package_identification:Package 'src/detection' with type 'ros.ament_python' and name 'detection'
[0.114s] Level 1:colcon.colcon_core.package_identification:_identify(src/display) by extensions ['ignore', 'ignore_ament_install']
[0.115s] Level 1:colcon.colcon_core.package_identification:_identify(src/display) by extension 'ignore'
[0.115s] Level 1:colcon.colcon_core.package_identification:_identify(src/display) by extension 'ignore_ament_install'
[0.115s] Level 1:colcon.colcon_core.package_identification:_identify(src/display) by extensions ['colcon_pkg']
[0.115s] Level 1:colcon.colcon_core.package_identification:_identify(src/display) by extension 'colcon_pkg'
[0.115s] Level 1:colcon.colcon_core.package_identification:_identify(src/display) by extensions ['colcon_meta']
[0.115s] Level 1:colcon.colcon_core.package_identification:_identify(src/display) by extension 'colcon_meta'
[0.115s] Level 1:colcon.colcon_core.package_identification:_identify(src/display) by extensions ['ros']
[0.115s] Level 1:colcon.colcon_core.package_identification:_identify(src/display) by extension 'ros'
[0.115s] DEBUG:colcon.colcon_core.package_identification:Package 'src/display' with type 'ros.ament_python' and name 'display'
[0.115s] Level 1:colcon.colcon_core.package_identification:_identify(src/install) by extensions ['ignore', 'ignore_ament_install']
[0.115s] Level 1:colcon.colcon_core.package_identification:_identify(src/install) by extension 'ignore'
[0.115s] Level 1:colcon.colcon_core.package_identification:_identify(src/install) ignored
[0.115s] Level 1:colcon.colcon_core.package_identification:_identify(src/lidar) by extensions ['ignore', 'ignore_ament_install']
[0.115s] Level 1:colcon.colcon_core.package_identification:_identify(src/lidar) by extension 'ignore'
[0.115s] Level 1:colcon.colcon_core.package_identification:_identify(src/lidar) by extension 'ignore_ament_install'
[0.115s] Level 1:colcon.colcon_core.package_identification:_identify(src/lidar) by extensions ['colcon_pkg']
[0.115s] Level 1:colcon.colcon_core.package_identification:_identify(src/lidar) by extension 'colcon_pkg'
[0.115s] Level 1:colcon.colcon_core.package_identification:_identify(src/lidar) by extensions ['colcon_meta']
[0.115s] Level 1:colcon.colcon_core.package_identification:_identify(src/lidar) by extension 'colcon_meta'
[0.115s] Level 1:colcon.colcon_core.package_identification:_identify(src/lidar) by extensions ['ros']
[0.115s] Level 1:colcon.colcon_core.package_identification:_identify(src/lidar) by extension 'ros'
[0.116s] DEBUG:colcon.colcon_core.package_identification:Package 'src/lidar' with type 'ros.ament_python' and name 'lidar'
[0.116s] Level 1:colcon.colcon_core.package_identification:_identify(src/log) by extensions ['ignore', 'ignore_ament_install']
[0.116s] Level 1:colcon.colcon_core.package_identification:_identify(src/log) by extension 'ignore'
[0.116s] Level 1:colcon.colcon_core.package_identification:_identify(src/log) ignored
[0.116s] Level 1:colcon.colcon_core.package_identification:_identify(src/odometry) by extensions ['ignore', 'ignore_ament_install']
[0.116s] Level 1:colcon.colcon_core.package_identification:_identify(src/odometry) by extension 'ignore'
[0.116s] Level 1:colcon.colcon_core.package_identification:_identify(src/odometry) by extension 'ignore_ament_install'
[0.116s] Level 1:colcon.colcon_core.package_identification:_identify(src/odometry) by extensions ['colcon_pkg']
[0.116s] Level 1:colcon.colcon_core.package_identification:_identify(src/odometry) by extension 'colcon_pkg'
[0.116s] Level 1:colcon.colcon_core.package_identification:_identify(src/odometry) by extensions ['colcon_meta']
[0.116s] Level 1:colcon.colcon_core.package_identification:_identify(src/odometry) by extension 'colcon_meta'
[0.116s] Level 1:colcon.colcon_core.package_identification:_identify(src/odometry) by extensions ['ros']
[0.116s] Level 1:colcon.colcon_core.package_identification:_identify(src/odometry) by extension 'ros'
[0.116s] DEBUG:colcon.colcon_core.package_identification:Package 'src/odometry' with type 'ros.ament_python' and name 'odometry'
[0.116s] Level 1:colcon.colcon_core.package_identification:_identify(src/pickup) by extensions ['ignore', 'ignore_ament_install']
[0.116s] Level 1:colcon.colcon_core.package_identification:_identify(src/pickup) by extension 'ignore'
[0.116s] Level 1:colcon.colcon_core.package_identification:_identify(src/pickup) by extension 'ignore_ament_install'
[0.116s] Level 1:colcon.colcon_core.package_identification:_identify(src/pickup) by extensions ['colcon_pkg']
[0.116s] Level 1:colcon.colcon_core.package_identification:_identify(src/pickup) by extension 'colcon_pkg'
[0.116s] Level 1:colcon.colcon_core.package_identification:_identify(src/pickup) by extensions ['colcon_meta']
[0.116s] Level 1:colcon.colcon_core.package_identification:_identify(src/pickup) by extension 'colcon_meta'
[0.116s] Level 1:colcon.colcon_core.package_identification:_identify(src/pickup) by extensions ['ros']
[0.116s] Level 1:colcon.colcon_core.package_identification:_identify(src/pickup) by extension 'ros'
[0.117s] DEBUG:colcon.colcon_core.package_identification:Package 'src/pickup' with type 'ros.ament_python' and name 'pickup'
[0.117s] Level 1:colcon.colcon_core.package_identification:_identify(src/robot_odometry) by extensions ['ignore', 'ignore_ament_install']
[0.117s] Level 1:colcon.colcon_core.package_identification:_identify(src/robot_odometry) by extension 'ignore'
[0.117s] Level 1:colcon.colcon_core.package_identification:_identify(src/robot_odometry) by extension 'ignore_ament_install'
[0.117s] Level 1:colcon.colcon_core.package_identification:_identify(src/robot_odometry) by extensions ['colcon_pkg']
[0.117s] Level 1:colcon.colcon_core.package_identification:_identify(src/robot_odometry) by extension 'colcon_pkg'
[0.117s] Level 1:colcon.colcon_core.package_identification:_identify(src/robot_odometry) by extensions ['colcon_meta']
[0.117s] Level 1:colcon.colcon_core.package_identification:_identify(src/robot_odometry) by extension 'colcon_meta'
[0.117s] Level 1:colcon.colcon_core.package_identification:_identify(src/robot_odometry) by extensions ['ros']
[0.117s] Level 1:colcon.colcon_core.package_identification:_identify(src/robot_odometry) by extension 'ros'
[0.117s] DEBUG:colcon.colcon_core.package_identification:Package 'src/robot_odometry' with type 'ros.ament_python' and name 'robot_odometry'
[0.117s] Level 1:colcon.colcon_core.package_identification:_identify(src/robp_robot) by extensions ['ignore', 'ignore_ament_install']
[0.117s] Level 1:colcon.colcon_core.package_identification:_identify(src/robp_robot) by extension 'ignore'
[0.117s] Level 1:colcon.colcon_core.package_identification:_identify(src/robp_robot) by extension 'ignore_ament_install'
[0.117s] Level 1:colcon.colcon_core.package_identification:_identify(src/robp_robot) by extensions ['colcon_pkg']
[0.117s] Level 1:colcon.colcon_core.package_identification:_identify(src/robp_robot) by extension 'colcon_pkg'
[0.117s] Level 1:colcon.colcon_core.package_identification:_identify(src/robp_robot) by extensions ['colcon_meta']
[0.117s] Level 1:colcon.colcon_core.package_identification:_identify(src/robp_robot) by extension 'colcon_meta'
[0.117s] Level 1:colcon.colcon_core.package_identification:_identify(src/robp_robot) by extensions ['ros']
[0.117s] Level 1:colcon.colcon_core.package_identification:_identify(src/robp_robot) by extension 'ros'
[0.117s] Level 1:colcon.colcon_core.package_identification:_identify(src/robp_robot) by extensions ['cmake', 'python']
[0.117s] Level 1:colcon.colcon_core.package_identification:_identify(src/robp_robot) by extension 'cmake'
[0.117s] Level 1:colcon.colcon_core.package_identification:_identify(src/robp_robot) by extension 'python'
[0.117s] Level 1:colcon.colcon_core.package_identification:_identify(src/robp_robot) by extensions ['python_setup_py']
[0.117s] Level 1:colcon.colcon_core.package_identification:_identify(src/robp_robot) by extension 'python_setup_py'
[0.117s] Level 1:colcon.colcon_core.package_identification:_identify(src/robp_robot/robp_arm) by extensions ['ignore', 'ignore_ament_install']
[0.118s] Level 1:colcon.colcon_core.package_identification:_identify(src/robp_robot/robp_arm) by extension 'ignore'
[0.118s] Level 1:colcon.colcon_core.package_identification:_identify(src/robp_robot/robp_arm) by extension 'ignore_ament_install'
[0.118s] Level 1:colcon.colcon_core.package_identification:_identify(src/robp_robot/robp_arm) by extensions ['colcon_pkg']
[0.118s] Level 1:colcon.colcon_core.package_identification:_identify(src/robp_robot/robp_arm) by extension 'colcon_pkg'
[0.118s] Level 1:colcon.colcon_core.package_identification:_identify(src/robp_robot/robp_arm) by extensions ['colcon_meta']
[0.118s] Level 1:colcon.colcon_core.package_identification:_identify(src/robp_robot/robp_arm) by extension 'colcon_meta'
[0.118s] Level 1:colcon.colcon_core.package_identification:_identify(src/robp_robot/robp_arm) by extensions ['ros']
[0.118s] Level 1:colcon.colcon_core.package_identification:_identify(src/robp_robot/robp_arm) by extension 'ros'
[0.118s] Level 1:colcon.colcon_core.package_identification:_identify(src/robp_robot/robp_arm) by extensions ['cmake', 'python']
[0.118s] Level 1:colcon.colcon_core.package_identification:_identify(src/robp_robot/robp_arm) by extension 'cmake'
[0.118s] Level 1:colcon.colcon_core.package_identification:_identify(src/robp_robot/robp_arm) by extension 'python'
[0.118s] Level 1:colcon.colcon_core.package_identification:_identify(src/robp_robot/robp_arm) by extensions ['python_setup_py']
[0.118s] Level 1:colcon.colcon_core.package_identification:_identify(src/robp_robot/robp_arm) by extension 'python_setup_py'
[0.118s] Level 1:colcon.colcon_core.package_identification:_identify(src/robp_robot/robp_arm/Hiwonder_xArm_ROS2) by extensions ['ignore', 'ignore_ament_install']
[0.118s] Level 1:colcon.colcon_core.package_identification:_identify(src/robp_robot/robp_arm/Hiwonder_xArm_ROS2) by extension 'ignore'
[0.118s] Level 1:colcon.colcon_core.package_identification:_identify(src/robp_robot/robp_arm/Hiwonder_xArm_ROS2) by extension 'ignore_ament_install'
[0.118s] Level 1:colcon.colcon_core.package_identification:_identify(src/robp_robot/robp_arm/Hiwonder_xArm_ROS2) by extensions ['colcon_pkg']
[0.118s] Level 1:colcon.colcon_core.package_identification:_identify(src/robp_robot/robp_arm/Hiwonder_xArm_ROS2) by extension 'colcon_pkg'
[0.118s] Level 1:colcon.colcon_core.package_identification:_identify(src/robp_robot/robp_arm/Hiwonder_xArm_ROS2) by extensions ['colcon_meta']
[0.118s] Level 1:colcon.colcon_core.package_identification:_identify(src/robp_robot/robp_arm/Hiwonder_xArm_ROS2) by extension 'colcon_meta'
[0.118s] Level 1:colcon.colcon_core.package_identification:_identify(src/robp_robot/robp_arm/Hiwonder_xArm_ROS2) by extensions ['ros']
[0.118s] Level 1:colcon.colcon_core.package_identification:_identify(src/robp_robot/robp_arm/Hiwonder_xArm_ROS2) by extension 'ros'
[0.118s] Level 1:colcon.colcon_core.package_identification:_identify(src/robp_robot/robp_arm/Hiwonder_xArm_ROS2) by extensions ['cmake', 'python']
[0.118s] Level 1:colcon.colcon_core.package_identification:_identify(src/robp_robot/robp_arm/Hiwonder_xArm_ROS2) by extension 'cmake'
[0.118s] Level 1:colcon.colcon_core.package_identification:_identify(src/robp_robot/robp_arm/Hiwonder_xArm_ROS2) by extension 'python'
[0.118s] Level 1:colcon.colcon_core.package_identification:_identify(src/robp_robot/robp_arm/Hiwonder_xArm_ROS2) by extensions ['python_setup_py']
[0.118s] Level 1:colcon.colcon_core.package_identification:_identify(src/robp_robot/robp_arm/Hiwonder_xArm_ROS2) by extension 'python_setup_py'
[0.118s] Level 1:colcon.colcon_core.package_identification:_identify(src/robp_robot/robp_arm/Hiwonder_xArm_ROS2/include) by extensions ['ignore', 'ignore_ament_install']
[0.118s] Level 1:colcon.colcon_core.package_identification:_identify(src/robp_robot/robp_arm/Hiwonder_xArm_ROS2/include) by extension 'ignore'
[0.118s] Level 1:colcon.colcon_core.package_identification:_identify(src/robp_robot/robp_arm/Hiwonder_xArm_ROS2/include) by extension 'ignore_ament_install'
[0.118s] Level 1:colcon.colcon_core.package_identification:_identify(src/robp_robot/robp_arm/Hiwonder_xArm_ROS2/include) by extensions ['colcon_pkg']
[0.118s] Level 1:colcon.colcon_core.package_identification:_identify(src/robp_robot/robp_arm/Hiwonder_xArm_ROS2/include) by extension 'colcon_pkg'
[0.118s] Level 1:colcon.colcon_core.package_identification:_identify(src/robp_robot/robp_arm/Hiwonder_xArm_ROS2/include) by extensions ['colcon_meta']
[0.118s] Level 1:colcon.colcon_core.package_identification:_identify(src/robp_robot/robp_arm/Hiwonder_xArm_ROS2/include) by extension 'colcon_meta'
[0.118s] Level 1:colcon.colcon_core.package_identification:_identify(src/robp_robot/robp_arm/Hiwonder_xArm_ROS2/include) by extensions ['ros']
[0.118s] Level 1:colcon.colcon_core.package_identification:_identify(src/robp_robot/robp_arm/Hiwonder_xArm_ROS2/include) by extension 'ros'
[0.118s] Level 1:colcon.colcon_core.package_identification:_identify(src/robp_robot/robp_arm/Hiwonder_xArm_ROS2/include) by extensions ['cmake', 'python']
[0.118s] Level 1:colcon.colcon_core.package_identification:_identify(src/robp_robot/robp_arm/Hiwonder_xArm_ROS2/include) by extension 'cmake'
[0.118s] Level 1:colcon.colcon_core.package_identification:_identify(src/robp_robot/robp_arm/Hiwonder_xArm_ROS2/include) by extension 'python'
[0.119s] Level 1:colcon.colcon_core.package_identification:_identify(src/robp_robot/robp_arm/Hiwonder_xArm_ROS2/include) by extensions ['python_setup_py']
[0.119s] Level 1:colcon.colcon_core.package_identification:_identify(src/robp_robot/robp_arm/Hiwonder_xArm_ROS2/include) by extension 'python_setup_py'
[0.119s] Level 1:colcon.colcon_core.package_identification:_identify(src/robp_robot/robp_arm/Hiwonder_xArm_ROS2/lib) by extensions ['ignore', 'ignore_ament_install']
[0.119s] Level 1:colcon.colcon_core.package_identification:_identify(src/robp_robot/robp_arm/Hiwonder_xArm_ROS2/lib) by extension 'ignore'
[0.119s] Level 1:colcon.colcon_core.package_identification:_identify(src/robp_robot/robp_arm/Hiwonder_xArm_ROS2/lib) by extension 'ignore_ament_install'
[0.119s] Level 1:colcon.colcon_core.package_identification:_identify(src/robp_robot/robp_arm/Hiwonder_xArm_ROS2/lib) by extensions ['colcon_pkg']
[0.119s] Level 1:colcon.colcon_core.package_identification:_identify(src/robp_robot/robp_arm/Hiwonder_xArm_ROS2/lib) by extension 'colcon_pkg'
[0.119s] Level 1:colcon.colcon_core.package_identification:_identify(src/robp_robot/robp_arm/Hiwonder_xArm_ROS2/lib) by extensions ['colcon_meta']
[0.119s] Level 1:colcon.colcon_core.package_identification:_identify(src/robp_robot/robp_arm/Hiwonder_xArm_ROS2/lib) by extension 'colcon_meta'
[0.119s] Level 1:colcon.colcon_core.package_identification:_identify(src/robp_robot/robp_arm/Hiwonder_xArm_ROS2/lib) by extensions ['ros']
[0.119s] Level 1:colcon.colcon_core.package_identification:_identify(src/robp_robot/robp_arm/Hiwonder_xArm_ROS2/lib) by extension 'ros'
[0.119s] Level 1:colcon.colcon_core.package_identification:_identify(src/robp_robot/robp_arm/Hiwonder_xArm_ROS2/lib) by extensions ['cmake', 'python']
[0.119s] Level 1:colcon.colcon_core.package_identification:_identify(src/robp_robot/robp_arm/Hiwonder_xArm_ROS2/lib) by extension 'cmake'
[0.119s] Level 1:colcon.colcon_core.package_identification:_identify(src/robp_robot/robp_arm/Hiwonder_xArm_ROS2/lib) by extension 'python'
[0.119s] Level 1:colcon.colcon_core.package_identification:_identify(src/robp_robot/robp_arm/Hiwonder_xArm_ROS2/lib) by extensions ['python_setup_py']
[0.119s] Level 1:colcon.colcon_core.package_identification:_identify(src/robp_robot/robp_arm/Hiwonder_xArm_ROS2/lib) by extension 'python_setup_py'
[0.119s] Level 1:colcon.colcon_core.package_identification:_identify(src/robp_robot/robp_arm/Hiwonder_xArm_ROS2/src) by extensions ['ignore', 'ignore_ament_install']
[0.119s] Level 1:colcon.colcon_core.package_identification:_identify(src/robp_robot/robp_arm/Hiwonder_xArm_ROS2/src) by extension 'ignore'
[0.119s] Level 1:colcon.colcon_core.package_identification:_identify(src/robp_robot/robp_arm/Hiwonder_xArm_ROS2/src) by extension 'ignore_ament_install'
[0.119s] Level 1:colcon.colcon_core.package_identification:_identify(src/robp_robot/robp_arm/Hiwonder_xArm_ROS2/src) by extensions ['colcon_pkg']
[0.119s] Level 1:colcon.colcon_core.package_identification:_identify(src/robp_robot/robp_arm/Hiwonder_xArm_ROS2/src) by extension 'colcon_pkg'
[0.119s] Level 1:colcon.colcon_core.package_identification:_identify(src/robp_robot/robp_arm/Hiwonder_xArm_ROS2/src) by extensions ['colcon_meta']
[0.119s] Level 1:colcon.colcon_core.package_identification:_identify(src/robp_robot/robp_arm/Hiwonder_xArm_ROS2/src) by extension 'colcon_meta'
[0.119s] Level 1:colcon.colcon_core.package_identification:_identify(src/robp_robot/robp_arm/Hiwonder_xArm_ROS2/src) by extensions ['ros']
[0.119s] Level 1:colcon.colcon_core.package_identification:_identify(src/robp_robot/robp_arm/Hiwonder_xArm_ROS2/src) by extension 'ros'
[0.119s] Level 1:colcon.colcon_core.package_identification:_identify(src/robp_robot/robp_arm/Hiwonder_xArm_ROS2/src) by extensions ['cmake', 'python']
[0.119s] Level 1:colcon.colcon_core.package_identification:_identify(src/robp_robot/robp_arm/Hiwonder_xArm_ROS2/src) by extension 'cmake'
[0.119s] Level 1:colcon.colcon_core.package_identification:_identify(src/robp_robot/robp_arm/Hiwonder_xArm_ROS2/src) by extension 'python'
[0.119s] Level 1:colcon.colcon_core.package_identification:_identify(src/robp_robot/robp_arm/Hiwonder_xArm_ROS2/src) by extensions ['python_setup_py']
[0.119s] Level 1:colcon.colcon_core.package_identification:_identify(src/robp_robot/robp_arm/Hiwonder_xArm_ROS2/src) by extension 'python_setup_py'
[0.119s] Level 1:colcon.colcon_core.package_identification:_identify(src/robp_robot/robp_arm/Hiwonder_xArm_ROS2/test) by extensions ['ignore', 'ignore_ament_install']
[0.119s] Level 1:colcon.colcon_core.package_identification:_identify(src/robp_robot/robp_arm/Hiwonder_xArm_ROS2/test) by extension 'ignore'
[0.119s] Level 1:colcon.colcon_core.package_identification:_identify(src/robp_robot/robp_arm/Hiwonder_xArm_ROS2/test) by extension 'ignore_ament_install'
[0.119s] Level 1:colcon.colcon_core.package_identification:_identify(src/robp_robot/robp_arm/Hiwonder_xArm_ROS2/test) by extensions ['colcon_pkg']
[0.119s] Level 1:colcon.colcon_core.package_identification:_identify(src/robp_robot/robp_arm/Hiwonder_xArm_ROS2/test) by extension 'colcon_pkg'
[0.119s] Level 1:colcon.colcon_core.package_identification:_identify(src/robp_robot/robp_arm/Hiwonder_xArm_ROS2/test) by extensions ['colcon_meta']
[0.119s] Level 1:colcon.colcon_core.package_identification:_identify(src/robp_robot/robp_arm/Hiwonder_xArm_ROS2/test) by extension 'colcon_meta'
[0.119s] Level 1:colcon.colcon_core.package_identification:_identify(src/robp_robot/robp_arm/Hiwonder_xArm_ROS2/test) by extensions ['ros']
[0.119s] Level 1:colcon.colcon_core.package_identification:_identify(src/robp_robot/robp_arm/Hiwonder_xArm_ROS2/test) by extension 'ros'
[0.119s] Level 1:colcon.colcon_core.package_identification:_identify(src/robp_robot/robp_arm/Hiwonder_xArm_ROS2/test) by extensions ['cmake', 'python']
[0.119s] Level 1:colcon.colcon_core.package_identification:_identify(src/robp_robot/robp_arm/Hiwonder_xArm_ROS2/test) by extension 'cmake'
[0.119s] Level 1:colcon.colcon_core.package_identification:_identify(src/robp_robot/robp_arm/Hiwonder_xArm_ROS2/test) by extension 'python'
[0.119s] Level 1:colcon.colcon_core.package_identification:_identify(src/robp_robot/robp_arm/Hiwonder_xArm_ROS2/test) by extensions ['python_setup_py']
[0.120s] Level 1:colcon.colcon_core.package_identification:_identify(src/robp_robot/robp_arm/Hiwonder_xArm_ROS2/test) by extension 'python_setup_py'
[0.120s] Level 1:colcon.colcon_core.package_identification:_identify(src/robp_robot/robp_arm/arm_servos_pubs_subs) by extensions ['ignore', 'ignore_ament_install']
[0.120s] Level 1:colcon.colcon_core.package_identification:_identify(src/robp_robot/robp_arm/arm_servos_pubs_subs) by extension 'ignore'
[0.120s] Level 1:colcon.colcon_core.package_identification:_identify(src/robp_robot/robp_arm/arm_servos_pubs_subs) by extension 'ignore_ament_install'
[0.120s] Level 1:colcon.colcon_core.package_identification:_identify(src/robp_robot/robp_arm/arm_servos_pubs_subs) by extensions ['colcon_pkg']
[0.120s] Level 1:colcon.colcon_core.package_identification:_identify(src/robp_robot/robp_arm/arm_servos_pubs_subs) by extension 'colcon_pkg'
[0.120s] Level 1:colcon.colcon_core.package_identification:_identify(src/robp_robot/robp_arm/arm_servos_pubs_subs) by extensions ['colcon_meta']
[0.120s] Level 1:colcon.colcon_core.package_identification:_identify(src/robp_robot/robp_arm/arm_servos_pubs_subs) by extension 'colcon_meta'
[0.120s] Level 1:colcon.colcon_core.package_identification:_identify(src/robp_robot/robp_arm/arm_servos_pubs_subs) by extensions ['ros']
[0.120s] Level 1:colcon.colcon_core.package_identification:_identify(src/robp_robot/robp_arm/arm_servos_pubs_subs) by extension 'ros'
[0.120s] DEBUG:colcon.colcon_core.package_identification:Package 'src/robp_robot/robp_arm/arm_servos_pubs_subs' with type 'ros.ament_python' and name 'arm_servos_pubs_subs'
[0.120s] Level 1:colcon.colcon_core.package_identification:_identify(src/robp_robot/robp_arm/assets) by extensions ['ignore', 'ignore_ament_install']
[0.120s] Level 1:colcon.colcon_core.package_identification:_identify(src/robp_robot/robp_arm/assets) by extension 'ignore'
[0.120s] Level 1:colcon.colcon_core.package_identification:_identify(src/robp_robot/robp_arm/assets) by extension 'ignore_ament_install'
[0.120s] Level 1:colcon.colcon_core.package_identification:_identify(src/robp_robot/robp_arm/assets) by extensions ['colcon_pkg']
[0.120s] Level 1:colcon.colcon_core.package_identification:_identify(src/robp_robot/robp_arm/assets) by extension 'colcon_pkg'
[0.120s] Level 1:colcon.colcon_core.package_identification:_identify(src/robp_robot/robp_arm/assets) by extensions ['colcon_meta']
[0.120s] Level 1:colcon.colcon_core.package_identification:_identify(src/robp_robot/robp_arm/assets) by extension 'colcon_meta'
[0.120s] Level 1:colcon.colcon_core.package_identification:_identify(src/robp_robot/robp_arm/assets) by extensions ['ros']
[0.120s] Level 1:colcon.colcon_core.package_identification:_identify(src/robp_robot/robp_arm/assets) by extension 'ros'
[0.120s] Level 1:colcon.colcon_core.package_identification:_identify(src/robp_robot/robp_arm/assets) by extensions ['cmake', 'python']
[0.120s] Level 1:colcon.colcon_core.package_identification:_identify(src/robp_robot/robp_arm/assets) by extension 'cmake'
[0.120s] Level 1:colcon.colcon_core.package_identification:_identify(src/robp_robot/robp_arm/assets) by extension 'python'
[0.120s] Level 1:colcon.colcon_core.package_identification:_identify(src/robp_robot/robp_arm/assets) by extensions ['python_setup_py']
[0.120s] Level 1:colcon.colcon_core.package_identification:_identify(src/robp_robot/robp_arm/assets) by extension 'python_setup_py'
[0.120s] Level 1:colcon.colcon_core.package_identification:_identify(src/robp_robot/robp_arm/launch) by extensions ['ignore', 'ignore_ament_install']
[0.120s] Level 1:colcon.colcon_core.package_identification:_identify(src/robp_robot/robp_arm/launch) by extension 'ignore'
[0.120s] Level 1:colcon.colcon_core.package_identification:_identify(src/robp_robot/robp_arm/launch) by extension 'ignore_ament_install'
[0.121s] Level 1:colcon.colcon_core.package_identification:_identify(src/robp_robot/robp_arm/launch) by extensions ['colcon_pkg']
[0.121s] Level 1:colcon.colcon_core.package_identification:_identify(src/robp_robot/robp_arm/launch) by extension 'colcon_pkg'
[0.121s] Level 1:colcon.colcon_core.package_identification:_identify(src/robp_robot/robp_arm/launch) by extensions ['colcon_meta']
[0.121s] Level 1:colcon.colcon_core.package_identification:_identify(src/robp_robot/robp_arm/launch) by extension 'colcon_meta'
[0.121s] Level 1:colcon.colcon_core.package_identification:_identify(src/robp_robot/robp_arm/launch) by extensions ['ros']
[0.121s] Level 1:colcon.colcon_core.package_identification:_identify(src/robp_robot/robp_arm/launch) by extension 'ros'
[0.121s] Level 1:colcon.colcon_core.package_identification:_identify(src/robp_robot/robp_arm/launch) by extensions ['cmake', 'python']
[0.121s] Level 1:colcon.colcon_core.package_identification:_identify(src/robp_robot/robp_arm/launch) by extension 'cmake'
[0.121s] Level 1:colcon.colcon_core.package_identification:_identify(src/robp_robot/robp_arm/launch) by extension 'python'
[0.121s] Level 1:colcon.colcon_core.package_identification:_identify(src/robp_robot/robp_arm/launch) by extensions ['python_setup_py']
[0.121s] Level 1:colcon.colcon_core.package_identification:_identify(src/robp_robot/robp_arm/launch) by extension 'python_setup_py'
[0.121s] Level 1:colcon.colcon_core.package_identification:_identify(src/robp_robot/robp_arm/launch/__pycache__) by extensions ['ignore', 'ignore_ament_install']
[0.121s] Level 1:colcon.colcon_core.package_identification:_identify(src/robp_robot/robp_arm/launch/__pycache__) by extension 'ignore'
[0.121s] Level 1:colcon.colcon_core.package_identification:_identify(src/robp_robot/robp_arm/launch/__pycache__) by extension 'ignore_ament_install'
[0.121s] Level 1:colcon.colcon_core.package_identification:_identify(src/robp_robot/robp_arm/launch/__pycache__) by extensions ['colcon_pkg']
[0.121s] Level 1:colcon.colcon_core.package_identification:_identify(src/robp_robot/robp_arm/launch/__pycache__) by extension 'colcon_pkg'
[0.121s] Level 1:colcon.colcon_core.package_identification:_identify(src/robp_robot/robp_arm/launch/__pycache__) by extensions ['colcon_meta']
[0.121s] Level 1:colcon.colcon_core.package_identification:_identify(src/robp_robot/robp_arm/launch/__pycache__) by extension 'colcon_meta'
[0.121s] Level 1:colcon.colcon_core.package_identification:_identify(src/robp_robot/robp_arm/launch/__pycache__) by extensions ['ros']
[0.121s] Level 1:colcon.colcon_core.package_identification:_identify(src/robp_robot/robp_arm/launch/__pycache__) by extension 'ros'
[0.121s] Level 1:colcon.colcon_core.package_identification:_identify(src/robp_robot/robp_arm/launch/__pycache__) by extensions ['cmake', 'python']
[0.121s] Level 1:colcon.colcon_core.package_identification:_identify(src/robp_robot/robp_arm/launch/__pycache__) by extension 'cmake'
[0.121s] Level 1:colcon.colcon_core.package_identification:_identify(src/robp_robot/robp_arm/launch/__pycache__) by extension 'python'
[0.121s] Level 1:colcon.colcon_core.package_identification:_identify(src/robp_robot/robp_arm/launch/__pycache__) by extensions ['python_setup_py']
[0.121s] Level 1:colcon.colcon_core.package_identification:_identify(src/robp_robot/robp_arm/launch/__pycache__) by extension 'python_setup_py'
[0.121s] Level 1:colcon.colcon_core.package_identification:_identify(src/robp_robot/robp_interfaces) by extensions ['ignore', 'ignore_ament_install']
[0.121s] Level 1:colcon.colcon_core.package_identification:_identify(src/robp_robot/robp_interfaces) by extension 'ignore'
[0.121s] Level 1:colcon.colcon_core.package_identification:_identify(src/robp_robot/robp_interfaces) by extension 'ignore_ament_install'
[0.121s] Level 1:colcon.colcon_core.package_identification:_identify(src/robp_robot/robp_interfaces) by extensions ['colcon_pkg']
[0.121s] Level 1:colcon.colcon_core.package_identification:_identify(src/robp_robot/robp_interfaces) by extension 'colcon_pkg'
[0.121s] Level 1:colcon.colcon_core.package_identification:_identify(src/robp_robot/robp_interfaces) by extensions ['colcon_meta']
[0.121s] Level 1:colcon.colcon_core.package_identification:_identify(src/robp_robot/robp_interfaces) by extension 'colcon_meta'
[0.121s] Level 1:colcon.colcon_core.package_identification:_identify(src/robp_robot/robp_interfaces) by extensions ['ros']
[0.121s] Level 1:colcon.colcon_core.package_identification:_identify(src/robp_robot/robp_interfaces) by extension 'ros'
[0.122s] DEBUG:colcon.colcon_core.package_identification:Package 'src/robp_robot/robp_interfaces' with type 'ros.ament_cmake' and name 'robp_interfaces'
[0.122s] Level 1:colcon.colcon_core.package_identification:_identify(src/robp_robot/robp_launch) by extensions ['ignore', 'ignore_ament_install']
[0.122s] Level 1:colcon.colcon_core.package_identification:_identify(src/robp_robot/robp_launch) by extension 'ignore'
[0.122s] Level 1:colcon.colcon_core.package_identification:_identify(src/robp_robot/robp_launch) by extension 'ignore_ament_install'
[0.122s] Level 1:colcon.colcon_core.package_identification:_identify(src/robp_robot/robp_launch) by extensions ['colcon_pkg']
[0.122s] Level 1:colcon.colcon_core.package_identification:_identify(src/robp_robot/robp_launch) by extension 'colcon_pkg'
[0.122s] Level 1:colcon.colcon_core.package_identification:_identify(src/robp_robot/robp_launch) by extensions ['colcon_meta']
[0.122s] Level 1:colcon.colcon_core.package_identification:_identify(src/robp_robot/robp_launch) by extension 'colcon_meta'
[0.122s] Level 1:colcon.colcon_core.package_identification:_identify(src/robp_robot/robp_launch) by extensions ['ros']
[0.122s] Level 1:colcon.colcon_core.package_identification:_identify(src/robp_robot/robp_launch) by extension 'ros'
[0.122s] DEBUG:colcon.colcon_core.package_identification:Package 'src/robp_robot/robp_launch' with type 'ros.ament_python' and name 'robp_launch'
[0.122s] Level 1:colcon.colcon_core.package_identification:_identify(src/robp_robot/robp_phidgets) by extensions ['ignore', 'ignore_ament_install']
[0.122s] Level 1:colcon.colcon_core.package_identification:_identify(src/robp_robot/robp_phidgets) by extension 'ignore'
[0.122s] Level 1:colcon.colcon_core.package_identification:_identify(src/robp_robot/robp_phidgets) by extension 'ignore_ament_install'
[0.122s] Level 1:colcon.colcon_core.package_identification:_identify(src/robp_robot/robp_phidgets) by extensions ['colcon_pkg']
[0.122s] Level 1:colcon.colcon_core.package_identification:_identify(src/robp_robot/robp_phidgets) by extension 'colcon_pkg'
[0.122s] Level 1:colcon.colcon_core.package_identification:_identify(src/robp_robot/robp_phidgets) by extensions ['colcon_meta']
[0.122s] Level 1:colcon.colcon_core.package_identification:_identify(src/robp_robot/robp_phidgets) by extension 'colcon_meta'
[0.122s] Level 1:colcon.colcon_core.package_identification:_identify(src/robp_robot/robp_phidgets) by extensions ['ros']
[0.122s] Level 1:colcon.colcon_core.package_identification:_identify(src/robp_robot/robp_phidgets) by extension 'ros'
[0.122s] Level 1:colcon.colcon_core.package_identification:_identify(src/robp_robot/robp_phidgets) by extensions ['cmake', 'python']
[0.122s] Level 1:colcon.colcon_core.package_identification:_identify(src/robp_robot/robp_phidgets) by extension 'cmake'
[0.122s] Level 1:colcon.colcon_core.package_identification:_identify(src/robp_robot/robp_phidgets) by extension 'python'
[0.122s] Level 1:colcon.colcon_core.package_identification:_identify(src/robp_robot/robp_phidgets) by extensions ['python_setup_py']
[0.122s] Level 1:colcon.colcon_core.package_identification:_identify(src/robp_robot/robp_phidgets) by extension 'python_setup_py'
[0.123s] Level 1:colcon.colcon_core.package_identification:_identify(src/robp_robot/robp_phidgets/robp_phidgets_encoders) by extensions ['ignore', 'ignore_ament_install']
[0.123s] Level 1:colcon.colcon_core.package_identification:_identify(src/robp_robot/robp_phidgets/robp_phidgets_encoders) by extension 'ignore'
[0.123s] Level 1:colcon.colcon_core.package_identification:_identify(src/robp_robot/robp_phidgets/robp_phidgets_encoders) by extension 'ignore_ament_install'
[0.123s] Level 1:colcon.colcon_core.package_identification:_identify(src/robp_robot/robp_phidgets/robp_phidgets_encoders) by extensions ['colcon_pkg']
[0.123s] Level 1:colcon.colcon_core.package_identification:_identify(src/robp_robot/robp_phidgets/robp_phidgets_encoders) by extension 'colcon_pkg'
[0.123s] Level 1:colcon.colcon_core.package_identification:_identify(src/robp_robot/robp_phidgets/robp_phidgets_encoders) by extensions ['colcon_meta']
[0.123s] Level 1:colcon.colcon_core.package_identification:_identify(src/robp_robot/robp_phidgets/robp_phidgets_encoders) by extension 'colcon_meta'
[0.123s] Level 1:colcon.colcon_core.package_identification:_identify(src/robp_robot/robp_phidgets/robp_phidgets_encoders) by extensions ['ros']
[0.123s] Level 1:colcon.colcon_core.package_identification:_identify(src/robp_robot/robp_phidgets/robp_phidgets_encoders) by extension 'ros'
[0.123s] DEBUG:colcon.colcon_core.package_identification:Package 'src/robp_robot/robp_phidgets/robp_phidgets_encoders' with type 'ros.ament_cmake' and name 'robp_phidgets_encoders'
[0.123s] Level 1:colcon.colcon_core.package_identification:_identify(src/robp_robot/robp_phidgets/robp_phidgets_motors) by extensions ['ignore', 'ignore_ament_install']
[0.123s] Level 1:colcon.colcon_core.package_identification:_identify(src/robp_robot/robp_phidgets/robp_phidgets_motors) by extension 'ignore'
[0.123s] Level 1:colcon.colcon_core.package_identification:_identify(src/robp_robot/robp_phidgets/robp_phidgets_motors) by extension 'ignore_ament_install'
[0.123s] Level 1:colcon.colcon_core.package_identification:_identify(src/robp_robot/robp_phidgets/robp_phidgets_motors) by extensions ['colcon_pkg']
[0.123s] Level 1:colcon.colcon_core.package_identification:_identify(src/robp_robot/robp_phidgets/robp_phidgets_motors) by extension 'colcon_pkg'
[0.123s] Level 1:colcon.colcon_core.package_identification:_identify(src/robp_robot/robp_phidgets/robp_phidgets_motors) by extensions ['colcon_meta']
[0.123s] Level 1:colcon.colcon_core.package_identification:_identify(src/robp_robot/robp_phidgets/robp_phidgets_motors) by extension 'colcon_meta'
[0.123s] Level 1:colcon.colcon_core.package_identification:_identify(src/robp_robot/robp_phidgets/robp_phidgets_motors) by extensions ['ros']
[0.123s] Level 1:colcon.colcon_core.package_identification:_identify(src/robp_robot/robp_phidgets/robp_phidgets_motors) by extension 'ros'
[0.124s] DEBUG:colcon.colcon_core.package_identification:Package 'src/robp_robot/robp_phidgets/robp_phidgets_motors' with type 'ros.ament_cmake' and name 'robp_phidgets_motors'
[0.124s] Level 1:colcon.colcon_core.package_identification:_identify(src/robp_robot/robp_phidgets/robp_phidgets_spatial) by extensions ['ignore', 'ignore_ament_install']
[0.124s] Level 1:colcon.colcon_core.package_identification:_identify(src/robp_robot/robp_phidgets/robp_phidgets_spatial) by extension 'ignore'
[0.124s] Level 1:colcon.colcon_core.package_identification:_identify(src/robp_robot/robp_phidgets/robp_phidgets_spatial) by extension 'ignore_ament_install'
[0.124s] Level 1:colcon.colcon_core.package_identification:_identify(src/robp_robot/robp_phidgets/robp_phidgets_spatial) by extensions ['colcon_pkg']
[0.124s] Level 1:colcon.colcon_core.package_identification:_identify(src/robp_robot/robp_phidgets/robp_phidgets_spatial) by extension 'colcon_pkg'
[0.124s] Level 1:colcon.colcon_core.package_identification:_identify(src/robp_robot/robp_phidgets/robp_phidgets_spatial) by extensions ['colcon_meta']
[0.124s] Level 1:colcon.colcon_core.package_identification:_identify(src/robp_robot/robp_phidgets/robp_phidgets_spatial) by extension 'colcon_meta'
[0.124s] Level 1:colcon.colcon_core.package_identification:_identify(src/robp_robot/robp_phidgets/robp_phidgets_spatial) by extensions ['ros']
[0.124s] Level 1:colcon.colcon_core.package_identification:_identify(src/robp_robot/robp_phidgets/robp_phidgets_spatial) by extension 'ros'
[0.125s] DEBUG:colcon.colcon_core.package_identification:Package 'src/robp_robot/robp_phidgets/robp_phidgets_spatial' with type 'ros.ament_cmake' and name 'robp_phidgets_spatial'
[0.125s] Level 1:colcon.colcon_core.package_identification:_identify(src/robp_robot/robp_phidgets/robp_phidgets_temperature) by extensions ['ignore', 'ignore_ament_install']
[0.125s] Level 1:colcon.colcon_core.package_identification:_identify(src/robp_robot/robp_phidgets/robp_phidgets_temperature) by extension 'ignore'
[0.125s] Level 1:colcon.colcon_core.package_identification:_identify(src/robp_robot/robp_phidgets/robp_phidgets_temperature) by extension 'ignore_ament_install'
[0.125s] Level 1:colcon.colcon_core.package_identification:_identify(src/robp_robot/robp_phidgets/robp_phidgets_temperature) by extensions ['colcon_pkg']
[0.125s] Level 1:colcon.colcon_core.package_identification:_identify(src/robp_robot/robp_phidgets/robp_phidgets_temperature) by extension 'colcon_pkg'
[0.125s] Level 1:colcon.colcon_core.package_identification:_identify(src/robp_robot/robp_phidgets/robp_phidgets_temperature) by extensions ['colcon_meta']
[0.125s] Level 1:colcon.colcon_core.package_identification:_identify(src/robp_robot/robp_phidgets/robp_phidgets_temperature) by extension 'colcon_meta'
[0.125s] Level 1:colcon.colcon_core.package_identification:_identify(src/robp_robot/robp_phidgets/robp_phidgets_temperature) by extensions ['ros']
[0.125s] Level 1:colcon.colcon_core.package_identification:_identify(src/robp_robot/robp_phidgets/robp_phidgets_temperature) by extension 'ros'
[0.125s] DEBUG:colcon.colcon_core.package_identification:Package 'src/robp_robot/robp_phidgets/robp_phidgets_temperature' with type 'ros.ament_cmake' and name 'robp_phidgets_temperature'
[0.125s] Level 1:colcon.colcon_core.package_identification:_identify(src/robp_robot/sllidar_ros2) by extensions ['ignore', 'ignore_ament_install']
[0.125s] Level 1:colcon.colcon_core.package_identification:_identify(src/robp_robot/sllidar_ros2) by extension 'ignore'
[0.125s] Level 1:colcon.colcon_core.package_identification:_identify(src/robp_robot/sllidar_ros2) by extension 'ignore_ament_install'
[0.125s] Level 1:colcon.colcon_core.package_identification:_identify(src/robp_robot/sllidar_ros2) by extensions ['colcon_pkg']
[0.125s] Level 1:colcon.colcon_core.package_identification:_identify(src/robp_robot/sllidar_ros2) by extension 'colcon_pkg'
[0.125s] Level 1:colcon.colcon_core.package_identification:_identify(src/robp_robot/sllidar_ros2) by extensions ['colcon_meta']
[0.125s] Level 1:colcon.colcon_core.package_identification:_identify(src/robp_robot/sllidar_ros2) by extension 'colcon_meta'
[0.125s] Level 1:colcon.colcon_core.package_identification:_identify(src/robp_robot/sllidar_ros2) by extensions ['ros']
[0.125s] Level 1:colcon.colcon_core.package_identification:_identify(src/robp_robot/sllidar_ros2) by extension 'ros'
[0.126s] DEBUG:colcon.colcon_core.package_identification:Package 'src/robp_robot/sllidar_ros2' with type 'ros.ament_cmake' and name 'sllidar_ros2'
[0.126s] Level 1:colcon.colcon_core.package_identification:_identify(src/robp_robot/usb_cam) by extensions ['ignore', 'ignore_ament_install']
[0.126s] Level 1:colcon.colcon_core.package_identification:_identify(src/robp_robot/usb_cam) by extension 'ignore'
[0.126s] Level 1:colcon.colcon_core.package_identification:_identify(src/robp_robot/usb_cam) by extension 'ignore_ament_install'
[0.126s] Level 1:colcon.colcon_core.package_identification:_identify(src/robp_robot/usb_cam) by extensions ['colcon_pkg']
[0.126s] Level 1:colcon.colcon_core.package_identification:_identify(src/robp_robot/usb_cam) by extension 'colcon_pkg'
[0.126s] Level 1:colcon.colcon_core.package_identification:_identify(src/robp_robot/usb_cam) by extensions ['colcon_meta']
[0.126s] Level 1:colcon.colcon_core.package_identification:_identify(src/robp_robot/usb_cam) by extension 'colcon_meta'
[0.126s] Level 1:colcon.colcon_core.package_identification:_identify(src/robp_robot/usb_cam) by extensions ['ros']
[0.126s] Level 1:colcon.colcon_core.package_identification:_identify(src/robp_robot/usb_cam) by extension 'ros'
[0.127s] DEBUG:colcon.colcon_core.package_identification:Package 'src/robp_robot/usb_cam' with type 'ros.ament_cmake' and name 'usb_cam'
[0.127s] Level 1:colcon.colcon_core.package_discovery:discover_packages(recursive) using defaults
[0.127s] Level 1:colcon.colcon_core.package_discovery:discover_packages(ignore) discover
[0.127s] Level 1:colcon.colcon_core.package_discovery:discover_packages(ignore) using defaults
[0.127s] Level 1:colcon.colcon_core.package_discovery:discover_packages(path) discover
[0.127s] Level 1:colcon.colcon_core.package_discovery:discover_packages(path) using defaults
[0.141s] INFO:colcon.colcon_core.package_selection:Skipping not selected package 'arm_servos_pubs_subs' in 'src/robp_robot/robp_arm/arm_servos_pubs_subs'
[0.141s] INFO:colcon.colcon_core.package_selection:Skipping not selected package 'controller' in 'src/controller'
[0.141s] INFO:colcon.colcon_core.package_selection:Skipping not selected package 'detection' in 'src/detection'
[0.141s] INFO:colcon.colcon_core.package_selection:Skipping not selected package 'display' in 'src/display'
[0.141s] INFO:colcon.colcon_core.package_selection:Skipping not selected package 'lidar' in 'src/lidar'
[0.141s] INFO:colcon.colcon_core.package_selection:Skipping not selected package 'odometry' in 'src/odometry'
[0.141s] INFO:colcon.colcon_core.package_selection:Skipping not selected package 'pickup' in 'src/pickup'
[0.141s] INFO:colcon.colcon_core.package_selection:Skipping not selected package 'robot_odometry' in 'src/robot_odometry'
[0.141s] INFO:colcon.colcon_core.package_selection:Skipping not selected package 'robp_interfaces' in 'src/robp_robot/robp_interfaces'
[0.141s] INFO:colcon.colcon_core.package_selection:Skipping not selected package 'robp_phidgets_temperature' in 'src/robp_robot/robp_phidgets/robp_phidgets_temperature'
[0.141s] INFO:colcon.colcon_core.package_selection:Skipping not selected package 'sllidar_ros2' in 'src/robp_robot/sllidar_ros2'
[0.141s] INFO:colcon.colcon_core.package_selection:Skipping not selected package 'robp_phidgets_encoders' in 'src/robp_robot/robp_phidgets/robp_phidgets_encoders'
[0.141s] INFO:colcon.colcon_core.package_selection:Skipping not selected package 'robp_phidgets_motors' in 'src/robp_robot/robp_phidgets/robp_phidgets_motors'
[0.141s] INFO:colcon.colcon_core.package_selection:Skipping not selected package 'robp_phidgets_spatial' in 'src/robp_robot/robp_phidgets/robp_phidgets_spatial'
[0.141s] INFO:colcon.colcon_core.package_selection:Skipping not selected package 'robp_launch' in 'src/robp_robot/robp_launch'
[0.141s] Level 1:colcon.colcon_core.package_discovery:discover_packages(prefix_path) check parameters
[0.141s] Level 1:colcon.colcon_core.package_discovery:discover_packages(prefix_path) discover
[0.142s] DEBUG:colcon.colcon_installed_package_information.package_discovery:Found 3 installed packages in /home/robot/esp32_microros_ws/install
[0.142s] DEBUG:colcon.colcon_installed_package_information.package_discovery:Found 11 installed packages in /home/robot/dd2419_ws/install
[0.143s] DEBUG:colcon.colcon_installed_package_information.package_discovery:Found 301 installed packages in /opt/ros/jazzy
[0.144s] Level 1:colcon.colcon_core.package_discovery:discover_packages(prefix_path) using defaults
[0.168s] Level 5:colcon.colcon_core.verb:set package 'usb_cam' build argument 'cmake_args' from command line to 'None'
[0.168s] Level 5:colcon.colcon_core.verb:set package 'usb_cam' build argument 'cmake_target' from command line to 'None'
[0.168s] Level 5:colcon.colcon_core.verb:set package 'usb_cam' build argument 'cmake_target_skip_unavailable' from command line to 'False'
[0.168s] Level 5:colcon.colcon_core.verb:set package 'usb_cam' build argument 'cmake_clean_cache' from command line to 'False'
[0.168s] Level 5:colcon.colcon_core.verb:set package 'usb_cam' build argument 'cmake_clean_first' from command line to 'False'
[0.168s] Level 5:colcon.colcon_core.verb:set package 'usb_cam' build argument 'cmake_force_configure' from command line to 'False'
[0.168s] Level 5:colcon.colcon_core.verb:set package 'usb_cam' build argument 'ament_cmake_args' from command line to 'None'
[0.168s] Level 5:colcon.colcon_core.verb:set package 'usb_cam' build argument 'catkin_cmake_args' from command line to 'None'
[0.168s] Level 5:colcon.colcon_core.verb:set package 'usb_cam' build argument 'catkin_skip_building_tests' from command line to 'False'
[0.168s] DEBUG:colcon.colcon_core.verb:Building package 'usb_cam' with the following arguments: {'ament_cmake_args': None, 'build_base': '/home/robot/dd2419_ws/build/usb_cam', 'catkin_cmake_args': None, 'catkin_skip_building_tests': False, 'cmake_args': None, 'cmake_clean_cache': False, 'cmake_clean_first': False, 'cmake_force_configure': False, 'cmake_target': None, 'cmake_target_skip_unavailable': False, 'install_base': '/home/robot/dd2419_ws/install/usb_cam', 'merge_install': False, 'path': '/home/robot/dd2419_ws/src/robp_robot/usb_cam', 'symlink_install': True, 'test_result_base': None}
[0.168s] INFO:colcon.colcon_core.executor:Executing jobs using 'parallel' executor
[0.169s] DEBUG:colcon.colcon_parallel_executor.executor.parallel:run_until_complete
[0.169s] INFO:colcon.colcon_ros.task.ament_cmake.build:Building ROS package in '/home/robot/dd2419_ws/src/robp_robot/usb_cam' with build type 'ament_cmake'
[0.169s] INFO:colcon.colcon_cmake.task.cmake.build:Building CMake package in '/home/robot/dd2419_ws/src/robp_robot/usb_cam'
[0.171s] INFO:colcon.colcon_core.plugin_system:Skipping extension 'colcon_core.shell.bat': Not used on non-Windows systems
[0.171s] INFO:colcon.colcon_core.shell:Skip shell extension 'powershell' for command environment: Not usable outside of PowerShell
[0.171s] DEBUG:colcon.colcon_core.shell:Skip shell extension 'dsv' for command environment
[0.176s] DEBUG:colcon.colcon_core.event_handler.log_command:Invoking command in '/home/robot/dd2419_ws/build/usb_cam': CMAKE_PREFIX_PATH=${CMAKE_PREFIX_PATH}:/home/robot/dd2419_ws/install/robot_odometry:/home/robot/dd2419_ws/install/pickup:/home/robot/dd2419_ws/install/odometry:/home/robot/dd2419_ws/install/lidar:/home/robot/dd2419_ws/install/display:/home/robot/dd2419_ws/install/detection:/home/robot/dd2419_ws/install/controller:/home/robot/dd2419_ws/install/arm_servos_pubs_subs:/opt/ros/jazzy DEBUGINFOD_URLS=https://debuginfod.ubuntu.com /usr/bin/cmake /home/robot/dd2419_ws/src/robp_robot/usb_cam -DAMENT_CMAKE_SYMLINK_INSTALL=1 -DCMAKE_INSTALL_PREFIX=/home/robot/dd2419_ws/install/usb_cam
[1.343s] DEBUG:colcon.colcon_core.event_handler.log_command:Invoked command in '/home/robot/dd2419_ws/build/usb_cam' returned '0': CMAKE_PREFIX_PATH=${CMAKE_PREFIX_PATH}:/home/robot/dd2419_ws/install/robot_odometry:/home/robot/dd2419_ws/install/pickup:/home/robot/dd2419_ws/install/odometry:/home/robot/dd2419_ws/install/lidar:/home/robot/dd2419_ws/install/display:/home/robot/dd2419_ws/install/detection:/home/robot/dd2419_ws/install/controller:/home/robot/dd2419_ws/install/arm_servos_pubs_subs:/opt/ros/jazzy DEBUGINFOD_URLS=https://debuginfod.ubuntu.com /usr/bin/cmake /home/robot/dd2419_ws/src/robp_robot/usb_cam -DAMENT_CMAKE_SYMLINK_INSTALL=1 -DCMAKE_INSTALL_PREFIX=/home/robot/dd2419_ws/install/usb_cam
[1.343s] DEBUG:colcon.colcon_core.event_handler.log_command:Invoking command in '/home/robot/dd2419_ws/build/usb_cam': CMAKE_PREFIX_PATH=${CMAKE_PREFIX_PATH}:/home/robot/dd2419_ws/install/robot_odometry:/home/robot/dd2419_ws/install/pickup:/home/robot/dd2419_ws/install/odometry:/home/robot/dd2419_ws/install/lidar:/home/robot/dd2419_ws/install/display:/home/robot/dd2419_ws/install/detection:/home/robot/dd2419_ws/install/controller:/home/robot/dd2419_ws/install/arm_servos_pubs_subs:/opt/ros/jazzy DEBUGINFOD_URLS=https://debuginfod.ubuntu.com /usr/bin/cmake --build /home/robot/dd2419_ws/build/usb_cam -- -j12 -l12
[8.178s] DEBUG:colcon.colcon_core.event_handler.log_command:Invoked command in '/home/robot/dd2419_ws/build/usb_cam' returned '0': CMAKE_PREFIX_PATH=${CMAKE_PREFIX_PATH}:/home/robot/dd2419_ws/install/robot_odometry:/home/robot/dd2419_ws/install/pickup:/home/robot/dd2419_ws/install/odometry:/home/robot/dd2419_ws/install/lidar:/home/robot/dd2419_ws/install/display:/home/robot/dd2419_ws/install/detection:/home/robot/dd2419_ws/install/controller:/home/robot/dd2419_ws/install/arm_servos_pubs_subs:/opt/ros/jazzy DEBUGINFOD_URLS=https://debuginfod.ubuntu.com /usr/bin/cmake --build /home/robot/dd2419_ws/build/usb_cam -- -j12 -l12
[8.184s] DEBUG:colcon.colcon_core.event_handler.log_command:Invoking command in '/home/robot/dd2419_ws/build/usb_cam': CMAKE_PREFIX_PATH=${CMAKE_PREFIX_PATH}:/home/robot/dd2419_ws/install/robot_odometry:/home/robot/dd2419_ws/install/pickup:/home/robot/dd2419_ws/install/odometry:/home/robot/dd2419_ws/install/lidar:/home/robot/dd2419_ws/install/display:/home/robot/dd2419_ws/install/detection:/home/robot/dd2419_ws/install/controller:/home/robot/dd2419_ws/install/arm_servos_pubs_subs:/opt/ros/jazzy DEBUGINFOD_URLS=https://debuginfod.ubuntu.com /usr/bin/cmake --install /home/robot/dd2419_ws/build/usb_cam
[8.434s] Level 1:colcon.colcon_core.environment:create_environment_scripts_only(usb_cam)
[8.434s] DEBUG:colcon.colcon_core.event_handler.log_command:Invoked command in '/home/robot/dd2419_ws/build/usb_cam' returned '0': CMAKE_PREFIX_PATH=${CMAKE_PREFIX_PATH}:/home/robot/dd2419_ws/install/robot_odometry:/home/robot/dd2419_ws/install/pickup:/home/robot/dd2419_ws/install/odometry:/home/robot/dd2419_ws/install/lidar:/home/robot/dd2419_ws/install/display:/home/robot/dd2419_ws/install/detection:/home/robot/dd2419_ws/install/controller:/home/robot/dd2419_ws/install/arm_servos_pubs_subs:/opt/ros/jazzy DEBUGINFOD_URLS=https://debuginfod.ubuntu.com /usr/bin/cmake --install /home/robot/dd2419_ws/build/usb_cam
[8.436s] Level 1:colcon.colcon_core.environment:checking '/home/robot/dd2419_ws/install/usb_cam' for CMake module files
[8.436s] Level 1:colcon.colcon_core.environment:checking '/home/robot/dd2419_ws/install/usb_cam' for CMake config files
[8.436s] Level 1:colcon.colcon_core.shell:create_environment_hook('usb_cam', 'cmake_prefix_path')
[8.436s] INFO:colcon.colcon_core.shell:Creating environment hook '/home/robot/dd2419_ws/install/usb_cam/share/usb_cam/hook/cmake_prefix_path.ps1'
[8.437s] INFO:colcon.colcon_core.shell:Creating environment descriptor '/home/robot/dd2419_ws/install/usb_cam/share/usb_cam/hook/cmake_prefix_path.dsv'
[8.437s] INFO:colcon.colcon_core.shell:Creating environment hook '/home/robot/dd2419_ws/install/usb_cam/share/usb_cam/hook/cmake_prefix_path.sh'
[8.438s] Level 1:colcon.colcon_core.environment:checking '/home/robot/dd2419_ws/install/usb_cam/lib'
[8.438s] Level 1:colcon.colcon_core.shell:create_environment_hook('usb_cam', 'ld_library_path_lib')
[8.438s] INFO:colcon.colcon_core.shell:Creating environment hook '/home/robot/dd2419_ws/install/usb_cam/share/usb_cam/hook/ld_library_path_lib.ps1'
[8.438s] INFO:colcon.colcon_core.shell:Creating environment descriptor '/home/robot/dd2419_ws/install/usb_cam/share/usb_cam/hook/ld_library_path_lib.dsv'
[8.438s] INFO:colcon.colcon_core.shell:Creating environment hook '/home/robot/dd2419_ws/install/usb_cam/share/usb_cam/hook/ld_library_path_lib.sh'
[8.439s] Level 1:colcon.colcon_core.environment:checking '/home/robot/dd2419_ws/install/usb_cam/bin'
[8.439s] Level 1:colcon.colcon_core.environment:checking '/home/robot/dd2419_ws/install/usb_cam/lib/pkgconfig/usb_cam.pc'
[8.439s] Level 1:colcon.colcon_core.environment:checking '/home/robot/dd2419_ws/install/usb_cam/lib/python3.12/site-packages'
[8.439s] Level 1:colcon.colcon_core.environment:checking '/home/robot/dd2419_ws/install/usb_cam/bin'
[8.439s] INFO:colcon.colcon_core.shell:Creating package script '/home/robot/dd2419_ws/install/usb_cam/share/usb_cam/package.ps1'
[8.440s] INFO:colcon.colcon_core.shell:Creating package descriptor '/home/robot/dd2419_ws/install/usb_cam/share/usb_cam/package.dsv'
[8.440s] INFO:colcon.colcon_core.shell:Creating package script '/home/robot/dd2419_ws/install/usb_cam/share/usb_cam/package.sh'
[8.440s] INFO:colcon.colcon_core.shell:Creating package script '/home/robot/dd2419_ws/install/usb_cam/share/usb_cam/package.bash'
[8.440s] INFO:colcon.colcon_core.shell:Creating package script '/home/robot/dd2419_ws/install/usb_cam/share/usb_cam/package.zsh'
[8.441s] Level 1:colcon.colcon_core.environment:create_file_with_runtime_dependencies(/home/robot/dd2419_ws/install/usb_cam/share/colcon-core/packages/usb_cam)
[8.441s] Level 1:colcon.colcon_core.environment:create_environment_scripts_only(usb_cam)
[8.441s] Level 1:colcon.colcon_core.environment:checking '/home/robot/dd2419_ws/install/usb_cam' for CMake module files
[8.441s] Level 1:colcon.colcon_core.environment:checking '/home/robot/dd2419_ws/install/usb_cam' for CMake config files
[8.442s] Level 1:colcon.colcon_core.shell:create_environment_hook('usb_cam', 'cmake_prefix_path')
[8.442s] INFO:colcon.colcon_core.shell:Creating environment hook '/home/robot/dd2419_ws/install/usb_cam/share/usb_cam/hook/cmake_prefix_path.ps1'
[8.442s] INFO:colcon.colcon_core.shell:Creating environment descriptor '/home/robot/dd2419_ws/install/usb_cam/share/usb_cam/hook/cmake_prefix_path.dsv'
[8.442s] INFO:colcon.colcon_core.shell:Creating environment hook '/home/robot/dd2419_ws/install/usb_cam/share/usb_cam/hook/cmake_prefix_path.sh'
[8.443s] Level 1:colcon.colcon_core.environment:checking '/home/robot/dd2419_ws/install/usb_cam/lib'
[8.443s] Level 1:colcon.colcon_core.shell:create_environment_hook('usb_cam', 'ld_library_path_lib')
[8.443s] INFO:colcon.colcon_core.shell:Creating environment hook '/home/robot/dd2419_ws/install/usb_cam/share/usb_cam/hook/ld_library_path_lib.ps1'
[8.443s] INFO:colcon.colcon_core.shell:Creating environment descriptor '/home/robot/dd2419_ws/install/usb_cam/share/usb_cam/hook/ld_library_path_lib.dsv'
[8.443s] INFO:colcon.colcon_core.shell:Creating environment hook '/home/robot/dd2419_ws/install/usb_cam/share/usb_cam/hook/ld_library_path_lib.sh'
[8.443s] Level 1:colcon.colcon_core.environment:checking '/home/robot/dd2419_ws/install/usb_cam/bin'
[8.443s] Level 1:colcon.colcon_core.environment:checking '/home/robot/dd2419_ws/install/usb_cam/lib/pkgconfig/usb_cam.pc'
[8.444s] Level 1:colcon.colcon_core.environment:checking '/home/robot/dd2419_ws/install/usb_cam/lib/python3.12/site-packages'
[8.444s] Level 1:colcon.colcon_core.environment:checking '/home/robot/dd2419_ws/install/usb_cam/bin'
[8.444s] INFO:colcon.colcon_core.shell:Creating package script '/home/robot/dd2419_ws/install/usb_cam/share/usb_cam/package.ps1'
[8.444s] INFO:colcon.colcon_core.shell:Creating package descriptor '/home/robot/dd2419_ws/install/usb_cam/share/usb_cam/package.dsv'
[8.444s] INFO:colcon.colcon_core.shell:Creating package script '/home/robot/dd2419_ws/install/usb_cam/share/usb_cam/package.sh'
[8.445s] INFO:colcon.colcon_core.shell:Creating package script '/home/robot/dd2419_ws/install/usb_cam/share/usb_cam/package.bash'
[8.445s] INFO:colcon.colcon_core.shell:Creating package script '/home/robot/dd2419_ws/install/usb_cam/share/usb_cam/package.zsh'
[8.445s] Level 1:colcon.colcon_core.environment:create_file_with_runtime_dependencies(/home/robot/dd2419_ws/install/usb_cam/share/colcon-core/packages/usb_cam)
[8.445s] DEBUG:colcon.colcon_parallel_executor.executor.parallel:closing loop
[8.446s] DEBUG:colcon.colcon_parallel_executor.executor.parallel:loop closed
[8.446s] DEBUG:colcon.colcon_parallel_executor.executor.parallel:run_until_complete finished with '0'
[8.446s] DEBUG:colcon.colcon_core.event_reactor:joining thread
[8.449s] INFO:colcon.colcon_core.plugin_system:Skipping extension 'colcon_notification.desktop_notification.terminal_notifier': Not used on non-Darwin systems
[8.449s] INFO:colcon.colcon_core.plugin_system:Skipping extension 'colcon_notification.desktop_notification.win32': Not used on non-Windows systems
[8.449s] INFO:colcon.colcon_notification.desktop_notification:Sending desktop notification using 'notify2'
[8.457s] DEBUG:colcon.colcon_core.event_reactor:joined thread
[8.457s] INFO:colcon.colcon_core.shell:Creating prefix script '/home/robot/dd2419_ws/install/local_setup.ps1'
[8.458s] INFO:colcon.colcon_core.shell:Creating prefix util module '/home/robot/dd2419_ws/install/_local_setup_util_ps1.py'
[8.458s] INFO:colcon.colcon_core.shell:Creating prefix chain script '/home/robot/dd2419_ws/install/setup.ps1'
[8.459s] INFO:colcon.colcon_core.shell:Creating prefix script '/home/robot/dd2419_ws/install/local_setup.sh'
[8.459s] INFO:colcon.colcon_core.shell:Creating prefix util module '/home/robot/dd2419_ws/install/_local_setup_util_sh.py'
[8.460s] INFO:colcon.colcon_core.shell:Creating prefix chain script '/home/robot/dd2419_ws/install/setup.sh'
[8.460s] INFO:colcon.colcon_core.shell:Creating prefix script '/home/robot/dd2419_ws/install/local_setup.bash'
[8.461s] INFO:colcon.colcon_core.shell:Creating prefix chain script '/home/robot/dd2419_ws/install/setup.bash'
[8.461s] INFO:colcon.colcon_core.shell:Creating prefix script '/home/robot/dd2419_ws/install/local_setup.zsh'
[8.461s] INFO:colcon.colcon_core.shell:Creating prefix chain script '/home/robot/dd2419_ws/install/setup.zsh'
