[3.018s] Invoking command in '/home/group1/dd2419_ws/build/arm_servos_pubs_subs': DEBUGINFOD_URLS=https://debuginfod.ubuntu.com PYTHONPATH=/home/group1/dd2419_ws/build/arm_servos_pubs_subs/prefix_override:/usr/lib/python3/dist-packages/colcon_core/task/python/colcon_distutils_commands:/home/group1/dd2419_ws/install/arm_servos_pubs_subs/lib/python3.12/site-packages:${PYTHONPATH} /usr/bin/python3 -W ignore:setup.py install is deprecated -W ignore:easy_install command is deprecated setup.py develop --editable --build-directory /home/group1/dd2419_ws/build/arm_servos_pubs_subs/build --no-deps symlink_data
[3.692s] running develop
[4.092s] running egg_info
[4.125s] writing arm_servos_pubs_subs.egg-info/PKG-INFO
[4.127s] writing dependency_links to arm_servos_pubs_subs.egg-info/dependency_links.txt
[4.127s] writing entry points to arm_servos_pubs_subs.egg-info/entry_points.txt
[4.127s] writing requirements to arm_servos_pubs_subs.egg-info/requires.txt
[4.128s] writing top-level names to arm_servos_pubs_subs.egg-info/top_level.txt
[4.198s] reading manifest file 'arm_servos_pubs_subs.egg-info/SOURCES.txt'
[4.198s] writing manifest file 'arm_servos_pubs_subs.egg-info/SOURCES.txt'
[4.241s] running build_ext
[4.241s] Creating /home/group1/dd2419_ws/install/arm_servos_pubs_subs/lib/python3.12/site-packages/arm-servos-pubs-subs.egg-link (link to .)
[4.241s] Installing listener script to /home/group1/dd2419_ws/install/arm_servos_pubs_subs/lib/arm_servos_pubs_subs
[4.241s] Installing talker script to /home/group1/dd2419_ws/install/arm_servos_pubs_subs/lib/arm_servos_pubs_subs
[4.241s] 
[4.241s] Installed /home/group1/dd2419_ws/build/arm_servos_pubs_subs
[4.241s] running symlink_data
[4.242s] creating /home/group1/dd2419_ws/install/arm_servos_pubs_subs/share/ament_index
[4.242s] creating /home/group1/dd2419_ws/install/arm_servos_pubs_subs/share/ament_index/resource_index
[4.242s] creating /home/group1/dd2419_ws/install/arm_servos_pubs_subs/share/ament_index/resource_index/packages
[4.242s] symbolically linking /home/group1/dd2419_ws/build/arm_servos_pubs_subs/resource/arm_servos_pubs_subs -> /home/group1/dd2419_ws/install/arm_servos_pubs_subs/share/ament_index/resource_index/packages
[4.242s] symbolically linking /home/group1/dd2419_ws/build/arm_servos_pubs_subs/package.xml -> /home/group1/dd2419_ws/install/arm_servos_pubs_subs/share/arm_servos_pubs_subs
[4.556s] Invoked command in '/home/group1/dd2419_ws/build/arm_servos_pubs_subs' returned '0': DEBUGINFOD_URLS=https://debuginfod.ubuntu.com PYTHONPATH=/home/group1/dd2419_ws/build/arm_servos_pubs_subs/prefix_override:/usr/lib/python3/dist-packages/colcon_core/task/python/colcon_distutils_commands:/home/group1/dd2419_ws/install/arm_servos_pubs_subs/lib/python3.12/site-packages:${PYTHONPATH} /usr/bin/python3 -W ignore:setup.py install is deprecated -W ignore:easy_install command is deprecated setup.py develop --editable --build-directory /home/group1/dd2419_ws/build/arm_servos_pubs_subs/build --no-deps symlink_data
