[2.380s] Invoking command in '/home/group1/dd2419_ws/build/robot_odometry': DEBUGINFOD_URLS=https://debuginfod.ubuntu.com PYTHONPATH=/home/group1/dd2419_ws/build/robot_odometry/prefix_override:/usr/lib/python3/dist-packages/colcon_core/task/python/colcon_distutils_commands:/home/group1/dd2419_ws/install/robot_odometry/lib/python3.12/site-packages:${PYTHONPATH} /usr/bin/python3 -W ignore:setup.py install is deprecated -W ignore:easy_install command is deprecated setup.py develop --uninstall --editable --build-directory /home/group1/dd2419_ws/build/robot_odometry/build
[2.910s] running develop
[3.310s] Removing /home/group1/dd2419_ws/install/robot_odometry/lib/python3.12/site-packages/robot-odometry.egg-link (link to .)
[3.389s] Invoked command in '/home/group1/dd2419_ws/build/robot_odometry' returned '0': DEBUGINFOD_URLS=https://debuginfod.ubuntu.com PYTHONPATH=/home/group1/dd2419_ws/build/robot_odometry/prefix_override:/usr/lib/python3/dist-packages/colcon_core/task/python/colcon_distutils_commands:/home/group1/dd2419_ws/install/robot_odometry/lib/python3.12/site-packages:${PYTHONPATH} /usr/bin/python3 -W ignore:setup.py install is deprecated -W ignore:easy_install command is deprecated setup.py develop --uninstall --editable --build-directory /home/group1/dd2419_ws/build/robot_odometry/build
[3.389s] Invoking command in '/home/group1/dd2419_ws/src/robot_odometry': DEBUGINFOD_URLS=https://debuginfod.ubuntu.com PYTHONPATH=/home/group1/dd2419_ws/build/robot_odometry/prefix_override:/usr/lib/python3/dist-packages/colcon_core/task/python/colcon_distutils_commands:/home/group1/dd2419_ws/install/robot_odometry/lib/python3.12/site-packages:${PYTHONPATH} /usr/bin/python3 -W ignore:setup.py install is deprecated -W ignore:easy_install command is deprecated setup.py egg_info --egg-base ../../build/robot_odometry build --build-base /home/group1/dd2419_ws/build/robot_odometry/build install --record /home/group1/dd2419_ws/build/robot_odometry/install.log --single-version-externally-managed install_data --force
[3.950s] running egg_info
[3.989s] writing ../../build/robot_odometry/robot_odometry.egg-info/PKG-INFO
[3.989s] writing dependency_links to ../../build/robot_odometry/robot_odometry.egg-info/dependency_links.txt
[3.990s] writing entry points to ../../build/robot_odometry/robot_odometry.egg-info/entry_points.txt
[3.990s] writing requirements to ../../build/robot_odometry/robot_odometry.egg-info/requires.txt
[3.990s] writing top-level names to ../../build/robot_odometry/robot_odometry.egg-info/top_level.txt
[4.068s] reading manifest file '../../build/robot_odometry/robot_odometry.egg-info/SOURCES.txt'
[4.070s] writing manifest file '../../build/robot_odometry/robot_odometry.egg-info/SOURCES.txt'
[4.070s] running build
[4.070s] running build_py
[4.070s] copying robot_odometry/robot_odometry.py -> /home/group1/dd2419_ws/build/robot_odometry/build/lib/robot_odometry
[4.071s] running install
[4.086s] running install_lib
[4.125s] creating /home/group1/dd2419_ws/install/robot_odometry/lib/python3.12/site-packages/robot_odometry
[4.125s] copying /home/group1/dd2419_ws/build/robot_odometry/build/lib/robot_odometry/__init__.py -> /home/group1/dd2419_ws/install/robot_odometry/lib/python3.12/site-packages/robot_odometry
[4.125s] copying /home/group1/dd2419_ws/build/robot_odometry/build/lib/robot_odometry/robot_odometry.py -> /home/group1/dd2419_ws/install/robot_odometry/lib/python3.12/site-packages/robot_odometry
[4.126s] byte-compiling /home/group1/dd2419_ws/install/robot_odometry/lib/python3.12/site-packages/robot_odometry/__init__.py to __init__.cpython-312.pyc
[4.127s] byte-compiling /home/group1/dd2419_ws/install/robot_odometry/lib/python3.12/site-packages/robot_odometry/robot_odometry.py to robot_odometry.cpython-312.pyc
[4.128s] running install_data
[4.128s] copying resource/robot_odometry -> /home/group1/dd2419_ws/install/robot_odometry/share/ament_index/resource_index/packages
[4.128s] copying package.xml -> /home/group1/dd2419_ws/install/robot_odometry/share/robot_odometry
[4.128s] running install_egg_info
[4.169s] Copying ../../build/robot_odometry/robot_odometry.egg-info to /home/group1/dd2419_ws/install/robot_odometry/lib/python3.12/site-packages/robot_odometry-0.0.0-py3.12.egg-info
[4.170s] running install_scripts
[4.402s] Installing robot_odometry script to /home/group1/dd2419_ws/install/robot_odometry/lib/robot_odometry
[4.402s] writing list of installed files to '/home/group1/dd2419_ws/build/robot_odometry/install.log'
