[1.105s] Invoking command in '/home/group1/dd2419_ws/build/usb_cam': CMAKE_PREFIX_PATH=${CMAKE_PREFIX_PATH}:/home/group1/dd2419_ws/install/robp_launch:/home/group1/dd2419_ws/install/robot_odometry:/home/group1/dd2419_ws/install/pickup:/home/group1/dd2419_ws/install/odometry:/home/group1/dd2419_ws/install/arm_servos_pubs_subs:/opt/ros/jazzy DEBUGINFOD_URLS=https://debuginfod.ubuntu.com /usr/bin/cmake --build /home/group1/dd2419_ws/build/usb_cam -- -j8 -l8
[1.156s] -- Found ament_cmake_auto: 2.5.3 (/opt/ros/jazzy/share/ament_cmake_auto/cmake)
[1.577s] -- Override CMake install command with custom implementation using symlinks instead of copying resources
[1.831s] -- Found rosidl_generator_c: 4.6.5 (/opt/ros/jazzy/share/rosidl_generator_c/cmake)
[1.852s] -- Found rosidl_generator_cpp: 4.6.5 (/opt/ros/jazzy/share/rosidl_generator_cpp/cmake)
[1.882s] -- Using all available rosidl_typesupport_c: rosidl_typesupport_fastrtps_c;rosidl_typesupport_introspection_c
[1.911s] -- Using all available rosidl_typesupport_cpp: rosidl_typesupport_fastrtps_cpp;rosidl_typesupport_introspection_cpp
[2.056s] -- Found rmw_implementation_cmake: 7.3.1 (/opt/ros/jazzy/share/rmw_implementation_cmake/cmake)
[2.060s] -- Found rmw_fastrtps_cpp: 8.4.1 (/opt/ros/jazzy/share/rmw_fastrtps_cpp/cmake)
[2.202s] -- Using RMW implementation 'rmw_fastrtps_cpp' as default
[2.597s] -- Setting yaml-cpp_DIR to: '/opt/ros/jazzy/share/yaml_cpp_vendor/cmake/../../../opt/yaml_cpp_vendor/share/cmake/yaml-cpp'
[2.810s] -- Found rosidl_adapter: 4.6.5 (/opt/ros/jazzy/share/rosidl_adapter/cmake)
[2.877s] -- Found ament_lint_auto: 0.17.1 (/opt/ros/jazzy/share/ament_lint_auto/cmake)
[2.906s] -- Found gtest sources under '/opt/ros/jazzy/src/gtest_vendor': C++ tests using 'Google Test' will be built
[2.942s] -- Added test 'copyright' to check source files copyright and LICENSE
[2.958s] -- Added test 'cppcheck' to perform static code analysis on C / C++ code
[2.958s] -- Configured cppcheck include dirs: /home/group1/dd2419_ws/src/robp_robot/usb_cam/include
[2.959s] -- Configured cppcheck exclude dirs and/or files: 
[2.968s] -- Added test 'cpplint' to check C / C++ code against the Google style
[2.968s] -- Configured cpplint exclude dirs and/or files: 
[2.973s] -- Added test 'flake8' to check Python code syntax and style conventions
[2.973s] -- Configured 'flake8' exclude dirs and/or files: 
[2.974s] -- Added test 'lint_cmake' to check CMake code style
[2.979s] -- Added test 'pep257' to check Python code against some of the docstring style conventions in PEP 257
[2.987s] -- Added test 'uncrustify' to check C / C++ code style
[2.987s] -- Configured uncrustify additional arguments: 
[2.988s] -- Added test 'xmllint' to check XML markup files
[3.000s] -- Configuring done (1.9s)
[3.159s] -- Generating done (0.1s)
[3.210s] -- Build files have been written to: /home/group1/dd2419_ws/build/usb_cam
[3.369s] [ 14%] Built target gtest_main
[3.374s] [ 21%] [32mBuilding CXX object CMakeFiles/usb_cam.dir/src/usb_cam.cpp.o[0m
[3.379s] [ 35%] Built target gtest
[3.417s] [ 50%] Built target usb_cam_node_exe
[8.597s] [ 57%] [32m[1mLinking CXX shared library libusb_cam.so[0m
[9.068s] [ 57%] Built target usb_cam
[9.117s] [ 64%] [32mBuilding CXX object CMakeFiles/test_usb_cam_utils.dir/test/test_usb_cam_utils.cpp.o[0m
[9.136s] [ 71%] [32mBuilding CXX object CMakeFiles/test_pixel_formats.dir/test/test_pixel_formats.cpp.o[0m
[9.161s] [ 78%] [32mBuilding CXX object CMakeFiles/usb_cam_node.dir/src/usb_cam_node.cpp.o[0m
[12.129s] [ 85%] [32m[1mLinking CXX executable test_usb_cam_utils[0m
[12.199s] [ 92%] [32m[1mLinking CXX executable test_pixel_formats[0m
[12.509s] [ 92%] Built target test_pixel_formats
[12.525s] [ 92%] Built target test_usb_cam_utils
[20.967s] [100%] [32m[1mLinking CXX shared library libusb_cam_node.so[0m
[21.414s] [100%] Built target usb_cam_node
[21.428s] Invoked command in '/home/group1/dd2419_ws/build/usb_cam' returned '0': CMAKE_PREFIX_PATH=${CMAKE_PREFIX_PATH}:/home/group1/dd2419_ws/install/robp_launch:/home/group1/dd2419_ws/install/robot_odometry:/home/group1/dd2419_ws/install/pickup:/home/group1/dd2419_ws/install/odometry:/home/group1/dd2419_ws/install/arm_servos_pubs_subs:/opt/ros/jazzy DEBUGINFOD_URLS=https://debuginfod.ubuntu.com /usr/bin/cmake --build /home/group1/dd2419_ws/build/usb_cam -- -j8 -l8
[21.430s] Invoking command in '/home/group1/dd2419_ws/build/usb_cam': CMAKE_PREFIX_PATH=${CMAKE_PREFIX_PATH}:/home/group1/dd2419_ws/install/robp_launch:/home/group1/dd2419_ws/install/robot_odometry:/home/group1/dd2419_ws/install/pickup:/home/group1/dd2419_ws/install/odometry:/home/group1/dd2419_ws/install/arm_servos_pubs_subs:/opt/ros/jazzy DEBUGINFOD_URLS=https://debuginfod.ubuntu.com /usr/bin/cmake --install /home/group1/dd2419_ws/build/usb_cam
[21.440s] -- Install configuration: ""
[21.440s] -- Execute custom install script
[21.441s] -- Up-to-date symlink: /home/group1/dd2419_ws/install/usb_cam/share/usb_cam/environment/library_path.sh
[21.441s] -- Up-to-date symlink: /home/group1/dd2419_ws/install/usb_cam/share/usb_cam/environment/library_path.dsv
[21.441s] -- Up-to-date symlink: /home/group1/dd2419_ws/install/usb_cam/lib/usb_cam/usb_cam_node_exe
[21.442s] -- Up-to-date symlink: /home/group1/dd2419_ws/install/usb_cam/lib/usb_cam/show_image.py
[21.442s] -- Up-to-date symlink: /home/group1/dd2419_ws/install/usb_cam/lib/libusb_cam.so
[21.442s] -- Up-to-date symlink: /home/group1/dd2419_ws/install/usb_cam/lib/libusb_cam_node.so
[21.443s] -- Up-to-date symlink: /home/group1/dd2419_ws/install/usb_cam/include/usb_cam/constants.hpp
[21.443s] -- Up-to-date symlink: /home/group1/dd2419_ws/install/usb_cam/include/usb_cam/conversions.hpp
[21.444s] -- Up-to-date symlink: /home/group1/dd2419_ws/install/usb_cam/include/usb_cam/formats/av_pixel_format_helper.hpp
[21.444s] -- Up-to-date symlink: /home/group1/dd2419_ws/install/usb_cam/include/usb_cam/formats/m420.hpp
[21.444s] -- Up-to-date symlink: /home/group1/dd2419_ws/install/usb_cam/include/usb_cam/formats/mjpeg.hpp
[21.444s] -- Up-to-date symlink: /home/group1/dd2419_ws/install/usb_cam/include/usb_cam/formats/mono.hpp
[21.445s] -- Up-to-date symlink: /home/group1/dd2419_ws/install/usb_cam/include/usb_cam/formats/pixel_format_base.hpp
[21.445s] -- Up-to-date symlink: /home/group1/dd2419_ws/install/usb_cam/include/usb_cam/formats/rgb.hpp
[21.445s] -- Up-to-date symlink: /home/group1/dd2419_ws/install/usb_cam/include/usb_cam/formats/utils.hpp
[21.445s] -- Up-to-date symlink: /home/group1/dd2419_ws/install/usb_cam/include/usb_cam/formats/uyvy.hpp
[21.446s] -- Up-to-date symlink: /home/group1/dd2419_ws/install/usb_cam/include/usb_cam/formats/yuyv.hpp
[21.446s] -- Up-to-date symlink: /home/group1/dd2419_ws/install/usb_cam/include/usb_cam/usb_cam.hpp
[21.446s] -- Up-to-date symlink: /home/group1/dd2419_ws/install/usb_cam/include/usb_cam/usb_cam_node.hpp
[21.446s] -- Up-to-date symlink: /home/group1/dd2419_ws/install/usb_cam/include/usb_cam/utils.hpp
[21.447s] -- Up-to-date symlink: /home/group1/dd2419_ws/install/usb_cam/lib/libusb_cam_node.so
[21.448s] -- Up-to-date symlink: /home/group1/dd2419_ws/install/usb_cam/share/usb_cam/launch/__init__.py
[21.448s] -- Up-to-date symlink: /home/group1/dd2419_ws/install/usb_cam/share/usb_cam/launch/camera.launch.py
[21.448s] -- Up-to-date symlink: /home/group1/dd2419_ws/install/usb_cam/share/usb_cam/launch/camera_config.py
[21.449s] -- Up-to-date symlink: /home/group1/dd2419_ws/install/usb_cam/share/usb_cam/config/camera_info.yaml
[21.449s] -- Up-to-date symlink: /home/group1/dd2419_ws/install/usb_cam/share/usb_cam/config/params_1.yaml
[21.449s] -- Up-to-date symlink: /home/group1/dd2419_ws/install/usb_cam/share/usb_cam/config/params_2.yaml
[21.449s] -- Up-to-date symlink: /home/group1/dd2419_ws/install/usb_cam/share/ament_index/resource_index/package_run_dependencies/usb_cam
[21.450s] -- Up-to-date symlink: /home/group1/dd2419_ws/install/usb_cam/share/ament_index/resource_index/parent_prefix_path/usb_cam
[21.450s] -- Up-to-date symlink: /home/group1/dd2419_ws/install/usb_cam/share/usb_cam/environment/ament_prefix_path.sh
[21.450s] -- Up-to-date symlink: /home/group1/dd2419_ws/install/usb_cam/share/usb_cam/environment/ament_prefix_path.dsv
[21.451s] -- Up-to-date symlink: /home/group1/dd2419_ws/install/usb_cam/share/usb_cam/environment/path.sh
[21.451s] -- Up-to-date symlink: /home/group1/dd2419_ws/install/usb_cam/share/usb_cam/environment/path.dsv
[21.451s] -- Up-to-date symlink: /home/group1/dd2419_ws/install/usb_cam/share/usb_cam/local_setup.bash
[21.451s] -- Up-to-date symlink: /home/group1/dd2419_ws/install/usb_cam/share/usb_cam/local_setup.sh
[21.452s] -- Up-to-date symlink: /home/group1/dd2419_ws/install/usb_cam/share/usb_cam/local_setup.zsh
[21.452s] -- Up-to-date symlink: /home/group1/dd2419_ws/install/usb_cam/share/usb_cam/local_setup.dsv
[21.452s] -- Symlinking: /home/group1/dd2419_ws/install/usb_cam/share/usb_cam/package.dsv
[21.463s] -- Up-to-date symlink: /home/group1/dd2419_ws/install/usb_cam/share/ament_index/resource_index/packages/usb_cam
[21.463s] -- Up-to-date symlink: /home/group1/dd2419_ws/install/usb_cam/share/ament_index/resource_index/rclcpp_components/usb_cam
[21.464s] -- Up-to-date symlink: /home/group1/dd2419_ws/install/usb_cam/share/usb_cam/cmake/ament_cmake_export_libraries-extras.cmake
[21.464s] -- Up-to-date symlink: /home/group1/dd2419_ws/install/usb_cam/share/usb_cam/cmake/ament_cmake_export_dependencies-extras.cmake
[21.464s] -- Up-to-date symlink: /home/group1/dd2419_ws/install/usb_cam/share/usb_cam/cmake/ament_cmake_export_include_directories-extras.cmake
[21.465s] -- Up-to-date symlink: /home/group1/dd2419_ws/install/usb_cam/share/usb_cam/cmake/usb_camConfig.cmake
[21.465s] -- Up-to-date symlink: /home/group1/dd2419_ws/install/usb_cam/share/usb_cam/cmake/usb_camConfig-version.cmake
[21.465s] -- Up-to-date symlink: /home/group1/dd2419_ws/install/usb_cam/share/usb_cam/package.xml
[21.468s] Invoked command in '/home/group1/dd2419_ws/build/usb_cam' returned '0': CMAKE_PREFIX_PATH=${CMAKE_PREFIX_PATH}:/home/group1/dd2419_ws/install/robp_launch:/home/group1/dd2419_ws/install/robot_odometry:/home/group1/dd2419_ws/install/pickup:/home/group1/dd2419_ws/install/odometry:/home/group1/dd2419_ws/install/arm_servos_pubs_subs:/opt/ros/jazzy DEBUGINFOD_URLS=https://debuginfod.ubuntu.com /usr/bin/cmake --install /home/group1/dd2419_ws/build/usb_cam
