[3.559s] Invoking command in '/home/group1/dd2419_ws/build/display': DEBUGINFOD_URLS=https://debuginfod.ubuntu.com PYTHONPATH=/home/group1/dd2419_ws/build/display/prefix_override:/usr/lib/python3/dist-packages/colcon_core/task/python/colcon_distutils_commands:/home/group1/dd2419_ws/install/display/lib/python3.12/site-packages:${PYTHONPATH} /usr/bin/python3 -W ignore:setup.py install is deprecated -W ignore:easy_install command is deprecated setup.py develop --editable --build-directory /home/group1/dd2419_ws/build/display/build --no-deps symlink_data
[4.569s] running develop
[5.147s] running egg_info
[5.151s] creating display.egg-info
[5.231s] writing display.egg-info/PKG-INFO
[5.231s] writing dependency_links to display.egg-info/dependency_links.txt
[5.231s] writing entry points to display.egg-info/entry_points.txt
[5.231s] writing requirements to display.egg-info/requires.txt
[5.231s] writing top-level names to display.egg-info/top_level.txt
[5.231s] writing manifest file 'display.egg-info/SOURCES.txt'
[5.313s] reading manifest file 'display.egg-info/SOURCES.txt'
[5.315s] writing manifest file 'display.egg-info/SOURCES.txt'
[5.362s] running build_ext
[5.362s] Creating /home/group1/dd2419_ws/install/display/lib/python3.12/site-packages/display.egg-link (link to .)
[5.364s] Installing display script to /home/group1/dd2419_ws/install/display/lib/display
[5.364s] 
[5.365s] Installed /home/group1/dd2419_ws/build/display
[5.365s] running symlink_data
[5.366s] creating /home/group1/dd2419_ws/install/display/share/ament_index
[5.366s] creating /home/group1/dd2419_ws/install/display/share/ament_index/resource_index
[5.366s] creating /home/group1/dd2419_ws/install/display/share/ament_index/resource_index/packages
[5.367s] symbolically linking /home/group1/dd2419_ws/build/display/resource/display -> /home/group1/dd2419_ws/install/display/share/ament_index/resource_index/packages
[5.369s] symbolically linking /home/group1/dd2419_ws/build/display/package.xml -> /home/group1/dd2419_ws/install/display/share/display
[5.537s] Invoked command in '/home/group1/dd2419_ws/build/display' returned '0': DEBUGINFOD_URLS=https://debuginfod.ubuntu.com PYTHONPATH=/home/group1/dd2419_ws/build/display/prefix_override:/usr/lib/python3/dist-packages/colcon_core/task/python/colcon_distutils_commands:/home/group1/dd2419_ws/install/display/lib/python3.12/site-packages:${PYTHONPATH} /usr/bin/python3 -W ignore:setup.py install is deprecated -W ignore:easy_install command is deprecated setup.py develop --editable --build-directory /home/group1/dd2419_ws/build/display/build --no-deps symlink_data
